2024-11-24 15:17:38,353 [INFO] Starting experiment: Baseline_B3_step_B_V1
2024-11-24 15:17:38,354 [INFO] Using device: cuda
2024-11-24 15:17:38,355 [INFO] Set random seed: 31
2024-11-24 15:22:06,663 [INFO] Training dataset size: 2152
2024-11-24 15:22:06,668 [INFO] Validation dataset size: 1341
2024-11-24 15:22:06,689 [INFO] Starting training...
2024-11-24 15:22:06,689 [INFO] 
Epoch 1/25
2024-11-24 15:22:08,689 [INFO] Epoch: 0 | Batch: 0/2152 | Loss: 1.9902 | Acc: 0.00%
2024-11-24 15:22:10,048 [INFO] Epoch: 0 | Batch: 10/2152 | Loss: 0.9160 | Acc: 9.09%
2024-11-24 15:22:11,154 [INFO] Epoch: 0 | Batch: 20/2152 | Loss: 2.1074 | Acc: 9.52%
2024-11-24 15:22:11,970 [INFO] Epoch: 0 | Batch: 30/2152 | Loss: 1.2441 | Acc: 12.90%
2024-11-24 15:22:12,944 [INFO] Epoch: 0 | Batch: 40/2152 | Loss: 2.6074 | Acc: 17.07%
2024-11-24 15:22:13,743 [INFO] Epoch: 0 | Batch: 50/2152 | Loss: 4.9648 | Acc: 21.57%
2024-11-24 15:22:14,597 [INFO] Epoch: 0 | Batch: 60/2152 | Loss: 3.1680 | Acc: 19.67%
2024-11-24 15:22:15,664 [INFO] Epoch: 0 | Batch: 70/2152 | Loss: 2.0527 | Acc: 16.90%
2024-11-24 15:22:16,515 [INFO] Epoch: 0 | Batch: 80/2152 | Loss: 3.9219 | Acc: 17.28%
2024-11-24 15:22:17,392 [INFO] Epoch: 0 | Batch: 90/2152 | Loss: 1.9531 | Acc: 15.38%
2024-11-24 15:22:18,186 [INFO] Epoch: 0 | Batch: 100/2152 | Loss: 3.2598 | Acc: 15.84%
2024-11-24 15:22:18,912 [INFO] Epoch: 0 | Batch: 110/2152 | Loss: 2.4883 | Acc: 14.41%
2024-11-24 15:22:20,018 [INFO] Epoch: 0 | Batch: 120/2152 | Loss: 2.5801 | Acc: 14.88%
2024-11-24 15:22:20,849 [INFO] Epoch: 0 | Batch: 130/2152 | Loss: 2.2539 | Acc: 14.50%
2024-11-24 15:22:21,664 [INFO] Epoch: 0 | Batch: 140/2152 | Loss: 2.0156 | Acc: 13.48%
2024-11-24 15:22:22,494 [INFO] Epoch: 0 | Batch: 150/2152 | Loss: 1.4463 | Acc: 14.57%
2024-11-24 15:22:23,348 [INFO] Epoch: 0 | Batch: 160/2152 | Loss: 1.8174 | Acc: 15.53%
2024-11-24 15:22:24,166 [INFO] Epoch: 0 | Batch: 170/2152 | Loss: 3.3340 | Acc: 15.20%
2024-11-24 15:22:24,955 [INFO] Epoch: 0 | Batch: 180/2152 | Loss: 2.0430 | Acc: 14.36%
2024-11-24 15:22:25,798 [INFO] Epoch: 0 | Batch: 190/2152 | Loss: 1.8574 | Acc: 13.61%
2024-11-24 15:22:26,571 [INFO] Epoch: 0 | Batch: 200/2152 | Loss: 2.7266 | Acc: 13.93%
2024-11-24 15:22:27,331 [INFO] Epoch: 0 | Batch: 210/2152 | Loss: 1.2676 | Acc: 14.69%
2024-11-24 15:22:28,224 [INFO] Epoch: 0 | Batch: 220/2152 | Loss: 1.9531 | Acc: 14.48%
2024-11-24 15:22:29,012 [INFO] Epoch: 0 | Batch: 230/2152 | Loss: 1.1729 | Acc: 14.72%
2024-11-24 15:22:29,828 [INFO] Epoch: 0 | Batch: 240/2152 | Loss: 2.0117 | Acc: 14.52%
2024-11-24 15:22:30,657 [INFO] Epoch: 0 | Batch: 250/2152 | Loss: 2.2363 | Acc: 14.34%
2024-11-24 15:22:31,448 [INFO] Epoch: 0 | Batch: 260/2152 | Loss: 2.4961 | Acc: 14.94%
2024-11-24 15:22:32,271 [INFO] Epoch: 0 | Batch: 270/2152 | Loss: 1.9463 | Acc: 14.39%
2024-11-24 15:22:33,048 [INFO] Epoch: 0 | Batch: 280/2152 | Loss: 2.0762 | Acc: 13.88%
2024-11-24 15:22:33,946 [INFO] Epoch: 0 | Batch: 290/2152 | Loss: 2.8652 | Acc: 13.40%
2024-11-24 15:22:34,814 [INFO] Epoch: 0 | Batch: 300/2152 | Loss: 1.8730 | Acc: 13.62%
2024-11-24 15:22:35,565 [INFO] Epoch: 0 | Batch: 310/2152 | Loss: 1.9023 | Acc: 13.50%
2024-11-24 15:22:36,354 [INFO] Epoch: 0 | Batch: 320/2152 | Loss: 2.2734 | Acc: 13.40%
2024-11-24 15:22:37,157 [INFO] Epoch: 0 | Batch: 330/2152 | Loss: 2.7969 | Acc: 13.29%
2024-11-24 15:22:37,984 [INFO] Epoch: 0 | Batch: 340/2152 | Loss: 2.4297 | Acc: 13.20%
2024-11-24 15:22:38,790 [INFO] Epoch: 0 | Batch: 350/2152 | Loss: 2.2656 | Acc: 13.11%
2024-11-24 15:22:39,502 [INFO] Epoch: 0 | Batch: 360/2152 | Loss: 2.8457 | Acc: 13.30%
2024-11-24 15:22:40,288 [INFO] Epoch: 0 | Batch: 370/2152 | Loss: 1.3135 | Acc: 13.75%
2024-11-24 15:22:41,146 [INFO] Epoch: 0 | Batch: 380/2152 | Loss: 2.5195 | Acc: 13.65%
2024-11-24 15:22:41,918 [INFO] Epoch: 0 | Batch: 390/2152 | Loss: 1.5020 | Acc: 13.81%
2024-11-24 15:22:42,714 [INFO] Epoch: 0 | Batch: 400/2152 | Loss: 1.4648 | Acc: 13.97%
2024-11-24 15:22:43,533 [INFO] Epoch: 0 | Batch: 410/2152 | Loss: 2.7812 | Acc: 14.36%
2024-11-24 15:22:44,324 [INFO] Epoch: 0 | Batch: 420/2152 | Loss: 1.7568 | Acc: 14.49%
2024-11-24 15:22:45,192 [INFO] Epoch: 0 | Batch: 430/2152 | Loss: 1.9619 | Acc: 14.39%
2024-11-24 15:22:46,015 [INFO] Epoch: 0 | Batch: 440/2152 | Loss: 1.8701 | Acc: 14.06%
2024-11-24 15:22:46,802 [INFO] Epoch: 0 | Batch: 450/2152 | Loss: 1.9336 | Acc: 13.75%
2024-11-24 15:22:47,614 [INFO] Epoch: 0 | Batch: 460/2152 | Loss: 1.8447 | Acc: 13.45%
2024-11-24 15:22:48,427 [INFO] Epoch: 0 | Batch: 470/2152 | Loss: 1.1475 | Acc: 13.59%
2024-11-24 15:22:49,217 [INFO] Epoch: 0 | Batch: 480/2152 | Loss: 2.7656 | Acc: 13.51%
2024-11-24 15:22:50,047 [INFO] Epoch: 0 | Batch: 490/2152 | Loss: 1.7666 | Acc: 13.44%
2024-11-24 15:22:50,851 [INFO] Epoch: 0 | Batch: 500/2152 | Loss: 2.1191 | Acc: 13.57%
2024-11-24 15:22:51,608 [INFO] Epoch: 0 | Batch: 510/2152 | Loss: 1.5459 | Acc: 13.50%
2024-11-24 15:22:52,394 [INFO] Epoch: 0 | Batch: 520/2152 | Loss: 2.0137 | Acc: 13.63%
2024-11-24 15:22:53,189 [INFO] Epoch: 0 | Batch: 530/2152 | Loss: 2.2910 | Acc: 13.37%
2024-11-24 15:22:54,020 [INFO] Epoch: 0 | Batch: 540/2152 | Loss: 1.8877 | Acc: 13.31%
2024-11-24 15:22:54,813 [INFO] Epoch: 0 | Batch: 550/2152 | Loss: 2.0078 | Acc: 13.07%
2024-11-24 15:22:55,527 [INFO] Epoch: 0 | Batch: 560/2152 | Loss: 1.6416 | Acc: 13.19%
2024-11-24 15:22:56,258 [INFO] Epoch: 0 | Batch: 570/2152 | Loss: 2.5801 | Acc: 13.13%
2024-11-24 15:22:57,006 [INFO] Epoch: 0 | Batch: 580/2152 | Loss: 1.6943 | Acc: 13.08%
2024-11-24 15:22:57,828 [INFO] Epoch: 0 | Batch: 590/2152 | Loss: 1.5225 | Acc: 13.03%
2024-11-24 15:22:58,651 [INFO] Epoch: 0 | Batch: 600/2152 | Loss: 1.5215 | Acc: 13.14%
2024-11-24 15:22:59,499 [INFO] Epoch: 0 | Batch: 610/2152 | Loss: 2.7871 | Acc: 13.09%
2024-11-24 15:23:00,286 [INFO] Epoch: 0 | Batch: 620/2152 | Loss: 1.7275 | Acc: 13.04%
2024-11-24 15:23:00,987 [INFO] Epoch: 0 | Batch: 630/2152 | Loss: 1.1230 | Acc: 13.31%
2024-11-24 15:23:01,723 [INFO] Epoch: 0 | Batch: 640/2152 | Loss: 1.2383 | Acc: 13.26%
2024-11-24 15:23:02,474 [INFO] Epoch: 0 | Batch: 650/2152 | Loss: 1.3506 | Acc: 13.67%
2024-11-24 15:23:03,175 [INFO] Epoch: 0 | Batch: 660/2152 | Loss: 2.2852 | Acc: 13.62%
2024-11-24 15:23:03,946 [INFO] Epoch: 0 | Batch: 670/2152 | Loss: 1.6104 | Acc: 13.71%
2024-11-24 15:23:04,773 [INFO] Epoch: 0 | Batch: 680/2152 | Loss: 1.5615 | Acc: 13.80%
2024-11-24 15:23:05,644 [INFO] Epoch: 0 | Batch: 690/2152 | Loss: 1.8486 | Acc: 13.75%
2024-11-24 15:23:06,378 [INFO] Epoch: 0 | Batch: 700/2152 | Loss: 2.7832 | Acc: 13.84%
2024-11-24 15:23:07,156 [INFO] Epoch: 0 | Batch: 710/2152 | Loss: 1.9375 | Acc: 14.21%
2024-11-24 15:23:07,984 [INFO] Epoch: 0 | Batch: 720/2152 | Loss: 1.4561 | Acc: 14.15%
2024-11-24 15:23:08,789 [INFO] Epoch: 0 | Batch: 730/2152 | Loss: 2.1035 | Acc: 13.95%
2024-11-24 15:23:09,571 [INFO] Epoch: 0 | Batch: 740/2152 | Loss: 2.1758 | Acc: 14.17%
2024-11-24 15:23:10,371 [INFO] Epoch: 0 | Batch: 750/2152 | Loss: 1.7539 | Acc: 13.98%
2024-11-24 15:23:11,208 [INFO] Epoch: 0 | Batch: 760/2152 | Loss: 1.8242 | Acc: 14.06%
2024-11-24 15:23:11,914 [INFO] Epoch: 0 | Batch: 770/2152 | Loss: 1.9395 | Acc: 14.01%
2024-11-24 15:23:12,737 [INFO] Epoch: 0 | Batch: 780/2152 | Loss: 1.5146 | Acc: 14.21%
2024-11-24 15:23:13,590 [INFO] Epoch: 0 | Batch: 790/2152 | Loss: 2.5469 | Acc: 14.03%
2024-11-24 15:23:14,363 [INFO] Epoch: 0 | Batch: 800/2152 | Loss: 2.8340 | Acc: 13.98%
2024-11-24 15:23:15,125 [INFO] Epoch: 0 | Batch: 810/2152 | Loss: 2.0391 | Acc: 13.93%
2024-11-24 15:23:15,911 [INFO] Epoch: 0 | Batch: 820/2152 | Loss: 1.7451 | Acc: 14.13%
2024-11-24 15:23:16,662 [INFO] Epoch: 0 | Batch: 830/2152 | Loss: 1.9492 | Acc: 14.32%
2024-11-24 15:23:17,511 [INFO] Epoch: 0 | Batch: 840/2152 | Loss: 1.8203 | Acc: 14.15%
2024-11-24 15:23:18,322 [INFO] Epoch: 0 | Batch: 850/2152 | Loss: 2.3984 | Acc: 14.10%
2024-11-24 15:23:19,117 [INFO] Epoch: 0 | Batch: 860/2152 | Loss: 2.5098 | Acc: 14.17%
2024-11-24 15:23:19,992 [INFO] Epoch: 0 | Batch: 870/2152 | Loss: 1.8574 | Acc: 14.12%
2024-11-24 15:23:20,803 [INFO] Epoch: 0 | Batch: 880/2152 | Loss: 2.8711 | Acc: 14.07%
2024-11-24 15:23:21,564 [INFO] Epoch: 0 | Batch: 890/2152 | Loss: 1.9443 | Acc: 14.03%
2024-11-24 15:23:22,328 [INFO] Epoch: 0 | Batch: 900/2152 | Loss: 2.5566 | Acc: 14.10%
2024-11-24 15:23:23,065 [INFO] Epoch: 0 | Batch: 910/2152 | Loss: 1.3135 | Acc: 14.16%
2024-11-24 15:23:23,859 [INFO] Epoch: 0 | Batch: 920/2152 | Loss: 1.4717 | Acc: 14.12%
2024-11-24 15:23:24,656 [INFO] Epoch: 0 | Batch: 930/2152 | Loss: 1.7910 | Acc: 14.29%
2024-11-24 15:23:25,476 [INFO] Epoch: 0 | Batch: 940/2152 | Loss: 1.3867 | Acc: 14.24%
2024-11-24 15:23:26,236 [INFO] Epoch: 0 | Batch: 950/2152 | Loss: 1.5156 | Acc: 14.30%
2024-11-24 15:23:27,023 [INFO] Epoch: 0 | Batch: 960/2152 | Loss: 2.0332 | Acc: 14.36%
2024-11-24 15:23:27,934 [INFO] Epoch: 0 | Batch: 970/2152 | Loss: 2.0586 | Acc: 14.32%
2024-11-24 15:23:28,694 [INFO] Epoch: 0 | Batch: 980/2152 | Loss: 3.3457 | Acc: 14.37%
2024-11-24 15:23:29,470 [INFO] Epoch: 0 | Batch: 990/2152 | Loss: 2.0645 | Acc: 14.43%
2024-11-24 15:23:30,211 [INFO] Epoch: 0 | Batch: 1000/2152 | Loss: 1.9854 | Acc: 14.39%
2024-11-24 15:23:30,999 [INFO] Epoch: 0 | Batch: 1010/2152 | Loss: 2.0215 | Acc: 14.34%
2024-11-24 15:23:31,723 [INFO] Epoch: 0 | Batch: 1020/2152 | Loss: 1.5547 | Acc: 14.40%
2024-11-24 15:23:32,535 [INFO] Epoch: 0 | Batch: 1030/2152 | Loss: 1.8281 | Acc: 14.45%
2024-11-24 15:23:33,219 [INFO] Epoch: 0 | Batch: 1040/2152 | Loss: 1.9014 | Acc: 14.51%
2024-11-24 15:23:34,022 [INFO] Epoch: 0 | Batch: 1050/2152 | Loss: 2.0527 | Acc: 14.37%
2024-11-24 15:23:34,741 [INFO] Epoch: 0 | Batch: 1060/2152 | Loss: 2.0625 | Acc: 14.33%
2024-11-24 15:23:35,603 [INFO] Epoch: 0 | Batch: 1070/2152 | Loss: 2.5352 | Acc: 14.29%
2024-11-24 15:23:36,374 [INFO] Epoch: 0 | Batch: 1080/2152 | Loss: 2.3203 | Acc: 14.25%
2024-11-24 15:23:37,085 [INFO] Epoch: 0 | Batch: 1090/2152 | Loss: 2.2988 | Acc: 14.39%
2024-11-24 15:23:37,883 [INFO] Epoch: 0 | Batch: 1100/2152 | Loss: 1.7656 | Acc: 14.26%
2024-11-24 15:23:38,563 [INFO] Epoch: 0 | Batch: 1110/2152 | Loss: 2.1016 | Acc: 14.40%
2024-11-24 15:23:39,324 [INFO] Epoch: 0 | Batch: 1120/2152 | Loss: 2.3008 | Acc: 14.36%
2024-11-24 15:23:40,113 [INFO] Epoch: 0 | Batch: 1130/2152 | Loss: 2.1953 | Acc: 14.32%
