2025-01-04 10:09:45,049 [INFO] Starting experiment: Baseline_B9_V1
2025-01-04 10:09:45,049 [INFO] Using device: cuda:0
2025-01-04 10:09:45,049 [INFO] World size: 2
2025-01-04 10:09:45,050 [INFO] Using optimizer: AdamW, lr: 0.0004, momentum: 0, weight_decay: 0.001
2025-01-04 10:09:52,722 [INFO] Training dataset size: 2152
2025-01-04 10:09:52,723 [INFO] Validation dataset size: 1341
2025-01-04 10:09:52,727 [INFO] Starting training...
2025-01-04 10:12:29,002 [INFO] Epoch: 0 | Batch: 100/538 | Loss: 4.9482 | Acc: 15.59%
2025-01-04 10:14:17,952 [INFO] Epoch: 0 | Batch: 200/538 | Loss: 4.8820 | Acc: 17.04%
2025-01-04 10:16:05,632 [INFO] Epoch: 0 | Batch: 300/538 | Loss: 4.8034 | Acc: 19.35%
2025-01-04 10:17:52,053 [INFO] Epoch: 0 | Batch: 400/538 | Loss: 4.7306 | Acc: 21.38%
2025-01-04 10:19:38,252 [INFO] Epoch: 0 | Batch: 500/538 | Loss: 4.6819 | Acc: 22.60%
2025-01-04 10:25:00,907 [INFO] Epoch 0 | Train Loss: 4.6703 | Train Accuracy: 22.72%
2025-01-04 10:25:00,908 [INFO] Epoch 0 | Valid Loss: 2.3407 | Valid Accuracy: 21.61% | Valid F1 Score: 0.1541
2025-01-04 10:25:03,223 [INFO] Current learning rate: 0.0004
2025-01-04 10:27:38,014 [INFO] Epoch: 1 | Batch: 100/538 | Loss: 4.2825 | Acc: 36.39%
2025-01-04 10:29:24,643 [INFO] Epoch: 1 | Batch: 200/538 | Loss: 4.2507 | Acc: 37.94%
2025-01-04 10:31:11,649 [INFO] Epoch: 1 | Batch: 300/538 | Loss: 4.2621 | Acc: 37.46%
2025-01-04 10:32:58,078 [INFO] Epoch: 1 | Batch: 400/538 | Loss: 4.2784 | Acc: 35.91%
2025-01-04 10:34:49,310 [INFO] Epoch: 1 | Batch: 500/538 | Loss: 4.2450 | Acc: 36.88%
2025-01-04 10:40:10,072 [INFO] Epoch 1 | Train Loss: 4.2220 | Train Accuracy: 36.90%
2025-01-04 10:40:10,076 [INFO] Epoch 1 | Valid Loss: 2.1695 | Valid Accuracy: 32.19% | Valid F1 Score: 0.2648
2025-01-04 10:40:12,953 [INFO] Current learning rate: 0.0004
2025-01-04 10:42:46,955 [INFO] Epoch: 2 | Batch: 100/538 | Loss: 3.8556 | Acc: 45.30%
2025-01-04 10:44:34,533 [INFO] Epoch: 2 | Batch: 200/538 | Loss: 3.8442 | Acc: 44.78%
2025-01-04 10:46:20,284 [INFO] Epoch: 2 | Batch: 300/538 | Loss: 3.8376 | Acc: 45.43%
2025-01-04 10:48:08,313 [INFO] Epoch: 2 | Batch: 400/538 | Loss: 3.8426 | Acc: 45.01%
2025-01-04 10:49:55,051 [INFO] Epoch: 2 | Batch: 500/538 | Loss: 3.8266 | Acc: 45.41%
2025-01-04 10:55:19,176 [INFO] Epoch 2 | Train Loss: 3.8112 | Train Accuracy: 45.91%
2025-01-04 10:55:19,176 [INFO] Epoch 2 | Valid Loss: 1.7847 | Valid Accuracy: 54.99% | Valid F1 Score: 0.5366
2025-01-04 10:55:22,048 [INFO] Current learning rate: 0.0004
2025-01-04 10:57:55,121 [INFO] Epoch: 3 | Batch: 100/538 | Loss: 3.7131 | Acc: 52.23%
2025-01-04 10:59:43,119 [INFO] Epoch: 3 | Batch: 200/538 | Loss: 3.6049 | Acc: 53.73%
2025-01-04 11:01:28,526 [INFO] Epoch: 3 | Batch: 300/538 | Loss: 3.6496 | Acc: 52.41%
2025-01-04 11:03:16,736 [INFO] Epoch: 3 | Batch: 400/538 | Loss: 3.6472 | Acc: 52.00%
2025-01-04 11:05:03,381 [INFO] Epoch: 3 | Batch: 500/538 | Loss: 3.6072 | Acc: 53.19%
2025-01-04 11:10:20,600 [INFO] Epoch 3 | Train Loss: 3.5897 | Train Accuracy: 53.53%
2025-01-04 11:10:20,600 [INFO] Epoch 3 | Valid Loss: 1.8060 | Valid Accuracy: 53.80% | Valid F1 Score: 0.5148
2025-01-04 11:10:21,176 [INFO] Current learning rate: 0.0004
2025-01-04 11:12:54,916 [INFO] Epoch: 4 | Batch: 100/538 | Loss: 3.4602 | Acc: 57.92%
2025-01-04 11:14:39,674 [INFO] Epoch: 4 | Batch: 200/538 | Loss: 3.4869 | Acc: 56.97%
2025-01-04 11:16:24,525 [INFO] Epoch: 4 | Batch: 300/538 | Loss: 3.4441 | Acc: 58.06%
2025-01-04 11:18:10,212 [INFO] Epoch: 4 | Batch: 400/538 | Loss: 3.4273 | Acc: 58.54%
2025-01-04 11:19:55,768 [INFO] Epoch: 4 | Batch: 500/538 | Loss: 3.4334 | Acc: 59.03%
2025-01-04 11:25:16,394 [INFO] Epoch 4 | Train Loss: 3.4411 | Train Accuracy: 58.83%
2025-01-04 11:25:16,394 [INFO] Epoch 4 | Valid Loss: 2.0849 | Valid Accuracy: 42.77% | Valid F1 Score: 0.4128
2025-01-04 11:25:16,987 [INFO] Current learning rate: 0.0004
2025-01-04 11:27:51,389 [INFO] Epoch: 5 | Batch: 100/538 | Loss: 3.3434 | Acc: 61.14%
2025-01-04 11:29:39,455 [INFO] Epoch: 5 | Batch: 200/538 | Loss: 3.2872 | Acc: 63.43%
2025-01-04 11:31:26,391 [INFO] Epoch: 5 | Batch: 300/538 | Loss: 3.2867 | Acc: 62.54%
2025-01-04 11:33:10,276 [INFO] Epoch: 5 | Batch: 400/538 | Loss: 3.2856 | Acc: 63.15%
2025-01-04 11:34:54,892 [INFO] Epoch: 5 | Batch: 500/538 | Loss: 3.2798 | Acc: 63.27%
2025-01-04 11:40:14,114 [INFO] Epoch 5 | Train Loss: 3.2859 | Train Accuracy: 63.15%
2025-01-04 11:40:14,114 [INFO] Epoch 5 | Valid Loss: 1.8366 | Valid Accuracy: 59.02% | Valid F1 Score: 0.5925
2025-01-04 11:40:16,809 [INFO] Current learning rate: 0.0004
2025-01-04 11:42:48,761 [INFO] Epoch: 6 | Batch: 100/538 | Loss: 3.2517 | Acc: 65.35%
2025-01-04 11:44:36,367 [INFO] Epoch: 6 | Batch: 200/538 | Loss: 3.1626 | Acc: 69.28%
2025-01-04 11:46:22,045 [INFO] Epoch: 6 | Batch: 300/538 | Loss: 3.1364 | Acc: 70.43%
2025-01-04 11:48:07,060 [INFO] Epoch: 6 | Batch: 400/538 | Loss: 3.1257 | Acc: 70.01%
2025-01-04 11:49:52,098 [INFO] Epoch: 6 | Batch: 500/538 | Loss: 3.1369 | Acc: 69.71%
2025-01-04 11:55:10,170 [INFO] Epoch 6 | Train Loss: 3.1393 | Train Accuracy: 69.89%
2025-01-04 11:55:10,170 [INFO] Epoch 6 | Valid Loss: 1.6709 | Valid Accuracy: 64.53% | Valid F1 Score: 0.6433
2025-01-04 11:55:13,006 [INFO] Current learning rate: 0.0004
2025-01-04 11:57:47,636 [INFO] Epoch: 7 | Batch: 100/538 | Loss: 2.9841 | Acc: 71.29%
2025-01-04 11:59:33,027 [INFO] Epoch: 7 | Batch: 200/538 | Loss: 3.0473 | Acc: 70.02%
2025-01-04 12:01:21,272 [INFO] Epoch: 7 | Batch: 300/538 | Loss: 3.0702 | Acc: 69.60%
2025-01-04 12:03:09,283 [INFO] Epoch: 7 | Batch: 400/538 | Loss: 3.0731 | Acc: 69.58%
2025-01-04 12:04:56,659 [INFO] Epoch: 7 | Batch: 500/538 | Loss: 3.0678 | Acc: 70.01%
2025-01-04 12:10:18,508 [INFO] Epoch 7 | Train Loss: 3.0806 | Train Accuracy: 69.61%
2025-01-04 12:10:18,508 [INFO] Epoch 7 | Valid Loss: 1.7977 | Valid Accuracy: 58.12% | Valid F1 Score: 0.5799
2025-01-04 12:10:19,099 [INFO] Current learning rate: 0.0004
2025-01-04 12:12:53,800 [INFO] Epoch: 8 | Batch: 100/538 | Loss: 3.0019 | Acc: 73.51%
2025-01-04 12:14:39,536 [INFO] Epoch: 8 | Batch: 200/538 | Loss: 2.9552 | Acc: 73.76%
2025-01-04 12:16:26,410 [INFO] Epoch: 8 | Batch: 300/538 | Loss: 2.9229 | Acc: 73.84%
2025-01-04 12:18:14,647 [INFO] Epoch: 8 | Batch: 400/538 | Loss: 2.9337 | Acc: 73.94%
2025-01-04 12:20:01,074 [INFO] Epoch: 8 | Batch: 500/538 | Loss: 2.9499 | Acc: 73.45%
2025-01-04 12:25:20,363 [INFO] Epoch 8 | Train Loss: 2.9514 | Train Accuracy: 73.42%
2025-01-04 12:25:20,364 [INFO] Epoch 8 | Valid Loss: 1.5977 | Valid Accuracy: 69.30% | Valid F1 Score: 0.6949
2025-01-04 12:25:23,188 [INFO] Current learning rate: 0.0004
2025-01-04 12:27:57,764 [INFO] Epoch: 9 | Batch: 100/538 | Loss: 2.8835 | Acc: 74.75%
2025-01-04 12:29:45,871 [INFO] Epoch: 9 | Batch: 200/538 | Loss: 2.9027 | Acc: 76.00%
2025-01-04 12:31:34,281 [INFO] Epoch: 9 | Batch: 300/538 | Loss: 2.8676 | Acc: 76.16%
2025-01-04 12:33:23,131 [INFO] Epoch: 9 | Batch: 400/538 | Loss: 2.8818 | Acc: 75.50%
2025-01-04 12:35:11,517 [INFO] Epoch: 9 | Batch: 500/538 | Loss: 2.8943 | Acc: 75.25%
2025-01-04 12:40:32,857 [INFO] Epoch 9 | Train Loss: 2.8859 | Train Accuracy: 75.37%
2025-01-04 12:40:32,858 [INFO] Epoch 9 | Valid Loss: 1.6796 | Valid Accuracy: 65.42% | Valid F1 Score: 0.6538
2025-01-04 12:40:33,452 [INFO] Current learning rate: 0.0004
2025-01-04 12:43:09,098 [INFO] Epoch: 10 | Batch: 100/538 | Loss: 2.7366 | Acc: 81.44%
2025-01-04 12:44:58,068 [INFO] Epoch: 10 | Batch: 200/538 | Loss: 2.7219 | Acc: 81.59%
2025-01-04 12:46:47,874 [INFO] Epoch: 10 | Batch: 300/538 | Loss: 2.7487 | Acc: 80.81%
2025-01-04 12:48:38,017 [INFO] Epoch: 10 | Batch: 400/538 | Loss: 2.7672 | Acc: 79.61%
2025-01-04 12:50:26,886 [INFO] Epoch: 10 | Batch: 500/538 | Loss: 2.7632 | Acc: 79.49%
2025-01-04 12:55:48,805 [INFO] Epoch 10 | Train Loss: 2.7714 | Train Accuracy: 79.18%
2025-01-04 12:55:48,805 [INFO] Epoch 10 | Valid Loss: 1.5863 | Valid Accuracy: 68.55% | Valid F1 Score: 0.6828
2025-01-04 12:55:49,383 [INFO] Current learning rate: 0.0004
2025-01-04 12:58:23,930 [INFO] Epoch: 11 | Batch: 100/538 | Loss: 2.8295 | Acc: 78.22%
2025-01-04 13:00:11,467 [INFO] Epoch: 11 | Batch: 200/538 | Loss: 2.7416 | Acc: 80.22%
2025-01-04 13:01:57,560 [INFO] Epoch: 11 | Batch: 300/538 | Loss: 2.7229 | Acc: 80.32%
2025-01-04 13:03:47,675 [INFO] Epoch: 11 | Batch: 400/538 | Loss: 2.7172 | Acc: 80.42%
2025-01-04 13:05:36,493 [INFO] Epoch: 11 | Batch: 500/538 | Loss: 2.7124 | Acc: 80.39%
2025-01-04 13:10:57,687 [INFO] Epoch 11 | Train Loss: 2.6997 | Train Accuracy: 80.76%
2025-01-04 13:10:57,687 [INFO] Epoch 11 | Valid Loss: 1.5070 | Valid Accuracy: 73.47% | Valid F1 Score: 0.7375
2025-01-04 13:11:00,508 [INFO] Current learning rate: 0.0004
2025-01-04 13:13:34,436 [INFO] Epoch: 12 | Batch: 100/538 | Loss: 2.5862 | Acc: 83.17%
2025-01-04 13:15:20,112 [INFO] Epoch: 12 | Batch: 200/538 | Loss: 2.6381 | Acc: 82.46%
2025-01-04 13:17:07,907 [INFO] Epoch: 12 | Batch: 300/538 | Loss: 2.7001 | Acc: 80.90%
2025-01-04 13:18:55,319 [INFO] Epoch: 12 | Batch: 400/538 | Loss: 2.6774 | Acc: 81.48%
2025-01-04 13:20:42,451 [INFO] Epoch: 12 | Batch: 500/538 | Loss: 2.6594 | Acc: 81.69%
2025-01-04 13:26:03,065 [INFO] Epoch 12 | Train Loss: 2.6570 | Train Accuracy: 81.69%
2025-01-04 13:26:03,066 [INFO] Epoch 12 | Valid Loss: 1.5675 | Valid Accuracy: 69.60% | Valid F1 Score: 0.6952
2025-01-04 13:26:03,662 [INFO] Current learning rate: 0.0004
2025-01-04 13:28:39,588 [INFO] Epoch: 13 | Batch: 100/538 | Loss: 2.6680 | Acc: 82.92%
2025-01-04 13:30:26,661 [INFO] Epoch: 13 | Batch: 200/538 | Loss: 2.6490 | Acc: 83.21%
2025-01-04 13:32:13,747 [INFO] Epoch: 13 | Batch: 300/538 | Loss: 2.5992 | Acc: 84.22%
2025-01-04 13:34:01,567 [INFO] Epoch: 13 | Batch: 400/538 | Loss: 2.5953 | Acc: 83.92%
2025-01-04 13:35:47,107 [INFO] Epoch: 13 | Batch: 500/538 | Loss: 2.6044 | Acc: 83.38%
2025-01-04 13:41:09,992 [INFO] Epoch 13 | Train Loss: 2.6124 | Train Accuracy: 83.18%
2025-01-04 13:41:09,998 [INFO] Epoch 13 | Valid Loss: 1.5413 | Valid Accuracy: 71.24% | Valid F1 Score: 0.7102
2025-01-04 13:41:10,596 [INFO] Current learning rate: 0.0004
2025-01-04 13:43:47,704 [INFO] Epoch: 14 | Batch: 100/538 | Loss: 2.5267 | Acc: 86.14%
2025-01-04 13:45:36,095 [INFO] Epoch: 14 | Batch: 200/538 | Loss: 2.5247 | Acc: 85.95%
2025-01-04 13:47:24,674 [INFO] Epoch: 14 | Batch: 300/538 | Loss: 2.4893 | Acc: 87.21%
2025-01-04 13:49:13,708 [INFO] Epoch: 14 | Batch: 400/538 | Loss: 2.4824 | Acc: 87.47%
2025-01-04 13:51:02,378 [INFO] Epoch: 14 | Batch: 500/538 | Loss: 2.5015 | Acc: 86.88%
2025-01-04 13:56:20,240 [INFO] Epoch 14 | Train Loss: 2.5076 | Train Accuracy: 86.76%
2025-01-04 13:56:20,241 [INFO] Epoch 14 | Valid Loss: 1.7097 | Valid Accuracy: 65.28% | Valid F1 Score: 0.6597
2025-01-04 13:56:20,874 [INFO] Current learning rate: 0.0004
2025-01-04 13:58:53,120 [INFO] Epoch: 15 | Batch: 100/538 | Loss: 2.4545 | Acc: 88.37%
2025-01-04 14:00:39,794 [INFO] Epoch: 15 | Batch: 200/538 | Loss: 2.5337 | Acc: 86.44%
2025-01-04 14:02:27,554 [INFO] Epoch: 15 | Batch: 300/538 | Loss: 2.5097 | Acc: 86.79%
2025-01-04 14:04:13,436 [INFO] Epoch: 15 | Batch: 400/538 | Loss: 2.5260 | Acc: 86.03%
2025-01-04 14:06:03,058 [INFO] Epoch: 15 | Batch: 500/538 | Loss: 2.5078 | Acc: 86.48%
2025-01-04 14:11:23,732 [INFO] Epoch 15 | Train Loss: 2.5090 | Train Accuracy: 86.34%
2025-01-04 14:11:23,736 [INFO] Epoch 15 | Valid Loss: 1.4517 | Valid Accuracy: 75.56% | Valid F1 Score: 0.7567
2025-01-04 14:11:26,353 [INFO] Current learning rate: 0.0004
2025-01-04 14:14:01,744 [INFO] Epoch: 16 | Batch: 100/538 | Loss: 2.4596 | Acc: 85.40%
2025-01-04 14:15:49,802 [INFO] Epoch: 16 | Batch: 200/538 | Loss: 2.4648 | Acc: 86.44%
2025-01-04 14:17:38,314 [INFO] Epoch: 16 | Batch: 300/538 | Loss: 2.4335 | Acc: 87.62%
2025-01-04 14:19:24,432 [INFO] Epoch: 16 | Batch: 400/538 | Loss: 2.4609 | Acc: 86.91%
2025-01-04 14:21:13,053 [INFO] Epoch: 16 | Batch: 500/538 | Loss: 2.4642 | Acc: 86.78%
2025-01-04 14:26:30,818 [INFO] Epoch 16 | Train Loss: 2.4606 | Train Accuracy: 86.71%
2025-01-04 14:26:30,818 [INFO] Epoch 16 | Valid Loss: 1.4185 | Valid Accuracy: 78.24% | Valid F1 Score: 0.7837
2025-01-04 14:26:33,670 [INFO] Current learning rate: 0.0004
2025-01-04 14:29:09,617 [INFO] Epoch: 17 | Batch: 100/538 | Loss: 2.3208 | Acc: 90.84%
2025-01-04 14:30:57,902 [INFO] Epoch: 17 | Batch: 200/538 | Loss: 2.4012 | Acc: 88.18%
2025-01-04 14:32:45,254 [INFO] Epoch: 17 | Batch: 300/538 | Loss: 2.4012 | Acc: 88.54%
2025-01-04 14:34:33,397 [INFO] Epoch: 17 | Batch: 400/538 | Loss: 2.4027 | Acc: 88.53%
2025-01-04 14:36:21,507 [INFO] Epoch: 17 | Batch: 500/538 | Loss: 2.4264 | Acc: 87.97%
2025-01-04 14:41:42,324 [INFO] Epoch 17 | Train Loss: 2.4247 | Train Accuracy: 87.96%
2025-01-04 14:41:42,325 [INFO] Epoch 17 | Valid Loss: 1.5520 | Valid Accuracy: 71.39% | Valid F1 Score: 0.7130
2025-01-04 14:41:42,898 [INFO] Current learning rate: 0.0004
2025-01-04 14:44:14,779 [INFO] Epoch: 18 | Batch: 100/538 | Loss: 2.4521 | Acc: 87.13%
2025-01-04 14:46:03,530 [INFO] Epoch: 18 | Batch: 200/538 | Loss: 2.4725 | Acc: 86.32%
2025-01-04 14:47:49,031 [INFO] Epoch: 18 | Batch: 300/538 | Loss: 2.4762 | Acc: 86.05%
2025-01-04 14:49:36,138 [INFO] Epoch: 18 | Batch: 400/538 | Loss: 2.4570 | Acc: 86.60%
2025-01-04 14:51:21,806 [INFO] Epoch: 18 | Batch: 500/538 | Loss: 2.4378 | Acc: 87.38%
2025-01-04 14:56:45,026 [INFO] Epoch 18 | Train Loss: 2.4331 | Train Accuracy: 87.27%
2025-01-04 14:56:45,037 [INFO] Epoch 18 | Valid Loss: 1.4533 | Valid Accuracy: 77.79% | Valid F1 Score: 0.7775
2025-01-04 14:56:45,623 [INFO] Current learning rate: 0.0004
2025-01-04 14:59:18,412 [INFO] Epoch: 19 | Batch: 100/538 | Loss: 2.4640 | Acc: 85.89%
2025-01-04 15:01:06,857 [INFO] Epoch: 19 | Batch: 200/538 | Loss: 2.3924 | Acc: 87.94%
2025-01-04 15:02:55,109 [INFO] Epoch: 19 | Batch: 300/538 | Loss: 2.3881 | Acc: 88.87%
2025-01-04 15:04:42,916 [INFO] Epoch: 19 | Batch: 400/538 | Loss: 2.4022 | Acc: 88.47%
2025-01-04 15:06:30,516 [INFO] Epoch: 19 | Batch: 500/538 | Loss: 2.3971 | Acc: 88.42%
2025-01-04 15:11:51,005 [INFO] Epoch 19 | Train Loss: 2.3919 | Train Accuracy: 88.62%
2025-01-04 15:11:51,005 [INFO] Epoch 19 | Valid Loss: 1.4367 | Valid Accuracy: 76.90% | Valid F1 Score: 0.7702
2025-01-04 15:11:51,580 [INFO] Current learning rate: 0.0004
2025-01-04 15:14:27,259 [INFO] Epoch: 20 | Batch: 100/538 | Loss: 2.2755 | Acc: 92.57%
2025-01-04 15:16:17,160 [INFO] Epoch: 20 | Batch: 200/538 | Loss: 2.2507 | Acc: 92.91%
2025-01-04 15:18:06,276 [INFO] Epoch: 20 | Batch: 300/538 | Loss: 2.2747 | Acc: 91.61%
2025-01-04 15:19:53,213 [INFO] Epoch: 20 | Batch: 400/538 | Loss: 2.3225 | Acc: 90.15%
2025-01-04 15:21:43,335 [INFO] Epoch: 20 | Batch: 500/538 | Loss: 2.3366 | Acc: 89.77%
2025-01-04 15:27:03,662 [INFO] Epoch 20 | Train Loss: 2.3337 | Train Accuracy: 89.92%
2025-01-04 15:27:03,663 [INFO] Epoch 20 | Valid Loss: 1.4550 | Valid Accuracy: 77.50% | Valid F1 Score: 0.7764
2025-01-04 15:27:04,253 [INFO] Current learning rate: 4e-05
2025-01-04 15:29:39,700 [INFO] Epoch: 21 | Batch: 100/538 | Loss: 2.3231 | Acc: 91.09%
2025-01-04 15:31:28,138 [INFO] Epoch: 21 | Batch: 200/538 | Loss: 2.2876 | Acc: 91.54%
2025-01-04 15:33:15,652 [INFO] Epoch: 21 | Batch: 300/538 | Loss: 2.3086 | Acc: 91.03%
2025-01-04 15:35:05,179 [INFO] Epoch: 21 | Batch: 400/538 | Loss: 2.3206 | Acc: 90.84%
2025-01-04 15:36:53,695 [INFO] Epoch: 21 | Batch: 500/538 | Loss: 2.3152 | Acc: 90.92%
2025-01-04 15:42:13,131 [INFO] Epoch 21 | Train Loss: 2.3254 | Train Accuracy: 90.75%
2025-01-04 15:42:13,131 [INFO] Epoch 21 | Valid Loss: 1.3878 | Valid Accuracy: 79.88% | Valid F1 Score: 0.7986
2025-01-04 15:42:15,950 [INFO] Current learning rate: 4e-05
2025-01-04 15:44:49,586 [INFO] Epoch: 22 | Batch: 100/538 | Loss: 2.2494 | Acc: 92.33%
