2025-01-04 16:11:52,986 [INFO] Starting experiment: Baseline_B9_V1
2025-01-04 16:11:52,986 [INFO] Using device: cuda:0
2025-01-04 16:11:52,986 [INFO] World size: 2
2025-01-04 16:11:52,986 [INFO] Using optimizer: AdamW, lr: 0.0004, momentum: 0, weight_decay: 0.001
2025-01-04 16:12:00,325 [INFO] Training dataset size: 2152
2025-01-04 16:12:00,325 [INFO] Validation dataset size: 1341
2025-01-04 16:12:00,330 [INFO] Starting training...
2025-01-04 16:14:34,374 [INFO] Epoch: 22 | Batch: 100/538 | Loss: 2.1435 | Acc: 94.80%
2025-01-04 16:16:22,005 [INFO] Epoch: 22 | Batch: 200/538 | Loss: 2.1450 | Acc: 95.15%
2025-01-04 16:18:08,068 [INFO] Epoch: 22 | Batch: 300/538 | Loss: 2.1289 | Acc: 95.35%
2025-01-04 16:19:53,415 [INFO] Epoch: 22 | Batch: 400/538 | Loss: 2.1351 | Acc: 95.14%
2025-01-04 16:21:39,623 [INFO] Epoch: 22 | Batch: 500/538 | Loss: 2.1317 | Acc: 95.16%
2025-01-04 16:27:01,471 [INFO] Epoch 22 | Train Loss: 2.1419 | Train Accuracy: 94.98%
2025-01-04 16:27:01,472 [INFO] Epoch 22 | Valid Loss: 1.3525 | Valid Accuracy: 81.82% | Valid F1 Score: 0.8181
2025-01-04 16:27:04,143 [INFO] Current learning rate: 4e-05
2025-01-04 16:29:33,732 [INFO] Epoch: 23 | Batch: 100/538 | Loss: 2.1030 | Acc: 96.04%
2025-01-04 16:31:18,834 [INFO] Epoch: 23 | Batch: 200/538 | Loss: 2.0780 | Acc: 96.89%
2025-01-04 16:33:04,082 [INFO] Epoch: 23 | Batch: 300/538 | Loss: 2.0851 | Acc: 96.59%
2025-01-04 16:34:49,496 [INFO] Epoch: 23 | Batch: 400/538 | Loss: 2.0638 | Acc: 97.13%
2025-01-04 16:36:35,487 [INFO] Epoch: 23 | Batch: 500/538 | Loss: 2.0819 | Acc: 96.86%
2025-01-04 16:41:52,310 [INFO] Epoch 23 | Train Loss: 2.0876 | Train Accuracy: 96.75%
2025-01-04 16:41:52,311 [INFO] Epoch 23 | Valid Loss: 1.3349 | Valid Accuracy: 82.41% | Valid F1 Score: 0.8238
2025-01-04 16:41:54,936 [INFO] Current learning rate: 4e-05
2025-01-04 16:44:24,495 [INFO] Epoch: 24 | Batch: 100/538 | Loss: 2.0583 | Acc: 97.03%
2025-01-04 16:46:07,755 [INFO] Epoch: 24 | Batch: 200/538 | Loss: 2.0728 | Acc: 96.77%
2025-01-04 16:47:51,611 [INFO] Epoch: 24 | Batch: 300/538 | Loss: 2.0690 | Acc: 96.59%
2025-01-04 16:49:34,571 [INFO] Epoch: 24 | Batch: 400/538 | Loss: 2.0535 | Acc: 97.01%
2025-01-04 16:51:20,623 [INFO] Epoch: 24 | Batch: 500/538 | Loss: 2.0620 | Acc: 96.76%
2025-01-04 16:56:36,196 [INFO] Epoch 24 | Train Loss: 2.0650 | Train Accuracy: 96.65%
2025-01-04 16:56:36,197 [INFO] Epoch 24 | Valid Loss: 1.3377 | Valid Accuracy: 83.01% | Valid F1 Score: 0.8305
2025-01-04 16:56:39,107 [INFO] Current learning rate: 4e-05
2025-01-04 16:59:08,348 [INFO] Epoch: 25 | Batch: 100/538 | Loss: 2.0232 | Acc: 99.01%
2025-01-04 17:00:53,802 [INFO] Epoch: 25 | Batch: 200/538 | Loss: 2.0210 | Acc: 98.26%
2025-01-04 17:02:36,825 [INFO] Epoch: 25 | Batch: 300/538 | Loss: 2.0351 | Acc: 97.92%
2025-01-04 17:04:19,777 [INFO] Epoch: 25 | Batch: 400/538 | Loss: 2.0414 | Acc: 97.82%
2025-01-04 17:06:02,924 [INFO] Epoch: 25 | Batch: 500/538 | Loss: 2.0397 | Acc: 97.85%
2025-01-04 17:11:17,906 [INFO] Epoch 25 | Train Loss: 2.0394 | Train Accuracy: 97.82%
2025-01-04 17:11:17,906 [INFO] Epoch 25 | Valid Loss: 1.3403 | Valid Accuracy: 82.86% | Valid F1 Score: 0.8284
2025-01-04 17:11:18,486 [INFO] Current learning rate: 4e-05
2025-01-04 17:13:50,028 [INFO] Epoch: 26 | Batch: 100/538 | Loss: 2.0229 | Acc: 97.52%
2025-01-04 17:15:35,594 [INFO] Epoch: 26 | Batch: 200/538 | Loss: 2.0110 | Acc: 98.13%
2025-01-04 17:17:20,535 [INFO] Epoch: 26 | Batch: 300/538 | Loss: 2.0308 | Acc: 97.67%
2025-01-04 17:19:04,718 [INFO] Epoch: 26 | Batch: 400/538 | Loss: 2.0305 | Acc: 97.76%
2025-01-04 17:20:50,743 [INFO] Epoch: 26 | Batch: 500/538 | Loss: 2.0385 | Acc: 97.50%
2025-01-04 17:26:05,489 [INFO] Epoch 26 | Train Loss: 2.0349 | Train Accuracy: 97.54%
2025-01-04 17:26:05,489 [INFO] Epoch 26 | Valid Loss: 1.3351 | Valid Accuracy: 83.31% | Valid F1 Score: 0.8329
2025-01-04 17:26:08,402 [INFO] Current learning rate: 4e-05
2025-01-04 17:28:38,976 [INFO] Epoch: 27 | Batch: 100/538 | Loss: 2.0093 | Acc: 98.27%
2025-01-04 17:30:21,776 [INFO] Epoch: 27 | Batch: 200/538 | Loss: 2.0408 | Acc: 97.76%
2025-01-04 17:32:04,413 [INFO] Epoch: 27 | Batch: 300/538 | Loss: 2.0226 | Acc: 97.92%
2025-01-04 17:33:47,058 [INFO] Epoch: 27 | Batch: 400/538 | Loss: 2.0090 | Acc: 98.19%
2025-01-04 17:35:27,602 [INFO] Epoch: 27 | Batch: 500/538 | Loss: 2.0034 | Acc: 98.30%
2025-01-04 17:40:42,834 [INFO] Epoch 27 | Train Loss: 2.0061 | Train Accuracy: 98.23%
2025-01-04 17:40:42,835 [INFO] Epoch 27 | Valid Loss: 1.3289 | Valid Accuracy: 82.86% | Valid F1 Score: 0.8287
2025-01-04 17:40:43,533 [INFO] Current learning rate: 4e-05
2025-01-04 17:43:12,033 [INFO] Epoch: 28 | Batch: 100/538 | Loss: 2.0334 | Acc: 98.02%
2025-01-04 17:44:55,126 [INFO] Epoch: 28 | Batch: 200/538 | Loss: 2.0165 | Acc: 98.51%
2025-01-04 17:46:37,127 [INFO] Epoch: 28 | Batch: 300/538 | Loss: 2.0061 | Acc: 98.67%
2025-01-04 17:48:19,682 [INFO] Epoch: 28 | Batch: 400/538 | Loss: 1.9995 | Acc: 98.69%
2025-01-04 17:50:01,956 [INFO] Epoch: 28 | Batch: 500/538 | Loss: 1.9957 | Acc: 98.70%
2025-01-04 17:55:17,899 [INFO] Epoch 28 | Train Loss: 1.9929 | Train Accuracy: 98.70%
2025-01-04 17:55:17,899 [INFO] Epoch 28 | Valid Loss: 1.3523 | Valid Accuracy: 82.27% | Valid F1 Score: 0.8225
2025-01-04 17:55:18,487 [INFO] Current learning rate: 4e-05
2025-01-04 17:57:47,743 [INFO] Epoch: 29 | Batch: 100/538 | Loss: 1.9829 | Acc: 98.02%
2025-01-04 17:59:31,037 [INFO] Epoch: 29 | Batch: 200/538 | Loss: 1.9781 | Acc: 98.38%
2025-01-04 18:01:12,752 [INFO] Epoch: 29 | Batch: 300/538 | Loss: 1.9887 | Acc: 98.17%
2025-01-04 18:02:55,156 [INFO] Epoch: 29 | Batch: 400/538 | Loss: 1.9991 | Acc: 98.19%
2025-01-04 18:04:39,661 [INFO] Epoch: 29 | Batch: 500/538 | Loss: 1.9945 | Acc: 98.35%
2025-01-04 18:09:54,853 [INFO] Epoch 29 | Train Loss: 1.9918 | Train Accuracy: 98.42%
2025-01-04 18:09:54,853 [INFO] Epoch 29 | Valid Loss: 1.3540 | Valid Accuracy: 81.67% | Valid F1 Score: 0.8167
2025-01-04 18:09:55,432 [INFO] Current learning rate: 4e-05
2025-01-04 18:12:24,737 [INFO] Epoch: 30 | Batch: 100/538 | Loss: 1.9631 | Acc: 99.50%
2025-01-04 18:14:08,908 [INFO] Epoch: 30 | Batch: 200/538 | Loss: 1.9590 | Acc: 99.13%
2025-01-04 18:15:53,123 [INFO] Epoch: 30 | Batch: 300/538 | Loss: 1.9498 | Acc: 99.42%
2025-01-04 18:17:36,102 [INFO] Epoch: 30 | Batch: 400/538 | Loss: 1.9555 | Acc: 99.19%
2025-01-04 18:19:17,343 [INFO] Epoch: 30 | Batch: 500/538 | Loss: 1.9639 | Acc: 99.00%
2025-01-04 18:24:33,214 [INFO] Epoch 30 | Train Loss: 1.9688 | Train Accuracy: 98.88%
2025-01-04 18:24:33,215 [INFO] Epoch 30 | Valid Loss: 1.3426 | Valid Accuracy: 82.41% | Valid F1 Score: 0.8244
2025-01-04 18:24:33,800 [INFO] Current learning rate: 4e-05
2025-01-04 18:27:04,483 [INFO] Epoch: 31 | Batch: 100/538 | Loss: 1.9680 | Acc: 99.01%
2025-01-04 18:28:49,028 [INFO] Epoch: 31 | Batch: 200/538 | Loss: 1.9554 | Acc: 99.38%
2025-01-04 18:30:34,023 [INFO] Epoch: 31 | Batch: 300/538 | Loss: 1.9577 | Acc: 99.34%
2025-01-04 18:32:17,796 [INFO] Epoch: 31 | Batch: 400/538 | Loss: 1.9611 | Acc: 99.13%
2025-01-04 18:34:01,705 [INFO] Epoch: 31 | Batch: 500/538 | Loss: 1.9644 | Acc: 99.05%
2025-01-04 18:39:16,659 [INFO] Epoch 31 | Train Loss: 1.9606 | Train Accuracy: 99.12%
2025-01-04 18:39:16,659 [INFO] Epoch 31 | Valid Loss: 1.3641 | Valid Accuracy: 81.37% | Valid F1 Score: 0.8137
2025-01-04 18:39:17,236 [INFO] Current learning rate: 4.000000000000001e-06
