2025-01-19 05:42:14,262 [INFO] Starting experiment: Baseline_B4_V1
2025-01-19 05:42:14,315 [INFO] Using device: cuda
2025-01-19 05:42:14,317 [INFO] Set random seed: 31
2025-01-19 05:42:21,947 [INFO] Training dataset size: 2152
2025-01-19 05:42:21,948 [INFO] Validation dataset size: 1341
2025-01-19 05:44:52,431 [INFO] Configuration saved to: /kaggle/working/Group-Activity-Recognition/modeling/baseline 4/outputs/Baseline_B4_V1_20250119_054214/config.yml
2025-01-19 05:44:52,431 [INFO] Starting training...
2025-01-19 05:44:52,431 [INFO] 
Epoch 1/35
2025-01-19 05:45:35,233 [INFO] Epoch: 0 | Batch: 10/135 | Loss: 0.2270 | Acc: 11.93%
2025-01-19 05:45:43,102 [INFO] Epoch: 0 | Batch: 20/135 | Loss: 0.2409 | Acc: 11.90%
2025-01-19 05:45:50,778 [INFO] Epoch: 0 | Batch: 30/135 | Loss: 0.2264 | Acc: 12.10%
2025-01-19 05:46:00,161 [INFO] Epoch: 0 | Batch: 40/135 | Loss: 0.2228 | Acc: 11.13%
2025-01-19 05:46:08,535 [INFO] Epoch: 0 | Batch: 50/135 | Loss: 0.2330 | Acc: 11.76%
2025-01-19 05:46:16,567 [INFO] Epoch: 0 | Batch: 60/135 | Loss: 0.2333 | Acc: 11.68%
2025-01-19 05:46:24,316 [INFO] Epoch: 0 | Batch: 70/135 | Loss: 0.2309 | Acc: 11.71%
2025-01-19 05:46:33,059 [INFO] Epoch: 0 | Batch: 80/135 | Loss: 0.2634 | Acc: 11.96%
2025-01-19 05:46:40,793 [INFO] Epoch: 0 | Batch: 90/135 | Loss: 0.2879 | Acc: 12.02%
2025-01-19 05:46:48,904 [INFO] Epoch: 0 | Batch: 100/135 | Loss: 0.2268 | Acc: 12.25%
2025-01-19 05:46:56,680 [INFO] Epoch: 0 | Batch: 110/135 | Loss: 0.2322 | Acc: 12.16%
2025-01-19 05:47:05,423 [INFO] Epoch: 0 | Batch: 120/135 | Loss: 0.2218 | Acc: 12.24%
2025-01-19 05:47:13,399 [INFO] Epoch: 0 | Batch: 130/135 | Loss: 0.2219 | Acc: 12.55%
2025-01-19 05:47:18,269 [INFO] Epoch 0 - Train Loss: 0.2358 - Accuracy: 12.50%
2025-01-19 05:49:04,117 [INFO] Epoch 0 | Valid Loss: 0.2327 | Accuracy: 11.26% | F1 Score: 0.0730
2025-01-19 05:49:04,127 [INFO] Current learning rate: 0.0001
2025-01-19 05:49:04,662 [INFO] 
Epoch 2/35
2025-01-19 05:49:48,173 [INFO] Epoch: 1 | Batch: 10/135 | Loss: 0.2477 | Acc: 15.34%
2025-01-19 05:49:56,301 [INFO] Epoch: 1 | Batch: 20/135 | Loss: 0.2397 | Acc: 14.88%
2025-01-19 05:50:04,077 [INFO] Epoch: 1 | Batch: 30/135 | Loss: 0.2447 | Acc: 14.31%
2025-01-19 05:50:12,037 [INFO] Epoch: 1 | Batch: 40/135 | Loss: 0.2230 | Acc: 14.79%
2025-01-19 05:50:19,988 [INFO] Epoch: 1 | Batch: 50/135 | Loss: 0.2149 | Acc: 14.09%
2025-01-19 05:50:28,107 [INFO] Epoch: 1 | Batch: 60/135 | Loss: 0.2452 | Acc: 13.63%
2025-01-19 05:50:36,688 [INFO] Epoch: 1 | Batch: 70/135 | Loss: 0.2358 | Acc: 13.47%
2025-01-19 05:50:45,443 [INFO] Epoch: 1 | Batch: 80/135 | Loss: 0.2119 | Acc: 13.81%
2025-01-19 05:50:53,549 [INFO] Epoch: 1 | Batch: 90/135 | Loss: 0.2412 | Acc: 14.01%
2025-01-19 05:51:01,231 [INFO] Epoch: 1 | Batch: 100/135 | Loss: 0.2337 | Acc: 13.99%
2025-01-19 05:51:09,734 [INFO] Epoch: 1 | Batch: 110/135 | Loss: 0.2252 | Acc: 14.36%
2025-01-19 05:51:17,914 [INFO] Epoch: 1 | Batch: 120/135 | Loss: 0.2103 | Acc: 14.51%
2025-01-19 05:51:26,002 [INFO] Epoch: 1 | Batch: 130/135 | Loss: 0.2139 | Acc: 15.03%
2025-01-19 05:51:30,723 [INFO] Epoch 1 - Train Loss: 0.2283 - Accuracy: 15.01%
2025-01-19 05:52:56,651 [INFO] Epoch 1 | Valid Loss: 0.2139 | Accuracy: 20.58% | F1 Score: 0.1221
2025-01-19 05:52:56,661 [INFO] Current learning rate: 0.0001
2025-01-19 05:52:57,153 [INFO] 
Epoch 3/35
2025-01-19 05:53:40,429 [INFO] Epoch: 2 | Batch: 10/135 | Loss: 0.2131 | Acc: 21.59%
2025-01-19 05:53:48,919 [INFO] Epoch: 2 | Batch: 20/135 | Loss: 0.2035 | Acc: 22.32%
2025-01-19 05:53:57,202 [INFO] Epoch: 2 | Batch: 30/135 | Loss: 0.2205 | Acc: 22.18%
2025-01-19 05:54:05,228 [INFO] Epoch: 2 | Batch: 40/135 | Loss: 0.2044 | Acc: 22.87%
2025-01-19 05:54:12,887 [INFO] Epoch: 2 | Batch: 50/135 | Loss: 0.2278 | Acc: 24.39%
2025-01-19 05:54:21,143 [INFO] Epoch: 2 | Batch: 60/135 | Loss: 0.2260 | Acc: 23.77%
2025-01-19 05:54:30,352 [INFO] Epoch: 2 | Batch: 70/135 | Loss: 0.1910 | Acc: 23.59%
2025-01-19 05:54:38,064 [INFO] Epoch: 2 | Batch: 80/135 | Loss: 0.2095 | Acc: 24.15%
2025-01-19 05:54:46,186 [INFO] Epoch: 2 | Batch: 90/135 | Loss: 0.2138 | Acc: 24.59%
2025-01-19 05:54:54,095 [INFO] Epoch: 2 | Batch: 100/135 | Loss: 0.1986 | Acc: 25.50%
2025-01-19 05:55:03,126 [INFO] Epoch: 2 | Batch: 110/135 | Loss: 0.2205 | Acc: 26.46%
2025-01-19 05:55:10,865 [INFO] Epoch: 2 | Batch: 120/135 | Loss: 0.1861 | Acc: 27.22%
2025-01-19 05:55:18,634 [INFO] Epoch: 2 | Batch: 130/135 | Loss: 0.2026 | Acc: 27.81%
2025-01-19 05:55:23,384 [INFO] Epoch 2 - Train Loss: 0.2075 - Accuracy: 27.83%
2025-01-19 05:56:47,462 [INFO] Epoch 2 | Valid Loss: 0.1807 | Accuracy: 42.88% | F1 Score: 0.3744
2025-01-19 05:56:47,473 [INFO] Current learning rate: 0.0001
2025-01-19 05:56:48,007 [INFO] 
Epoch 4/35
2025-01-19 05:57:31,130 [INFO] Epoch: 3 | Batch: 10/135 | Loss: 0.2268 | Acc: 38.64%
2025-01-19 05:57:40,305 [INFO] Epoch: 3 | Batch: 20/135 | Loss: 0.2286 | Acc: 38.99%
2025-01-19 05:57:48,753 [INFO] Epoch: 3 | Batch: 30/135 | Loss: 0.1890 | Acc: 40.32%
2025-01-19 05:57:56,729 [INFO] Epoch: 3 | Batch: 40/135 | Loss: 0.1883 | Acc: 41.77%
2025-01-19 05:58:04,930 [INFO] Epoch: 3 | Batch: 50/135 | Loss: 0.1802 | Acc: 41.91%
2025-01-19 05:58:13,860 [INFO] Epoch: 3 | Batch: 60/135 | Loss: 0.1688 | Acc: 42.73%
2025-01-19 05:58:22,451 [INFO] Epoch: 3 | Batch: 70/135 | Loss: 0.1679 | Acc: 44.63%
2025-01-19 05:58:30,645 [INFO] Epoch: 3 | Batch: 80/135 | Loss: 0.1792 | Acc: 46.14%
2025-01-19 05:58:38,469 [INFO] Epoch: 3 | Batch: 90/135 | Loss: 0.1461 | Acc: 47.80%
2025-01-19 05:58:47,186 [INFO] Epoch: 3 | Batch: 100/135 | Loss: 0.1597 | Acc: 48.95%
2025-01-19 05:58:55,590 [INFO] Epoch: 3 | Batch: 110/135 | Loss: 0.1604 | Acc: 49.61%
2025-01-19 05:59:04,126 [INFO] Epoch: 3 | Batch: 120/135 | Loss: 0.1580 | Acc: 50.31%
2025-01-19 05:59:11,966 [INFO] Epoch: 3 | Batch: 130/135 | Loss: 0.1579 | Acc: 50.48%
2025-01-19 05:59:16,791 [INFO] Epoch 3 - Train Loss: 0.1729 - Accuracy: 50.70%
2025-01-19 06:00:43,459 [INFO] Epoch 3 | Valid Loss: 0.1692 | Accuracy: 50.93% | F1 Score: 0.4723
2025-01-19 06:00:43,471 [INFO] Current learning rate: 0.0001
2025-01-19 06:00:43,979 [INFO] 
Epoch 5/35
2025-01-19 06:01:27,647 [INFO] Epoch: 4 | Batch: 10/135 | Loss: 0.1630 | Acc: 59.66%
2025-01-19 06:01:35,611 [INFO] Epoch: 4 | Batch: 20/135 | Loss: 0.1609 | Acc: 58.33%
2025-01-19 06:01:43,433 [INFO] Epoch: 4 | Batch: 30/135 | Loss: 0.1621 | Acc: 58.87%
2025-01-19 06:01:52,074 [INFO] Epoch: 4 | Batch: 40/135 | Loss: 0.1510 | Acc: 60.06%
2025-01-19 06:02:00,635 [INFO] Epoch: 4 | Batch: 50/135 | Loss: 0.1495 | Acc: 60.54%
2025-01-19 06:02:09,267 [INFO] Epoch: 4 | Batch: 60/135 | Loss: 0.1268 | Acc: 61.27%
2025-01-19 06:02:16,941 [INFO] Epoch: 4 | Batch: 70/135 | Loss: 0.1488 | Acc: 60.92%
2025-01-19 06:02:25,644 [INFO] Epoch: 4 | Batch: 80/135 | Loss: 0.1653 | Acc: 60.88%
2025-01-19 06:02:33,678 [INFO] Epoch: 4 | Batch: 90/135 | Loss: 0.1233 | Acc: 61.26%
2025-01-19 06:02:41,341 [INFO] Epoch: 4 | Batch: 100/135 | Loss: 0.1595 | Acc: 61.63%
2025-01-19 06:02:49,155 [INFO] Epoch: 4 | Batch: 110/135 | Loss: 0.1221 | Acc: 61.88%
2025-01-19 06:02:59,010 [INFO] Epoch: 4 | Batch: 120/135 | Loss: 0.1750 | Acc: 62.40%
2025-01-19 06:03:07,078 [INFO] Epoch: 4 | Batch: 130/135 | Loss: 0.1334 | Acc: 62.79%
2025-01-19 06:03:11,717 [INFO] Epoch 4 - Train Loss: 0.1527 - Accuracy: 62.64%
2025-01-19 06:04:35,041 [INFO] Epoch 4 | Valid Loss: 0.1648 | Accuracy: 55.56% | F1 Score: 0.5392
2025-01-19 06:04:35,052 [INFO] Current learning rate: 0.0001
2025-01-19 06:04:35,554 [INFO] 
Epoch 6/35
2025-01-19 06:05:17,750 [INFO] Epoch: 5 | Batch: 10/135 | Loss: 0.1436 | Acc: 63.07%
2025-01-19 06:05:27,452 [INFO] Epoch: 5 | Batch: 20/135 | Loss: 0.1570 | Acc: 69.94%
2025-01-19 06:05:35,591 [INFO] Epoch: 5 | Batch: 30/135 | Loss: 0.1480 | Acc: 68.35%
2025-01-19 06:05:44,883 [INFO] Epoch: 5 | Batch: 40/135 | Loss: 0.1403 | Acc: 69.51%
2025-01-19 06:05:52,959 [INFO] Epoch: 5 | Batch: 50/135 | Loss: 0.1630 | Acc: 69.36%
2025-01-19 06:06:01,502 [INFO] Epoch: 5 | Batch: 60/135 | Loss: 0.1224 | Acc: 69.36%
2025-01-19 06:06:08,843 [INFO] Epoch: 5 | Batch: 70/135 | Loss: 0.1408 | Acc: 69.37%
2025-01-19 06:06:17,092 [INFO] Epoch: 5 | Batch: 80/135 | Loss: 0.1325 | Acc: 69.44%
2025-01-19 06:06:24,730 [INFO] Epoch: 5 | Batch: 90/135 | Loss: 0.1616 | Acc: 69.78%
2025-01-19 06:06:33,405 [INFO] Epoch: 5 | Batch: 100/135 | Loss: 0.1246 | Acc: 69.55%
2025-01-19 06:06:41,495 [INFO] Epoch: 5 | Batch: 110/135 | Loss: 0.1739 | Acc: 69.37%
2025-01-19 06:06:50,178 [INFO] Epoch: 5 | Batch: 120/135 | Loss: 0.1122 | Acc: 69.63%
2025-01-19 06:06:58,298 [INFO] Epoch: 5 | Batch: 130/135 | Loss: 0.1516 | Acc: 69.47%
2025-01-19 06:07:02,990 [INFO] Epoch 5 - Train Loss: 0.1416 - Accuracy: 69.56%
2025-01-19 06:08:27,502 [INFO] Epoch 5 | Valid Loss: 0.1697 | Accuracy: 54.96% | F1 Score: 0.5367
2025-01-19 06:08:27,512 [INFO] Current learning rate: 0.0001
2025-01-19 06:08:28,023 [INFO] 
Epoch 7/35
2025-01-19 06:09:11,223 [INFO] Epoch: 6 | Batch: 10/135 | Loss: 0.1500 | Acc: 75.57%
2025-01-19 06:09:19,386 [INFO] Epoch: 6 | Batch: 20/135 | Loss: 0.1268 | Acc: 78.87%
2025-01-19 06:09:28,022 [INFO] Epoch: 6 | Batch: 30/135 | Loss: 0.1056 | Acc: 79.23%
2025-01-19 06:09:36,564 [INFO] Epoch: 6 | Batch: 40/135 | Loss: 0.1101 | Acc: 78.20%
2025-01-19 06:09:45,101 [INFO] Epoch: 6 | Batch: 50/135 | Loss: 0.1169 | Acc: 78.43%
2025-01-19 06:09:53,590 [INFO] Epoch: 6 | Batch: 60/135 | Loss: 0.1335 | Acc: 78.07%
2025-01-19 06:10:02,393 [INFO] Epoch: 6 | Batch: 70/135 | Loss: 0.1310 | Acc: 77.90%
2025-01-19 06:10:10,877 [INFO] Epoch: 6 | Batch: 80/135 | Loss: 0.1176 | Acc: 77.62%
2025-01-19 06:10:19,979 [INFO] Epoch: 6 | Batch: 90/135 | Loss: 0.1377 | Acc: 77.27%
2025-01-19 06:10:28,291 [INFO] Epoch: 6 | Batch: 100/135 | Loss: 0.1177 | Acc: 77.04%
2025-01-19 06:10:37,648 [INFO] Epoch: 6 | Batch: 110/135 | Loss: 0.1203 | Acc: 77.25%
2025-01-19 06:10:45,711 [INFO] Epoch: 6 | Batch: 120/135 | Loss: 0.1310 | Acc: 76.96%
2025-01-19 06:10:54,311 [INFO] Epoch: 6 | Batch: 130/135 | Loss: 0.1196 | Acc: 77.34%
2025-01-19 06:10:59,448 [INFO] Epoch 6 - Train Loss: 0.1273 - Accuracy: 77.23%
2025-01-19 06:12:24,606 [INFO] Epoch 6 | Valid Loss: 0.1474 | Accuracy: 63.39% | F1 Score: 0.6272
2025-01-19 06:12:24,616 [INFO] Current learning rate: 0.0001
2025-01-19 06:12:25,123 [INFO] 
Epoch 8/35
2025-01-19 06:13:08,289 [INFO] Epoch: 7 | Batch: 10/135 | Loss: 0.1140 | Acc: 73.86%
2025-01-19 06:13:16,573 [INFO] Epoch: 7 | Batch: 20/135 | Loss: 0.1300 | Acc: 76.19%
2025-01-19 06:13:25,158 [INFO] Epoch: 7 | Batch: 30/135 | Loss: 0.1061 | Acc: 78.63%
2025-01-19 06:13:33,202 [INFO] Epoch: 7 | Batch: 40/135 | Loss: 0.1139 | Acc: 76.83%
2025-01-19 06:13:41,324 [INFO] Epoch: 7 | Batch: 50/135 | Loss: 0.1238 | Acc: 77.57%
2025-01-19 06:13:49,665 [INFO] Epoch: 7 | Batch: 60/135 | Loss: 0.1242 | Acc: 77.66%
2025-01-19 06:13:57,178 [INFO] Epoch: 7 | Batch: 70/135 | Loss: 0.1441 | Acc: 78.87%
2025-01-19 06:14:05,695 [INFO] Epoch: 7 | Batch: 80/135 | Loss: 0.1459 | Acc: 78.86%
2025-01-19 06:14:14,090 [INFO] Epoch: 7 | Batch: 90/135 | Loss: 0.1208 | Acc: 79.12%
2025-01-19 06:14:22,375 [INFO] Epoch: 7 | Batch: 100/135 | Loss: 0.1139 | Acc: 78.84%
2025-01-19 06:14:30,332 [INFO] Epoch: 7 | Batch: 110/135 | Loss: 0.1245 | Acc: 78.77%
2025-01-19 06:14:38,209 [INFO] Epoch: 7 | Batch: 120/135 | Loss: 0.1094 | Acc: 78.98%
2025-01-19 06:14:47,112 [INFO] Epoch: 7 | Batch: 130/135 | Loss: 0.1021 | Acc: 79.53%
2025-01-19 06:14:51,821 [INFO] Epoch 7 - Train Loss: 0.1226 - Accuracy: 79.60%
2025-01-19 06:16:16,039 [INFO] Epoch 7 | Valid Loss: 0.1389 | Accuracy: 70.99% | F1 Score: 0.7051
2025-01-19 06:16:16,052 [INFO] Current learning rate: 0.0001
2025-01-19 06:16:16,585 [INFO] 
Epoch 9/35
2025-01-19 06:16:59,086 [INFO] Epoch: 8 | Batch: 10/135 | Loss: 0.1222 | Acc: 87.50%
2025-01-19 06:17:07,248 [INFO] Epoch: 8 | Batch: 20/135 | Loss: 0.1104 | Acc: 85.12%
2025-01-19 06:17:15,749 [INFO] Epoch: 8 | Batch: 30/135 | Loss: 0.1171 | Acc: 84.27%
2025-01-19 06:17:23,842 [INFO] Epoch: 8 | Batch: 40/135 | Loss: 0.1489 | Acc: 83.84%
2025-01-19 06:17:31,914 [INFO] Epoch: 8 | Batch: 50/135 | Loss: 0.1126 | Acc: 83.95%
2025-01-19 06:17:39,914 [INFO] Epoch: 8 | Batch: 60/135 | Loss: 0.0986 | Acc: 84.02%
2025-01-19 06:17:47,939 [INFO] Epoch: 8 | Batch: 70/135 | Loss: 0.1308 | Acc: 84.33%
2025-01-19 06:17:56,474 [INFO] Epoch: 8 | Batch: 80/135 | Loss: 0.1541 | Acc: 83.95%
2025-01-19 06:18:03,909 [INFO] Epoch: 8 | Batch: 90/135 | Loss: 0.1077 | Acc: 83.93%
2025-01-19 06:18:11,965 [INFO] Epoch: 8 | Batch: 100/135 | Loss: 0.1078 | Acc: 83.85%
2025-01-19 06:18:19,844 [INFO] Epoch: 8 | Batch: 110/135 | Loss: 0.1140 | Acc: 83.78%
2025-01-19 06:18:27,953 [INFO] Epoch: 8 | Batch: 120/135 | Loss: 0.1249 | Acc: 83.63%
2025-01-19 06:18:35,884 [INFO] Epoch: 8 | Batch: 130/135 | Loss: 0.1176 | Acc: 83.06%
2025-01-19 06:18:40,571 [INFO] Epoch 8 - Train Loss: 0.1177 - Accuracy: 83.09%
2025-01-19 06:20:06,807 [INFO] Epoch 8 | Valid Loss: 0.1509 | Accuracy: 64.50% | F1 Score: 0.6421
2025-01-19 06:20:06,817 [INFO] Current learning rate: 0.0001
2025-01-19 06:20:07,313 [INFO] 
Epoch 10/35
2025-01-19 06:20:49,920 [INFO] Epoch: 9 | Batch: 10/135 | Loss: 0.0923 | Acc: 88.64%
2025-01-19 06:20:57,959 [INFO] Epoch: 9 | Batch: 20/135 | Loss: 0.1061 | Acc: 87.20%
2025-01-19 06:21:05,535 [INFO] Epoch: 9 | Batch: 30/135 | Loss: 0.1202 | Acc: 85.89%
2025-01-19 06:21:14,042 [INFO] Epoch: 9 | Batch: 40/135 | Loss: 0.1080 | Acc: 87.04%
2025-01-19 06:21:22,041 [INFO] Epoch: 9 | Batch: 50/135 | Loss: 0.0967 | Acc: 86.52%
2025-01-19 06:21:30,374 [INFO] Epoch: 9 | Batch: 60/135 | Loss: 0.0938 | Acc: 86.07%
2025-01-19 06:21:38,021 [INFO] Epoch: 9 | Batch: 70/135 | Loss: 0.1075 | Acc: 86.00%
2025-01-19 06:21:46,335 [INFO] Epoch: 9 | Batch: 80/135 | Loss: 0.0973 | Acc: 86.34%
2025-01-19 06:21:54,820 [INFO] Epoch: 9 | Batch: 90/135 | Loss: 0.1091 | Acc: 86.40%
2025-01-19 06:22:03,874 [INFO] Epoch: 9 | Batch: 100/135 | Loss: 0.1228 | Acc: 86.45%
2025-01-19 06:22:11,911 [INFO] Epoch: 9 | Batch: 110/135 | Loss: 0.1010 | Acc: 86.43%
2025-01-19 06:22:20,253 [INFO] Epoch: 9 | Batch: 120/135 | Loss: 0.1071 | Acc: 86.62%
2025-01-19 06:22:28,091 [INFO] Epoch: 9 | Batch: 130/135 | Loss: 0.1180 | Acc: 86.69%
2025-01-19 06:22:32,835 [INFO] Epoch 9 - Train Loss: 0.1099 - Accuracy: 86.62%
2025-01-19 06:23:58,293 [INFO] Epoch 9 | Valid Loss: 0.1576 | Accuracy: 63.61% | F1 Score: 0.6235
2025-01-19 06:23:58,303 [INFO] Current learning rate: 0.0001
2025-01-19 06:23:58,811 [INFO] 
Epoch 11/35
2025-01-19 06:24:41,414 [INFO] Epoch: 10 | Batch: 10/135 | Loss: 0.0889 | Acc: 88.07%
2025-01-19 06:24:50,472 [INFO] Epoch: 10 | Batch: 20/135 | Loss: 0.1117 | Acc: 86.01%
2025-01-19 06:24:58,006 [INFO] Epoch: 10 | Batch: 30/135 | Loss: 0.1344 | Acc: 85.89%
2025-01-19 06:25:06,254 [INFO] Epoch: 10 | Batch: 40/135 | Loss: 0.1116 | Acc: 85.82%
2025-01-19 06:25:14,086 [INFO] Epoch: 10 | Batch: 50/135 | Loss: 0.1027 | Acc: 86.64%
2025-01-19 06:25:22,600 [INFO] Epoch: 10 | Batch: 60/135 | Loss: 0.0926 | Acc: 87.09%
2025-01-19 06:25:30,719 [INFO] Epoch: 10 | Batch: 70/135 | Loss: 0.1056 | Acc: 87.50%
2025-01-19 06:25:38,753 [INFO] Epoch: 10 | Batch: 80/135 | Loss: 0.1097 | Acc: 87.96%
2025-01-19 06:25:46,725 [INFO] Epoch: 10 | Batch: 90/135 | Loss: 0.0973 | Acc: 87.98%
2025-01-19 06:25:54,896 [INFO] Epoch: 10 | Batch: 100/135 | Loss: 0.1056 | Acc: 88.18%
2025-01-19 06:26:02,555 [INFO] Epoch: 10 | Batch: 110/135 | Loss: 0.0950 | Acc: 88.68%
2025-01-19 06:26:10,805 [INFO] Epoch: 10 | Batch: 120/135 | Loss: 0.1066 | Acc: 88.79%
2025-01-19 06:26:18,629 [INFO] Epoch: 10 | Batch: 130/135 | Loss: 0.1096 | Acc: 88.45%
2025-01-19 06:26:23,354 [INFO] Epoch 10 - Train Loss: 0.1080 - Accuracy: 88.52%
2025-01-19 06:27:49,146 [INFO] Epoch 10 | Valid Loss: 0.1466 | Accuracy: 69.43% | F1 Score: 0.6875
2025-01-19 06:27:49,156 [INFO] Current learning rate: 0.0001
2025-01-19 06:27:49,666 [INFO] 
Epoch 12/35
2025-01-19 06:28:32,540 [INFO] Epoch: 11 | Batch: 10/135 | Loss: 0.1033 | Acc: 92.05%
2025-01-19 06:28:40,791 [INFO] Epoch: 11 | Batch: 20/135 | Loss: 0.0972 | Acc: 92.56%
2025-01-19 06:28:49,251 [INFO] Epoch: 11 | Batch: 30/135 | Loss: 0.1149 | Acc: 92.34%
2025-01-19 06:28:58,816 [INFO] Epoch: 11 | Batch: 40/135 | Loss: 0.1006 | Acc: 91.31%
2025-01-19 06:29:07,307 [INFO] Epoch: 11 | Batch: 50/135 | Loss: 0.1121 | Acc: 90.93%
2025-01-19 06:29:17,383 [INFO] Epoch: 11 | Batch: 60/135 | Loss: 0.1089 | Acc: 90.57%
2025-01-19 06:29:26,302 [INFO] Epoch: 11 | Batch: 70/135 | Loss: 0.1004 | Acc: 90.32%
2025-01-19 06:29:35,963 [INFO] Epoch: 11 | Batch: 80/135 | Loss: 0.1252 | Acc: 90.35%
2025-01-19 06:29:44,857 [INFO] Epoch: 11 | Batch: 90/135 | Loss: 0.1157 | Acc: 89.97%
2025-01-19 06:29:54,281 [INFO] Epoch: 11 | Batch: 100/135 | Loss: 0.0937 | Acc: 89.73%
2025-01-19 06:30:03,152 [INFO] Epoch: 11 | Batch: 110/135 | Loss: 0.1315 | Acc: 89.53%
2025-01-19 06:30:13,311 [INFO] Epoch: 11 | Batch: 120/135 | Loss: 0.1224 | Acc: 89.62%
2025-01-19 06:30:22,264 [INFO] Epoch: 11 | Batch: 130/135 | Loss: 0.0964 | Acc: 89.84%
2025-01-19 06:30:26,966 [INFO] Epoch 11 - Train Loss: 0.1054 - Accuracy: 89.92%
2025-01-19 06:31:52,417 [INFO] Epoch 11 | Valid Loss: 0.1459 | Accuracy: 71.59% | F1 Score: 0.7175
2025-01-19 06:31:52,427 [INFO] Current learning rate: 0.0001
2025-01-19 06:31:52,941 [INFO] 
Epoch 13/35
2025-01-19 06:32:36,483 [INFO] Epoch: 12 | Batch: 10/135 | Loss: 0.1038 | Acc: 95.45%
2025-01-19 06:32:44,310 [INFO] Epoch: 12 | Batch: 20/135 | Loss: 0.0870 | Acc: 95.54%
2025-01-19 06:32:52,888 [INFO] Epoch: 12 | Batch: 30/135 | Loss: 0.0997 | Acc: 94.76%
2025-01-19 06:33:01,714 [INFO] Epoch: 12 | Batch: 40/135 | Loss: 0.1189 | Acc: 93.60%
2025-01-19 06:33:09,464 [INFO] Epoch: 12 | Batch: 50/135 | Loss: 0.0910 | Acc: 93.14%
2025-01-19 06:33:17,947 [INFO] Epoch: 12 | Batch: 60/135 | Loss: 0.0960 | Acc: 93.14%
2025-01-19 06:33:26,300 [INFO] Epoch: 12 | Batch: 70/135 | Loss: 0.0956 | Acc: 93.31%
2025-01-19 06:33:34,265 [INFO] Epoch: 12 | Batch: 80/135 | Loss: 0.0956 | Acc: 92.90%
2025-01-19 06:33:41,886 [INFO] Epoch: 12 | Batch: 90/135 | Loss: 0.1143 | Acc: 93.20%
2025-01-19 06:33:49,699 [INFO] Epoch: 12 | Batch: 100/135 | Loss: 0.0932 | Acc: 93.44%
2025-01-19 06:33:58,170 [INFO] Epoch: 12 | Batch: 110/135 | Loss: 0.0970 | Acc: 93.30%
2025-01-19 06:34:06,044 [INFO] Epoch: 12 | Batch: 120/135 | Loss: 0.1166 | Acc: 92.77%
2025-01-19 06:34:14,725 [INFO] Epoch: 12 | Batch: 130/135 | Loss: 0.0878 | Acc: 92.51%
2025-01-19 06:34:19,509 [INFO] Epoch 12 - Train Loss: 0.0995 - Accuracy: 92.47%
2025-01-19 06:35:49,946 [INFO] Epoch 12 | Valid Loss: 0.1531 | Accuracy: 66.37% | F1 Score: 0.6626
2025-01-19 06:35:49,956 [INFO] Current learning rate: 0.0001
2025-01-19 06:35:50,444 [INFO] 
Epoch 14/35
2025-01-19 06:36:32,950 [INFO] Epoch: 13 | Batch: 10/135 | Loss: 0.1089 | Acc: 93.18%
2025-01-19 06:36:40,953 [INFO] Epoch: 13 | Batch: 20/135 | Loss: 0.0850 | Acc: 95.24%
2025-01-19 06:36:48,787 [INFO] Epoch: 13 | Batch: 30/135 | Loss: 0.0995 | Acc: 95.16%
2025-01-19 06:36:56,239 [INFO] Epoch: 13 | Batch: 40/135 | Loss: 0.0991 | Acc: 94.82%
2025-01-19 06:37:03,581 [INFO] Epoch: 13 | Batch: 50/135 | Loss: 0.0896 | Acc: 94.36%
2025-01-19 06:37:11,708 [INFO] Epoch: 13 | Batch: 60/135 | Loss: 0.0855 | Acc: 94.36%
2025-01-19 06:37:19,563 [INFO] Epoch: 13 | Batch: 70/135 | Loss: 0.0904 | Acc: 94.72%
2025-01-19 06:37:27,032 [INFO] Epoch: 13 | Batch: 80/135 | Loss: 0.0880 | Acc: 94.52%
2025-01-19 06:37:34,687 [INFO] Epoch: 13 | Batch: 90/135 | Loss: 0.1147 | Acc: 94.71%
2025-01-19 06:37:42,879 [INFO] Epoch: 13 | Batch: 100/135 | Loss: 0.1026 | Acc: 93.87%
2025-01-19 06:37:50,377 [INFO] Epoch: 13 | Batch: 110/135 | Loss: 0.0914 | Acc: 93.41%
2025-01-19 06:37:57,765 [INFO] Epoch: 13 | Batch: 120/135 | Loss: 0.0957 | Acc: 93.54%
2025-01-19 06:38:05,393 [INFO] Epoch: 13 | Batch: 130/135 | Loss: 0.0989 | Acc: 93.08%
2025-01-19 06:38:10,483 [INFO] Epoch 13 - Train Loss: 0.1002 - Accuracy: 93.22%
2025-01-19 06:39:32,099 [INFO] Epoch 13 | Valid Loss: 0.1537 | Accuracy: 68.68% | F1 Score: 0.6835
2025-01-19 06:39:32,109 [INFO] Current learning rate: 1e-05
2025-01-19 06:39:32,595 [INFO] 
Epoch 15/35
2025-01-19 06:40:13,559 [INFO] Epoch: 14 | Batch: 10/135 | Loss: 0.1058 | Acc: 91.48%
2025-01-19 06:40:21,447 [INFO] Epoch: 14 | Batch: 20/135 | Loss: 0.0929 | Acc: 93.45%
2025-01-19 06:40:29,276 [INFO] Epoch: 14 | Batch: 30/135 | Loss: 0.1130 | Acc: 94.56%
2025-01-19 06:40:37,709 [INFO] Epoch: 14 | Batch: 40/135 | Loss: 0.1030 | Acc: 94.66%
2025-01-19 06:40:45,359 [INFO] Epoch: 14 | Batch: 50/135 | Loss: 0.0975 | Acc: 94.98%
2025-01-19 06:40:53,062 [INFO] Epoch: 14 | Batch: 60/135 | Loss: 0.0958 | Acc: 95.08%
2025-01-19 06:41:00,600 [INFO] Epoch: 14 | Batch: 70/135 | Loss: 0.0856 | Acc: 95.51%
2025-01-19 06:41:08,877 [INFO] Epoch: 14 | Batch: 80/135 | Loss: 0.0891 | Acc: 95.83%
2025-01-19 06:41:16,809 [INFO] Epoch: 14 | Batch: 90/135 | Loss: 0.0914 | Acc: 95.74%
2025-01-19 06:41:28,237 [INFO] Epoch: 14 | Batch: 100/135 | Loss: 0.0908 | Acc: 95.85%
2025-01-19 06:41:38,520 [INFO] Epoch: 14 | Batch: 110/135 | Loss: 0.0914 | Acc: 95.95%
2025-01-19 06:41:48,775 [INFO] Epoch: 14 | Batch: 120/135 | Loss: 0.0977 | Acc: 95.92%
2025-01-19 06:41:58,125 [INFO] Epoch: 14 | Batch: 130/135 | Loss: 0.1074 | Acc: 96.14%
2025-01-19 06:42:02,725 [INFO] Epoch 14 - Train Loss: 0.0937 - Accuracy: 96.14%
2025-01-19 06:43:33,271 [INFO] Epoch 14 | Valid Loss: 0.1425 | Accuracy: 72.04% | F1 Score: 0.7198
2025-01-19 06:43:33,281 [INFO] Current learning rate: 1e-05
2025-01-19 06:43:33,774 [INFO] 
Epoch 16/35
2025-01-19 06:44:15,818 [INFO] Epoch: 15 | Batch: 10/135 | Loss: 0.0959 | Acc: 94.32%
2025-01-19 06:44:24,631 [INFO] Epoch: 15 | Batch: 20/135 | Loss: 0.0901 | Acc: 96.73%
2025-01-19 06:44:33,422 [INFO] Epoch: 15 | Batch: 30/135 | Loss: 0.0867 | Acc: 97.58%
2025-01-19 06:44:41,522 [INFO] Epoch: 15 | Batch: 40/135 | Loss: 0.1010 | Acc: 97.10%
2025-01-19 06:44:49,089 [INFO] Epoch: 15 | Batch: 50/135 | Loss: 0.0863 | Acc: 97.43%
2025-01-19 06:44:56,983 [INFO] Epoch: 15 | Batch: 60/135 | Loss: 0.0901 | Acc: 97.64%
2025-01-19 06:45:04,777 [INFO] Epoch: 15 | Batch: 70/135 | Loss: 0.0976 | Acc: 97.89%
2025-01-19 06:45:13,458 [INFO] Epoch: 15 | Batch: 80/135 | Loss: 0.0940 | Acc: 98.07%
2025-01-19 06:45:21,277 [INFO] Epoch: 15 | Batch: 90/135 | Loss: 0.0856 | Acc: 98.01%
2025-01-19 06:45:29,009 [INFO] Epoch: 15 | Batch: 100/135 | Loss: 0.0973 | Acc: 98.02%
2025-01-19 06:45:36,606 [INFO] Epoch: 15 | Batch: 110/135 | Loss: 0.0856 | Acc: 98.09%
2025-01-19 06:45:46,369 [INFO] Epoch: 15 | Batch: 120/135 | Loss: 0.0913 | Acc: 98.04%
2025-01-19 06:45:53,708 [INFO] Epoch: 15 | Batch: 130/135 | Loss: 0.0925 | Acc: 98.14%
2025-01-19 06:45:58,322 [INFO] Epoch 15 - Train Loss: 0.0906 - Accuracy: 98.09%
2025-01-19 06:47:20,085 [INFO] Epoch 15 | Valid Loss: 0.1411 | Accuracy: 73.60% | F1 Score: 0.7354
2025-01-19 06:47:20,094 [INFO] Current learning rate: 1e-05
2025-01-19 06:47:20,594 [INFO] 
Epoch 17/35
2025-01-19 06:48:01,616 [INFO] Epoch: 16 | Batch: 10/135 | Loss: 0.0862 | Acc: 98.86%
2025-01-19 06:48:09,000 [INFO] Epoch: 16 | Batch: 20/135 | Loss: 0.0995 | Acc: 98.51%
2025-01-19 06:48:16,668 [INFO] Epoch: 16 | Batch: 30/135 | Loss: 0.0854 | Acc: 98.19%
2025-01-19 06:48:26,112 [INFO] Epoch: 16 | Batch: 40/135 | Loss: 0.0844 | Acc: 98.02%
2025-01-19 06:48:35,802 [INFO] Epoch: 16 | Batch: 50/135 | Loss: 0.0870 | Acc: 98.16%
2025-01-19 06:48:45,027 [INFO] Epoch: 16 | Batch: 60/135 | Loss: 0.0864 | Acc: 98.05%
2025-01-19 06:48:57,375 [INFO] Epoch: 16 | Batch: 70/135 | Loss: 0.0886 | Acc: 97.62%
2025-01-19 06:49:06,513 [INFO] Epoch: 16 | Batch: 80/135 | Loss: 0.0869 | Acc: 97.76%
2025-01-19 06:49:15,770 [INFO] Epoch: 16 | Batch: 90/135 | Loss: 0.0896 | Acc: 97.73%
2025-01-19 06:49:25,066 [INFO] Epoch: 16 | Batch: 100/135 | Loss: 0.0859 | Acc: 97.83%
2025-01-19 06:49:34,237 [INFO] Epoch: 16 | Batch: 110/135 | Loss: 0.0953 | Acc: 97.92%
2025-01-19 06:49:42,641 [INFO] Epoch: 16 | Batch: 120/135 | Loss: 0.0875 | Acc: 97.78%
2025-01-19 06:49:50,836 [INFO] Epoch: 16 | Batch: 130/135 | Loss: 0.0859 | Acc: 97.90%
2025-01-19 06:49:55,391 [INFO] Epoch 16 - Train Loss: 0.0899 - Accuracy: 97.96%
2025-01-19 06:51:16,692 [INFO] Epoch 16 | Valid Loss: 0.1412 | Accuracy: 73.23% | F1 Score: 0.7330
2025-01-19 06:51:16,701 [INFO] Current learning rate: 1e-05
2025-01-19 06:51:17,209 [INFO] 
Epoch 18/35
2025-01-19 06:51:57,410 [INFO] Epoch: 17 | Batch: 10/135 | Loss: 0.0862 | Acc: 98.86%
2025-01-19 06:52:05,530 [INFO] Epoch: 17 | Batch: 20/135 | Loss: 0.0855 | Acc: 98.81%
2025-01-19 06:52:13,213 [INFO] Epoch: 17 | Batch: 30/135 | Loss: 0.0836 | Acc: 98.79%
2025-01-19 06:52:21,073 [INFO] Epoch: 17 | Batch: 40/135 | Loss: 0.0866 | Acc: 98.78%
2025-01-19 06:52:28,971 [INFO] Epoch: 17 | Batch: 50/135 | Loss: 0.0855 | Acc: 98.90%
2025-01-19 06:52:37,746 [INFO] Epoch: 17 | Batch: 60/135 | Loss: 0.0856 | Acc: 98.36%
2025-01-19 06:52:45,558 [INFO] Epoch: 17 | Batch: 70/135 | Loss: 0.0847 | Acc: 98.24%
2025-01-19 06:52:53,170 [INFO] Epoch: 17 | Batch: 80/135 | Loss: 0.1010 | Acc: 98.23%
2025-01-19 06:53:00,671 [INFO] Epoch: 17 | Batch: 90/135 | Loss: 0.0898 | Acc: 98.35%
2025-01-19 06:53:08,833 [INFO] Epoch: 17 | Batch: 100/135 | Loss: 0.0848 | Acc: 98.33%
2025-01-19 06:53:16,477 [INFO] Epoch: 17 | Batch: 110/135 | Loss: 0.0885 | Acc: 98.20%
2025-01-19 06:53:24,215 [INFO] Epoch: 17 | Batch: 120/135 | Loss: 0.0836 | Acc: 98.35%
2025-01-19 06:53:31,805 [INFO] Epoch: 17 | Batch: 130/135 | Loss: 0.0910 | Acc: 98.33%
2025-01-19 06:53:36,696 [INFO] Epoch 17 - Train Loss: 0.0889 - Accuracy: 98.37%
2025-01-19 06:54:57,810 [INFO] Epoch 17 | Valid Loss: 0.1408 | Accuracy: 73.15% | F1 Score: 0.7315
2025-01-19 06:54:57,819 [INFO] Current learning rate: 1e-05
2025-01-19 06:54:58,300 [INFO] 
Epoch 19/35
2025-01-19 06:55:38,309 [INFO] Epoch: 18 | Batch: 10/135 | Loss: 0.0959 | Acc: 98.30%
2025-01-19 06:55:46,573 [INFO] Epoch: 18 | Batch: 20/135 | Loss: 0.0889 | Acc: 99.11%
2025-01-19 06:55:53,903 [INFO] Epoch: 18 | Batch: 30/135 | Loss: 0.0926 | Acc: 98.99%
2025-01-19 06:56:01,257 [INFO] Epoch: 18 | Batch: 40/135 | Loss: 0.0852 | Acc: 98.93%
2025-01-19 06:56:08,629 [INFO] Epoch: 18 | Batch: 50/135 | Loss: 0.0879 | Acc: 98.77%
2025-01-19 06:56:17,009 [INFO] Epoch: 18 | Batch: 60/135 | Loss: 0.0849 | Acc: 98.77%
2025-01-19 06:56:24,718 [INFO] Epoch: 18 | Batch: 70/135 | Loss: 0.0893 | Acc: 98.86%
2025-01-19 06:56:32,809 [INFO] Epoch: 18 | Batch: 80/135 | Loss: 0.0867 | Acc: 98.69%
2025-01-19 06:56:40,471 [INFO] Epoch: 18 | Batch: 90/135 | Loss: 0.0879 | Acc: 98.70%
2025-01-19 06:56:48,165 [INFO] Epoch: 18 | Batch: 100/135 | Loss: 0.0831 | Acc: 98.82%
2025-01-19 06:56:55,616 [INFO] Epoch: 18 | Batch: 110/135 | Loss: 0.0856 | Acc: 98.82%
2025-01-19 06:57:03,752 [INFO] Epoch: 18 | Batch: 120/135 | Loss: 0.0864 | Acc: 98.92%
2025-01-19 06:57:11,324 [INFO] Epoch: 18 | Batch: 130/135 | Loss: 0.0934 | Acc: 98.95%
2025-01-19 06:57:15,905 [INFO] Epoch 18 - Train Loss: 0.0881 - Accuracy: 98.88%
2025-01-19 06:58:37,718 [INFO] Epoch 18 | Valid Loss: 0.1412 | Accuracy: 73.90% | F1 Score: 0.7389
2025-01-19 06:58:37,727 [INFO] Current learning rate: 1e-05
2025-01-19 06:58:38,209 [INFO] 
Epoch 20/35
2025-01-19 06:59:18,994 [INFO] Epoch: 19 | Batch: 10/135 | Loss: 0.0835 | Acc: 100.00%
2025-01-19 06:59:26,358 [INFO] Epoch: 19 | Batch: 20/135 | Loss: 0.0838 | Acc: 98.81%
2025-01-19 06:59:34,120 [INFO] Epoch: 19 | Batch: 30/135 | Loss: 0.0970 | Acc: 98.19%
2025-01-19 06:59:42,045 [INFO] Epoch: 19 | Batch: 40/135 | Loss: 0.0859 | Acc: 98.48%
2025-01-19 06:59:50,108 [INFO] Epoch: 19 | Batch: 50/135 | Loss: 0.0900 | Acc: 98.77%
2025-01-19 06:59:57,514 [INFO] Epoch: 19 | Batch: 60/135 | Loss: 0.0896 | Acc: 98.77%
2025-01-19 07:00:05,975 [INFO] Epoch: 19 | Batch: 70/135 | Loss: 0.0837 | Acc: 98.77%
2025-01-19 07:00:13,809 [INFO] Epoch: 19 | Batch: 80/135 | Loss: 0.0891 | Acc: 98.69%
2025-01-19 07:00:21,699 [INFO] Epoch: 19 | Batch: 90/135 | Loss: 0.0862 | Acc: 98.76%
2025-01-19 07:00:29,693 [INFO] Epoch: 19 | Batch: 100/135 | Loss: 0.0915 | Acc: 98.70%
2025-01-19 07:00:37,964 [INFO] Epoch: 19 | Batch: 110/135 | Loss: 0.0835 | Acc: 98.54%
2025-01-19 07:00:45,307 [INFO] Epoch: 19 | Batch: 120/135 | Loss: 0.0880 | Acc: 98.55%
2025-01-19 07:00:52,933 [INFO] Epoch: 19 | Batch: 130/135 | Loss: 0.0969 | Acc: 98.52%
2025-01-19 07:00:57,500 [INFO] Epoch 19 - Train Loss: 0.0882 - Accuracy: 98.47%
2025-01-19 07:02:20,331 [INFO] Epoch 19 | Valid Loss: 0.1435 | Accuracy: 73.45% | F1 Score: 0.7354
2025-01-19 07:02:20,341 [INFO] Current learning rate: 1.0000000000000002e-06
2025-01-19 07:02:20,822 [INFO] 
Epoch 21/35
2025-01-19 07:03:00,523 [INFO] Epoch: 20 | Batch: 10/135 | Loss: 0.0876 | Acc: 98.86%
2025-01-19 07:03:07,981 [INFO] Epoch: 20 | Batch: 20/135 | Loss: 0.0866 | Acc: 98.81%
2025-01-19 07:03:15,803 [INFO] Epoch: 20 | Batch: 30/135 | Loss: 0.0830 | Acc: 98.79%
2025-01-19 07:03:23,596 [INFO] Epoch: 20 | Batch: 40/135 | Loss: 0.0839 | Acc: 99.09%
2025-01-19 07:03:31,302 [INFO] Epoch: 20 | Batch: 50/135 | Loss: 0.0963 | Acc: 99.14%
2025-01-19 07:03:39,205 [INFO] Epoch: 20 | Batch: 60/135 | Loss: 0.0954 | Acc: 98.77%
2025-01-19 07:03:47,351 [INFO] Epoch: 20 | Batch: 70/135 | Loss: 0.0876 | Acc: 98.86%
2025-01-19 07:03:55,195 [INFO] Epoch: 20 | Batch: 80/135 | Loss: 0.0849 | Acc: 98.92%
2025-01-19 07:04:02,767 [INFO] Epoch: 20 | Batch: 90/135 | Loss: 0.0865 | Acc: 98.90%
2025-01-19 07:04:10,286 [INFO] Epoch: 20 | Batch: 100/135 | Loss: 0.0872 | Acc: 98.95%
2025-01-19 07:04:18,273 [INFO] Epoch: 20 | Batch: 110/135 | Loss: 0.0839 | Acc: 98.99%
2025-01-19 07:04:26,643 [INFO] Epoch: 20 | Batch: 120/135 | Loss: 0.0860 | Acc: 99.07%
2025-01-19 07:04:34,047 [INFO] Epoch: 20 | Batch: 130/135 | Loss: 0.0901 | Acc: 99.00%
2025-01-19 07:04:38,639 [INFO] Epoch 20 - Train Loss: 0.0884 - Accuracy: 98.98%
2025-01-19 07:06:00,620 [INFO] Epoch 20 | Valid Loss: 0.1426 | Accuracy: 74.27% | F1 Score: 0.7442
2025-01-19 07:06:00,629 [INFO] Current learning rate: 1.0000000000000002e-06
2025-01-19 07:06:01,114 [INFO] 
Epoch 22/35
2025-01-19 07:06:41,661 [INFO] Epoch: 21 | Batch: 10/135 | Loss: 0.0868 | Acc: 100.00%
2025-01-19 07:06:49,358 [INFO] Epoch: 21 | Batch: 20/135 | Loss: 0.0839 | Acc: 99.70%
2025-01-19 07:06:57,241 [INFO] Epoch: 21 | Batch: 30/135 | Loss: 0.0844 | Acc: 99.60%
2025-01-19 07:07:05,045 [INFO] Epoch: 21 | Batch: 40/135 | Loss: 0.0880 | Acc: 99.70%
2025-01-19 07:07:13,125 [INFO] Epoch: 21 | Batch: 50/135 | Loss: 0.0826 | Acc: 99.51%
2025-01-19 07:07:21,557 [INFO] Epoch: 21 | Batch: 60/135 | Loss: 0.0886 | Acc: 99.59%
2025-01-19 07:07:29,661 [INFO] Epoch: 21 | Batch: 70/135 | Loss: 0.0868 | Acc: 99.56%
2025-01-19 07:07:37,715 [INFO] Epoch: 21 | Batch: 80/135 | Loss: 0.0861 | Acc: 99.61%
2025-01-19 07:07:45,554 [INFO] Epoch: 21 | Batch: 90/135 | Loss: 0.0828 | Acc: 99.59%
2025-01-19 07:07:53,404 [INFO] Epoch: 21 | Batch: 100/135 | Loss: 0.0873 | Acc: 99.63%
2025-01-19 07:08:01,601 [INFO] Epoch: 21 | Batch: 110/135 | Loss: 0.1036 | Acc: 99.55%
2025-01-19 07:08:09,602 [INFO] Epoch: 21 | Batch: 120/135 | Loss: 0.0842 | Acc: 99.59%
2025-01-19 07:08:17,190 [INFO] Epoch: 21 | Batch: 130/135 | Loss: 0.0861 | Acc: 99.48%
2025-01-19 07:08:21,758 [INFO] Epoch 21 - Train Loss: 0.0868 - Accuracy: 99.44%
2025-01-19 07:09:42,954 [INFO] Epoch 21 | Valid Loss: 0.1436 | Accuracy: 73.90% | F1 Score: 0.7402
2025-01-19 07:09:42,963 [INFO] Current learning rate: 1.0000000000000002e-06
2025-01-19 07:09:43,444 [INFO] 
Epoch 23/35
2025-01-19 07:10:23,711 [INFO] Epoch: 22 | Batch: 10/135 | Loss: 0.0835 | Acc: 98.86%
2025-01-19 07:10:31,348 [INFO] Epoch: 22 | Batch: 20/135 | Loss: 0.0873 | Acc: 98.81%
2025-01-19 07:10:39,457 [INFO] Epoch: 22 | Batch: 30/135 | Loss: 0.0855 | Acc: 98.79%
2025-01-19 07:10:47,762 [INFO] Epoch: 22 | Batch: 40/135 | Loss: 0.0939 | Acc: 98.78%
2025-01-19 07:10:55,840 [INFO] Epoch: 22 | Batch: 50/135 | Loss: 0.0898 | Acc: 99.02%
2025-01-19 07:11:03,936 [INFO] Epoch: 22 | Batch: 60/135 | Loss: 0.0872 | Acc: 98.67%
2025-01-19 07:11:12,585 [INFO] Epoch: 22 | Batch: 70/135 | Loss: 0.0884 | Acc: 98.77%
2025-01-19 07:11:21,666 [INFO] Epoch: 22 | Batch: 80/135 | Loss: 0.0936 | Acc: 98.77%
2025-01-19 07:11:29,316 [INFO] Epoch: 22 | Batch: 90/135 | Loss: 0.1052 | Acc: 98.70%
2025-01-19 07:11:38,007 [INFO] Epoch: 22 | Batch: 100/135 | Loss: 0.0969 | Acc: 98.70%
2025-01-19 07:11:46,312 [INFO] Epoch: 22 | Batch: 110/135 | Loss: 0.0875 | Acc: 98.70%
2025-01-19 07:11:55,110 [INFO] Epoch: 22 | Batch: 120/135 | Loss: 0.0934 | Acc: 98.76%
2025-01-19 07:12:03,510 [INFO] Epoch: 22 | Batch: 130/135 | Loss: 0.0824 | Acc: 98.85%
2025-01-19 07:12:08,194 [INFO] Epoch 22 - Train Loss: 0.0880 - Accuracy: 98.88%
2025-01-19 07:13:35,927 [INFO] Epoch 22 | Valid Loss: 0.1435 | Accuracy: 73.53% | F1 Score: 0.7358
2025-01-19 07:13:35,937 [INFO] Current learning rate: 1.0000000000000002e-06
2025-01-19 07:13:36,435 [INFO] 
Epoch 24/35
2025-01-19 07:14:18,586 [INFO] Epoch: 23 | Batch: 10/135 | Loss: 0.0841 | Acc: 100.00%
2025-01-19 07:14:26,935 [INFO] Epoch: 23 | Batch: 20/135 | Loss: 0.0908 | Acc: 99.70%
2025-01-19 07:14:35,414 [INFO] Epoch: 23 | Batch: 30/135 | Loss: 0.0867 | Acc: 99.40%
2025-01-19 07:14:42,783 [INFO] Epoch: 23 | Batch: 40/135 | Loss: 0.0854 | Acc: 99.39%
2025-01-19 07:14:50,713 [INFO] Epoch: 23 | Batch: 50/135 | Loss: 0.0873 | Acc: 99.39%
2025-01-19 07:14:58,834 [INFO] Epoch: 23 | Batch: 60/135 | Loss: 0.0880 | Acc: 99.49%
2025-01-19 07:15:06,654 [INFO] Epoch: 23 | Batch: 70/135 | Loss: 0.0892 | Acc: 99.38%
2025-01-19 07:15:15,171 [INFO] Epoch: 23 | Batch: 80/135 | Loss: 0.0862 | Acc: 99.31%
2025-01-19 07:15:22,516 [INFO] Epoch: 23 | Batch: 90/135 | Loss: 0.0887 | Acc: 99.38%
2025-01-19 07:15:30,232 [INFO] Epoch: 23 | Batch: 100/135 | Loss: 0.0863 | Acc: 99.32%
2025-01-19 07:15:38,046 [INFO] Epoch: 23 | Batch: 110/135 | Loss: 0.0859 | Acc: 99.38%
2025-01-19 07:15:45,804 [INFO] Epoch: 23 | Batch: 120/135 | Loss: 0.0894 | Acc: 99.43%
2025-01-19 07:15:53,620 [INFO] Epoch: 23 | Batch: 130/135 | Loss: 0.0963 | Acc: 99.33%
2025-01-19 07:15:58,520 [INFO] Epoch 23 - Train Loss: 0.0875 - Accuracy: 99.35%
2025-01-19 07:17:20,356 [INFO] Epoch 23 | Valid Loss: 0.1435 | Accuracy: 72.78% | F1 Score: 0.7291
2025-01-19 07:17:20,365 [INFO] Current learning rate: 1.0000000000000002e-06
2025-01-19 07:17:20,868 [INFO] 
Epoch 25/35
2025-01-19 07:18:02,306 [INFO] Epoch: 24 | Batch: 10/135 | Loss: 0.0831 | Acc: 98.86%
2025-01-19 07:18:10,908 [INFO] Epoch: 24 | Batch: 20/135 | Loss: 0.0830 | Acc: 99.40%
2025-01-19 07:18:18,462 [INFO] Epoch: 24 | Batch: 30/135 | Loss: 0.0856 | Acc: 98.99%
2025-01-19 07:18:26,512 [INFO] Epoch: 24 | Batch: 40/135 | Loss: 0.0825 | Acc: 99.24%
2025-01-19 07:18:34,569 [INFO] Epoch: 24 | Batch: 50/135 | Loss: 0.0821 | Acc: 99.14%
2025-01-19 07:18:43,172 [INFO] Epoch: 24 | Batch: 60/135 | Loss: 0.0863 | Acc: 99.08%
2025-01-19 07:18:50,824 [INFO] Epoch: 24 | Batch: 70/135 | Loss: 0.0852 | Acc: 99.21%
2025-01-19 07:18:59,008 [INFO] Epoch: 24 | Batch: 80/135 | Loss: 0.0858 | Acc: 99.23%
2025-01-19 07:19:06,459 [INFO] Epoch: 24 | Batch: 90/135 | Loss: 0.0875 | Acc: 99.31%
2025-01-19 07:19:15,151 [INFO] Epoch: 24 | Batch: 100/135 | Loss: 0.0921 | Acc: 99.32%
2025-01-19 07:19:23,180 [INFO] Epoch: 24 | Batch: 110/135 | Loss: 0.0876 | Acc: 99.32%
2025-01-19 07:19:31,030 [INFO] Epoch: 24 | Batch: 120/135 | Loss: 0.0993 | Acc: 99.38%
2025-01-19 07:19:38,507 [INFO] Epoch: 24 | Batch: 130/135 | Loss: 0.0862 | Acc: 99.43%
2025-01-19 07:19:43,541 [INFO] Epoch 24 - Train Loss: 0.0872 - Accuracy: 99.40%
2025-01-19 07:21:04,390 [INFO] Epoch 24 | Valid Loss: 0.1423 | Accuracy: 74.20% | F1 Score: 0.7433
2025-01-19 07:21:04,399 [INFO] Current learning rate: 1.0000000000000002e-06
2025-01-19 07:21:04,889 [INFO] 
Epoch 26/35
2025-01-19 07:21:44,741 [INFO] Epoch: 25 | Batch: 10/135 | Loss: 0.0849 | Acc: 99.43%
2025-01-19 07:21:52,816 [INFO] Epoch: 25 | Batch: 20/135 | Loss: 0.0876 | Acc: 98.81%
2025-01-19 07:22:01,276 [INFO] Epoch: 25 | Batch: 30/135 | Loss: 0.0878 | Acc: 99.19%
2025-01-19 07:22:08,945 [INFO] Epoch: 25 | Batch: 40/135 | Loss: 0.0843 | Acc: 99.39%
2025-01-19 07:22:16,712 [INFO] Epoch: 25 | Batch: 50/135 | Loss: 0.0847 | Acc: 99.39%
2025-01-19 07:22:24,252 [INFO] Epoch: 25 | Batch: 60/135 | Loss: 0.0853 | Acc: 99.39%
2025-01-19 07:22:32,187 [INFO] Epoch: 25 | Batch: 70/135 | Loss: 0.0836 | Acc: 99.38%
2025-01-19 07:22:40,187 [INFO] Epoch: 25 | Batch: 80/135 | Loss: 0.0848 | Acc: 99.46%
2025-01-19 07:22:48,095 [INFO] Epoch: 25 | Batch: 90/135 | Loss: 0.0853 | Acc: 99.45%
2025-01-19 07:22:56,202 [INFO] Epoch: 25 | Batch: 100/135 | Loss: 0.0841 | Acc: 99.50%
2025-01-19 07:23:04,728 [INFO] Epoch: 25 | Batch: 110/135 | Loss: 0.0826 | Acc: 99.49%
2025-01-19 07:23:13,044 [INFO] Epoch: 25 | Batch: 120/135 | Loss: 0.0832 | Acc: 99.54%
2025-01-19 07:23:20,445 [INFO] Epoch: 25 | Batch: 130/135 | Loss: 0.0852 | Acc: 99.52%
2025-01-19 07:23:25,045 [INFO] Epoch 25 - Train Loss: 0.0868 - Accuracy: 99.44%
2025-01-19 07:24:46,879 [INFO] Epoch 25 | Valid Loss: 0.1428 | Accuracy: 73.30% | F1 Score: 0.7334
2025-01-19 07:24:46,889 [INFO] Current learning rate: 1.0000000000000002e-07
2025-01-19 07:24:47,388 [INFO] 
Epoch 27/35
2025-01-19 07:25:28,258 [INFO] Epoch: 26 | Batch: 10/135 | Loss: 0.0868 | Acc: 98.30%
2025-01-19 07:25:37,077 [INFO] Epoch: 26 | Batch: 20/135 | Loss: 0.0832 | Acc: 99.11%
2025-01-19 07:25:44,654 [INFO] Epoch: 26 | Batch: 30/135 | Loss: 0.0846 | Acc: 99.40%
2025-01-19 07:25:52,897 [INFO] Epoch: 26 | Batch: 40/135 | Loss: 0.0875 | Acc: 99.54%
2025-01-19 07:26:00,435 [INFO] Epoch: 26 | Batch: 50/135 | Loss: 0.0862 | Acc: 99.63%
2025-01-19 07:26:09,108 [INFO] Epoch: 26 | Batch: 60/135 | Loss: 0.0882 | Acc: 99.69%
2025-01-19 07:26:16,445 [INFO] Epoch: 26 | Batch: 70/135 | Loss: 0.0820 | Acc: 99.65%
2025-01-19 07:26:24,247 [INFO] Epoch: 26 | Batch: 80/135 | Loss: 0.0902 | Acc: 99.38%
2025-01-19 07:26:32,186 [INFO] Epoch: 26 | Batch: 90/135 | Loss: 0.0827 | Acc: 99.38%
2025-01-19 07:26:39,917 [INFO] Epoch: 26 | Batch: 100/135 | Loss: 0.0835 | Acc: 99.44%
2025-01-19 07:26:47,913 [INFO] Epoch: 26 | Batch: 110/135 | Loss: 0.0866 | Acc: 99.32%
2025-01-19 07:26:55,673 [INFO] Epoch: 26 | Batch: 120/135 | Loss: 0.0851 | Acc: 99.38%
2025-01-19 07:27:03,578 [INFO] Epoch: 26 | Batch: 130/135 | Loss: 0.0888 | Acc: 99.28%
2025-01-19 07:27:08,328 [INFO] Epoch 26 - Train Loss: 0.0868 - Accuracy: 99.30%
2025-01-19 07:28:33,504 [INFO] Epoch 26 | Valid Loss: 0.1427 | Accuracy: 73.38% | F1 Score: 0.7352
2025-01-19 07:28:33,513 [INFO] Current learning rate: 1.0000000000000002e-07
2025-01-19 07:28:34,007 [INFO] 
Epoch 28/35
2025-01-19 07:29:14,676 [INFO] Epoch: 27 | Batch: 10/135 | Loss: 0.0865 | Acc: 100.00%
2025-01-19 07:29:22,541 [INFO] Epoch: 27 | Batch: 20/135 | Loss: 0.0868 | Acc: 99.70%
2025-01-19 07:29:29,960 [INFO] Epoch: 27 | Batch: 30/135 | Loss: 0.0908 | Acc: 99.60%
2025-01-19 07:29:37,292 [INFO] Epoch: 27 | Batch: 40/135 | Loss: 0.0846 | Acc: 99.54%
2025-01-19 07:29:45,176 [INFO] Epoch: 27 | Batch: 50/135 | Loss: 0.0895 | Acc: 99.39%
2025-01-19 07:29:53,734 [INFO] Epoch: 27 | Batch: 60/135 | Loss: 0.0857 | Acc: 99.28%
2025-01-19 07:30:01,390 [INFO] Epoch: 27 | Batch: 70/135 | Loss: 0.0896 | Acc: 99.38%
2025-01-19 07:30:09,322 [INFO] Epoch: 27 | Batch: 80/135 | Loss: 0.0866 | Acc: 99.23%
2025-01-19 07:30:17,438 [INFO] Epoch: 27 | Batch: 90/135 | Loss: 0.0876 | Acc: 99.24%
2025-01-19 07:30:26,172 [INFO] Epoch: 27 | Batch: 100/135 | Loss: 0.0934 | Acc: 99.26%
2025-01-19 07:30:33,566 [INFO] Epoch: 27 | Batch: 110/135 | Loss: 0.0912 | Acc: 99.27%
2025-01-19 07:30:41,568 [INFO] Epoch: 27 | Batch: 120/135 | Loss: 0.0810 | Acc: 99.33%
2025-01-19 07:30:49,701 [INFO] Epoch: 27 | Batch: 130/135 | Loss: 0.0867 | Acc: 99.28%
2025-01-19 07:30:54,297 [INFO] Epoch 27 - Train Loss: 0.0878 - Accuracy: 99.30%
2025-01-19 07:32:15,412 [INFO] Epoch 27 | Valid Loss: 0.1434 | Accuracy: 73.45% | F1 Score: 0.7350
2025-01-19 07:32:15,421 [INFO] Current learning rate: 1.0000000000000002e-07
2025-01-19 07:32:15,902 [INFO] 
Epoch 29/35
2025-01-19 07:32:56,652 [INFO] Epoch: 28 | Batch: 10/135 | Loss: 0.0858 | Acc: 98.30%
2025-01-19 07:33:05,514 [INFO] Epoch: 28 | Batch: 20/135 | Loss: 0.0951 | Acc: 99.11%
2025-01-19 07:33:13,004 [INFO] Epoch: 28 | Batch: 30/135 | Loss: 0.0878 | Acc: 98.99%
2025-01-19 07:33:20,792 [INFO] Epoch: 28 | Batch: 40/135 | Loss: 0.0882 | Acc: 98.93%
2025-01-19 07:33:28,852 [INFO] Epoch: 28 | Batch: 50/135 | Loss: 0.0831 | Acc: 99.14%
2025-01-19 07:33:37,746 [INFO] Epoch: 28 | Batch: 60/135 | Loss: 0.1082 | Acc: 98.98%
2025-01-19 07:33:45,504 [INFO] Epoch: 28 | Batch: 70/135 | Loss: 0.0894 | Acc: 99.03%
2025-01-19 07:33:53,740 [INFO] Epoch: 28 | Batch: 80/135 | Loss: 0.0898 | Acc: 98.84%
2025-01-19 07:34:01,072 [INFO] Epoch: 28 | Batch: 90/135 | Loss: 0.0839 | Acc: 98.97%
2025-01-19 07:34:09,116 [INFO] Epoch: 28 | Batch: 100/135 | Loss: 0.0845 | Acc: 99.01%
2025-01-19 07:34:16,961 [INFO] Epoch: 28 | Batch: 110/135 | Loss: 0.1001 | Acc: 99.10%
2025-01-19 07:34:24,990 [INFO] Epoch: 28 | Batch: 120/135 | Loss: 0.0847 | Acc: 99.12%
2025-01-19 07:34:32,721 [INFO] Epoch: 28 | Batch: 130/135 | Loss: 0.0864 | Acc: 99.09%
2025-01-19 07:34:37,366 [INFO] Epoch 28 - Train Loss: 0.0876 - Accuracy: 99.12%
2025-01-19 07:36:02,207 [INFO] Epoch 28 | Valid Loss: 0.1419 | Accuracy: 73.01% | F1 Score: 0.7300
2025-01-19 07:36:02,217 [INFO] Current learning rate: 1.0000000000000002e-07
2025-01-19 07:36:02,708 [INFO] 
Epoch 30/35
2025-01-19 07:36:43,579 [INFO] Epoch: 29 | Batch: 10/135 | Loss: 0.0856 | Acc: 100.00%
2025-01-19 07:36:51,745 [INFO] Epoch: 29 | Batch: 20/135 | Loss: 0.0880 | Acc: 99.40%
2025-01-19 07:36:59,297 [INFO] Epoch: 29 | Batch: 30/135 | Loss: 0.0870 | Acc: 98.79%
2025-01-19 07:37:07,176 [INFO] Epoch: 29 | Batch: 40/135 | Loss: 0.0851 | Acc: 99.09%
2025-01-19 07:37:15,162 [INFO] Epoch: 29 | Batch: 50/135 | Loss: 0.0839 | Acc: 99.26%
2025-01-19 07:37:23,645 [INFO] Epoch: 29 | Batch: 60/135 | Loss: 0.0868 | Acc: 99.28%
2025-01-19 07:37:31,515 [INFO] Epoch: 29 | Batch: 70/135 | Loss: 0.0859 | Acc: 99.30%
2025-01-19 07:37:39,515 [INFO] Epoch: 29 | Batch: 80/135 | Loss: 0.0828 | Acc: 99.38%
2025-01-19 07:37:47,130 [INFO] Epoch: 29 | Batch: 90/135 | Loss: 0.0848 | Acc: 99.45%
2025-01-19 07:37:55,665 [INFO] Epoch: 29 | Batch: 100/135 | Loss: 0.0844 | Acc: 99.50%
2025-01-19 07:38:03,502 [INFO] Epoch: 29 | Batch: 110/135 | Loss: 0.0847 | Acc: 99.55%
2025-01-19 07:38:10,841 [INFO] Epoch: 29 | Batch: 120/135 | Loss: 0.0910 | Acc: 99.54%
2025-01-19 07:38:18,562 [INFO] Epoch: 29 | Batch: 130/135 | Loss: 0.0855 | Acc: 99.57%
2025-01-19 07:38:23,493 [INFO] Epoch 29 - Train Loss: 0.0867 - Accuracy: 99.54%
2025-01-19 07:39:46,612 [INFO] Epoch 29 | Valid Loss: 0.1430 | Accuracy: 72.93% | F1 Score: 0.7297
2025-01-19 07:39:46,622 [INFO] Current learning rate: 1.0000000000000002e-07
2025-01-19 07:39:47,107 [INFO] 
Epoch 31/35
2025-01-19 07:40:28,441 [INFO] Epoch: 30 | Batch: 10/135 | Loss: 0.0837 | Acc: 100.00%
2025-01-19 07:40:36,623 [INFO] Epoch: 30 | Batch: 20/135 | Loss: 0.0881 | Acc: 99.11%
2025-01-19 07:40:43,963 [INFO] Epoch: 30 | Batch: 30/135 | Loss: 0.0817 | Acc: 98.99%
2025-01-19 07:40:51,756 [INFO] Epoch: 30 | Batch: 40/135 | Loss: 0.0821 | Acc: 99.24%
2025-01-19 07:40:59,479 [INFO] Epoch: 30 | Batch: 50/135 | Loss: 0.0844 | Acc: 99.39%
2025-01-19 07:41:08,245 [INFO] Epoch: 30 | Batch: 60/135 | Loss: 0.0840 | Acc: 99.39%
2025-01-19 07:41:16,656 [INFO] Epoch: 30 | Batch: 70/135 | Loss: 0.0833 | Acc: 99.47%
2025-01-19 07:41:24,693 [INFO] Epoch: 30 | Batch: 80/135 | Loss: 0.0887 | Acc: 99.54%
2025-01-19 07:41:32,396 [INFO] Epoch: 30 | Batch: 90/135 | Loss: 0.0908 | Acc: 99.52%
2025-01-19 07:41:40,728 [INFO] Epoch: 30 | Batch: 100/135 | Loss: 0.0972 | Acc: 99.50%
2025-01-19 07:41:48,533 [INFO] Epoch: 30 | Batch: 110/135 | Loss: 0.0857 | Acc: 99.49%
2025-01-19 07:41:56,206 [INFO] Epoch: 30 | Batch: 120/135 | Loss: 0.0853 | Acc: 99.48%
2025-01-19 07:42:03,949 [INFO] Epoch: 30 | Batch: 130/135 | Loss: 0.0846 | Acc: 99.52%
2025-01-19 07:42:08,990 [INFO] Epoch 30 - Train Loss: 0.0866 - Accuracy: 99.49%
2025-01-19 07:43:31,885 [INFO] Epoch 30 | Valid Loss: 0.1425 | Accuracy: 73.23% | F1 Score: 0.7337
2025-01-19 07:43:31,901 [INFO] Current learning rate: 1.0000000000000002e-07
2025-01-19 07:43:32,398 [INFO] 
Epoch 32/35
2025-01-19 07:44:12,637 [INFO] Epoch: 31 | Batch: 10/135 | Loss: 0.0868 | Acc: 100.00%
2025-01-19 07:44:21,631 [INFO] Epoch: 31 | Batch: 20/135 | Loss: 0.0852 | Acc: 99.40%
2025-01-19 07:44:29,009 [INFO] Epoch: 31 | Batch: 30/135 | Loss: 0.0853 | Acc: 99.60%
2025-01-19 07:44:36,441 [INFO] Epoch: 31 | Batch: 40/135 | Loss: 0.0849 | Acc: 99.24%
2025-01-19 07:44:44,403 [INFO] Epoch: 31 | Batch: 50/135 | Loss: 0.0899 | Acc: 99.39%
2025-01-19 07:44:52,041 [INFO] Epoch: 31 | Batch: 60/135 | Loss: 0.0848 | Acc: 99.08%
2025-01-19 07:44:59,379 [INFO] Epoch: 31 | Batch: 70/135 | Loss: 0.0886 | Acc: 99.12%
2025-01-19 07:45:07,497 [INFO] Epoch: 31 | Batch: 80/135 | Loss: 0.0868 | Acc: 99.15%
2025-01-19 07:45:15,590 [INFO] Epoch: 31 | Batch: 90/135 | Loss: 0.0877 | Acc: 99.18%
2025-01-19 07:45:24,099 [INFO] Epoch: 31 | Batch: 100/135 | Loss: 0.0872 | Acc: 99.26%
2025-01-19 07:45:31,690 [INFO] Epoch: 31 | Batch: 110/135 | Loss: 0.1055 | Acc: 99.21%
2025-01-19 07:45:39,493 [INFO] Epoch: 31 | Batch: 120/135 | Loss: 0.0843 | Acc: 99.28%
2025-01-19 07:45:46,829 [INFO] Epoch: 31 | Batch: 130/135 | Loss: 0.0863 | Acc: 99.19%
2025-01-19 07:45:51,847 [INFO] Epoch 31 - Train Loss: 0.0878 - Accuracy: 99.21%
2025-01-19 07:47:13,160 [INFO] Epoch 31 | Valid Loss: 0.1445 | Accuracy: 73.38% | F1 Score: 0.7351
2025-01-19 07:47:13,168 [INFO] Current learning rate: 1.0000000000000004e-08
2025-01-19 07:47:13,656 [INFO] 
Epoch 33/35
2025-01-19 07:47:54,099 [INFO] Epoch: 32 | Batch: 10/135 | Loss: 0.0832 | Acc: 99.43%
2025-01-19 07:48:02,247 [INFO] Epoch: 32 | Batch: 20/135 | Loss: 0.0860 | Acc: 99.70%
2025-01-19 07:48:10,542 [INFO] Epoch: 32 | Batch: 30/135 | Loss: 0.0874 | Acc: 99.40%
2025-01-19 07:48:18,076 [INFO] Epoch: 32 | Batch: 40/135 | Loss: 0.0927 | Acc: 99.54%
2025-01-19 07:48:26,135 [INFO] Epoch: 32 | Batch: 50/135 | Loss: 0.0919 | Acc: 99.39%
2025-01-19 07:48:34,801 [INFO] Epoch: 32 | Batch: 60/135 | Loss: 0.0897 | Acc: 99.28%
2025-01-19 07:48:42,556 [INFO] Epoch: 32 | Batch: 70/135 | Loss: 0.0929 | Acc: 99.30%
2025-01-19 07:48:50,619 [INFO] Epoch: 32 | Batch: 80/135 | Loss: 0.0843 | Acc: 99.31%
2025-01-19 07:48:58,316 [INFO] Epoch: 32 | Batch: 90/135 | Loss: 0.0886 | Acc: 99.18%
2025-01-19 07:49:06,191 [INFO] Epoch: 32 | Batch: 100/135 | Loss: 0.0860 | Acc: 99.26%
2025-01-19 07:49:14,902 [INFO] Epoch: 32 | Batch: 110/135 | Loss: 0.0838 | Acc: 99.32%
2025-01-19 07:49:22,532 [INFO] Epoch: 32 | Batch: 120/135 | Loss: 0.0854 | Acc: 99.38%
2025-01-19 07:49:29,865 [INFO] Epoch: 32 | Batch: 130/135 | Loss: 0.0890 | Acc: 99.38%
2025-01-19 07:49:34,427 [INFO] Epoch 32 - Train Loss: 0.0867 - Accuracy: 99.40%
2025-01-19 07:50:56,075 [INFO] Epoch 32 | Valid Loss: 0.1427 | Accuracy: 72.78% | F1 Score: 0.7283
2025-01-19 07:50:56,085 [INFO] Current learning rate: 1.0000000000000004e-08
2025-01-19 07:50:56,569 [INFO] 
Epoch 34/35
2025-01-19 07:51:36,915 [INFO] Epoch: 33 | Batch: 10/135 | Loss: 0.0852 | Acc: 97.73%
2025-01-19 07:51:45,467 [INFO] Epoch: 33 | Batch: 20/135 | Loss: 0.0842 | Acc: 97.32%
2025-01-19 07:51:53,493 [INFO] Epoch: 33 | Batch: 30/135 | Loss: 0.0894 | Acc: 97.78%
2025-01-19 07:52:01,163 [INFO] Epoch: 33 | Batch: 40/135 | Loss: 0.0842 | Acc: 98.32%
2025-01-19 07:52:08,500 [INFO] Epoch: 33 | Batch: 50/135 | Loss: 0.0832 | Acc: 98.65%
2025-01-19 07:52:16,482 [INFO] Epoch: 33 | Batch: 60/135 | Loss: 0.0823 | Acc: 98.77%
2025-01-19 07:52:24,223 [INFO] Epoch: 33 | Batch: 70/135 | Loss: 0.1016 | Acc: 98.68%
2025-01-19 07:52:32,259 [INFO] Epoch: 33 | Batch: 80/135 | Loss: 0.0864 | Acc: 98.84%
2025-01-19 07:52:40,005 [INFO] Epoch: 33 | Batch: 90/135 | Loss: 0.0836 | Acc: 98.56%
2025-01-19 07:52:48,108 [INFO] Epoch: 33 | Batch: 100/135 | Loss: 0.0841 | Acc: 98.64%
2025-01-19 07:52:55,944 [INFO] Epoch: 33 | Batch: 110/135 | Loss: 0.0831 | Acc: 98.65%
2025-01-19 07:53:03,611 [INFO] Epoch: 33 | Batch: 120/135 | Loss: 0.0872 | Acc: 98.76%
2025-01-19 07:53:10,937 [INFO] Epoch: 33 | Batch: 130/135 | Loss: 0.0853 | Acc: 98.85%
2025-01-19 07:53:15,525 [INFO] Epoch 33 - Train Loss: 0.0880 - Accuracy: 98.75%
2025-01-19 07:54:36,245 [INFO] Epoch 33 | Valid Loss: 0.1441 | Accuracy: 73.30% | F1 Score: 0.7327
2025-01-19 07:54:36,255 [INFO] Current learning rate: 1.0000000000000004e-08
2025-01-19 07:54:36,745 [INFO] 
Epoch 35/35
2025-01-19 07:55:16,656 [INFO] Epoch: 34 | Batch: 10/135 | Loss: 0.0858 | Acc: 100.00%
2025-01-19 07:55:24,215 [INFO] Epoch: 34 | Batch: 20/135 | Loss: 0.0897 | Acc: 100.00%
2025-01-19 07:55:32,828 [INFO] Epoch: 34 | Batch: 30/135 | Loss: 0.0884 | Acc: 100.00%
2025-01-19 07:55:40,725 [INFO] Epoch: 34 | Batch: 40/135 | Loss: 0.0825 | Acc: 100.00%
2025-01-19 07:55:48,215 [INFO] Epoch: 34 | Batch: 50/135 | Loss: 0.0854 | Acc: 100.00%
2025-01-19 07:55:56,453 [INFO] Epoch: 34 | Batch: 60/135 | Loss: 0.0883 | Acc: 100.00%
2025-01-19 07:56:04,765 [INFO] Epoch: 34 | Batch: 70/135 | Loss: 0.0846 | Acc: 100.00%
2025-01-19 07:56:12,286 [INFO] Epoch: 34 | Batch: 80/135 | Loss: 0.0933 | Acc: 100.00%
2025-01-19 07:56:20,779 [INFO] Epoch: 34 | Batch: 90/135 | Loss: 0.0884 | Acc: 99.93%
2025-01-19 07:56:28,699 [INFO] Epoch: 34 | Batch: 100/135 | Loss: 0.0837 | Acc: 99.88%
2025-01-19 07:56:36,908 [INFO] Epoch: 34 | Batch: 110/135 | Loss: 0.0846 | Acc: 99.89%
2025-01-19 07:56:44,525 [INFO] Epoch: 34 | Batch: 120/135 | Loss: 0.0880 | Acc: 99.90%
2025-01-19 07:56:52,672 [INFO] Epoch: 34 | Batch: 130/135 | Loss: 0.0935 | Acc: 99.67%
2025-01-19 07:56:57,246 [INFO] Epoch 34 - Train Loss: 0.0863 - Accuracy: 99.67%
2025-01-19 07:58:22,450 [INFO] Epoch 34 | Valid Loss: 0.1417 | Accuracy: 74.20% | F1 Score: 0.7428
2025-01-19 07:58:22,459 [INFO] Current learning rate: 1.0000000000000004e-08
2025-01-19 07:58:23,423 [INFO] Training completed. Final model saved to: /kaggle/working/Group-Activity-Recognition/modeling/baseline 4/outputs/Baseline_B4_V1_20250119_054214/final_model.pth
