2024-11-27 18:48:41,120 [INFO] Starting experiment: Baseline_B3_step_A_V1
2024-11-27 18:48:41,121 [INFO] Using device: cuda
2024-11-27 18:48:41,122 [INFO] Set random seed: 31
2024-11-27 18:48:48,663 [INFO] Training dataset size: 231327
2024-11-27 18:48:48,663 [INFO] Validation dataset size: 143829
2024-11-27 18:48:48,667 [INFO] Starting training...
2024-11-27 18:48:48,667 [INFO] 
Epoch 1/5
2024-11-27 18:49:29,695 [INFO] Epoch: 0 | Batch: 0/1808 | Loss: 2.2551 | Acc: 3.91%
2024-11-27 18:51:19,284 [INFO] Epoch: 0 | Batch: 50/1808 | Loss: 1.0783 | Acc: 63.89%
2024-11-27 18:52:58,435 [INFO] Epoch: 0 | Batch: 100/1808 | Loss: 1.1324 | Acc: 66.60%
2024-11-27 18:54:24,188 [INFO] Epoch: 0 | Batch: 150/1808 | Loss: 0.8790 | Acc: 68.62%
2024-11-27 18:55:41,612 [INFO] Epoch: 0 | Batch: 200/1808 | Loss: 0.6943 | Acc: 69.80%
2024-11-27 18:56:44,433 [INFO] Epoch: 0 | Batch: 250/1808 | Loss: 0.8316 | Acc: 70.78%
2024-11-27 18:57:42,754 [INFO] Epoch: 0 | Batch: 300/1808 | Loss: 0.6317 | Acc: 71.85%
2024-11-27 18:58:32,551 [INFO] Epoch: 0 | Batch: 350/1808 | Loss: 0.7377 | Acc: 72.70%
2024-11-27 18:59:16,892 [INFO] Epoch: 0 | Batch: 400/1808 | Loss: 0.6521 | Acc: 73.30%
2024-11-27 18:59:56,034 [INFO] Epoch: 0 | Batch: 450/1808 | Loss: 0.6456 | Acc: 73.91%
2024-11-27 19:00:33,652 [INFO] Epoch: 0 | Batch: 500/1808 | Loss: 0.7326 | Acc: 74.37%
2024-11-27 19:01:06,350 [INFO] Epoch: 0 | Batch: 550/1808 | Loss: 0.6448 | Acc: 74.81%
2024-11-27 19:01:35,050 [INFO] Epoch: 0 | Batch: 600/1808 | Loss: 0.6904 | Acc: 75.19%
2024-11-27 19:02:02,304 [INFO] Epoch: 0 | Batch: 650/1808 | Loss: 0.5369 | Acc: 75.60%
2024-11-27 19:02:26,947 [INFO] Epoch: 0 | Batch: 700/1808 | Loss: 0.5468 | Acc: 75.92%
2024-11-27 19:02:49,426 [INFO] Epoch: 0 | Batch: 750/1808 | Loss: 0.5383 | Acc: 76.24%
2024-11-27 19:03:11,845 [INFO] Epoch: 0 | Batch: 800/1808 | Loss: 0.5541 | Acc: 76.54%
2024-11-27 19:03:34,276 [INFO] Epoch: 0 | Batch: 850/1808 | Loss: 0.5862 | Acc: 76.82%
2024-11-27 19:03:56,693 [INFO] Epoch: 0 | Batch: 900/1808 | Loss: 0.6228 | Acc: 77.09%
2024-11-27 19:04:19,114 [INFO] Epoch: 0 | Batch: 950/1808 | Loss: 0.5218 | Acc: 77.37%
2024-11-27 19:04:43,500 [INFO] Epoch: 0 | Batch: 1000/1808 | Loss: 0.5744 | Acc: 77.60%
2024-11-27 19:05:06,789 [INFO] Epoch: 0 | Batch: 1050/1808 | Loss: 0.5402 | Acc: 77.83%
2024-11-27 19:05:31,060 [INFO] Epoch: 0 | Batch: 1100/1808 | Loss: 0.3740 | Acc: 78.01%
2024-11-27 19:05:53,481 [INFO] Epoch: 0 | Batch: 1150/1808 | Loss: 0.5958 | Acc: 78.24%
2024-11-27 19:06:15,841 [INFO] Epoch: 0 | Batch: 1200/1808 | Loss: 0.4029 | Acc: 78.43%
2024-11-27 19:06:38,191 [INFO] Epoch: 0 | Batch: 1250/1808 | Loss: 0.5046 | Acc: 78.60%
2024-11-27 19:07:00,555 [INFO] Epoch: 0 | Batch: 1300/1808 | Loss: 0.4638 | Acc: 78.82%
2024-11-27 19:07:22,951 [INFO] Epoch: 0 | Batch: 1350/1808 | Loss: 0.4891 | Acc: 78.99%
2024-11-27 19:07:45,323 [INFO] Epoch: 0 | Batch: 1400/1808 | Loss: 0.4976 | Acc: 79.15%
2024-11-27 19:08:07,686 [INFO] Epoch: 0 | Batch: 1450/1808 | Loss: 0.4548 | Acc: 79.30%
2024-11-27 19:08:30,050 [INFO] Epoch: 0 | Batch: 1500/1808 | Loss: 0.3514 | Acc: 79.46%
2024-11-27 19:08:52,418 [INFO] Epoch: 0 | Batch: 1550/1808 | Loss: 0.3849 | Acc: 79.63%
2024-11-27 19:09:14,792 [INFO] Epoch: 0 | Batch: 1600/1808 | Loss: 0.2345 | Acc: 79.79%
2024-11-27 19:09:37,172 [INFO] Epoch: 0 | Batch: 1650/1808 | Loss: 0.4595 | Acc: 79.95%
2024-11-27 19:09:59,564 [INFO] Epoch: 0 | Batch: 1700/1808 | Loss: 0.3214 | Acc: 80.09%
2024-11-27 19:10:22,710 [INFO] Epoch: 0 | Batch: 1750/1808 | Loss: 0.4976 | Acc: 80.25%
2024-11-27 19:10:46,654 [INFO] Epoch: 0 | Batch: 1800/1808 | Loss: 0.5333 | Acc: 80.41%
2024-11-27 19:20:36,047 [INFO] Epoch 0 | Valid Loss: 0.7009 | Accuracy: 76.97% | F1 Score: 0.7614
2024-11-27 19:20:37,994 [INFO] Current learning rate: 0.0001
2024-11-27 19:20:37,994 [INFO] 
Epoch 2/5
2024-11-27 19:21:08,108 [INFO] Epoch: 1 | Batch: 0/1808 | Loss: 0.2908 | Acc: 89.84%
2024-11-27 19:21:30,756 [INFO] Epoch: 1 | Batch: 50/1808 | Loss: 0.3430 | Acc: 88.53%
2024-11-27 19:21:53,103 [INFO] Epoch: 1 | Batch: 100/1808 | Loss: 0.3228 | Acc: 88.68%
2024-11-27 19:22:15,484 [INFO] Epoch: 1 | Batch: 150/1808 | Loss: 0.3522 | Acc: 88.52%
2024-11-27 19:22:37,870 [INFO] Epoch: 1 | Batch: 200/1808 | Loss: 0.5009 | Acc: 88.43%
2024-11-27 19:23:00,288 [INFO] Epoch: 1 | Batch: 250/1808 | Loss: 0.3650 | Acc: 88.43%
2024-11-27 19:23:22,725 [INFO] Epoch: 1 | Batch: 300/1808 | Loss: 0.2924 | Acc: 88.40%
2024-11-27 19:23:45,161 [INFO] Epoch: 1 | Batch: 350/1808 | Loss: 0.3591 | Acc: 88.42%
2024-11-27 19:24:07,626 [INFO] Epoch: 1 | Batch: 400/1808 | Loss: 0.2824 | Acc: 88.48%
2024-11-27 19:24:30,096 [INFO] Epoch: 1 | Batch: 450/1808 | Loss: 0.3067 | Acc: 88.43%
2024-11-27 19:24:55,148 [INFO] Epoch: 1 | Batch: 500/1808 | Loss: 0.3212 | Acc: 88.46%
2024-11-27 19:25:19,412 [INFO] Epoch: 1 | Batch: 550/1808 | Loss: 0.3227 | Acc: 88.53%
2024-11-27 19:25:45,293 [INFO] Epoch: 1 | Batch: 600/1808 | Loss: 0.4302 | Acc: 88.58%
2024-11-27 19:26:10,684 [INFO] Epoch: 1 | Batch: 650/1808 | Loss: 0.3131 | Acc: 88.62%
2024-11-27 19:26:35,526 [INFO] Epoch: 1 | Batch: 700/1808 | Loss: 0.3136 | Acc: 88.67%
2024-11-27 19:27:03,169 [INFO] Epoch: 1 | Batch: 750/1808 | Loss: 0.2557 | Acc: 88.76%
2024-11-27 19:27:31,422 [INFO] Epoch: 1 | Batch: 800/1808 | Loss: 0.3907 | Acc: 88.78%
2024-11-27 19:28:00,205 [INFO] Epoch: 1 | Batch: 850/1808 | Loss: 0.2557 | Acc: 88.79%
2024-11-27 19:28:31,191 [INFO] Epoch: 1 | Batch: 900/1808 | Loss: 0.3187 | Acc: 88.83%
2024-11-27 19:29:01,525 [INFO] Epoch: 1 | Batch: 950/1808 | Loss: 0.2270 | Acc: 88.87%
2024-11-27 19:29:32,204 [INFO] Epoch: 1 | Batch: 1000/1808 | Loss: 0.2931 | Acc: 88.93%
2024-11-27 19:30:03,252 [INFO] Epoch: 1 | Batch: 1050/1808 | Loss: 0.2969 | Acc: 88.98%
2024-11-27 19:30:34,602 [INFO] Epoch: 1 | Batch: 1100/1808 | Loss: 0.3296 | Acc: 89.04%
2024-11-27 19:31:06,014 [INFO] Epoch: 1 | Batch: 1150/1808 | Loss: 0.1959 | Acc: 89.07%
2024-11-27 19:31:37,403 [INFO] Epoch: 1 | Batch: 1200/1808 | Loss: 0.2969 | Acc: 89.10%
2024-11-27 19:32:09,049 [INFO] Epoch: 1 | Batch: 1250/1808 | Loss: 0.3198 | Acc: 89.13%
2024-11-27 19:32:40,418 [INFO] Epoch: 1 | Batch: 1300/1808 | Loss: 0.2367 | Acc: 89.15%
2024-11-27 19:33:11,722 [INFO] Epoch: 1 | Batch: 1350/1808 | Loss: 0.2876 | Acc: 89.20%
2024-11-27 19:33:43,085 [INFO] Epoch: 1 | Batch: 1400/1808 | Loss: 0.2449 | Acc: 89.24%
2024-11-27 19:34:14,252 [INFO] Epoch: 1 | Batch: 1450/1808 | Loss: 0.1613 | Acc: 89.27%
2024-11-27 19:34:45,705 [INFO] Epoch: 1 | Batch: 1500/1808 | Loss: 0.3013 | Acc: 89.33%
2024-11-27 19:35:17,020 [INFO] Epoch: 1 | Batch: 1550/1808 | Loss: 0.3814 | Acc: 89.36%
2024-11-27 19:35:48,082 [INFO] Epoch: 1 | Batch: 1600/1808 | Loss: 0.2270 | Acc: 89.41%
2024-11-27 19:36:19,422 [INFO] Epoch: 1 | Batch: 1650/1808 | Loss: 0.2028 | Acc: 89.46%
2024-11-27 19:36:50,511 [INFO] Epoch: 1 | Batch: 1700/1808 | Loss: 0.2997 | Acc: 89.50%
2024-11-27 19:37:21,747 [INFO] Epoch: 1 | Batch: 1750/1808 | Loss: 0.3050 | Acc: 89.53%
2024-11-27 19:37:52,978 [INFO] Epoch: 1 | Batch: 1800/1808 | Loss: 0.2149 | Acc: 89.59%
2024-11-27 19:49:01,342 [INFO] Epoch 1 | Valid Loss: 0.8393 | Accuracy: 75.23% | F1 Score: 0.7507
2024-11-27 19:49:01,974 [INFO] Current learning rate: 0.0001
2024-11-27 19:49:01,975 [INFO] 
Epoch 3/5
2024-11-27 19:49:33,840 [INFO] Epoch: 2 | Batch: 0/1808 | Loss: 0.2262 | Acc: 90.62%
2024-11-27 19:50:10,808 [INFO] Epoch: 2 | Batch: 50/1808 | Loss: 0.2097 | Acc: 94.53%
2024-11-27 19:50:49,165 [INFO] Epoch: 2 | Batch: 100/1808 | Loss: 0.1737 | Acc: 94.24%
2024-11-27 19:51:27,599 [INFO] Epoch: 2 | Batch: 150/1808 | Loss: 0.1399 | Acc: 94.36%
2024-11-27 19:52:06,104 [INFO] Epoch: 2 | Batch: 200/1808 | Loss: 0.1754 | Acc: 94.44%
2024-11-27 19:52:44,534 [INFO] Epoch: 2 | Batch: 250/1808 | Loss: 0.2376 | Acc: 94.46%
2024-11-27 19:53:23,171 [INFO] Epoch: 2 | Batch: 300/1808 | Loss: 0.1110 | Acc: 94.41%
2024-11-27 19:54:01,575 [INFO] Epoch: 2 | Batch: 350/1808 | Loss: 0.2546 | Acc: 94.41%
2024-11-27 19:54:40,047 [INFO] Epoch: 2 | Batch: 400/1808 | Loss: 0.1020 | Acc: 94.32%
2024-11-27 19:55:14,955 [INFO] Epoch: 2 | Batch: 450/1808 | Loss: 0.2099 | Acc: 94.24%
2024-11-27 19:55:51,216 [INFO] Epoch: 2 | Batch: 500/1808 | Loss: 0.1675 | Acc: 94.24%
2024-11-27 19:56:29,930 [INFO] Epoch: 2 | Batch: 550/1808 | Loss: 0.2282 | Acc: 94.22%
2024-11-27 19:57:08,538 [INFO] Epoch: 2 | Batch: 600/1808 | Loss: 0.2112 | Acc: 94.22%
2024-11-27 19:57:47,154 [INFO] Epoch: 2 | Batch: 650/1808 | Loss: 0.0779 | Acc: 94.23%
2024-11-27 19:58:25,786 [INFO] Epoch: 2 | Batch: 700/1808 | Loss: 0.1887 | Acc: 94.23%
2024-11-27 19:59:04,351 [INFO] Epoch: 2 | Batch: 750/1808 | Loss: 0.1721 | Acc: 94.21%
2024-11-27 19:59:42,970 [INFO] Epoch: 2 | Batch: 800/1808 | Loss: 0.2866 | Acc: 94.21%
2024-11-27 20:00:21,237 [INFO] Epoch: 2 | Batch: 850/1808 | Loss: 0.1591 | Acc: 94.21%
2024-11-27 20:00:59,549 [INFO] Epoch: 2 | Batch: 900/1808 | Loss: 0.1689 | Acc: 94.21%
2024-11-27 20:01:38,009 [INFO] Epoch: 2 | Batch: 950/1808 | Loss: 0.1979 | Acc: 94.21%
2024-11-27 20:02:16,520 [INFO] Epoch: 2 | Batch: 1000/1808 | Loss: 0.1245 | Acc: 94.19%
2024-11-27 20:02:55,121 [INFO] Epoch: 2 | Batch: 1050/1808 | Loss: 0.1355 | Acc: 94.18%
2024-11-27 20:03:33,730 [INFO] Epoch: 2 | Batch: 1100/1808 | Loss: 0.1538 | Acc: 94.19%
2024-11-27 20:04:12,291 [INFO] Epoch: 2 | Batch: 1150/1808 | Loss: 0.1878 | Acc: 94.20%
2024-11-27 20:04:50,895 [INFO] Epoch: 2 | Batch: 1200/1808 | Loss: 0.1957 | Acc: 94.24%
2024-11-27 20:05:29,549 [INFO] Epoch: 2 | Batch: 1250/1808 | Loss: 0.1603 | Acc: 94.25%
2024-11-27 20:06:07,990 [INFO] Epoch: 2 | Batch: 1300/1808 | Loss: 0.2580 | Acc: 94.27%
2024-11-27 20:06:46,371 [INFO] Epoch: 2 | Batch: 1350/1808 | Loss: 0.2232 | Acc: 94.26%
2024-11-27 20:07:24,804 [INFO] Epoch: 2 | Batch: 1400/1808 | Loss: 0.2318 | Acc: 94.24%
2024-11-27 20:08:03,149 [INFO] Epoch: 2 | Batch: 1450/1808 | Loss: 0.1545 | Acc: 94.24%
2024-11-27 20:08:33,657 [INFO] Epoch: 2 | Batch: 1500/1808 | Loss: 0.1793 | Acc: 94.23%
2024-11-27 20:09:04,896 [INFO] Epoch: 2 | Batch: 1550/1808 | Loss: 0.0609 | Acc: 94.24%
2024-11-27 20:09:36,220 [INFO] Epoch: 2 | Batch: 1600/1808 | Loss: 0.2428 | Acc: 94.25%
2024-11-27 20:10:05,287 [INFO] Epoch: 2 | Batch: 1650/1808 | Loss: 0.1581 | Acc: 94.26%
2024-11-27 20:10:33,503 [INFO] Epoch: 2 | Batch: 1700/1808 | Loss: 0.1277 | Acc: 94.28%
2024-11-27 20:11:04,071 [INFO] Epoch: 2 | Batch: 1750/1808 | Loss: 0.1164 | Acc: 94.29%
2024-11-27 20:11:35,224 [INFO] Epoch: 2 | Batch: 1800/1808 | Loss: 0.2220 | Acc: 94.28%
2024-11-27 20:22:00,548 [INFO] Epoch 2 | Valid Loss: 0.9386 | Accuracy: 75.97% | F1 Score: 0.7512
2024-11-27 20:22:01,177 [INFO] Current learning rate: 0.0001
2024-11-27 20:22:01,178 [INFO] 
Epoch 4/5
2024-11-27 20:22:32,670 [INFO] Epoch: 3 | Batch: 0/1808 | Loss: 0.1005 | Acc: 97.66%
2024-11-27 20:23:03,648 [INFO] Epoch: 3 | Batch: 50/1808 | Loss: 0.1266 | Acc: 96.31%
2024-11-27 20:23:35,321 [INFO] Epoch: 3 | Batch: 100/1808 | Loss: 0.1053 | Acc: 96.50%
2024-11-27 20:24:07,033 [INFO] Epoch: 3 | Batch: 150/1808 | Loss: 0.0626 | Acc: 96.63%
2024-11-27 20:24:38,414 [INFO] Epoch: 3 | Batch: 200/1808 | Loss: 0.1138 | Acc: 96.66%
2024-11-27 20:25:06,809 [INFO] Epoch: 3 | Batch: 250/1808 | Loss: 0.0665 | Acc: 96.59%
2024-11-27 20:25:34,551 [INFO] Epoch: 3 | Batch: 300/1808 | Loss: 0.0889 | Acc: 96.49%
2024-11-27 20:26:04,996 [INFO] Epoch: 3 | Batch: 350/1808 | Loss: 0.1328 | Acc: 96.45%
2024-11-27 20:26:36,185 [INFO] Epoch: 3 | Batch: 400/1808 | Loss: 0.1838 | Acc: 96.47%
2024-11-27 20:27:07,241 [INFO] Epoch: 3 | Batch: 450/1808 | Loss: 0.0920 | Acc: 96.41%
2024-11-27 20:27:38,627 [INFO] Epoch: 3 | Batch: 500/1808 | Loss: 0.1836 | Acc: 96.49%
2024-11-27 20:28:09,864 [INFO] Epoch: 3 | Batch: 550/1808 | Loss: 0.1060 | Acc: 96.46%
2024-11-27 20:28:40,945 [INFO] Epoch: 3 | Batch: 600/1808 | Loss: 0.1327 | Acc: 96.46%
2024-11-27 20:29:12,151 [INFO] Epoch: 3 | Batch: 650/1808 | Loss: 0.0613 | Acc: 96.42%
2024-11-27 20:29:43,275 [INFO] Epoch: 3 | Batch: 700/1808 | Loss: 0.1666 | Acc: 96.39%
2024-11-27 20:30:14,494 [INFO] Epoch: 3 | Batch: 750/1808 | Loss: 0.1531 | Acc: 96.40%
2024-11-27 20:30:46,300 [INFO] Epoch: 3 | Batch: 800/1808 | Loss: 0.1715 | Acc: 96.39%
2024-11-27 20:31:24,585 [INFO] Epoch: 3 | Batch: 850/1808 | Loss: 0.1693 | Acc: 96.37%
2024-11-27 20:32:02,799 [INFO] Epoch: 3 | Batch: 900/1808 | Loss: 0.0927 | Acc: 96.37%
2024-11-27 20:32:41,065 [INFO] Epoch: 3 | Batch: 950/1808 | Loss: 0.1062 | Acc: 96.33%
2024-11-27 20:33:19,477 [INFO] Epoch: 3 | Batch: 1000/1808 | Loss: 0.1028 | Acc: 96.33%
2024-11-27 20:33:57,956 [INFO] Epoch: 3 | Batch: 1050/1808 | Loss: 0.1414 | Acc: 96.31%
2024-11-27 20:34:36,330 [INFO] Epoch: 3 | Batch: 1100/1808 | Loss: 0.1107 | Acc: 96.30%
2024-11-27 20:35:14,693 [INFO] Epoch: 3 | Batch: 1150/1808 | Loss: 0.1386 | Acc: 96.29%
2024-11-27 20:35:53,215 [INFO] Epoch: 3 | Batch: 1200/1808 | Loss: 0.1104 | Acc: 96.28%
2024-11-27 20:36:31,728 [INFO] Epoch: 3 | Batch: 1250/1808 | Loss: 0.1871 | Acc: 96.25%
2024-11-27 20:37:10,255 [INFO] Epoch: 3 | Batch: 1300/1808 | Loss: 0.0665 | Acc: 96.24%
2024-11-27 20:37:48,754 [INFO] Epoch: 3 | Batch: 1350/1808 | Loss: 0.1049 | Acc: 96.24%
2024-11-27 20:38:27,010 [INFO] Epoch: 3 | Batch: 1400/1808 | Loss: 0.0976 | Acc: 96.23%
2024-11-27 20:39:05,615 [INFO] Epoch: 3 | Batch: 1450/1808 | Loss: 0.0723 | Acc: 96.22%
2024-11-27 20:39:43,976 [INFO] Epoch: 3 | Batch: 1500/1808 | Loss: 0.1149 | Acc: 96.23%
2024-11-27 20:40:18,296 [INFO] Epoch: 3 | Batch: 1550/1808 | Loss: 0.2116 | Acc: 96.22%
2024-11-27 20:40:54,127 [INFO] Epoch: 3 | Batch: 1600/1808 | Loss: 0.2133 | Acc: 96.23%
2024-11-27 20:41:32,534 [INFO] Epoch: 3 | Batch: 1650/1808 | Loss: 0.1391 | Acc: 96.25%
2024-11-27 20:42:11,042 [INFO] Epoch: 3 | Batch: 1700/1808 | Loss: 0.1554 | Acc: 96.25%
2024-11-27 20:42:49,544 [INFO] Epoch: 3 | Batch: 1750/1808 | Loss: 0.1104 | Acc: 96.24%
2024-11-27 20:43:27,902 [INFO] Epoch: 3 | Batch: 1800/1808 | Loss: 0.1420 | Acc: 96.25%
2024-11-27 20:54:13,555 [INFO] Epoch 3 | Valid Loss: 1.0365 | Accuracy: 74.96% | F1 Score: 0.7483
2024-11-27 20:54:14,184 [INFO] Current learning rate: 0.0001
2024-11-27 20:54:14,184 [INFO] 
Epoch 5/5
2024-11-27 20:54:46,728 [INFO] Epoch: 4 | Batch: 0/1808 | Loss: 0.1242 | Acc: 94.53%
2024-11-27 20:55:13,839 [INFO] Epoch: 4 | Batch: 50/1808 | Loss: 0.1694 | Acc: 97.24%
2024-11-27 20:55:41,283 [INFO] Epoch: 4 | Batch: 100/1808 | Loss: 0.0519 | Acc: 97.27%
2024-11-27 20:56:11,178 [INFO] Epoch: 4 | Batch: 150/1808 | Loss: 0.0744 | Acc: 97.43%
2024-11-27 20:56:42,364 [INFO] Epoch: 4 | Batch: 200/1808 | Loss: 0.0846 | Acc: 97.40%
2024-11-27 20:57:13,286 [INFO] Epoch: 4 | Batch: 250/1808 | Loss: 0.0561 | Acc: 97.47%
2024-11-27 20:57:44,326 [INFO] Epoch: 4 | Batch: 300/1808 | Loss: 0.0659 | Acc: 97.43%
2024-11-27 20:58:15,463 [INFO] Epoch: 4 | Batch: 350/1808 | Loss: 0.0488 | Acc: 97.44%
2024-11-27 20:58:46,501 [INFO] Epoch: 4 | Batch: 400/1808 | Loss: 0.0679 | Acc: 97.37%
2024-11-27 20:59:17,475 [INFO] Epoch: 4 | Batch: 450/1808 | Loss: 0.0438 | Acc: 97.38%
2024-11-27 20:59:48,491 [INFO] Epoch: 4 | Batch: 500/1808 | Loss: 0.0904 | Acc: 97.37%
2024-11-27 21:00:19,502 [INFO] Epoch: 4 | Batch: 550/1808 | Loss: 0.1315 | Acc: 97.34%
2024-11-27 21:00:50,587 [INFO] Epoch: 4 | Batch: 600/1808 | Loss: 0.0959 | Acc: 97.30%
2024-11-27 21:01:21,682 [INFO] Epoch: 4 | Batch: 650/1808 | Loss: 0.0952 | Acc: 97.26%
2024-11-27 21:01:52,751 [INFO] Epoch: 4 | Batch: 700/1808 | Loss: 0.0945 | Acc: 97.24%
2024-11-27 21:02:23,833 [INFO] Epoch: 4 | Batch: 750/1808 | Loss: 0.1002 | Acc: 97.23%
2024-11-27 21:02:54,902 [INFO] Epoch: 4 | Batch: 800/1808 | Loss: 0.0544 | Acc: 97.22%
2024-11-27 21:03:25,958 [INFO] Epoch: 4 | Batch: 850/1808 | Loss: 0.1749 | Acc: 97.20%
2024-11-27 21:03:57,270 [INFO] Epoch: 4 | Batch: 900/1808 | Loss: 0.0856 | Acc: 97.19%
2024-11-27 21:04:28,304 [INFO] Epoch: 4 | Batch: 950/1808 | Loss: 0.0212 | Acc: 97.16%
2024-11-27 21:04:59,524 [INFO] Epoch: 4 | Batch: 1000/1808 | Loss: 0.0483 | Acc: 97.14%
2024-11-27 21:05:30,799 [INFO] Epoch: 4 | Batch: 1050/1808 | Loss: 0.0481 | Acc: 97.13%
2024-11-27 21:06:01,805 [INFO] Epoch: 4 | Batch: 1100/1808 | Loss: 0.1231 | Acc: 97.12%
2024-11-27 21:06:32,919 [INFO] Epoch: 4 | Batch: 1150/1808 | Loss: 0.0924 | Acc: 97.12%
2024-11-27 21:07:04,105 [INFO] Epoch: 4 | Batch: 1200/1808 | Loss: 0.0890 | Acc: 97.12%
2024-11-27 21:07:35,364 [INFO] Epoch: 4 | Batch: 1250/1808 | Loss: 0.0603 | Acc: 97.10%
2024-11-27 21:08:06,659 [INFO] Epoch: 4 | Batch: 1300/1808 | Loss: 0.1625 | Acc: 97.08%
2024-11-27 21:08:37,798 [INFO] Epoch: 4 | Batch: 1350/1808 | Loss: 0.0588 | Acc: 97.07%
2024-11-27 21:09:08,958 [INFO] Epoch: 4 | Batch: 1400/1808 | Loss: 0.0856 | Acc: 97.06%
2024-11-27 21:09:40,244 [INFO] Epoch: 4 | Batch: 1450/1808 | Loss: 0.0364 | Acc: 97.05%
2024-11-27 21:10:08,571 [INFO] Epoch: 4 | Batch: 1500/1808 | Loss: 0.0780 | Acc: 97.02%
2024-11-27 21:10:36,683 [INFO] Epoch: 4 | Batch: 1550/1808 | Loss: 0.1406 | Acc: 97.01%
2024-11-27 21:11:07,258 [INFO] Epoch: 4 | Batch: 1600/1808 | Loss: 0.0600 | Acc: 97.00%
2024-11-27 21:11:38,430 [INFO] Epoch: 4 | Batch: 1650/1808 | Loss: 0.1155 | Acc: 96.99%
2024-11-27 21:12:09,576 [INFO] Epoch: 4 | Batch: 1700/1808 | Loss: 0.1528 | Acc: 96.98%
2024-11-27 21:12:40,848 [INFO] Epoch: 4 | Batch: 1750/1808 | Loss: 0.0946 | Acc: 96.98%
2024-11-27 21:13:12,012 [INFO] Epoch: 4 | Batch: 1800/1808 | Loss: 0.1435 | Acc: 96.98%
2024-11-27 21:23:49,942 [INFO] Epoch 4 | Valid Loss: 1.1045 | Accuracy: 75.63% | F1 Score: 0.7441
2024-11-27 21:23:50,523 [INFO] Current learning rate: 0.0001
2024-11-27 21:23:50,523 [INFO] Training completed.
