2024-11-28 08:51:16,198 [INFO] Resumed training from epoch 6
2024-11-28 08:51:16,199 [INFO] Starting experiment: Baseline_B3_step_B_V1
2024-11-28 08:51:16,203 [INFO] Using device: cuda
2024-11-28 08:51:16,204 [INFO] Set random seed: 31
2024-11-28 08:51:24,787 [INFO] Training dataset size: 19368
2024-11-28 08:51:24,788 [INFO] Validation dataset size: 12069
2024-11-28 08:51:24,792 [INFO] Starting training...
2024-11-28 08:51:24,792 [INFO] 
Epoch 7/10
2024-11-28 08:51:25,921 [INFO] Epoch: 6 | Batch: 0/19368 | Loss: 0.6162 | Acc: 100.00%
2024-11-28 08:54:33,982 [INFO] Epoch: 6 | Batch: 1000/19368 | Loss: 0.0254 | Acc: 81.62%
2024-11-28 08:57:21,071 [INFO] Epoch: 6 | Batch: 2000/19368 | Loss: 0.0249 | Acc: 80.26%
2024-11-28 08:59:58,007 [INFO] Epoch: 6 | Batch: 3000/19368 | Loss: 0.0038 | Acc: 80.24%
2024-11-28 09:02:23,738 [INFO] Epoch: 6 | Batch: 4000/19368 | Loss: 0.4114 | Acc: 80.40%
2024-11-28 09:04:42,151 [INFO] Epoch: 6 | Batch: 5000/19368 | Loss: 0.1414 | Acc: 80.14%
2024-11-28 09:06:52,942 [INFO] Epoch: 6 | Batch: 6000/19368 | Loss: 0.0471 | Acc: 79.97%
2024-11-28 09:08:54,577 [INFO] Epoch: 6 | Batch: 7000/19368 | Loss: 0.1924 | Acc: 79.80%
2024-11-28 09:10:45,322 [INFO] Epoch: 6 | Batch: 8000/19368 | Loss: 1.1787 | Acc: 79.83%
2024-11-28 09:12:27,704 [INFO] Epoch: 6 | Batch: 9000/19368 | Loss: 0.0065 | Acc: 79.99%
2024-11-28 09:14:03,966 [INFO] Epoch: 6 | Batch: 10000/19368 | Loss: 0.0515 | Acc: 80.04%
2024-11-28 09:15:25,740 [INFO] Epoch: 6 | Batch: 11000/19368 | Loss: 0.0224 | Acc: 79.93%
2024-11-28 09:16:41,849 [INFO] Epoch: 6 | Batch: 12000/19368 | Loss: 0.0892 | Acc: 79.75%
2024-11-28 09:17:54,548 [INFO] Epoch: 6 | Batch: 13000/19368 | Loss: 0.1630 | Acc: 79.58%
2024-11-28 09:18:59,749 [INFO] Epoch: 6 | Batch: 14000/19368 | Loss: 0.0098 | Acc: 79.64%
2024-11-28 09:19:57,398 [INFO] Epoch: 6 | Batch: 15000/19368 | Loss: 0.0046 | Acc: 79.58%
2024-11-28 09:20:49,406 [INFO] Epoch: 6 | Batch: 16000/19368 | Loss: 0.0026 | Acc: 79.67%
2024-11-28 09:21:40,446 [INFO] Epoch: 6 | Batch: 17000/19368 | Loss: 0.0335 | Acc: 79.55%
2024-11-28 09:22:32,538 [INFO] Epoch: 6 | Batch: 18000/19368 | Loss: 0.0310 | Acc: 79.70%
2024-11-28 09:23:26,662 [INFO] Epoch: 6 | Batch: 19000/19368 | Loss: 4.2617 | Acc: 79.79%
2024-11-28 09:35:14,851 [INFO] Epoch 6 | Valid Loss: 1.3673 | Accuracy: 60.32% | F1 Score: 0.6106
2024-11-28 09:35:16,107 [INFO] Current learning rate: 0.0001
2024-11-28 09:35:16,108 [INFO] 
Epoch 8/10
2024-11-28 09:35:16,157 [INFO] Epoch: 7 | Batch: 0/19368 | Loss: 0.0155 | Acc: 100.00%
2024-11-28 09:36:20,339 [INFO] Epoch: 7 | Batch: 1000/19368 | Loss: 0.0009 | Acc: 79.42%
2024-11-28 09:37:22,458 [INFO] Epoch: 7 | Batch: 2000/19368 | Loss: 0.0021 | Acc: 80.46%
2024-11-28 09:38:28,036 [INFO] Epoch: 7 | Batch: 3000/19368 | Loss: 0.0573 | Acc: 80.77%
2024-11-28 09:39:51,643 [INFO] Epoch: 7 | Batch: 4000/19368 | Loss: 0.0540 | Acc: 80.50%
2024-11-28 09:41:12,615 [INFO] Epoch: 7 | Batch: 5000/19368 | Loss: 0.3254 | Acc: 80.74%
2024-11-28 09:42:33,454 [INFO] Epoch: 7 | Batch: 6000/19368 | Loss: 0.9673 | Acc: 80.67%
2024-11-28 09:43:54,883 [INFO] Epoch: 7 | Batch: 7000/19368 | Loss: 0.0224 | Acc: 80.36%
2024-11-28 09:45:16,508 [INFO] Epoch: 7 | Batch: 8000/19368 | Loss: 0.1708 | Acc: 80.04%
2024-11-28 09:46:38,611 [INFO] Epoch: 7 | Batch: 9000/19368 | Loss: 0.0249 | Acc: 80.21%
2024-11-28 09:47:54,624 [INFO] Epoch: 7 | Batch: 10000/19368 | Loss: 0.7896 | Acc: 80.31%
2024-11-28 09:48:52,293 [INFO] Epoch: 7 | Batch: 11000/19368 | Loss: 0.7773 | Acc: 80.41%
2024-11-28 09:49:53,795 [INFO] Epoch: 7 | Batch: 12000/19368 | Loss: 0.5332 | Acc: 80.42%
2024-11-28 09:51:18,372 [INFO] Epoch: 7 | Batch: 13000/19368 | Loss: 0.1639 | Acc: 80.29%
2024-11-28 09:52:46,634 [INFO] Epoch: 7 | Batch: 14000/19368 | Loss: 0.2070 | Acc: 80.23%
2024-11-28 09:54:14,556 [INFO] Epoch: 7 | Batch: 15000/19368 | Loss: 0.0131 | Acc: 80.39%
2024-11-28 09:55:36,030 [INFO] Epoch: 7 | Batch: 16000/19368 | Loss: 0.8657 | Acc: 80.36%
2024-11-28 09:56:57,513 [INFO] Epoch: 7 | Batch: 17000/19368 | Loss: 0.0134 | Acc: 80.33%
2024-11-28 09:58:17,903 [INFO] Epoch: 7 | Batch: 18000/19368 | Loss: 0.9600 | Acc: 80.37%
2024-11-28 09:59:29,635 [INFO] Epoch: 7 | Batch: 19000/19368 | Loss: 0.0065 | Acc: 80.33%
2024-11-28 10:16:44,211 [INFO] Epoch 7 | Valid Loss: 1.3106 | Accuracy: 60.80% | F1 Score: 0.6059
2024-11-28 10:16:45,459 [INFO] Current learning rate: 0.0001
2024-11-28 10:16:45,459 [INFO] 
Epoch 9/10
2024-11-28 10:16:45,505 [INFO] Epoch: 8 | Batch: 0/19368 | Loss: 0.2759 | Acc: 100.00%
2024-11-28 10:17:47,240 [INFO] Epoch: 8 | Batch: 1000/19368 | Loss: 1.7705 | Acc: 78.72%
2024-11-28 10:18:48,385 [INFO] Epoch: 8 | Batch: 2000/19368 | Loss: 0.1731 | Acc: 79.96%
2024-11-28 10:19:48,540 [INFO] Epoch: 8 | Batch: 3000/19368 | Loss: 3.4648 | Acc: 80.04%
2024-11-28 10:20:48,893 [INFO] Epoch: 8 | Batch: 4000/19368 | Loss: 0.0493 | Acc: 80.35%
2024-11-28 10:21:51,744 [INFO] Epoch: 8 | Batch: 5000/19368 | Loss: 0.0048 | Acc: 80.92%
2024-11-28 10:22:51,268 [INFO] Epoch: 8 | Batch: 6000/19368 | Loss: 0.0098 | Acc: 81.10%
2024-11-28 10:23:50,282 [INFO] Epoch: 8 | Batch: 7000/19368 | Loss: 0.0171 | Acc: 81.13%
2024-11-28 10:24:43,469 [INFO] Epoch: 8 | Batch: 8000/19368 | Loss: 0.0037 | Acc: 81.00%
2024-11-28 10:25:43,381 [INFO] Epoch: 8 | Batch: 9000/19368 | Loss: 0.0432 | Acc: 81.16%
2024-11-28 10:26:45,768 [INFO] Epoch: 8 | Batch: 10000/19368 | Loss: 0.0319 | Acc: 80.99%
2024-11-28 10:27:45,556 [INFO] Epoch: 8 | Batch: 11000/19368 | Loss: 0.0052 | Acc: 81.19%
2024-11-28 10:28:50,741 [INFO] Epoch: 8 | Batch: 12000/19368 | Loss: 0.4299 | Acc: 80.98%
2024-11-28 10:29:59,382 [INFO] Epoch: 8 | Batch: 13000/19368 | Loss: 0.6733 | Acc: 80.99%
2024-11-28 10:31:02,249 [INFO] Epoch: 8 | Batch: 14000/19368 | Loss: 1.3115 | Acc: 80.91%
2024-11-28 10:32:02,648 [INFO] Epoch: 8 | Batch: 15000/19368 | Loss: 0.0040 | Acc: 81.15%
2024-11-28 10:33:02,997 [INFO] Epoch: 8 | Batch: 16000/19368 | Loss: 2.2070 | Acc: 81.06%
2024-11-28 10:34:03,711 [INFO] Epoch: 8 | Batch: 17000/19368 | Loss: 0.9033 | Acc: 81.17%
2024-11-28 10:35:04,930 [INFO] Epoch: 8 | Batch: 18000/19368 | Loss: 0.0154 | Acc: 81.22%
2024-11-28 10:36:05,239 [INFO] Epoch: 8 | Batch: 19000/19368 | Loss: 0.0010 | Acc: 81.23%
2024-11-28 10:53:01,973 [INFO] Epoch 8 | Valid Loss: 1.5089 | Accuracy: 58.31% | F1 Score: 0.5967
2024-11-28 10:53:02,252 [INFO] Current learning rate: 0.0001
2024-11-28 10:53:02,252 [INFO] 

