2024-11-27 19:26:20,522 [INFO] Starting experiment: Baseline_B3_step_B_V1
2024-11-27 19:26:20,524 [INFO] Using device: cuda
2024-11-27 19:26:20,524 [INFO] Set random seed: 31
2024-11-27 19:26:30,067 [INFO] Training dataset size: 19368
2024-11-27 19:26:30,067 [INFO] Validation dataset size: 12069
2024-11-27 19:26:30,075 [INFO] Starting training...
2024-11-27 19:26:30,075 [INFO] 
Epoch 1/10
2024-11-27 19:26:30,934 [INFO] Epoch: 0 | Batch: 0/19368 | Loss: 2.2344 | Acc: 0.00%
2024-11-27 19:28:12,770 [INFO] Epoch: 0 | Batch: 1000/19368 | Loss: 1.6719 | Acc: 20.08%
2024-11-27 19:29:32,873 [INFO] Epoch: 0 | Batch: 2000/19368 | Loss: 0.9702 | Acc: 24.29%
2024-11-27 19:30:48,470 [INFO] Epoch: 0 | Batch: 3000/19368 | Loss: 1.0225 | Acc: 28.79%
2024-11-27 19:32:02,342 [INFO] Epoch: 0 | Batch: 4000/19368 | Loss: 1.4990 | Acc: 31.69%
2024-11-27 19:33:16,974 [INFO] Epoch: 0 | Batch: 5000/19368 | Loss: 0.6284 | Acc: 33.81%
2024-11-27 19:34:32,319 [INFO] Epoch: 0 | Batch: 6000/19368 | Loss: 0.2289 | Acc: 35.51%
2024-11-27 19:35:47,913 [INFO] Epoch: 0 | Batch: 7000/19368 | Loss: 1.0146 | Acc: 36.55%
2024-11-27 19:37:03,947 [INFO] Epoch: 0 | Batch: 8000/19368 | Loss: 3.5625 | Acc: 37.43%
2024-11-27 19:38:10,264 [INFO] Epoch: 0 | Batch: 9000/19368 | Loss: 0.3000 | Acc: 38.94%
2024-11-27 19:39:13,438 [INFO] Epoch: 0 | Batch: 10000/19368 | Loss: 1.2227 | Acc: 40.00%
2024-11-27 19:40:20,110 [INFO] Epoch: 0 | Batch: 11000/19368 | Loss: 0.1653 | Acc: 40.88%
2024-11-27 19:41:26,393 [INFO] Epoch: 0 | Batch: 12000/19368 | Loss: 0.8501 | Acc: 41.65%
2024-11-27 19:42:31,348 [INFO] Epoch: 0 | Batch: 13000/19368 | Loss: 0.6768 | Acc: 42.20%
2024-11-27 19:43:36,330 [INFO] Epoch: 0 | Batch: 14000/19368 | Loss: 0.3936 | Acc: 43.08%
2024-11-27 19:44:40,864 [INFO] Epoch: 0 | Batch: 15000/19368 | Loss: 0.1133 | Acc: 43.87%
2024-11-27 19:45:45,559 [INFO] Epoch: 0 | Batch: 16000/19368 | Loss: 0.1963 | Acc: 44.72%
2024-11-27 19:46:50,324 [INFO] Epoch: 0 | Batch: 17000/19368 | Loss: 0.5229 | Acc: 45.19%
2024-11-27 19:47:54,910 [INFO] Epoch: 0 | Batch: 18000/19368 | Loss: 0.3704 | Acc: 45.99%
2024-11-27 19:48:59,692 [INFO] Epoch: 0 | Batch: 19000/19368 | Loss: 0.9541 | Acc: 46.79%
2024-11-27 20:08:03,099 [INFO] Epoch 0 | Valid Loss: 1.2051 | Accuracy: 54.21% | F1 Score: 0.4946
2024-11-27 20:08:04,001 [INFO] Current learning rate: 0.0001
2024-11-27 20:08:04,001 [INFO] 
Epoch 2/10
2024-11-27 20:08:04,067 [INFO] Epoch: 1 | Batch: 0/19368 | Loss: 0.1124 | Acc: 100.00%
2024-11-27 20:09:20,220 [INFO] Epoch: 1 | Batch: 1000/19368 | Loss: 0.1123 | Acc: 57.74%
2024-11-27 20:10:52,016 [INFO] Epoch: 1 | Batch: 2000/19368 | Loss: 0.2695 | Acc: 59.07%
2024-11-27 20:11:55,999 [INFO] Epoch: 1 | Batch: 3000/19368 | Loss: 0.9341 | Acc: 58.71%
2024-11-27 20:13:01,232 [INFO] Epoch: 1 | Batch: 4000/19368 | Loss: 0.5850 | Acc: 58.96%
2024-11-27 20:14:06,189 [INFO] Epoch: 1 | Batch: 5000/19368 | Loss: 1.2314 | Acc: 59.77%
2024-11-27 20:15:10,902 [INFO] Epoch: 1 | Batch: 6000/19368 | Loss: 1.1309 | Acc: 60.31%
2024-11-27 20:16:15,361 [INFO] Epoch: 1 | Batch: 7000/19368 | Loss: 0.5625 | Acc: 60.68%
2024-11-27 20:17:19,728 [INFO] Epoch: 1 | Batch: 8000/19368 | Loss: 0.9512 | Acc: 60.83%
2024-11-27 20:18:24,213 [INFO] Epoch: 1 | Batch: 9000/19368 | Loss: 0.0600 | Acc: 61.05%
2024-11-27 20:19:29,065 [INFO] Epoch: 1 | Batch: 10000/19368 | Loss: 1.6143 | Acc: 61.40%
2024-11-27 20:20:33,374 [INFO] Epoch: 1 | Batch: 11000/19368 | Loss: 0.0807 | Acc: 61.78%
2024-11-27 20:21:37,609 [INFO] Epoch: 1 | Batch: 12000/19368 | Loss: 0.7793 | Acc: 61.94%
2024-11-27 20:22:26,265 [INFO] Epoch: 1 | Batch: 13000/19368 | Loss: 0.3972 | Acc: 62.21%
2024-11-27 20:23:37,296 [INFO] Epoch: 1 | Batch: 14000/19368 | Loss: 0.3652 | Acc: 62.48%
2024-11-27 20:24:54,527 [INFO] Epoch: 1 | Batch: 15000/19368 | Loss: 0.4443 | Acc: 62.80%
2024-11-27 20:26:25,547 [INFO] Epoch: 1 | Batch: 16000/19368 | Loss: 0.8774 | Acc: 63.00%
2024-11-27 20:27:41,506 [INFO] Epoch: 1 | Batch: 17000/19368 | Loss: 0.4358 | Acc: 63.25%
2024-11-27 20:28:57,788 [INFO] Epoch: 1 | Batch: 18000/19368 | Loss: 0.4929 | Acc: 63.49%
2024-11-27 20:30:14,070 [INFO] Epoch: 1 | Batch: 19000/19368 | Loss: 0.0263 | Acc: 63.70%
2024-11-27 20:49:30,431 [INFO] Epoch 1 | Valid Loss: 1.2236 | Accuracy: 56.39% | F1 Score: 0.5569
2024-11-27 20:49:31,523 [INFO] Current learning rate: 0.0001
2024-11-27 20:49:31,523 [INFO] 
Epoch 3/10
2024-11-27 20:49:31,562 [INFO] Epoch: 2 | Batch: 0/19368 | Loss: 0.2520 | Acc: 100.00%
2024-11-27 20:50:35,602 [INFO] Epoch: 2 | Batch: 1000/19368 | Loss: 1.1699 | Acc: 67.13%
2024-11-27 20:51:39,841 [INFO] Epoch: 2 | Batch: 2000/19368 | Loss: 0.1235 | Acc: 67.67%
2024-11-27 20:52:43,794 [INFO] Epoch: 2 | Batch: 3000/19368 | Loss: 1.6592 | Acc: 67.11%
2024-11-27 20:53:48,181 [INFO] Epoch: 2 | Batch: 4000/19368 | Loss: 0.0673 | Acc: 67.53%
2024-11-27 20:54:39,175 [INFO] Epoch: 2 | Batch: 5000/19368 | Loss: 0.0847 | Acc: 68.19%
2024-11-27 20:56:16,847 [INFO] Epoch: 2 | Batch: 6000/19368 | Loss: 0.0691 | Acc: 68.39%
2024-11-27 20:57:33,715 [INFO] Epoch: 2 | Batch: 7000/19368 | Loss: 2.6016 | Acc: 68.42%
2024-11-27 20:58:50,207 [INFO] Epoch: 2 | Batch: 8000/19368 | Loss: 0.1114 | Acc: 68.50%
2024-11-27 21:00:07,127 [INFO] Epoch: 2 | Batch: 9000/19368 | Loss: 0.0681 | Acc: 68.83%
2024-11-27 21:01:24,021 [INFO] Epoch: 2 | Batch: 10000/19368 | Loss: 0.0428 | Acc: 68.72%
2024-11-27 21:02:40,559 [INFO] Epoch: 2 | Batch: 11000/19368 | Loss: 0.2734 | Acc: 69.06%
2024-11-27 21:03:56,747 [INFO] Epoch: 2 | Batch: 12000/19368 | Loss: 0.0626 | Acc: 69.09%
2024-11-27 21:05:12,771 [INFO] Epoch: 2 | Batch: 13000/19368 | Loss: 1.7949 | Acc: 69.22%
2024-11-27 21:06:29,333 [INFO] Epoch: 2 | Batch: 14000/19368 | Loss: 2.5801 | Acc: 69.38%
2024-11-27 21:07:44,926 [INFO] Epoch: 2 | Batch: 15000/19368 | Loss: 0.0576 | Acc: 69.54%
2024-11-27 21:09:01,396 [INFO] Epoch: 2 | Batch: 16000/19368 | Loss: 0.7905 | Acc: 69.71%
2024-11-27 21:10:30,964 [INFO] Epoch: 2 | Batch: 17000/19368 | Loss: 1.9600 | Acc: 69.93%
2024-11-27 21:11:50,080 [INFO] Epoch: 2 | Batch: 18000/19368 | Loss: 0.0074 | Acc: 70.13%
2024-11-27 21:13:06,260 [INFO] Epoch: 2 | Batch: 19000/19368 | Loss: 0.0227 | Acc: 70.21%
2024-11-27 21:28:37,800 [INFO] Epoch 2 | Valid Loss: 1.1785 | Accuracy: 59.40% | F1 Score: 0.6037
2024-11-27 21:28:38,830 [INFO] Current learning rate: 0.0001
2024-11-27 21:28:38,830 [INFO] 
Epoch 4/10
2024-11-27 21:28:38,876 [INFO] Epoch: 3 | Batch: 0/19368 | Loss: 0.0778 | Acc: 100.00%
2024-11-27 21:29:20,568 [INFO] Epoch: 3 | Batch: 1000/19368 | Loss: 0.1735 | Acc: 75.32%
2024-11-27 21:30:02,398 [INFO] Epoch: 3 | Batch: 2000/19368 | Loss: 0.5410 | Acc: 73.36%
2024-11-27 21:30:47,896 [INFO] Epoch: 3 | Batch: 3000/19368 | Loss: 0.0548 | Acc: 73.71%
2024-11-27 21:31:43,795 [INFO] Epoch: 3 | Batch: 4000/19368 | Loss: 0.0671 | Acc: 73.88%
2024-11-27 21:32:36,847 [INFO] Epoch: 3 | Batch: 5000/19368 | Loss: 0.4187 | Acc: 74.19%
2024-11-27 21:33:19,242 [INFO] Epoch: 3 | Batch: 6000/19368 | Loss: 0.2321 | Acc: 74.04%
2024-11-27 21:34:01,357 [INFO] Epoch: 3 | Batch: 7000/19368 | Loss: 0.0213 | Acc: 73.60%
2024-11-27 21:34:43,455 [INFO] Epoch: 3 | Batch: 8000/19368 | Loss: 1.5469 | Acc: 73.45%
2024-11-27 21:35:25,523 [INFO] Epoch: 3 | Batch: 9000/19368 | Loss: 0.0559 | Acc: 73.34%
2024-11-27 21:36:07,638 [INFO] Epoch: 3 | Batch: 10000/19368 | Loss: 0.9126 | Acc: 73.48%
2024-11-27 21:36:49,343 [INFO] Epoch: 3 | Batch: 11000/19368 | Loss: 0.0777 | Acc: 73.54%
2024-11-27 21:37:30,788 [INFO] Epoch: 3 | Batch: 12000/19368 | Loss: 0.0199 | Acc: 73.40%
2024-11-27 21:38:12,579 [INFO] Epoch: 3 | Batch: 13000/19368 | Loss: 0.6279 | Acc: 73.34%
2024-11-27 21:38:54,495 [INFO] Epoch: 3 | Batch: 14000/19368 | Loss: 0.0058 | Acc: 73.54%
2024-11-27 21:39:35,740 [INFO] Epoch: 3 | Batch: 15000/19368 | Loss: 0.0724 | Acc: 73.60%
2024-11-27 21:40:31,092 [INFO] Epoch: 3 | Batch: 16000/19368 | Loss: 1.8174 | Acc: 73.66%
2024-11-27 21:41:13,581 [INFO] Epoch: 3 | Batch: 17000/19368 | Loss: 0.0446 | Acc: 73.60%
2024-11-27 21:41:55,461 [INFO] Epoch: 3 | Batch: 18000/19368 | Loss: 0.5161 | Acc: 73.63%
2024-11-27 21:42:37,509 [INFO] Epoch: 3 | Batch: 19000/19368 | Loss: 0.0729 | Acc: 73.53%
2024-11-27 21:52:46,272 [INFO] Epoch 3 | Valid Loss: 1.1781 | Accuracy: 60.98% | F1 Score: 0.5999
2024-11-27 21:52:47,323 [INFO] Current learning rate: 0.0001
2024-11-27 21:52:47,323 [INFO] 
Epoch 5/10
2024-11-27 21:52:47,374 [INFO] Epoch: 4 | Batch: 0/19368 | Loss: 0.0519 | Acc: 100.00%
2024-11-27 21:53:29,402 [INFO] Epoch: 4 | Batch: 1000/19368 | Loss: 1.1689 | Acc: 72.83%
2024-11-27 21:54:11,492 [INFO] Epoch: 4 | Batch: 2000/19368 | Loss: 1.5479 | Acc: 72.61%
2024-11-27 21:54:56,716 [INFO] Epoch: 4 | Batch: 3000/19368 | Loss: 0.2568 | Acc: 74.01%
2024-11-27 21:55:50,967 [INFO] Epoch: 4 | Batch: 4000/19368 | Loss: 0.1423 | Acc: 74.16%
2024-11-27 21:56:33,248 [INFO] Epoch: 4 | Batch: 5000/19368 | Loss: 0.1388 | Acc: 75.04%
2024-11-27 21:57:15,328 [INFO] Epoch: 4 | Batch: 6000/19368 | Loss: 0.1610 | Acc: 74.95%
2024-11-27 21:57:57,379 [INFO] Epoch: 4 | Batch: 7000/19368 | Loss: 0.0308 | Acc: 75.19%
2024-11-27 21:58:39,643 [INFO] Epoch: 4 | Batch: 8000/19368 | Loss: 0.8540 | Acc: 75.22%
2024-11-27 21:59:22,019 [INFO] Epoch: 4 | Batch: 9000/19368 | Loss: 0.5532 | Acc: 75.16%
2024-11-27 22:00:04,307 [INFO] Epoch: 4 | Batch: 10000/19368 | Loss: 1.0449 | Acc: 75.22%
2024-11-27 22:00:46,884 [INFO] Epoch: 4 | Batch: 11000/19368 | Loss: 0.2484 | Acc: 75.40%
2024-11-27 22:01:29,483 [INFO] Epoch: 4 | Batch: 12000/19368 | Loss: 0.4885 | Acc: 75.35%
2024-11-27 22:02:11,950 [INFO] Epoch: 4 | Batch: 13000/19368 | Loss: 0.1093 | Acc: 75.42%
2024-11-27 22:02:54,469 [INFO] Epoch: 4 | Batch: 14000/19368 | Loss: 0.1620 | Acc: 75.37%
2024-11-27 22:03:37,050 [INFO] Epoch: 4 | Batch: 15000/19368 | Loss: 1.3262 | Acc: 75.38%
2024-11-27 22:04:19,376 [INFO] Epoch: 4 | Batch: 16000/19368 | Loss: 0.5991 | Acc: 75.38%
2024-11-27 22:05:01,851 [INFO] Epoch: 4 | Batch: 17000/19368 | Loss: 0.4678 | Acc: 75.31%
2024-11-27 22:05:44,340 [INFO] Epoch: 4 | Batch: 18000/19368 | Loss: 0.0795 | Acc: 75.48%
2024-11-27 22:06:26,787 [INFO] Epoch: 4 | Batch: 19000/19368 | Loss: 0.1656 | Acc: 75.57%
2024-11-27 22:16:20,291 [INFO] Epoch 4 | Valid Loss: 1.2197 | Accuracy: 61.55% | F1 Score: 0.6117
2024-11-27 22:16:21,343 [INFO] Current learning rate: 0.0001
2024-11-27 22:16:21,343 [INFO] 
Epoch 6/10
2024-11-27 22:16:21,386 [INFO] Epoch: 5 | Batch: 0/19368 | Loss: 0.0301 | Acc: 100.00%
2024-11-27 22:17:03,178 [INFO] Epoch: 5 | Batch: 1000/19368 | Loss: 0.2048 | Acc: 73.93%
2024-11-27 22:17:45,169 [INFO] Epoch: 5 | Batch: 2000/19368 | Loss: 0.1113 | Acc: 75.21%
2024-11-27 22:18:26,907 [INFO] Epoch: 5 | Batch: 3000/19368 | Loss: 0.6011 | Acc: 75.71%
2024-11-27 22:19:09,268 [INFO] Epoch: 5 | Batch: 4000/19368 | Loss: 0.0759 | Acc: 75.71%
2024-11-27 22:19:51,370 [INFO] Epoch: 5 | Batch: 5000/19368 | Loss: 0.3616 | Acc: 75.52%
2024-11-27 22:20:33,189 [INFO] Epoch: 5 | Batch: 6000/19368 | Loss: 0.6899 | Acc: 75.79%
2024-11-27 22:21:15,125 [INFO] Epoch: 5 | Batch: 7000/19368 | Loss: 0.3567 | Acc: 75.92%
2024-11-27 22:21:56,690 [INFO] Epoch: 5 | Batch: 8000/19368 | Loss: 0.5664 | Acc: 75.97%
2024-11-27 22:22:38,912 [INFO] Epoch: 5 | Batch: 9000/19368 | Loss: 1.5068 | Acc: 75.84%
2024-11-27 22:23:21,847 [INFO] Epoch: 5 | Batch: 10000/19368 | Loss: 0.3892 | Acc: 76.09%
2024-11-27 22:24:04,742 [INFO] Epoch: 5 | Batch: 11000/19368 | Loss: 0.5938 | Acc: 76.11%
2024-11-27 22:24:47,622 [INFO] Epoch: 5 | Batch: 12000/19368 | Loss: 0.0366 | Acc: 76.39%
2024-11-27 22:25:42,627 [INFO] Epoch: 5 | Batch: 13000/19368 | Loss: 0.0934 | Acc: 76.44%
2024-11-27 22:26:24,546 [INFO] Epoch: 5 | Batch: 14000/19368 | Loss: 0.2355 | Acc: 76.46%
2024-11-27 22:27:06,599 [INFO] Epoch: 5 | Batch: 15000/19368 | Loss: 0.0670 | Acc: 76.63%
2024-11-27 22:27:48,609 [INFO] Epoch: 5 | Batch: 16000/19368 | Loss: 1.2900 | Acc: 76.74%
2024-11-27 22:28:30,813 [INFO] Epoch: 5 | Batch: 17000/19368 | Loss: 1.0215 | Acc: 76.70%
2024-11-27 22:29:13,196 [INFO] Epoch: 5 | Batch: 18000/19368 | Loss: 0.0793 | Acc: 76.81%
2024-11-27 22:29:55,190 [INFO] Epoch: 5 | Batch: 19000/19368 | Loss: 0.0685 | Acc: 76.81%
2024-11-27 22:39:30,981 [INFO] Epoch 5 | Valid Loss: 1.3353 | Accuracy: 61.09% | F1 Score: 0.6179
2024-11-27 22:39:31,246 [INFO] Current learning rate: 0.0001
2024-11-27 22:39:31,247 [INFO] 
Epoch 7/10
2024-11-27 22:39:31,295 [INFO] Epoch: 6 | Batch: 0/19368 | Loss: 0.1385 | Acc: 100.00%
2024-11-27 22:40:22,624 [INFO] Epoch: 6 | Batch: 1000/19368 | Loss: 0.2607 | Acc: 76.42%
2024-11-27 22:41:09,111 [INFO] Epoch: 6 | Batch: 2000/19368 | Loss: 0.5381 | Acc: 76.51%
