2024-11-17 06:07:03,701 [INFO] Starting experiment: Baseline_B1_tuned_V1
2024-11-17 06:07:03,734 [INFO] Using device: cuda
2024-11-17 06:07:03,735 [INFO] Set random seed: 31
2024-11-17 06:09:56,186 [INFO] Training dataset size: 2152
2024-11-17 06:09:56,186 [INFO] Validation dataset size: 1341
2024-11-17 06:09:56,973 [INFO] Model initialized: ResNet50
2024-11-17 06:09:56,978 [INFO] Configuration saved to: /teamspace/studios/this_studio/Group-Activity-Recognition/modeling/baseline 1/outputs/Baseline_B1_tuned_V1_20241117_060703/config.yml
2024-11-17 06:09:56,978 [INFO] Starting training...
2024-11-17 06:09:56,979 [INFO] 
Epoch 1/25
2024-11-17 06:10:35,655 [INFO] Epoch: 0 | Batch: 0/34 | Loss: 2.0892 | Acc: 9.38%
2024-11-17 06:10:37,921 [INFO] Epoch: 0 | Batch: 10/34 | Loss: 1.8928 | Acc: 19.74%
2024-11-17 06:10:40,189 [INFO] Epoch: 0 | Batch: 20/34 | Loss: 1.2503 | Acc: 30.65%
2024-11-17 06:10:42,464 [INFO] Epoch: 0 | Batch: 30/34 | Loss: 1.0242 | Acc: 38.46%
2024-11-17 06:11:26,570 [INFO] Epoch 0 | Valid Loss: 2.4033 | Accuracy: 35.72% | F1 Score: 0.3321
2024-11-17 06:11:26,580 [INFO] Current learning rate: 0.001
2024-11-17 06:11:27,036 [INFO] 
Epoch 2/25
2024-11-17 06:12:03,781 [INFO] Epoch: 1 | Batch: 0/34 | Loss: 0.8764 | Acc: 70.31%
2024-11-17 06:12:06,050 [INFO] Epoch: 1 | Batch: 10/34 | Loss: 0.9729 | Acc: 62.64%
2024-11-17 06:12:08,321 [INFO] Epoch: 1 | Batch: 20/34 | Loss: 0.6979 | Acc: 66.15%
2024-11-17 06:12:10,592 [INFO] Epoch: 1 | Batch: 30/34 | Loss: 0.8608 | Acc: 66.78%
2024-11-17 06:12:54,475 [INFO] Epoch 1 | Valid Loss: 1.4742 | Accuracy: 49.22% | F1 Score: 0.4818
2024-11-17 06:12:54,485 [INFO] Current learning rate: 0.001
2024-11-17 06:12:54,950 [INFO] 
Epoch 3/25
2024-11-17 06:13:33,493 [INFO] Epoch: 2 | Batch: 0/34 | Loss: 0.7410 | Acc: 71.88%
2024-11-17 06:13:35,766 [INFO] Epoch: 2 | Batch: 10/34 | Loss: 0.5031 | Acc: 73.72%
2024-11-17 06:13:38,040 [INFO] Epoch: 2 | Batch: 20/34 | Loss: 0.3327 | Acc: 76.19%
2024-11-17 06:13:40,312 [INFO] Epoch: 2 | Batch: 30/34 | Loss: 0.7213 | Acc: 74.95%
2024-11-17 06:14:24,266 [INFO] Epoch 2 | Valid Loss: 1.5630 | Accuracy: 55.93% | F1 Score: 0.5579
2024-11-17 06:14:24,276 [INFO] Current learning rate: 0.001
2024-11-17 06:14:24,733 [INFO] 
Epoch 4/25
2024-11-17 06:15:01,811 [INFO] Epoch: 3 | Batch: 0/34 | Loss: 0.4587 | Acc: 87.50%
2024-11-17 06:15:04,081 [INFO] Epoch: 3 | Batch: 10/34 | Loss: 0.3892 | Acc: 87.22%
2024-11-17 06:15:06,359 [INFO] Epoch: 3 | Batch: 20/34 | Loss: 0.3851 | Acc: 87.13%
2024-11-17 06:15:08,630 [INFO] Epoch: 3 | Batch: 30/34 | Loss: 0.4864 | Acc: 86.44%
2024-11-17 06:15:53,119 [INFO] Epoch 3 | Valid Loss: 1.5104 | Accuracy: 58.31% | F1 Score: 0.5779
2024-11-17 06:15:53,133 [INFO] Current learning rate: 0.001
2024-11-17 06:15:53,584 [INFO] 
Epoch 5/25
2024-11-17 06:16:30,816 [INFO] Epoch: 4 | Batch: 0/34 | Loss: 0.1688 | Acc: 96.88%
2024-11-17 06:16:33,096 [INFO] Epoch: 4 | Batch: 10/34 | Loss: 0.1766 | Acc: 89.91%
2024-11-17 06:16:35,367 [INFO] Epoch: 4 | Batch: 20/34 | Loss: 0.3082 | Acc: 89.88%
2024-11-17 06:16:37,637 [INFO] Epoch: 4 | Batch: 30/34 | Loss: 0.2184 | Acc: 89.67%
2024-11-17 06:17:21,274 [INFO] Epoch 4 | Valid Loss: 1.1456 | Accuracy: 63.09% | F1 Score: 0.6239
2024-11-17 06:17:21,285 [INFO] Current learning rate: 0.001
2024-11-17 06:17:21,742 [INFO] 
Epoch 6/25
2024-11-17 06:17:58,827 [INFO] Epoch: 5 | Batch: 0/34 | Loss: 0.1920 | Acc: 90.62%
2024-11-17 06:18:01,101 [INFO] Epoch: 5 | Batch: 10/34 | Loss: 0.0894 | Acc: 93.32%
2024-11-17 06:18:03,375 [INFO] Epoch: 5 | Batch: 20/34 | Loss: 0.1116 | Acc: 94.42%
2024-11-17 06:18:05,647 [INFO] Epoch: 5 | Batch: 30/34 | Loss: 0.1599 | Acc: 94.05%
2024-11-17 06:18:49,266 [INFO] Epoch 5 | Valid Loss: 1.6149 | Accuracy: 63.53% | F1 Score: 0.6291
2024-11-17 06:18:49,276 [INFO] Current learning rate: 0.001
2024-11-17 06:18:49,739 [INFO] 
Epoch 7/25
2024-11-17 06:19:26,247 [INFO] Epoch: 6 | Batch: 0/34 | Loss: 0.1071 | Acc: 95.31%
2024-11-17 06:19:28,517 [INFO] Epoch: 6 | Batch: 10/34 | Loss: 0.1171 | Acc: 96.59%
2024-11-17 06:19:30,786 [INFO] Epoch: 6 | Batch: 20/34 | Loss: 0.0928 | Acc: 96.58%
2024-11-17 06:19:33,060 [INFO] Epoch: 6 | Batch: 30/34 | Loss: 0.1999 | Acc: 95.72%
2024-11-17 06:20:17,255 [INFO] Epoch 6 | Valid Loss: 1.4303 | Accuracy: 64.50% | F1 Score: 0.6425
2024-11-17 06:20:17,266 [INFO] Current learning rate: 0.001
2024-11-17 06:20:17,724 [INFO] 
Epoch 8/25
2024-11-17 06:20:54,444 [INFO] Epoch: 7 | Batch: 0/34 | Loss: 0.0790 | Acc: 96.88%
2024-11-17 06:20:56,714 [INFO] Epoch: 7 | Batch: 10/34 | Loss: 0.0761 | Acc: 96.31%
2024-11-17 06:20:58,987 [INFO] Epoch: 7 | Batch: 20/34 | Loss: 0.0823 | Acc: 95.91%
2024-11-17 06:21:01,261 [INFO] Epoch: 7 | Batch: 30/34 | Loss: 0.1465 | Acc: 95.77%
2024-11-17 06:21:44,895 [INFO] Epoch 7 | Valid Loss: 1.7990 | Accuracy: 59.88% | F1 Score: 0.5870
2024-11-17 06:21:44,914 [INFO] Current learning rate: 0.001
2024-11-17 06:21:45,371 [INFO] 
Epoch 9/25
2024-11-17 06:22:22,701 [INFO] Epoch: 8 | Batch: 0/34 | Loss: 0.0854 | Acc: 95.31%
2024-11-17 06:22:24,974 [INFO] Epoch: 8 | Batch: 10/34 | Loss: 0.2068 | Acc: 93.75%
2024-11-17 06:22:27,246 [INFO] Epoch: 8 | Batch: 20/34 | Loss: 0.1874 | Acc: 93.75%
2024-11-17 06:22:29,520 [INFO] Epoch: 8 | Batch: 30/34 | Loss: 0.2122 | Acc: 92.49%
2024-11-17 06:23:13,220 [INFO] Epoch 8 | Valid Loss: 2.0023 | Accuracy: 55.26% | F1 Score: 0.5437
2024-11-17 06:23:13,232 [INFO] Current learning rate: 0.001
2024-11-17 06:23:13,687 [INFO] 
Epoch 10/25
2024-11-17 06:23:50,261 [INFO] Epoch: 9 | Batch: 0/34 | Loss: 0.0193 | Acc: 100.00%
2024-11-17 06:23:52,533 [INFO] Epoch: 9 | Batch: 10/34 | Loss: 0.1241 | Acc: 96.88%
2024-11-17 06:23:54,803 [INFO] Epoch: 9 | Batch: 20/34 | Loss: 0.0417 | Acc: 96.80%
2024-11-17 06:23:57,074 [INFO] Epoch: 9 | Batch: 30/34 | Loss: 0.0239 | Acc: 96.37%
2024-11-17 06:24:41,553 [INFO] Epoch 9 | Valid Loss: 1.4680 | Accuracy: 63.09% | F1 Score: 0.6302
2024-11-17 06:24:41,563 [INFO] Current learning rate: 0.001
2024-11-17 06:24:42,019 [INFO] 
Epoch 11/25
2024-11-17 06:25:18,391 [INFO] Epoch: 10 | Batch: 0/34 | Loss: 0.0795 | Acc: 96.88%
2024-11-17 06:25:20,664 [INFO] Epoch: 10 | Batch: 10/34 | Loss: 0.1751 | Acc: 97.73%
2024-11-17 06:25:22,939 [INFO] Epoch: 10 | Batch: 20/34 | Loss: 0.0260 | Acc: 97.62%
2024-11-17 06:25:25,211 [INFO] Epoch: 10 | Batch: 30/34 | Loss: 0.0638 | Acc: 97.48%
2024-11-17 06:26:09,222 [INFO] Epoch 10 | Valid Loss: 1.9825 | Accuracy: 60.48% | F1 Score: 0.5949
2024-11-17 06:26:09,232 [INFO] Current learning rate: 0.0001
2024-11-17 06:26:09,694 [INFO] 
Epoch 12/25
2024-11-17 06:26:46,971 [INFO] Epoch: 11 | Batch: 0/34 | Loss: 0.1098 | Acc: 95.31%
2024-11-17 06:26:49,244 [INFO] Epoch: 11 | Batch: 10/34 | Loss: 0.0804 | Acc: 98.30%
2024-11-17 06:26:51,516 [INFO] Epoch: 11 | Batch: 20/34 | Loss: 0.0652 | Acc: 98.51%
2024-11-17 06:26:53,794 [INFO] Epoch: 11 | Batch: 30/34 | Loss: 0.0147 | Acc: 98.89%
2024-11-17 06:27:37,567 [INFO] Epoch 11 | Valid Loss: 1.3282 | Accuracy: 72.56% | F1 Score: 0.7252
2024-11-17 06:27:37,576 [INFO] Current learning rate: 0.0001
2024-11-17 06:27:38,038 [INFO] 
Epoch 13/25
2024-11-17 06:28:15,025 [INFO] Epoch: 12 | Batch: 0/34 | Loss: 0.0060 | Acc: 100.00%
2024-11-17 06:28:17,301 [INFO] Epoch: 12 | Batch: 10/34 | Loss: 0.0059 | Acc: 99.72%
2024-11-17 06:28:19,569 [INFO] Epoch: 12 | Batch: 20/34 | Loss: 0.0042 | Acc: 99.85%
2024-11-17 06:28:21,836 [INFO] Epoch: 12 | Batch: 30/34 | Loss: 0.0136 | Acc: 99.90%
2024-11-17 06:29:05,618 [INFO] Epoch 12 | Valid Loss: 1.3294 | Accuracy: 73.01% | F1 Score: 0.7296
2024-11-17 06:29:05,631 [INFO] Current learning rate: 0.0001
2024-11-17 06:29:06,098 [INFO] 
Epoch 14/25
2024-11-17 06:29:42,828 [INFO] Epoch: 13 | Batch: 0/34 | Loss: 0.0019 | Acc: 100.00%
2024-11-17 06:29:45,093 [INFO] Epoch: 13 | Batch: 10/34 | Loss: 0.0022 | Acc: 100.00%
2024-11-17 06:29:47,362 [INFO] Epoch: 13 | Batch: 20/34 | Loss: 0.0041 | Acc: 100.00%
2024-11-17 06:29:49,629 [INFO] Epoch: 13 | Batch: 30/34 | Loss: 0.0039 | Acc: 100.00%
2024-11-17 06:30:33,676 [INFO] Epoch 13 | Valid Loss: 1.3295 | Accuracy: 73.23% | F1 Score: 0.7319
2024-11-17 06:30:33,686 [INFO] Current learning rate: 0.0001
2024-11-17 06:30:34,144 [INFO] 
Epoch 15/25
2024-11-17 06:31:10,872 [INFO] Epoch: 14 | Batch: 0/34 | Loss: 0.0023 | Acc: 100.00%
2024-11-17 06:31:13,143 [INFO] Epoch: 14 | Batch: 10/34 | Loss: 0.0043 | Acc: 100.00%
2024-11-17 06:31:15,423 [INFO] Epoch: 14 | Batch: 20/34 | Loss: 0.0016 | Acc: 100.00%
2024-11-17 06:31:17,691 [INFO] Epoch: 14 | Batch: 30/34 | Loss: 0.0026 | Acc: 100.00%
2024-11-17 06:32:01,168 [INFO] Epoch 14 | Valid Loss: 1.3409 | Accuracy: 73.53% | F1 Score: 0.7350
2024-11-17 06:32:01,178 [INFO] Current learning rate: 0.0001
2024-11-17 06:32:01,643 [INFO] 
Epoch 16/25
2024-11-17 06:32:38,552 [INFO] Epoch: 15 | Batch: 0/34 | Loss: 0.0011 | Acc: 100.00%
2024-11-17 06:32:40,817 [INFO] Epoch: 15 | Batch: 10/34 | Loss: 0.0057 | Acc: 100.00%
2024-11-17 06:32:43,083 [INFO] Epoch: 15 | Batch: 20/34 | Loss: 0.0019 | Acc: 100.00%
2024-11-17 06:32:45,352 [INFO] Epoch: 15 | Batch: 30/34 | Loss: 0.0017 | Acc: 100.00%
2024-11-17 06:33:28,968 [INFO] Epoch 15 | Valid Loss: 1.3447 | Accuracy: 73.38% | F1 Score: 0.7334
2024-11-17 06:33:28,978 [INFO] Current learning rate: 0.0001
2024-11-17 06:33:29,440 [INFO] 
Epoch 17/25
2024-11-17 06:34:06,355 [INFO] Epoch: 16 | Batch: 0/34 | Loss: 0.0017 | Acc: 100.00%
2024-11-17 06:34:08,624 [INFO] Epoch: 16 | Batch: 10/34 | Loss: 0.0018 | Acc: 100.00%
2024-11-17 06:34:10,886 [INFO] Epoch: 16 | Batch: 20/34 | Loss: 0.0025 | Acc: 100.00%
2024-11-17 06:34:13,160 [INFO] Epoch: 16 | Batch: 30/34 | Loss: 0.0011 | Acc: 100.00%
2024-11-17 06:34:57,070 [INFO] Epoch 16 | Valid Loss: 1.3411 | Accuracy: 73.97% | F1 Score: 0.7395
2024-11-17 06:34:57,084 [INFO] Current learning rate: 1e-05
2024-11-17 06:34:57,551 [INFO] 
Epoch 18/25
2024-11-17 06:35:34,678 [INFO] Epoch: 17 | Batch: 0/34 | Loss: 0.0012 | Acc: 100.00%
2024-11-17 06:35:36,946 [INFO] Epoch: 17 | Batch: 10/34 | Loss: 0.0022 | Acc: 100.00%
2024-11-17 06:35:39,212 [INFO] Epoch: 17 | Batch: 20/34 | Loss: 0.0010 | Acc: 100.00%
2024-11-17 06:35:41,476 [INFO] Epoch: 17 | Batch: 30/34 | Loss: 0.0016 | Acc: 100.00%
2024-11-17 06:36:25,150 [INFO] Epoch 17 | Valid Loss: 1.3523 | Accuracy: 73.53% | F1 Score: 0.7352
2024-11-17 06:36:25,159 [INFO] Current learning rate: 1e-05
2024-11-17 06:36:25,618 [INFO] 
Epoch 19/25
2024-11-17 06:37:02,701 [INFO] Epoch: 18 | Batch: 0/34 | Loss: 0.0010 | Acc: 100.00%
2024-11-17 06:37:04,974 [INFO] Epoch: 18 | Batch: 10/34 | Loss: 0.0017 | Acc: 100.00%
2024-11-17 06:37:07,247 [INFO] Epoch: 18 | Batch: 20/34 | Loss: 0.0014 | Acc: 100.00%
2024-11-17 06:37:09,513 [INFO] Epoch: 18 | Batch: 30/34 | Loss: 0.0014 | Acc: 100.00%
2024-11-17 06:37:53,187 [INFO] Epoch 18 | Valid Loss: 1.3647 | Accuracy: 73.68% | F1 Score: 0.7364
2024-11-17 06:37:53,203 [INFO] Current learning rate: 1e-05
2024-11-17 06:37:53,665 [INFO] 
Epoch 20/25
2024-11-17 06:38:30,893 [INFO] Epoch: 19 | Batch: 0/34 | Loss: 0.0014 | Acc: 100.00%
2024-11-17 06:38:33,160 [INFO] Epoch: 19 | Batch: 10/34 | Loss: 0.0020 | Acc: 100.00%
2024-11-17 06:38:35,424 [INFO] Epoch: 19 | Batch: 20/34 | Loss: 0.0009 | Acc: 100.00%
2024-11-17 06:38:37,687 [INFO] Epoch: 19 | Batch: 30/34 | Loss: 0.0042 | Acc: 100.00%
2024-11-17 06:39:21,680 [INFO] Epoch 19 | Valid Loss: 1.3462 | Accuracy: 74.05% | F1 Score: 0.7400
2024-11-17 06:39:21,692 [INFO] Current learning rate: 1e-05
2024-11-17 06:39:22,166 [INFO] 
Epoch 21/25
2024-11-17 06:39:58,552 [INFO] Epoch: 20 | Batch: 0/34 | Loss: 0.0014 | Acc: 100.00%
2024-11-17 06:40:00,819 [INFO] Epoch: 20 | Batch: 10/34 | Loss: 0.0011 | Acc: 100.00%
2024-11-17 06:40:03,083 [INFO] Epoch: 20 | Batch: 20/34 | Loss: 0.0023 | Acc: 100.00%
2024-11-17 06:40:05,349 [INFO] Epoch: 20 | Batch: 30/34 | Loss: 0.0006 | Acc: 100.00%
2024-11-17 06:40:49,105 [INFO] Epoch 20 | Valid Loss: 1.3630 | Accuracy: 73.60% | F1 Score: 0.7360
2024-11-17 06:40:49,122 [INFO] Current learning rate: 1e-05
2024-11-17 06:40:49,565 [INFO] 
Epoch 22/25
2024-11-17 06:41:26,218 [INFO] Epoch: 21 | Batch: 0/34 | Loss: 0.0008 | Acc: 100.00%
2024-11-17 06:41:28,482 [INFO] Epoch: 21 | Batch: 10/34 | Loss: 0.0026 | Acc: 100.00%
2024-11-17 06:41:30,750 [INFO] Epoch: 21 | Batch: 20/34 | Loss: 0.0006 | Acc: 100.00%
2024-11-17 06:41:33,016 [INFO] Epoch: 21 | Batch: 30/34 | Loss: 0.0020 | Acc: 100.00%
2024-11-17 06:42:16,950 [INFO] Epoch 21 | Valid Loss: 1.3534 | Accuracy: 73.60% | F1 Score: 0.7358
2024-11-17 06:42:16,961 [INFO] Current learning rate: 1e-05
2024-11-17 06:42:17,422 [INFO] 
Epoch 23/25
2024-11-17 06:42:54,027 [INFO] Epoch: 22 | Batch: 0/34 | Loss: 0.0010 | Acc: 100.00%
2024-11-17 06:42:56,291 [INFO] Epoch: 22 | Batch: 10/34 | Loss: 0.0004 | Acc: 100.00%
2024-11-17 06:42:58,561 [INFO] Epoch: 22 | Batch: 20/34 | Loss: 0.0010 | Acc: 100.00%
2024-11-17 06:43:00,829 [INFO] Epoch: 22 | Batch: 30/34 | Loss: 0.0019 | Acc: 100.00%
2024-11-17 06:43:44,461 [INFO] Epoch 22 | Valid Loss: 1.3668 | Accuracy: 73.83% | F1 Score: 0.7379
2024-11-17 06:43:44,471 [INFO] Current learning rate: 1.0000000000000002e-06
2024-11-17 06:43:44,921 [INFO] 
Epoch 24/25
2024-11-17 06:44:21,393 [INFO] Epoch: 23 | Batch: 0/34 | Loss: 0.0006 | Acc: 100.00%
2024-11-17 06:44:23,658 [INFO] Epoch: 23 | Batch: 10/34 | Loss: 0.0008 | Acc: 100.00%
2024-11-17 06:44:25,923 [INFO] Epoch: 23 | Batch: 20/34 | Loss: 0.0015 | Acc: 100.00%
2024-11-17 06:44:28,189 [INFO] Epoch: 23 | Batch: 30/34 | Loss: 0.0024 | Acc: 100.00%
2024-11-17 06:45:11,842 [INFO] Epoch 23 | Valid Loss: 1.3779 | Accuracy: 72.86% | F1 Score: 0.7285
2024-11-17 06:45:11,852 [INFO] Current learning rate: 1.0000000000000002e-06
2024-11-17 06:45:12,299 [INFO] 
Epoch 25/25
2024-11-17 06:45:49,299 [INFO] Epoch: 24 | Batch: 0/34 | Loss: 0.0044 | Acc: 100.00%
2024-11-17 06:45:51,562 [INFO] Epoch: 24 | Batch: 10/34 | Loss: 0.0012 | Acc: 100.00%
2024-11-17 06:45:53,829 [INFO] Epoch: 24 | Batch: 20/34 | Loss: 0.0010 | Acc: 100.00%
2024-11-17 06:45:56,092 [INFO] Epoch: 24 | Batch: 30/34 | Loss: 0.0022 | Acc: 100.00%
2024-11-17 06:46:39,715 [INFO] Epoch 24 | Valid Loss: 1.3666 | Accuracy: 73.53% | F1 Score: 0.7351
2024-11-17 06:46:39,730 [INFO] Current learning rate: 1.0000000000000002e-06
2024-11-17 06:46:40,671 [INFO] Training completed. Final model saved to: /teamspace/studios/this_studio/Group-Activity-Recognition/modeling/baseline 1/outputs/Baseline_B1_tuned_V1_20241117_060703/final_model.pth
