2024-12-23 00:34:30,146 [INFO] Resumed training from epoch 25
2024-12-23 00:34:30,147 [INFO] Starting experiment: Baseline_B5_Step_B_V1
2024-12-23 00:34:30,148 [INFO] Using optimizer: AdamW, lr: 0.0001, momentum: 0, weight_decay: 1
2024-12-23 00:34:30,148 [INFO] Using device: cuda
2024-12-23 00:34:30,149 [INFO] Set random seed: 31
2024-12-23 00:34:37,145 [INFO] Training dataset size: 2152
2024-12-23 00:34:37,145 [INFO] Validation dataset size: 1341
2024-12-23 00:34:37,150 [INFO] Starting training...
2024-12-23 00:34:37,150 [INFO] 
Epoch 26/35
2024-12-23 00:35:25,263 [INFO] Epoch: 25 | Batch: 0/269 | Loss: 0.4365 | Acc: 87.50%
2024-12-23 00:38:11,975 [INFO] Epoch: 25 | Batch: 100/269 | Loss: 0.3635 | Acc: 85.89%
2024-12-23 00:41:02,066 [INFO] Epoch: 25 | Batch: 200/269 | Loss: 0.3743 | Acc: 86.13%
2024-12-23 00:47:36,877 [INFO] Epoch 25 | Train Loss: 0.4242 | Train Accuracy: 86.34%
2024-12-23 00:47:36,877 [INFO] Epoch 25 | Valid Loss: 0.7348 | Valid Accuracy: 73.97% | Valid F1 Score: 0.7358
2024-12-23 00:47:37,897 [INFO] Current learning rate: 0.0001
2024-12-23 00:47:37,897 [INFO] 
Epoch 27/35
2024-12-23 00:48:26,618 [INFO] Epoch: 26 | Batch: 0/269 | Loss: 0.6976 | Acc: 75.00%
2024-12-23 00:51:29,968 [INFO] Epoch: 26 | Batch: 100/269 | Loss: 0.5990 | Acc: 86.26%
2024-12-23 00:54:37,447 [INFO] Epoch: 26 | Batch: 200/269 | Loss: 0.4778 | Acc: 85.95%
2024-12-23 01:01:36,261 [INFO] Epoch 26 | Train Loss: 0.4612 | Train Accuracy: 85.36%
2024-12-23 01:01:36,261 [INFO] Epoch 26 | Valid Loss: 0.7405 | Valid Accuracy: 73.38% | Valid F1 Score: 0.7289
2024-12-23 01:01:36,553 [INFO] Current learning rate: 0.0001
2024-12-23 01:01:36,553 [INFO] 
Epoch 28/35
2024-12-23 01:02:24,999 [INFO] Epoch: 27 | Batch: 0/269 | Loss: 0.7428 | Acc: 75.00%
2024-12-23 01:05:34,252 [INFO] Epoch: 27 | Batch: 100/269 | Loss: 0.7186 | Acc: 87.62%
2024-12-23 01:08:43,407 [INFO] Epoch: 27 | Batch: 200/269 | Loss: 0.4624 | Acc: 87.62%
2024-12-23 01:15:30,603 [INFO] Epoch 27 | Train Loss: 0.4352 | Train Accuracy: 87.13%
2024-12-23 01:15:30,603 [INFO] Epoch 27 | Valid Loss: 0.7197 | Valid Accuracy: 74.72% | Valid F1 Score: 0.7449
2024-12-23 01:15:31,628 [INFO] Current learning rate: 0.0001
2024-12-23 01:15:31,629 [INFO] 
Epoch 29/35
2024-12-23 01:16:20,009 [INFO] Epoch: 28 | Batch: 0/269 | Loss: 0.5926 | Acc: 75.00%
2024-12-23 01:19:30,045 [INFO] Epoch: 28 | Batch: 100/269 | Loss: 0.3511 | Acc: 86.26%
2024-12-23 01:22:42,558 [INFO] Epoch: 28 | Batch: 200/269 | Loss: 0.7255 | Acc: 85.51%
2024-12-23 01:29:37,786 [INFO] Epoch 28 | Train Loss: 0.4464 | Train Accuracy: 85.92%
2024-12-23 01:29:37,797 [INFO] Epoch 28 | Valid Loss: 0.7313 | Valid Accuracy: 73.60% | Valid F1 Score: 0.7351
2024-12-23 01:29:38,086 [INFO] Current learning rate: 0.0001
2024-12-23 01:29:38,086 [INFO] 
Epoch 30/35
2024-12-23 01:30:26,485 [INFO] Epoch: 29 | Batch: 0/269 | Loss: 0.2428 | Acc: 100.00%
2024-12-23 01:33:40,396 [INFO] Epoch: 29 | Batch: 100/269 | Loss: 0.3474 | Acc: 86.39%
2024-12-23 01:36:53,966 [INFO] Epoch: 29 | Batch: 200/269 | Loss: 0.6471 | Acc: 86.88%
2024-12-23 01:43:44,392 [INFO] Epoch 29 | Train Loss: 0.4602 | Train Accuracy: 85.59%
2024-12-23 01:43:44,393 [INFO] Epoch 29 | Valid Loss: 0.7088 | Valid Accuracy: 75.47% | Valid F1 Score: 0.7448
2024-12-23 01:43:45,384 [INFO] Current learning rate: 0.0001
2024-12-23 01:43:45,385 [INFO] 
Epoch 31/35
2024-12-23 01:44:34,544 [INFO] Epoch: 30 | Batch: 0/269 | Loss: 0.5321 | Acc: 87.50%
2024-12-23 01:47:40,674 [INFO] Epoch: 30 | Batch: 100/269 | Loss: 0.2119 | Acc: 87.87%
2024-12-23 01:50:44,434 [INFO] Epoch: 30 | Batch: 200/269 | Loss: 0.6197 | Acc: 87.38%
2024-12-23 01:57:29,651 [INFO] Epoch 30 | Train Loss: 0.4320 | Train Accuracy: 86.57%
2024-12-23 01:57:29,655 [INFO] Epoch 30 | Valid Loss: 0.7381 | Valid Accuracy: 72.71% | Valid F1 Score: 0.7245
2024-12-23 01:57:29,942 [INFO] Current learning rate: 0.0001
2024-12-23 01:57:29,943 [INFO] 
Epoch 32/35
2024-12-23 01:58:19,855 [INFO] Epoch: 31 | Batch: 0/269 | Loss: 0.2561 | Acc: 100.00%
2024-12-23 02:01:27,182 [INFO] Epoch: 31 | Batch: 100/269 | Loss: 0.5167 | Acc: 88.61%
2024-12-23 02:04:30,725 [INFO] Epoch: 31 | Batch: 200/269 | Loss: 0.5668 | Acc: 88.18%
2024-12-23 02:11:13,265 [INFO] Epoch 31 | Train Loss: 0.4360 | Train Accuracy: 87.31%
2024-12-23 02:11:13,265 [INFO] Epoch 31 | Valid Loss: 0.7088 | Valid Accuracy: 75.76% | Valid F1 Score: 0.7568
2024-12-23 02:11:14,338 [INFO] Current learning rate: 0.0001
2024-12-23 02:11:14,339 [INFO] 
Epoch 33/35
2024-12-23 02:12:02,354 [INFO] Epoch: 32 | Batch: 0/269 | Loss: 0.4598 | Acc: 100.00%
2024-12-23 02:15:06,262 [INFO] Epoch: 32 | Batch: 100/269 | Loss: 0.3838 | Acc: 88.00%
2024-12-23 02:18:09,310 [INFO] Epoch: 32 | Batch: 200/269 | Loss: 0.2811 | Acc: 88.12%
2024-12-23 02:25:04,711 [INFO] Epoch 32 | Train Loss: 0.4323 | Train Accuracy: 87.64%
2024-12-23 02:25:04,716 [INFO] Epoch 32 | Valid Loss: 0.7399 | Valid Accuracy: 73.45% | Valid F1 Score: 0.7280
2024-12-23 02:25:05,006 [INFO] Current learning rate: 1e-05
2024-12-23 02:25:05,007 [INFO] 
Epoch 34/35
2024-12-23 02:25:53,896 [INFO] Epoch: 33 | Batch: 0/269 | Loss: 0.3158 | Acc: 100.00%
2024-12-23 02:29:02,869 [INFO] Epoch: 33 | Batch: 100/269 | Loss: 0.4095 | Acc: 87.75%
2024-12-23 02:32:11,473 [INFO] Epoch: 33 | Batch: 200/269 | Loss: 0.3235 | Acc: 88.00%
2024-12-23 02:39:10,094 [INFO] Epoch 33 | Train Loss: 0.4220 | Train Accuracy: 87.83%
2024-12-23 02:39:10,095 [INFO] Epoch 33 | Valid Loss: 0.7172 | Valid Accuracy: 73.83% | Valid F1 Score: 0.7312
2024-12-23 02:39:10,384 [INFO] Current learning rate: 1e-05
2024-12-23 02:39:10,384 [INFO] 
Epoch 35/35
2024-12-23 02:40:00,836 [INFO] Epoch: 34 | Batch: 0/269 | Loss: 0.5054 | Acc: 87.50%
2024-12-23 02:43:04,501 [INFO] Epoch: 34 | Batch: 100/269 | Loss: 0.1413 | Acc: 90.97%
2024-12-23 02:46:09,581 [INFO] Epoch: 34 | Batch: 200/269 | Loss: 0.3839 | Acc: 90.24%
2024-12-23 02:53:00,832 [INFO] Epoch 34 | Train Loss: 0.3847 | Train Accuracy: 89.82%
2024-12-23 02:53:00,832 [INFO] Epoch 34 | Valid Loss: 0.7285 | Valid Accuracy: 74.05% | Valid F1 Score: 0.7351
2024-12-23 02:53:01,126 [INFO] Current learning rate: 1e-05
2024-12-23 02:53:01,126 [INFO] Training completed.
