2024-11-17 05:26:22,100 [INFO] Starting experiment: Baseline_B1_tuned_V1
2024-11-17 05:26:22,128 [INFO] Using device: cuda
2024-11-17 05:26:22,130 [INFO] Set random seed: 31
2024-11-17 05:29:13,186 [INFO] Training dataset size: 2152
2024-11-17 05:29:13,186 [INFO] Validation dataset size: 1341
2024-11-17 05:29:14,223 [INFO] Model initialized: ResNet50
2024-11-17 05:29:14,230 [INFO] Configuration saved to: /teamspace/studios/this_studio/Group-Activity-Recognition/modeling/baseline 1/outputs/Baseline_B1_tuned_V1_20241117_052622/config.yml
2024-11-17 05:29:14,230 [INFO] Starting training...
2024-11-17 05:29:14,230 [INFO] 
Epoch 1/50
2024-11-17 05:29:52,363 [INFO] Epoch: 0 | Batch: 0/68 | Loss: 2.0891 | Acc: 3.12%
2024-11-17 05:29:53,573 [INFO] Epoch: 0 | Batch: 10/68 | Loss: 1.9747 | Acc: 15.06%
2024-11-17 05:29:54,786 [INFO] Epoch: 0 | Batch: 20/68 | Loss: 1.8378 | Acc: 18.90%
2024-11-17 05:29:55,998 [INFO] Epoch: 0 | Batch: 30/68 | Loss: 1.6683 | Acc: 25.10%
2024-11-17 05:29:57,213 [INFO] Epoch: 0 | Batch: 40/68 | Loss: 1.2348 | Acc: 30.56%
2024-11-17 05:29:58,429 [INFO] Epoch: 0 | Batch: 50/68 | Loss: 1.3107 | Acc: 33.03%
2024-11-17 05:29:59,639 [INFO] Epoch: 0 | Batch: 60/68 | Loss: 1.1854 | Acc: 35.86%
2024-11-17 05:30:43,916 [INFO] Epoch 0 | Valid Loss: 2.6295 | Accuracy: 37.81% | F1 Score: 0.3252
2024-11-17 05:30:43,930 [INFO] Current learning rate: 0.001
2024-11-17 05:30:44,380 [INFO] 
Epoch 2/50
2024-11-17 05:31:21,506 [INFO] Epoch: 1 | Batch: 0/68 | Loss: 1.1229 | Acc: 62.50%
2024-11-17 05:31:22,719 [INFO] Epoch: 1 | Batch: 10/68 | Loss: 0.9192 | Acc: 61.65%
2024-11-17 05:31:23,932 [INFO] Epoch: 1 | Batch: 20/68 | Loss: 0.7767 | Acc: 63.10%
2024-11-17 05:31:25,150 [INFO] Epoch: 1 | Batch: 30/68 | Loss: 0.8070 | Acc: 64.72%
2024-11-17 05:31:26,361 [INFO] Epoch: 1 | Batch: 40/68 | Loss: 0.6158 | Acc: 66.62%
2024-11-17 05:31:27,574 [INFO] Epoch: 1 | Batch: 50/68 | Loss: 0.7511 | Acc: 66.30%
2024-11-17 05:31:28,792 [INFO] Epoch: 1 | Batch: 60/68 | Loss: 0.9151 | Acc: 66.09%
2024-11-17 05:32:12,722 [INFO] Epoch 1 | Valid Loss: 1.6093 | Accuracy: 52.35% | F1 Score: 0.5073
2024-11-17 05:32:12,732 [INFO] Current learning rate: 0.001
2024-11-17 05:32:13,180 [INFO] 
Epoch 3/50
2024-11-17 05:32:50,187 [INFO] Epoch: 2 | Batch: 0/68 | Loss: 0.8814 | Acc: 68.75%
2024-11-17 05:32:51,402 [INFO] Epoch: 2 | Batch: 10/68 | Loss: 0.7087 | Acc: 70.45%
2024-11-17 05:32:52,616 [INFO] Epoch: 2 | Batch: 20/68 | Loss: 0.5733 | Acc: 73.21%
2024-11-17 05:32:53,829 [INFO] Epoch: 2 | Batch: 30/68 | Loss: 0.6339 | Acc: 74.50%
2024-11-17 05:32:55,046 [INFO] Epoch: 2 | Batch: 40/68 | Loss: 0.6051 | Acc: 75.38%
2024-11-17 05:32:56,260 [INFO] Epoch: 2 | Batch: 50/68 | Loss: 0.5510 | Acc: 74.51%
2024-11-17 05:32:57,474 [INFO] Epoch: 2 | Batch: 60/68 | Loss: 0.5722 | Acc: 73.92%
2024-11-17 05:33:41,637 [INFO] Epoch 2 | Valid Loss: 1.4826 | Accuracy: 49.74% | F1 Score: 0.4685
2024-11-17 05:33:41,647 [INFO] Current learning rate: 0.001
2024-11-17 05:33:42,090 [INFO] 
Epoch 4/50
2024-11-17 05:34:18,528 [INFO] Epoch: 3 | Batch: 0/68 | Loss: 0.5302 | Acc: 90.62%
2024-11-17 05:34:19,739 [INFO] Epoch: 3 | Batch: 10/68 | Loss: 0.3243 | Acc: 82.39%
2024-11-17 05:34:20,953 [INFO] Epoch: 3 | Batch: 20/68 | Loss: 0.6005 | Acc: 80.80%
2024-11-17 05:34:22,170 [INFO] Epoch: 3 | Batch: 30/68 | Loss: 0.7949 | Acc: 81.96%
2024-11-17 05:34:23,386 [INFO] Epoch: 3 | Batch: 40/68 | Loss: 0.3804 | Acc: 82.24%
2024-11-17 05:34:24,601 [INFO] Epoch: 3 | Batch: 50/68 | Loss: 0.3076 | Acc: 82.05%
2024-11-17 05:34:25,817 [INFO] Epoch: 3 | Batch: 60/68 | Loss: 0.5300 | Acc: 81.92%
2024-11-17 05:35:09,974 [INFO] Epoch 3 | Valid Loss: 2.1367 | Accuracy: 44.82% | F1 Score: 0.4012
2024-11-17 05:35:09,984 [INFO] Current learning rate: 0.001
2024-11-17 05:35:10,440 [INFO] 
Epoch 5/50
2024-11-17 05:35:47,108 [INFO] Epoch: 4 | Batch: 0/68 | Loss: 0.4514 | Acc: 78.12%
2024-11-17 05:35:48,324 [INFO] Epoch: 4 | Batch: 10/68 | Loss: 0.3957 | Acc: 79.83%
2024-11-17 05:35:49,536 [INFO] Epoch: 4 | Batch: 20/68 | Loss: 0.2247 | Acc: 82.59%
2024-11-17 05:35:50,748 [INFO] Epoch: 4 | Batch: 30/68 | Loss: 0.3935 | Acc: 83.47%
2024-11-17 05:35:51,963 [INFO] Epoch: 4 | Batch: 40/68 | Loss: 0.4526 | Acc: 84.30%
2024-11-17 05:35:53,178 [INFO] Epoch: 4 | Batch: 50/68 | Loss: 0.2985 | Acc: 84.50%
2024-11-17 05:35:54,393 [INFO] Epoch: 4 | Batch: 60/68 | Loss: 0.2537 | Acc: 84.73%
2024-11-17 05:36:38,066 [INFO] Epoch 4 | Valid Loss: 1.9672 | Accuracy: 56.67% | F1 Score: 0.5599
2024-11-17 05:36:38,076 [INFO] Current learning rate: 0.001
2024-11-17 05:36:38,529 [INFO] 
Epoch 6/50
2024-11-17 05:37:15,505 [INFO] Epoch: 5 | Batch: 0/68 | Loss: 0.2419 | Acc: 90.62%
2024-11-17 05:37:16,720 [INFO] Epoch: 5 | Batch: 10/68 | Loss: 0.7305 | Acc: 85.80%
2024-11-17 05:37:17,936 [INFO] Epoch: 5 | Batch: 20/68 | Loss: 0.1658 | Acc: 86.90%
2024-11-17 05:37:19,147 [INFO] Epoch: 5 | Batch: 30/68 | Loss: 0.2841 | Acc: 88.71%
2024-11-17 05:37:20,363 [INFO] Epoch: 5 | Batch: 40/68 | Loss: 0.4717 | Acc: 88.34%
2024-11-17 05:37:21,575 [INFO] Epoch: 5 | Batch: 50/68 | Loss: 0.3600 | Acc: 88.05%
2024-11-17 05:37:22,791 [INFO] Epoch: 5 | Batch: 60/68 | Loss: 0.4225 | Acc: 88.01%
2024-11-17 05:38:06,760 [INFO] Epoch 5 | Valid Loss: 1.1626 | Accuracy: 67.19% | F1 Score: 0.6677
2024-11-17 05:38:06,770 [INFO] Current learning rate: 0.001
2024-11-17 05:38:07,222 [INFO] 
Epoch 7/50
2024-11-17 05:38:43,666 [INFO] Epoch: 6 | Batch: 0/68 | Loss: 0.1360 | Acc: 96.88%
2024-11-17 05:38:44,878 [INFO] Epoch: 6 | Batch: 10/68 | Loss: 0.2711 | Acc: 92.90%
2024-11-17 05:38:46,091 [INFO] Epoch: 6 | Batch: 20/68 | Loss: 0.2358 | Acc: 92.86%
2024-11-17 05:38:47,304 [INFO] Epoch: 6 | Batch: 30/68 | Loss: 0.1644 | Acc: 93.04%
2024-11-17 05:38:48,519 [INFO] Epoch: 6 | Batch: 40/68 | Loss: 0.1977 | Acc: 93.45%
2024-11-17 05:38:49,735 [INFO] Epoch: 6 | Batch: 50/68 | Loss: 0.1406 | Acc: 93.26%
2024-11-17 05:38:50,949 [INFO] Epoch: 6 | Batch: 60/68 | Loss: 0.3909 | Acc: 92.78%
2024-11-17 05:39:35,555 [INFO] Epoch 6 | Valid Loss: 1.7347 | Accuracy: 59.51% | F1 Score: 0.5897
2024-11-17 05:39:35,565 [INFO] Current learning rate: 0.001
2024-11-17 05:39:36,017 [INFO] 
Epoch 8/50
2024-11-17 05:40:12,304 [INFO] Epoch: 7 | Batch: 0/68 | Loss: 0.2075 | Acc: 90.62%
2024-11-17 05:40:13,517 [INFO] Epoch: 7 | Batch: 10/68 | Loss: 0.0280 | Acc: 95.74%
2024-11-17 05:40:14,732 [INFO] Epoch: 7 | Batch: 20/68 | Loss: 0.2101 | Acc: 94.79%
2024-11-17 05:40:15,946 [INFO] Epoch: 7 | Batch: 30/68 | Loss: 0.2816 | Acc: 94.25%
2024-11-17 05:40:17,159 [INFO] Epoch: 7 | Batch: 40/68 | Loss: 0.1495 | Acc: 93.60%
2024-11-17 05:40:18,375 [INFO] Epoch: 7 | Batch: 50/68 | Loss: 0.2154 | Acc: 93.50%
2024-11-17 05:40:19,595 [INFO] Epoch: 7 | Batch: 60/68 | Loss: 0.3229 | Acc: 92.93%
2024-11-17 05:41:03,281 [INFO] Epoch 7 | Valid Loss: 2.2014 | Accuracy: 53.24% | F1 Score: 0.4842
2024-11-17 05:41:03,292 [INFO] Current learning rate: 0.001
2024-11-17 05:41:03,738 [INFO] 
Epoch 9/50
2024-11-17 05:41:40,533 [INFO] Epoch: 8 | Batch: 0/68 | Loss: 0.1913 | Acc: 93.75%
2024-11-17 05:41:41,746 [INFO] Epoch: 8 | Batch: 10/68 | Loss: 0.3930 | Acc: 93.75%
2024-11-17 05:41:42,958 [INFO] Epoch: 8 | Batch: 20/68 | Loss: 0.1586 | Acc: 92.41%
2024-11-17 05:41:44,172 [INFO] Epoch: 8 | Batch: 30/68 | Loss: 0.1187 | Acc: 92.54%
2024-11-17 05:41:45,383 [INFO] Epoch: 8 | Batch: 40/68 | Loss: 0.2498 | Acc: 92.99%
2024-11-17 05:41:46,600 [INFO] Epoch: 8 | Batch: 50/68 | Loss: 0.1286 | Acc: 93.01%
2024-11-17 05:41:47,815 [INFO] Epoch: 8 | Batch: 60/68 | Loss: 0.1216 | Acc: 93.19%
2024-11-17 05:42:31,193 [INFO] Epoch 8 | Valid Loss: 1.5171 | Accuracy: 63.53% | F1 Score: 0.6270
2024-11-17 05:42:31,211 [INFO] Current learning rate: 0.001
2024-11-17 05:42:31,661 [INFO] 
Epoch 10/50
2024-11-17 05:43:08,168 [INFO] Epoch: 9 | Batch: 0/68 | Loss: 0.1430 | Acc: 93.75%
2024-11-17 05:43:09,381 [INFO] Epoch: 9 | Batch: 10/68 | Loss: 0.0575 | Acc: 96.31%
2024-11-17 05:43:10,595 [INFO] Epoch: 9 | Batch: 20/68 | Loss: 0.0219 | Acc: 97.17%
2024-11-17 05:43:11,812 [INFO] Epoch: 9 | Batch: 30/68 | Loss: 0.1070 | Acc: 97.18%
2024-11-17 05:43:13,026 [INFO] Epoch: 9 | Batch: 40/68 | Loss: 0.0898 | Acc: 97.26%
2024-11-17 05:43:14,240 [INFO] Epoch: 9 | Batch: 50/68 | Loss: 0.0907 | Acc: 96.81%
2024-11-17 05:43:15,456 [INFO] Epoch: 9 | Batch: 60/68 | Loss: 0.0472 | Acc: 97.03%
2024-11-17 05:43:59,476 [INFO] Epoch 9 | Valid Loss: 1.9105 | Accuracy: 64.06% | F1 Score: 0.6417
2024-11-17 05:43:59,486 [INFO] Current learning rate: 0.001
2024-11-17 05:43:59,940 [INFO] 
Epoch 11/50
2024-11-17 05:44:36,201 [INFO] Epoch: 10 | Batch: 0/68 | Loss: 0.0846 | Acc: 100.00%
2024-11-17 05:44:37,414 [INFO] Epoch: 10 | Batch: 10/68 | Loss: 0.0450 | Acc: 98.58%
2024-11-17 05:44:38,630 [INFO] Epoch: 10 | Batch: 20/68 | Loss: 0.0647 | Acc: 97.47%
2024-11-17 05:44:39,847 [INFO] Epoch: 10 | Batch: 30/68 | Loss: 0.0656 | Acc: 96.98%
2024-11-17 05:44:41,062 [INFO] Epoch: 10 | Batch: 40/68 | Loss: 0.1002 | Acc: 96.95%
2024-11-17 05:44:42,274 [INFO] Epoch: 10 | Batch: 50/68 | Loss: 0.0358 | Acc: 96.63%
2024-11-17 05:44:43,488 [INFO] Epoch: 10 | Batch: 60/68 | Loss: 0.2097 | Acc: 95.95%
2024-11-17 05:45:27,080 [INFO] Epoch 10 | Valid Loss: 2.4169 | Accuracy: 52.65% | F1 Score: 0.4979
2024-11-17 05:45:27,091 [INFO] Current learning rate: 0.001
2024-11-17 05:45:27,549 [INFO] 
Epoch 12/50
2024-11-17 05:46:04,484 [INFO] Epoch: 11 | Batch: 0/68 | Loss: 0.1832 | Acc: 93.75%
2024-11-17 05:46:05,698 [INFO] Epoch: 11 | Batch: 10/68 | Loss: 0.0780 | Acc: 95.45%
2024-11-17 05:46:06,911 [INFO] Epoch: 11 | Batch: 20/68 | Loss: 0.0963 | Acc: 93.90%
2024-11-17 05:46:08,128 [INFO] Epoch: 11 | Batch: 30/68 | Loss: 0.0750 | Acc: 94.25%
2024-11-17 05:46:09,342 [INFO] Epoch: 11 | Batch: 40/68 | Loss: 0.0550 | Acc: 94.51%
2024-11-17 05:46:10,558 [INFO] Epoch: 11 | Batch: 50/68 | Loss: 0.1314 | Acc: 94.79%
2024-11-17 05:46:11,775 [INFO] Epoch: 11 | Batch: 60/68 | Loss: 0.0954 | Acc: 94.72%
2024-11-17 05:46:55,436 [INFO] Epoch 11 | Valid Loss: 2.1107 | Accuracy: 61.07% | F1 Score: 0.6055
2024-11-17 05:46:55,446 [INFO] Current learning rate: 0.0001
2024-11-17 05:46:55,917 [INFO] 
Epoch 13/50
2024-11-17 05:47:32,966 [INFO] Epoch: 12 | Batch: 0/68 | Loss: 0.1155 | Acc: 96.88%
2024-11-17 05:47:34,183 [INFO] Epoch: 12 | Batch: 10/68 | Loss: 0.0537 | Acc: 95.17%
2024-11-17 05:47:35,396 [INFO] Epoch: 12 | Batch: 20/68 | Loss: 0.1922 | Acc: 96.28%
2024-11-17 05:47:36,610 [INFO] Epoch: 12 | Batch: 30/68 | Loss: 0.0528 | Acc: 97.08%
2024-11-17 05:47:37,826 [INFO] Epoch: 12 | Batch: 40/68 | Loss: 0.0162 | Acc: 97.79%
2024-11-17 05:47:39,040 [INFO] Epoch: 12 | Batch: 50/68 | Loss: 0.0944 | Acc: 97.98%
2024-11-17 05:47:40,255 [INFO] Epoch: 12 | Batch: 60/68 | Loss: 0.0147 | Acc: 98.31%
2024-11-17 05:48:23,750 [INFO] Epoch 12 | Valid Loss: 1.2328 | Accuracy: 69.80% | F1 Score: 0.6978
2024-11-17 05:48:23,760 [INFO] Current learning rate: 0.0001
2024-11-17 05:48:24,205 [INFO] 
Epoch 14/50
2024-11-17 05:49:00,486 [INFO] Epoch: 13 | Batch: 0/68 | Loss: 0.0616 | Acc: 96.88%
2024-11-17 05:49:01,711 [INFO] Epoch: 13 | Batch: 10/68 | Loss: 0.0292 | Acc: 99.72%
2024-11-17 05:49:02,926 [INFO] Epoch: 13 | Batch: 20/68 | Loss: 0.0074 | Acc: 99.70%
2024-11-17 05:49:04,140 [INFO] Epoch: 13 | Batch: 30/68 | Loss: 0.0207 | Acc: 99.70%
2024-11-17 05:49:05,356 [INFO] Epoch: 13 | Batch: 40/68 | Loss: 0.0051 | Acc: 99.77%
2024-11-17 05:49:06,568 [INFO] Epoch: 13 | Batch: 50/68 | Loss: 0.0038 | Acc: 99.82%
2024-11-17 05:49:07,782 [INFO] Epoch: 13 | Batch: 60/68 | Loss: 0.0159 | Acc: 99.85%
2024-11-17 05:49:51,583 [INFO] Epoch 13 | Valid Loss: 1.2327 | Accuracy: 71.14% | F1 Score: 0.7105
2024-11-17 05:49:51,596 [INFO] Current learning rate: 0.0001
2024-11-17 05:49:52,052 [INFO] 
Epoch 15/50
2024-11-17 05:50:28,581 [INFO] Epoch: 14 | Batch: 0/68 | Loss: 0.0305 | Acc: 100.00%
2024-11-17 05:50:29,797 [INFO] Epoch: 14 | Batch: 10/68 | Loss: 0.0082 | Acc: 100.00%
2024-11-17 05:50:31,013 [INFO] Epoch: 14 | Batch: 20/68 | Loss: 0.0160 | Acc: 99.85%
2024-11-17 05:50:32,226 [INFO] Epoch: 14 | Batch: 30/68 | Loss: 0.0332 | Acc: 99.80%
2024-11-17 05:50:33,439 [INFO] Epoch: 14 | Batch: 40/68 | Loss: 0.0204 | Acc: 99.77%
2024-11-17 05:50:34,655 [INFO] Epoch: 14 | Batch: 50/68 | Loss: 0.0234 | Acc: 99.82%
2024-11-17 05:50:35,869 [INFO] Epoch: 14 | Batch: 60/68 | Loss: 0.0039 | Acc: 99.85%
2024-11-17 05:51:19,595 [INFO] Epoch 14 | Valid Loss: 1.2339 | Accuracy: 71.36% | F1 Score: 0.7128
2024-11-17 05:51:19,612 [INFO] Current learning rate: 0.0001
2024-11-17 05:51:20,062 [INFO] 
Epoch 16/50
2024-11-17 05:51:57,192 [INFO] Epoch: 15 | Batch: 0/68 | Loss: 0.0052 | Acc: 100.00%
2024-11-17 05:51:58,406 [INFO] Epoch: 15 | Batch: 10/68 | Loss: 0.0059 | Acc: 100.00%
2024-11-17 05:51:59,617 [INFO] Epoch: 15 | Batch: 20/68 | Loss: 0.0501 | Acc: 99.85%
2024-11-17 05:52:00,830 [INFO] Epoch: 15 | Batch: 30/68 | Loss: 0.0081 | Acc: 99.90%
2024-11-17 05:52:02,040 [INFO] Epoch: 15 | Batch: 40/68 | Loss: 0.0116 | Acc: 99.92%
2024-11-17 05:52:03,252 [INFO] Epoch: 15 | Batch: 50/68 | Loss: 0.0036 | Acc: 99.94%
2024-11-17 05:52:04,465 [INFO] Epoch: 15 | Batch: 60/68 | Loss: 0.0044 | Acc: 99.90%
2024-11-17 05:52:48,287 [INFO] Epoch 15 | Valid Loss: 1.2586 | Accuracy: 71.51% | F1 Score: 0.7141
2024-11-17 05:52:48,303 [INFO] Current learning rate: 0.0001
2024-11-17 05:52:48,760 [INFO] 
Epoch 17/50
2024-11-17 05:53:25,047 [INFO] Epoch: 16 | Batch: 0/68 | Loss: 0.0060 | Acc: 100.00%
2024-11-17 05:53:26,262 [INFO] Epoch: 16 | Batch: 10/68 | Loss: 0.0051 | Acc: 100.00%
2024-11-17 05:53:27,474 [INFO] Epoch: 16 | Batch: 20/68 | Loss: 0.0043 | Acc: 100.00%
2024-11-17 05:53:28,690 [INFO] Epoch: 16 | Batch: 30/68 | Loss: 0.0118 | Acc: 100.00%
2024-11-17 05:53:29,906 [INFO] Epoch: 16 | Batch: 40/68 | Loss: 0.0044 | Acc: 100.00%
2024-11-17 05:53:31,118 [INFO] Epoch: 16 | Batch: 50/68 | Loss: 0.0080 | Acc: 100.00%
2024-11-17 05:53:32,330 [INFO] Epoch: 16 | Batch: 60/68 | Loss: 0.0114 | Acc: 100.00%
2024-11-17 05:54:16,442 [INFO] Epoch 16 | Valid Loss: 1.2755 | Accuracy: 72.41% | F1 Score: 0.7232
2024-11-17 05:54:16,452 [INFO] Current learning rate: 0.0001
2024-11-17 05:54:16,896 [INFO] 
Epoch 18/50
2024-11-17 05:54:53,086 [INFO] Epoch: 17 | Batch: 0/68 | Loss: 0.0039 | Acc: 100.00%
2024-11-17 05:54:54,308 [INFO] Epoch: 17 | Batch: 10/68 | Loss: 0.0050 | Acc: 100.00%
2024-11-17 05:54:55,534 [INFO] Epoch: 17 | Batch: 20/68 | Loss: 0.0010 | Acc: 100.00%
2024-11-17 05:54:56,744 [INFO] Epoch: 17 | Batch: 30/68 | Loss: 0.0035 | Acc: 100.00%
2024-11-17 05:54:57,957 [INFO] Epoch: 17 | Batch: 40/68 | Loss: 0.0013 | Acc: 100.00%
2024-11-17 05:54:59,172 [INFO] Epoch: 17 | Batch: 50/68 | Loss: 0.0038 | Acc: 100.00%
2024-11-17 05:55:00,384 [INFO] Epoch: 17 | Batch: 60/68 | Loss: 0.0015 | Acc: 100.00%
2024-11-17 05:55:44,139 [INFO] Epoch 17 | Valid Loss: 1.2945 | Accuracy: 71.66% | F1 Score: 0.7154
2024-11-17 05:55:44,149 [INFO] Current learning rate: 1e-05
2024-11-17 05:55:44,591 [INFO] 
Epoch 19/50
2024-11-17 05:56:21,670 [INFO] Epoch: 18 | Batch: 0/68 | Loss: 0.0079 | Acc: 100.00%
2024-11-17 05:56:22,883 [INFO] Epoch: 18 | Batch: 10/68 | Loss: 0.0022 | Acc: 100.00%
2024-11-17 05:56:24,094 [INFO] Epoch: 18 | Batch: 20/68 | Loss: 0.0045 | Acc: 100.00%
2024-11-17 05:56:25,307 [INFO] Epoch: 18 | Batch: 30/68 | Loss: 0.0075 | Acc: 100.00%
2024-11-17 05:56:26,525 [INFO] Epoch: 18 | Batch: 40/68 | Loss: 0.0057 | Acc: 100.00%
2024-11-17 05:56:27,738 [INFO] Epoch: 18 | Batch: 50/68 | Loss: 0.0032 | Acc: 100.00%
2024-11-17 05:56:28,953 [INFO] Epoch: 18 | Batch: 60/68 | Loss: 0.0047 | Acc: 100.00%
2024-11-17 05:57:12,864 [INFO] Epoch 18 | Valid Loss: 1.3109 | Accuracy: 71.89% | F1 Score: 0.7185
2024-11-17 05:57:12,874 [INFO] Current learning rate: 1e-05
2024-11-17 05:57:13,332 [INFO] 
Epoch 20/50
2024-11-17 05:57:49,970 [INFO] Epoch: 19 | Batch: 0/68 | Loss: 0.0019 | Acc: 100.00%
2024-11-17 05:57:51,182 [INFO] Epoch: 19 | Batch: 10/68 | Loss: 0.0083 | Acc: 100.00%
2024-11-17 05:57:52,396 [INFO] Epoch: 19 | Batch: 20/68 | Loss: 0.0055 | Acc: 100.00%
2024-11-17 05:57:53,610 [INFO] Epoch: 19 | Batch: 30/68 | Loss: 0.0031 | Acc: 100.00%
2024-11-17 05:57:54,832 [INFO] Epoch: 19 | Batch: 40/68 | Loss: 0.0094 | Acc: 100.00%
2024-11-17 05:57:56,047 [INFO] Epoch: 19 | Batch: 50/68 | Loss: 0.0051 | Acc: 100.00%
2024-11-17 05:57:57,262 [INFO] Epoch: 19 | Batch: 60/68 | Loss: 0.0241 | Acc: 100.00%
2024-11-17 05:58:41,738 [INFO] Epoch 19 | Valid Loss: 1.3004 | Accuracy: 71.66% | F1 Score: 0.7148
2024-11-17 05:58:41,748 [INFO] Current learning rate: 1e-05
2024-11-17 05:58:42,193 [INFO] 
Epoch 21/50
2024-11-17 05:59:18,610 [INFO] Epoch: 20 | Batch: 0/68 | Loss: 0.0021 | Acc: 100.00%
2024-11-17 05:59:19,823 [INFO] Epoch: 20 | Batch: 10/68 | Loss: 0.0049 | Acc: 100.00%
2024-11-17 05:59:21,036 [INFO] Epoch: 20 | Batch: 20/68 | Loss: 0.0037 | Acc: 100.00%
2024-11-17 05:59:22,251 [INFO] Epoch: 20 | Batch: 30/68 | Loss: 0.0028 | Acc: 100.00%
2024-11-17 05:59:23,464 [INFO] Epoch: 20 | Batch: 40/68 | Loss: 0.0231 | Acc: 100.00%
2024-11-17 05:59:24,675 [INFO] Epoch: 20 | Batch: 50/68 | Loss: 0.0041 | Acc: 100.00%
2024-11-17 05:59:25,888 [INFO] Epoch: 20 | Batch: 60/68 | Loss: 0.0022 | Acc: 100.00%
2024-11-17 06:00:09,873 [INFO] Epoch 20 | Valid Loss: 1.2936 | Accuracy: 71.22% | F1 Score: 0.7106
2024-11-17 06:00:09,883 [INFO] Current learning rate: 1e-05
2024-11-17 06:00:10,345 [INFO] 
Epoch 22/50
2024-11-17 06:00:47,274 [INFO] Epoch: 21 | Batch: 0/68 | Loss: 0.0309 | Acc: 100.00%
2024-11-17 06:00:48,486 [INFO] Epoch: 21 | Batch: 10/68 | Loss: 0.0020 | Acc: 100.00%
2024-11-17 06:00:49,699 [INFO] Epoch: 21 | Batch: 20/68 | Loss: 0.0041 | Acc: 100.00%
2024-11-17 06:00:50,911 [INFO] Epoch: 21 | Batch: 30/68 | Loss: 0.0079 | Acc: 100.00%
2024-11-17 06:00:52,127 [INFO] Epoch: 21 | Batch: 40/68 | Loss: 0.0015 | Acc: 100.00%
2024-11-17 06:00:53,341 [INFO] Epoch: 21 | Batch: 50/68 | Loss: 0.0035 | Acc: 100.00%
2024-11-17 06:00:54,558 [INFO] Epoch: 21 | Batch: 60/68 | Loss: 0.0092 | Acc: 100.00%
2024-11-17 06:01:38,416 [INFO] Epoch 21 | Valid Loss: 1.2763 | Accuracy: 71.81% | F1 Score: 0.7171
2024-11-17 06:01:38,428 [INFO] Current learning rate: 1e-05
2024-11-17 06:01:38,887 [INFO] 
Epoch 23/50
2024-11-17 06:02:15,137 [INFO] Epoch: 22 | Batch: 0/68 | Loss: 0.0050 | Acc: 100.00%
2024-11-17 06:02:16,347 [INFO] Epoch: 22 | Batch: 10/68 | Loss: 0.0025 | Acc: 100.00%
2024-11-17 06:02:17,562 [INFO] Epoch: 22 | Batch: 20/68 | Loss: 0.0154 | Acc: 100.00%
2024-11-17 06:02:18,775 [INFO] Epoch: 22 | Batch: 30/68 | Loss: 0.0167 | Acc: 100.00%
2024-11-17 06:02:19,987 [INFO] Epoch: 22 | Batch: 40/68 | Loss: 0.0037 | Acc: 100.00%
2024-11-17 06:02:21,198 [INFO] Epoch: 22 | Batch: 50/68 | Loss: 0.0035 | Acc: 100.00%
2024-11-17 06:02:22,412 [INFO] Epoch: 22 | Batch: 60/68 | Loss: 0.0054 | Acc: 100.00%
2024-11-17 06:03:06,569 [INFO] Epoch 22 | Valid Loss: 1.2927 | Accuracy: 71.44% | F1 Score: 0.7129
2024-11-17 06:03:06,579 [INFO] Current learning rate: 1e-05
2024-11-17 06:03:07,030 [INFO] 
Epoch 24/50
2024-11-17 06:03:43,264 [INFO] Epoch: 23 | Batch: 0/68 | Loss: 0.0062 | Acc: 100.00%
2024-11-17 06:03:44,475 [INFO] Epoch: 23 | Batch: 10/68 | Loss: 0.0022 | Acc: 100.00%
2024-11-17 06:03:45,689 [INFO] Epoch: 23 | Batch: 20/68 | Loss: 0.0013 | Acc: 100.00%
2024-11-17 06:03:46,901 [INFO] Epoch: 23 | Batch: 30/68 | Loss: 0.0026 | Acc: 100.00%
2024-11-17 06:03:48,116 [INFO] Epoch: 23 | Batch: 40/68 | Loss: 0.0034 | Acc: 100.00%
2024-11-17 06:03:49,329 [INFO] Epoch: 23 | Batch: 50/68 | Loss: 0.0089 | Acc: 100.00%
2024-11-17 06:03:50,542 [INFO] Epoch: 23 | Batch: 60/68 | Loss: 0.0016 | Acc: 100.00%
2024-11-17 06:04:34,235 [INFO] Epoch 23 | Valid Loss: 1.3102 | Accuracy: 72.26% | F1 Score: 0.7215
2024-11-17 06:04:34,245 [INFO] Current learning rate: 1.0000000000000002e-06
2024-11-17 06:04:34,706 [INFO] 
Epoch 25/50
2024-11-17 06:05:11,290 [INFO] Epoch: 24 | Batch: 0/68 | Loss: 0.0087 | Acc: 100.00%
2024-11-17 06:05:12,504 [INFO] Epoch: 24 | Batch: 10/68 | Loss: 0.0047 | Acc: 100.00%
2024-11-17 06:05:13,716 [INFO] Epoch: 24 | Batch: 20/68 | Loss: 0.0019 | Acc: 100.00%
2024-11-17 06:05:14,929 [INFO] Epoch: 24 | Batch: 30/68 | Loss: 0.0041 | Acc: 100.00%
2024-11-17 06:05:16,140 [INFO] Epoch: 24 | Batch: 40/68 | Loss: 0.0014 | Acc: 100.00%
2024-11-17 06:05:17,364 [INFO] Epoch: 24 | Batch: 50/68 | Loss: 0.0024 | Acc: 100.00%
2024-11-17 06:05:18,577 [INFO] Epoch: 24 | Batch: 60/68 | Loss: 0.0039 | Acc: 100.00%
2024-11-17 06:06:02,348 [INFO] Epoch 24 | Valid Loss: 1.2950 | Accuracy: 71.81% | F1 Score: 0.7170
2024-11-17 06:06:02,357 [INFO] Current learning rate: 1.0000000000000002e-06
2024-11-17 06:06:02,803 [INFO] 
Epoch 26/50
