2024-12-05 03:32:04,062 [INFO] Starting experiment: Baseline_B3_step_B_V1
2024-12-05 03:32:04,063 [INFO] Using device: cuda
2024-12-05 03:32:04,064 [INFO] Set random seed: 31
2024-12-05 03:32:10,731 [INFO] Training dataset size: 19368
2024-12-05 03:32:10,731 [INFO] Validation dataset size: 12069
2024-12-05 03:32:10,735 [INFO] Starting training...
2024-12-05 03:32:10,735 [INFO] 
Epoch 1/10
2024-12-05 03:32:16,161 [INFO] Epoch: 0 | Batch: 0/606 | Loss: 2.1128 | Acc: 18.75%
2024-12-05 03:33:32,718 [INFO] Epoch: 0 | Batch: 100/606 | Loss: 0.6662 | Acc: 59.22%
2024-12-05 03:34:46,043 [INFO] Epoch: 0 | Batch: 200/606 | Loss: 0.5115 | Acc: 67.91%
2024-12-05 03:35:55,187 [INFO] Epoch: 0 | Batch: 300/606 | Loss: 0.4065 | Acc: 72.29%
2024-12-05 03:36:59,204 [INFO] Epoch: 0 | Batch: 400/606 | Loss: 0.5509 | Acc: 75.01%
2024-12-05 03:37:59,581 [INFO] Epoch: 0 | Batch: 500/606 | Loss: 0.6525 | Acc: 77.05%
2024-12-05 03:38:58,434 [INFO] Epoch: 0 | Batch: 600/606 | Loss: 0.5065 | Acc: 78.73%
2024-12-05 03:45:18,339 [INFO] Epoch 0 | Valid Loss: 0.8133 | Accuracy: 71.04% | F1 Score: 0.7110
2024-12-05 03:45:19,281 [INFO] Current learning rate: 0.0001
2024-12-05 03:45:19,281 [INFO] 
Epoch 2/10
2024-12-05 03:45:22,028 [INFO] Epoch: 1 | Batch: 0/606 | Loss: 0.3603 | Acc: 90.62%
2024-12-05 03:46:14,743 [INFO] Epoch: 1 | Batch: 100/606 | Loss: 0.4173 | Acc: 88.89%
2024-12-05 03:47:07,496 [INFO] Epoch: 1 | Batch: 200/606 | Loss: 0.3247 | Acc: 89.26%
2024-12-05 03:48:00,208 [INFO] Epoch: 1 | Batch: 300/606 | Loss: 0.2639 | Acc: 89.09%
2024-12-05 03:48:52,973 [INFO] Epoch: 1 | Batch: 400/606 | Loss: 0.2480 | Acc: 89.35%
2024-12-05 03:49:45,659 [INFO] Epoch: 1 | Batch: 500/606 | Loss: 0.2988 | Acc: 89.62%
2024-12-05 03:50:38,383 [INFO] Epoch: 1 | Batch: 600/606 | Loss: 0.1883 | Acc: 89.75%
2024-12-05 03:56:52,981 [INFO] Epoch 1 | Valid Loss: 0.7480 | Accuracy: 73.03% | F1 Score: 0.7305
2024-12-05 03:56:54,003 [INFO] Current learning rate: 0.0001
2024-12-05 03:56:54,003 [INFO] 
Epoch 3/10
2024-12-05 03:56:56,401 [INFO] Epoch: 2 | Batch: 0/606 | Loss: 0.2859 | Acc: 87.50%
2024-12-05 03:57:49,128 [INFO] Epoch: 2 | Batch: 100/606 | Loss: 0.1525 | Acc: 92.61%
2024-12-05 03:58:41,887 [INFO] Epoch: 2 | Batch: 200/606 | Loss: 0.3004 | Acc: 92.83%
2024-12-05 03:59:34,585 [INFO] Epoch: 2 | Batch: 300/606 | Loss: 0.3750 | Acc: 92.68%
2024-12-05 04:00:27,446 [INFO] Epoch: 2 | Batch: 400/606 | Loss: 0.2736 | Acc: 92.65%
2024-12-05 04:01:20,193 [INFO] Epoch: 2 | Batch: 500/606 | Loss: 0.2046 | Acc: 92.71%
2024-12-05 04:02:12,948 [INFO] Epoch: 2 | Batch: 600/606 | Loss: 0.2416 | Acc: 92.64%
2024-12-05 04:08:28,063 [INFO] Epoch 2 | Valid Loss: 0.7438 | Accuracy: 73.45% | F1 Score: 0.7356
2024-12-05 04:08:29,331 [INFO] Current learning rate: 0.0001
2024-12-05 04:08:29,331 [INFO] 
Epoch 4/10
2024-12-05 04:08:32,310 [INFO] Epoch: 3 | Batch: 0/606 | Loss: 0.2518 | Acc: 100.00%
2024-12-05 04:09:25,017 [INFO] Epoch: 3 | Batch: 100/606 | Loss: 0.2258 | Acc: 95.05%
2024-12-05 04:10:17,790 [INFO] Epoch: 3 | Batch: 200/606 | Loss: 0.3241 | Acc: 94.56%
2024-12-05 04:11:10,527 [INFO] Epoch: 3 | Batch: 300/606 | Loss: 0.2211 | Acc: 94.57%
2024-12-05 04:12:03,248 [INFO] Epoch: 3 | Batch: 400/606 | Loss: 0.1746 | Acc: 94.68%
2024-12-05 04:12:56,220 [INFO] Epoch: 3 | Batch: 500/606 | Loss: 0.3103 | Acc: 94.74%
2024-12-05 04:13:48,988 [INFO] Epoch: 3 | Batch: 600/606 | Loss: 0.0833 | Acc: 94.72%
2024-12-05 04:20:04,726 [INFO] Epoch 3 | Valid Loss: 0.7683 | Accuracy: 73.01% | F1 Score: 0.7315
2024-12-05 04:20:05,051 [INFO] Current learning rate: 0.0001
2024-12-05 04:20:05,052 [INFO] 
Epoch 5/10
2024-12-05 04:20:07,860 [INFO] Epoch: 4 | Batch: 0/606 | Loss: 0.1408 | Acc: 100.00%
2024-12-05 04:21:00,659 [INFO] Epoch: 4 | Batch: 100/606 | Loss: 0.0707 | Acc: 95.98%
2024-12-05 04:21:53,399 [INFO] Epoch: 4 | Batch: 200/606 | Loss: 0.2501 | Acc: 95.97%
2024-12-05 04:22:46,137 [INFO] Epoch: 4 | Batch: 300/606 | Loss: 0.0614 | Acc: 96.07%
2024-12-05 04:23:38,959 [INFO] Epoch: 4 | Batch: 400/606 | Loss: 0.1848 | Acc: 95.88%
2024-12-05 04:24:31,880 [INFO] Epoch: 4 | Batch: 500/606 | Loss: 0.1765 | Acc: 95.96%
2024-12-05 04:25:24,667 [INFO] Epoch: 4 | Batch: 600/606 | Loss: 0.1147 | Acc: 96.02%
2024-12-05 04:31:39,967 [INFO] Epoch 4 | Valid Loss: 0.7509 | Accuracy: 73.56% | F1 Score: 0.7350
2024-12-05 04:31:41,003 [INFO] Current learning rate: 0.0001
2024-12-05 04:31:41,003 [INFO] 
Epoch 6/10
2024-12-05 04:31:44,701 [INFO] Epoch: 5 | Batch: 0/606 | Loss: 0.1276 | Acc: 93.75%
2024-12-05 04:32:37,579 [INFO] Epoch: 5 | Batch: 100/606 | Loss: 0.0846 | Acc: 95.88%
2024-12-05 04:33:30,426 [INFO] Epoch: 5 | Batch: 200/606 | Loss: 0.1093 | Acc: 95.88%
2024-12-05 04:34:23,303 [INFO] Epoch: 5 | Batch: 300/606 | Loss: 0.1790 | Acc: 96.08%
2024-12-05 04:35:16,069 [INFO] Epoch: 5 | Batch: 400/606 | Loss: 0.0663 | Acc: 96.18%
2024-12-05 04:36:08,846 [INFO] Epoch: 5 | Batch: 500/606 | Loss: 0.1538 | Acc: 96.28%
2024-12-05 04:37:01,672 [INFO] Epoch: 5 | Batch: 600/606 | Loss: 0.1208 | Acc: 96.26%
2024-12-05 04:43:17,850 [INFO] Epoch 5 | Valid Loss: 0.8284 | Accuracy: 71.22% | F1 Score: 0.7097
2024-12-05 04:43:18,173 [INFO] Current learning rate: 0.0001
2024-12-05 04:43:18,173 [INFO] 
Epoch 7/10
2024-12-05 04:43:21,743 [INFO] Epoch: 6 | Batch: 0/606 | Loss: 0.1059 | Acc: 96.88%
2024-12-05 04:44:14,536 [INFO] Epoch: 6 | Batch: 100/606 | Loss: 0.2162 | Acc: 97.12%
2024-12-05 04:45:07,387 [INFO] Epoch: 6 | Batch: 200/606 | Loss: 0.3612 | Acc: 97.00%
2024-12-05 04:46:00,316 [INFO] Epoch: 6 | Batch: 300/606 | Loss: 0.0727 | Acc: 96.67%
2024-12-05 04:46:53,152 [INFO] Epoch: 6 | Batch: 400/606 | Loss: 0.0986 | Acc: 96.64%
2024-12-05 04:47:46,017 [INFO] Epoch: 6 | Batch: 500/606 | Loss: 0.1358 | Acc: 96.61%
2024-12-05 04:48:38,906 [INFO] Epoch: 6 | Batch: 600/606 | Loss: 0.1468 | Acc: 96.61%
2024-12-05 04:54:57,454 [INFO] Epoch 6 | Valid Loss: 0.7912 | Accuracy: 72.85% | F1 Score: 0.7296
2024-12-05 04:54:57,780 [INFO] Current learning rate: 0.0001
2024-12-05 04:54:57,780 [INFO] 
Epoch 8/10
2024-12-05 04:55:00,808 [INFO] Epoch: 7 | Batch: 0/606 | Loss: 0.0999 | Acc: 96.88%
2024-12-05 04:55:54,372 [INFO] Epoch: 7 | Batch: 100/606 | Loss: 0.1325 | Acc: 96.94%
2024-12-05 04:56:47,263 [INFO] Epoch: 7 | Batch: 200/606 | Loss: 0.1316 | Acc: 97.05%
2024-12-05 04:57:40,145 [INFO] Epoch: 7 | Batch: 300/606 | Loss: 0.1370 | Acc: 96.92%
2024-12-05 04:58:33,231 [INFO] Epoch: 7 | Batch: 400/606 | Loss: 0.2247 | Acc: 96.94%
2024-12-05 04:59:25,995 [INFO] Epoch: 7 | Batch: 500/606 | Loss: 0.0875 | Acc: 96.93%
2024-12-05 05:00:18,767 [INFO] Epoch: 7 | Batch: 600/606 | Loss: 0.1365 | Acc: 96.89%
2024-12-05 05:06:34,641 [INFO] Epoch 7 | Valid Loss: 0.8135 | Accuracy: 72.37% | F1 Score: 0.7216
2024-12-05 05:06:34,934 [INFO] Current learning rate: 0.0001
2024-12-05 05:06:34,934 [INFO] 
Epoch 9/10
2024-12-05 05:06:37,412 [INFO] Epoch: 8 | Batch: 0/606 | Loss: 0.1494 | Acc: 100.00%
2024-12-05 05:07:30,165 [INFO] Epoch: 8 | Batch: 100/606 | Loss: 0.1152 | Acc: 97.68%
2024-12-05 05:08:22,908 [INFO] Epoch: 8 | Batch: 200/606 | Loss: 0.0747 | Acc: 97.61%
2024-12-05 05:09:15,690 [INFO] Epoch: 8 | Batch: 300/606 | Loss: 0.0856 | Acc: 97.47%
2024-12-05 05:10:08,479 [INFO] Epoch: 8 | Batch: 400/606 | Loss: 0.0793 | Acc: 97.55%
2024-12-05 05:11:01,241 [INFO] Epoch: 8 | Batch: 500/606 | Loss: 0.1031 | Acc: 97.49%
2024-12-05 05:11:54,052 [INFO] Epoch: 8 | Batch: 600/606 | Loss: 0.1797 | Acc: 97.49%
2024-12-05 05:18:08,519 [INFO] Epoch 8 | Valid Loss: 0.7982 | Accuracy: 72.94% | F1 Score: 0.7281
2024-12-05 05:18:08,812 [INFO] Current learning rate: 1e-05
2024-12-05 05:18:08,812 [INFO] 
Epoch 10/10
2024-12-05 05:18:11,341 [INFO] Epoch: 9 | Batch: 0/606 | Loss: 0.0742 | Acc: 100.00%
2024-12-05 05:19:04,075 [INFO] Epoch: 9 | Batch: 100/606 | Loss: 0.0574 | Acc: 97.99%
2024-12-05 05:19:56,776 [INFO] Epoch: 9 | Batch: 200/606 | Loss: 0.0404 | Acc: 98.06%
2024-12-05 05:20:49,498 [INFO] Epoch: 9 | Batch: 300/606 | Loss: 0.1056 | Acc: 98.06%
2024-12-05 05:21:42,210 [INFO] Epoch: 9 | Batch: 400/606 | Loss: 0.1068 | Acc: 98.10%
2024-12-05 05:22:34,908 [INFO] Epoch: 9 | Batch: 500/606 | Loss: 0.0365 | Acc: 98.20%
2024-12-05 05:23:27,700 [INFO] Epoch: 9 | Batch: 600/606 | Loss: 0.0522 | Acc: 98.21%
2024-12-05 05:29:42,088 [INFO] Epoch 9 | Valid Loss: 0.7944 | Accuracy: 73.50% | F1 Score: 0.7353
2024-12-05 05:29:42,389 [INFO] Current learning rate: 1e-05
2024-12-05 05:29:42,389 [INFO]