2025-01-15 00:32:59,088 [INFO] Starting experiment: Baseline_B9_V1
2025-01-15 00:32:59,088 [INFO] Using device: cuda:0
2025-01-15 00:32:59,088 [INFO] World size: 2
2025-01-15 00:32:59,088 [INFO] Using optimizer: AdamW, lr: 5e-05, momentum: 0, weight_decay: 1
2025-01-15 00:33:07,320 [INFO] Training dataset size: 2152
2025-01-15 00:33:07,322 [INFO] Validation dataset size: 1341
2025-01-15 00:33:07,328 [INFO] Starting training...
2025-01-15 00:37:54,979 [INFO] Epoch: 0 | Batch: 100/269 | Loss: 1.9977 | Acc: 14.48%
2025-01-15 00:41:47,794 [INFO] Epoch: 0 | Batch: 200/269 | Loss: 1.9553 | Acc: 14.80%
2025-01-15 00:49:50,094 [INFO] Epoch 0 | Train Loss: 1.9373 | Train Accuracy: 15.15%
2025-01-15 00:49:50,095 [INFO] Epoch 0 | Valid Loss: 1.7471 | Valid Accuracy: 27.57% | Valid F1 Score: 0.1912
2025-01-15 00:49:52,402 [INFO] Current learning rate: 5e-05
2025-01-15 00:54:58,388 [INFO] Epoch: 1 | Batch: 100/269 | Loss: 1.8121 | Acc: 24.63%
2025-01-15 00:59:02,790 [INFO] Epoch: 1 | Batch: 200/269 | Loss: 1.7638 | Acc: 28.54%
2025-01-15 01:07:10,452 [INFO] Epoch 1 | Train Loss: 1.7247 | Train Accuracy: 31.78%
2025-01-15 01:07:10,461 [INFO] Epoch 1 | Valid Loss: 1.4571 | Valid Accuracy: 52.91% | Valid F1 Score: 0.4793
2025-01-15 01:07:14,094 [INFO] Current learning rate: 5e-05
2025-01-15 01:12:20,073 [INFO] Epoch: 2 | Batch: 100/269 | Loss: 1.4910 | Acc: 52.85%
2025-01-15 01:16:29,845 [INFO] Epoch: 2 | Batch: 200/269 | Loss: 1.4458 | Acc: 57.96%
2025-01-15 01:24:46,681 [INFO] Epoch 2 | Train Loss: 1.4239 | Train Accuracy: 59.99%
2025-01-15 01:24:46,681 [INFO] Epoch 2 | Valid Loss: 1.3038 | Valid Accuracy: 65.13% | Valid F1 Score: 0.6368
2025-01-15 01:24:49,374 [INFO] Current learning rate: 5e-05
2025-01-15 01:30:11,601 [INFO] Epoch: 3 | Batch: 100/269 | Loss: 1.2572 | Acc: 74.63%
2025-01-15 01:34:25,845 [INFO] Epoch: 3 | Batch: 200/269 | Loss: 1.2471 | Acc: 74.44%
2025-01-15 01:42:57,619 [INFO] Epoch 3 | Train Loss: 1.2277 | Train Accuracy: 75.79%
2025-01-15 01:42:57,619 [INFO] Epoch 3 | Valid Loss: 1.2186 | Valid Accuracy: 68.41% | Valid F1 Score: 0.6673
2025-01-15 01:43:00,371 [INFO] Current learning rate: 5e-05
2025-01-15 01:48:22,818 [INFO] Epoch: 4 | Batch: 100/269 | Loss: 1.1564 | Acc: 79.83%
2025-01-15 01:52:37,835 [INFO] Epoch: 4 | Batch: 200/269 | Loss: 1.1343 | Acc: 80.41%
2025-01-15 02:00:55,622 [INFO] Epoch 4 | Train Loss: 1.1281 | Train Accuracy: 80.95%
2025-01-15 02:00:55,623 [INFO] Epoch 4 | Valid Loss: 1.1451 | Valid Accuracy: 74.81% | Valid F1 Score: 0.7390
2025-01-15 02:00:58,235 [INFO] Current learning rate: 5e-05
2025-01-15 02:06:07,511 [INFO] Epoch: 5 | Batch: 100/269 | Loss: 1.0586 | Acc: 84.90%
2025-01-15 02:10:06,593 [INFO] Epoch: 5 | Batch: 200/269 | Loss: 1.0462 | Acc: 86.32%
2025-01-15 02:18:26,759 [INFO] Epoch 5 | Train Loss: 1.0503 | Train Accuracy: 86.01%
2025-01-15 02:18:26,759 [INFO] Epoch 5 | Valid Loss: 1.1002 | Valid Accuracy: 78.69% | Valid F1 Score: 0.7785
2025-01-15 02:18:29,404 [INFO] Current learning rate: 5e-05
2025-01-15 02:23:33,767 [INFO] Epoch: 6 | Batch: 100/269 | Loss: 1.0160 | Acc: 88.86%
2025-01-15 02:27:40,709 [INFO] Epoch: 6 | Batch: 200/269 | Loss: 0.9980 | Acc: 89.68%
2025-01-15 02:35:47,167 [INFO] Epoch 6 | Train Loss: 0.9938 | Train Accuracy: 90.43%
2025-01-15 02:35:47,167 [INFO] Epoch 6 | Valid Loss: 1.0525 | Valid Accuracy: 81.67% | Valid F1 Score: 0.8127
2025-01-15 02:35:49,777 [INFO] Current learning rate: 5e-05
2025-01-15 02:40:44,044 [INFO] Epoch: 7 | Batch: 100/269 | Loss: 0.9466 | Acc: 93.19%
2025-01-15 02:44:43,943 [INFO] Epoch: 7 | Batch: 200/269 | Loss: 0.9474 | Acc: 93.35%
2025-01-15 02:52:42,199 [INFO] Epoch 7 | Train Loss: 0.9484 | Train Accuracy: 92.98%
2025-01-15 02:52:42,200 [INFO] Epoch 7 | Valid Loss: 1.0411 | Valid Accuracy: 83.61% | Valid F1 Score: 0.8362
2025-01-15 02:52:44,814 [INFO] Current learning rate: 5e-05
2025-01-15 02:57:43,135 [INFO] Epoch: 8 | Batch: 100/269 | Loss: 0.9343 | Acc: 94.18%
2025-01-15 03:01:38,297 [INFO] Epoch: 8 | Batch: 200/269 | Loss: 0.9364 | Acc: 93.59%
2025-01-15 03:09:38,227 [INFO] Epoch 8 | Train Loss: 0.9305 | Train Accuracy: 94.14%
2025-01-15 03:09:38,227 [INFO] Epoch 8 | Valid Loss: 1.0246 | Valid Accuracy: 83.76% | Valid F1 Score: 0.8366
2025-01-15 03:09:40,861 [INFO] Current learning rate: 5e-05
2025-01-15 03:14:42,095 [INFO] Epoch: 9 | Batch: 100/269 | Loss: 0.9033 | Acc: 95.67%
2025-01-15 03:18:45,629 [INFO] Epoch: 9 | Batch: 200/269 | Loss: 0.8961 | Acc: 95.77%
2025-01-15 03:27:12,886 [INFO] Epoch 9 | Train Loss: 0.8932 | Train Accuracy: 96.14%
2025-01-15 03:27:12,886 [INFO] Epoch 9 | Valid Loss: 1.0369 | Valid Accuracy: 83.46% | Valid F1 Score: 0.8361
2025-01-15 03:27:13,991 [INFO] Current learning rate: 5e-05
2025-01-15 03:32:38,016 [INFO] Epoch: 10 | Batch: 100/269 | Loss: 0.8535 | Acc: 98.14%
2025-01-15 03:36:41,920 [INFO] Epoch: 10 | Batch: 200/269 | Loss: 0.8625 | Acc: 97.76%
2025-01-15 03:44:40,990 [INFO] Epoch 10 | Train Loss: 0.8605 | Train Accuracy: 97.72%
2025-01-15 03:44:40,991 [INFO] Epoch 10 | Valid Loss: 1.0208 | Valid Accuracy: 85.39% | Valid F1 Score: 0.8537
2025-01-15 03:44:43,519 [INFO] Current learning rate: 5e-05
2025-01-15 03:49:52,585 [INFO] Epoch: 11 | Batch: 100/269 | Loss: 0.8454 | Acc: 99.01%
2025-01-15 03:53:58,605 [INFO] Epoch: 11 | Batch: 200/269 | Loss: 0.8466 | Acc: 98.82%
2025-01-15 04:02:13,598 [INFO] Epoch 11 | Train Loss: 0.8480 | Train Accuracy: 98.56%
2025-01-15 04:02:13,599 [INFO] Epoch 11 | Valid Loss: 1.0703 | Valid Accuracy: 82.86% | Valid F1 Score: 0.8299
2025-01-15 04:02:14,166 [INFO] Current learning rate: 5e-05
2025-01-15 04:07:14,515 [INFO] Epoch: 12 | Batch: 100/269 | Loss: 0.8398 | Acc: 98.27%
2025-01-15 04:11:08,530 [INFO] Epoch: 12 | Batch: 200/269 | Loss: 0.8334 | Acc: 98.82%
2025-01-15 04:19:16,608 [INFO] Epoch 12 | Train Loss: 0.8331 | Train Accuracy: 98.70%
2025-01-15 04:19:16,609 [INFO] Epoch 12 | Valid Loss: 1.0281 | Valid Accuracy: 84.50% | Valid F1 Score: 0.8447
2025-01-15 04:19:17,182 [INFO] Current learning rate: 5e-05
2025-01-15 04:24:33,963 [INFO] Epoch: 13 | Batch: 100/269 | Loss: 0.8129 | Acc: 99.38%
2025-01-15 04:28:43,066 [INFO] Epoch: 13 | Batch: 200/269 | Loss: 0.8229 | Acc: 98.69%
2025-01-15 04:37:02,562 [INFO] Epoch 13 | Train Loss: 0.8243 | Train Accuracy: 98.61%
2025-01-15 04:37:02,562 [INFO] Epoch 13 | Valid Loss: 1.0269 | Valid Accuracy: 85.25% | Valid F1 Score: 0.8525
2025-01-15 04:37:03,164 [INFO] Current learning rate: 5e-05
2025-01-15 04:42:16,154 [INFO] Epoch: 14 | Batch: 100/269 | Loss: 0.8275 | Acc: 98.76%
2025-01-15 04:46:11,750 [INFO] Epoch: 14 | Batch: 200/269 | Loss: 0.8108 | Acc: 99.38%
2025-01-15 04:54:10,077 [INFO] Epoch 14 | Train Loss: 0.8091 | Train Accuracy: 99.35%
2025-01-15 04:54:10,087 [INFO] Epoch 14 | Valid Loss: 1.0284 | Valid Accuracy: 86.29% | Valid F1 Score: 0.8632
2025-01-15 04:54:13,471 [INFO] Current learning rate: 5e-06
2025-01-15 04:59:20,533 [INFO] Epoch: 15 | Batch: 100/269 | Loss: 0.8087 | Acc: 98.39%
2025-01-15 05:03:10,918 [INFO] Epoch: 15 | Batch: 200/269 | Loss: 0.8125 | Acc: 98.26%
2025-01-15 05:11:14,568 [INFO] Epoch 15 | Train Loss: 0.8119 | Train Accuracy: 98.47%
2025-01-15 05:11:14,568 [INFO] Epoch 15 | Valid Loss: 1.0029 | Valid Accuracy: 87.48% | Valid F1 Score: 0.8748
2025-01-15 05:11:17,079 [INFO] Current learning rate: 5e-06
2025-01-15 05:16:22,428 [INFO] Epoch: 16 | Batch: 100/269 | Loss: 0.8178 | Acc: 98.64%
2025-01-15 05:20:30,112 [INFO] Epoch: 16 | Batch: 200/269 | Loss: 0.8167 | Acc: 98.32%
2025-01-15 05:28:43,351 [INFO] Epoch 16 | Train Loss: 0.8229 | Train Accuracy: 98.09%
2025-01-15 05:28:43,351 [INFO] Epoch 16 | Valid Loss: 1.0050 | Valid Accuracy: 87.03% | Valid F1 Score: 0.8703
2025-01-15 05:28:43,902 [INFO] Current learning rate: 5e-06
2025-01-15 05:33:46,792 [INFO] Epoch: 17 | Batch: 100/269 | Loss: 0.8116 | Acc: 98.02%
2025-01-15 05:37:45,624 [INFO] Epoch: 17 | Batch: 200/269 | Loss: 0.8056 | Acc: 98.76%
2025-01-15 05:45:43,236 [INFO] Epoch 17 | Train Loss: 0.8064 | Train Accuracy: 98.79%
2025-01-15 05:45:43,237 [INFO] Epoch 17 | Valid Loss: 1.0085 | Valid Accuracy: 87.48% | Valid F1 Score: 0.8745
2025-01-15 05:45:43,783 [INFO] Current learning rate: 5e-06
2025-01-15 05:50:43,854 [INFO] Epoch: 18 | Batch: 100/269 | Loss: 0.8030 | Acc: 98.51%
2025-01-15 05:54:48,332 [INFO] Epoch: 18 | Batch: 200/269 | Loss: 0.8235 | Acc: 97.33%
2025-01-15 06:02:30,524 [INFO] Epoch 18 | Train Loss: 0.8237 | Train Accuracy: 97.58%
2025-01-15 06:02:30,525 [INFO] Epoch 18 | Valid Loss: 0.9950 | Valid Accuracy: 87.18% | Valid F1 Score: 0.8720
2025-01-15 06:02:31,072 [INFO] Current learning rate: 5e-06
2025-01-15 06:07:36,026 [INFO] Epoch: 19 | Batch: 100/269 | Loss: 0.8118 | Acc: 98.02%
2025-01-15 06:11:36,940 [INFO] Epoch: 19 | Batch: 200/269 | Loss: 0.8132 | Acc: 98.01%
2025-01-15 06:19:40,346 [INFO] Epoch 19 | Train Loss: 0.8118 | Train Accuracy: 98.05%
2025-01-15 06:19:40,346 [INFO] Epoch 19 | Valid Loss: 0.9917 | Valid Accuracy: 87.63% | Valid F1 Score: 0.8763
2025-01-15 06:19:42,863 [INFO] Current learning rate: 5e-06
2025-01-15 06:24:48,072 [INFO] Epoch: 20 | Batch: 100/269 | Loss: 0.7876 | Acc: 99.26%
2025-01-15 06:28:49,594 [INFO] Epoch: 20 | Batch: 200/269 | Loss: 0.7889 | Acc: 99.32%
2025-01-15 06:36:30,945 [INFO] Epoch 20 | Train Loss: 0.7903 | Train Accuracy: 99.21%
2025-01-15 06:36:30,945 [INFO] Epoch 20 | Valid Loss: 0.9978 | Valid Accuracy: 88.23% | Valid F1 Score: 0.8823
2025-01-15 06:36:33,395 [INFO] Current learning rate: 5e-06
2025-01-15 06:41:31,059 [INFO] Epoch: 21 | Batch: 100/269 | Loss: 0.7904 | Acc: 99.13%
2025-01-15 06:45:33,373 [INFO] Epoch: 21 | Batch: 200/269 | Loss: 0.7897 | Acc: 99.38%
2025-01-15 06:53:43,866 [INFO] Epoch 21 | Train Loss: 0.7939 | Train Accuracy: 99.07%
2025-01-15 06:53:43,867 [INFO] Epoch 21 | Valid Loss: 0.9922 | Valid Accuracy: 88.52% | Valid F1 Score: 0.8853
2025-01-15 06:53:46,447 [INFO] Current learning rate: 5e-06
2025-01-15 06:58:54,659 [INFO] Epoch: 22 | Batch: 100/269 | Loss: 0.7953 | Acc: 98.64%
2025-01-15 07:02:56,513 [INFO] Epoch: 22 | Batch: 200/269 | Loss: 0.7856 | Acc: 99.19%
2025-01-15 07:11:02,765 [INFO] Epoch 22 | Train Loss: 0.7838 | Train Accuracy: 99.40%
2025-01-15 07:11:02,766 [INFO] Epoch 22 | Valid Loss: 0.9919 | Valid Accuracy: 88.38% | Valid F1 Score: 0.8838
2025-01-15 07:11:03,306 [INFO] Current learning rate: 5e-06
2025-01-15 07:15:59,950 [INFO] Epoch: 23 | Batch: 100/269 | Loss: 0.7812 | Acc: 99.50%
2025-01-15 07:19:57,761 [INFO] Epoch: 23 | Batch: 200/269 | Loss: 0.7854 | Acc: 99.38%
2025-01-15 07:28:02,836 [INFO] Epoch 23 | Train Loss: 0.7868 | Train Accuracy: 99.16%
2025-01-15 07:28:02,836 [INFO] Epoch 23 | Valid Loss: 0.9931 | Valid Accuracy: 88.67% | Valid F1 Score: 0.8868
2025-01-15 07:28:05,357 [INFO] Current learning rate: 5.000000000000001e-07
2025-01-15 07:33:05,441 [INFO] Epoch: 24 | Batch: 100/269 | Loss: 0.8294 | Acc: 97.03%
2025-01-15 07:37:03,748 [INFO] Epoch: 24 | Batch: 200/269 | Loss: 0.8256 | Acc: 97.01%
2025-01-15 07:45:01,944 [INFO] Epoch 24 | Train Loss: 0.8206 | Train Accuracy: 97.12%
2025-01-15 07:45:01,945 [INFO] Epoch 24 | Valid Loss: 0.9996 | Valid Accuracy: 87.78% | Valid F1 Score: 0.8777
2025-01-15 07:45:02,482 [INFO] Current learning rate: 5.000000000000001e-07
2025-01-15 07:49:44,092 [INFO] Epoch: 25 | Batch: 100/269 | Loss: 0.8058 | Acc: 98.02%
2025-01-15 07:53:26,711 [INFO] Epoch: 25 | Batch: 200/269 | Loss: 0.8064 | Acc: 98.01%
2025-01-15 08:01:05,281 [INFO] Epoch 25 | Train Loss: 0.8118 | Train Accuracy: 97.63%
2025-01-15 08:01:05,282 [INFO] Epoch 25 | Valid Loss: 0.9903 | Valid Accuracy: 88.52% | Valid F1 Score: 0.8853
2025-01-15 08:01:05,778 [INFO] Current learning rate: 5.000000000000001e-07
2025-01-15 08:05:48,032 [INFO] Epoch: 26 | Batch: 100/269 | Loss: 0.7943 | Acc: 98.51%
2025-01-15 08:09:22,610 [INFO] Epoch: 26 | Batch: 200/269 | Loss: 0.7872 | Acc: 98.88%
2025-01-15 08:16:39,485 [INFO] Epoch 26 | Train Loss: 0.7917 | Train Accuracy: 98.70%
2025-01-15 08:16:39,485 [INFO] Epoch 26 | Valid Loss: 0.9944 | Valid Accuracy: 87.93% | Valid F1 Score: 0.8794
2025-01-15 08:16:40,067 [INFO] Current learning rate: 5.000000000000001e-07
2025-01-15 08:21:21,085 [INFO] Epoch: 27 | Batch: 100/269 | Loss: 0.7914 | Acc: 98.51%
2025-01-15 08:24:57,380 [INFO] Epoch: 27 | Batch: 200/269 | Loss: 0.7871 | Acc: 98.63%
2025-01-15 08:32:18,752 [INFO] Epoch 27 | Train Loss: 0.7862 | Train Accuracy: 98.75%
2025-01-15 08:32:18,752 [INFO] Epoch 27 | Valid Loss: 0.9906 | Valid Accuracy: 88.52% | Valid F1 Score: 0.8853
2025-01-15 08:32:19,238 [INFO] Current learning rate: 5.000000000000001e-07
2025-01-15 08:36:57,424 [INFO] Epoch: 28 | Batch: 100/269 | Loss: 0.7786 | Acc: 99.38%
2025-01-15 08:40:34,892 [INFO] Epoch: 28 | Batch: 200/269 | Loss: 0.7820 | Acc: 99.13%
2025-01-15 08:47:57,250 [INFO] Epoch 28 | Train Loss: 0.7852 | Train Accuracy: 98.98%
2025-01-15 08:47:57,250 [INFO] Epoch 28 | Valid Loss: 0.9899 | Valid Accuracy: 88.67% | Valid F1 Score: 0.8868
2025-01-15 08:47:57,758 [INFO] Current learning rate: 5.000000000000001e-07
2025-01-15 08:52:36,426 [INFO] Epoch: 29 | Batch: 100/269 | Loss: 0.7908 | Acc: 98.76%
2025-01-15 08:56:16,183 [INFO] Epoch: 29 | Batch: 200/269 | Loss: 0.7984 | Acc: 98.45%
2025-01-15 09:03:35,715 [INFO] Epoch 29 | Train Loss: 0.7980 | Train Accuracy: 98.51%
2025-01-15 09:03:35,715 [INFO] Epoch 29 | Valid Loss: 0.9899 | Valid Accuracy: 88.82% | Valid F1 Score: 0.8881
2025-01-15 09:03:38,129 [INFO] Current learning rate: 5.000000000000001e-07
2025-01-15 09:08:12,234 [INFO] Epoch: 30 | Batch: 100/269 | Loss: 0.7700 | Acc: 99.88%
2025-01-15 09:11:54,617 [INFO] Epoch: 30 | Batch: 200/269 | Loss: 0.7672 | Acc: 99.88%
2025-01-15 09:19:22,005 [INFO] Epoch 30 | Train Loss: 0.7697 | Train Accuracy: 99.72%
2025-01-15 09:19:22,006 [INFO] Epoch 30 | Valid Loss: 0.9887 | Valid Accuracy: 88.52% | Valid F1 Score: 0.8852
2025-01-15 09:19:22,528 [INFO] Current learning rate: 5.000000000000001e-07
2025-01-15 09:24:02,074 [INFO] Epoch: 31 | Batch: 100/269 | Loss: 0.7882 | Acc: 98.64%
2025-01-15 09:27:38,755 [INFO] Epoch: 31 | Batch: 200/269 | Loss: 0.7955 | Acc: 98.26%
2025-01-15 09:35:00,188 [INFO] Epoch 31 | Train Loss: 0.7951 | Train Accuracy: 98.33%
2025-01-15 09:35:00,188 [INFO] Epoch 31 | Valid Loss: 0.9984 | Valid Accuracy: 87.78% | Valid F1 Score: 0.8777
2025-01-15 09:35:00,679 [INFO] Current learning rate: 5.000000000000001e-07
2025-01-15 09:39:32,850 [INFO] Epoch: 32 | Batch: 100/269 | Loss: 0.7891 | Acc: 99.13%
2025-01-15 09:43:11,075 [INFO] Epoch: 32 | Batch: 200/269 | Loss: 0.7906 | Acc: 98.76%
2025-01-15 09:50:15,254 [INFO] Epoch 32 | Train Loss: 0.7927 | Train Accuracy: 98.61%
2025-01-15 09:50:15,254 [INFO] Epoch 32 | Valid Loss: 0.9904 | Valid Accuracy: 88.82% | Valid F1 Score: 0.8883
2025-01-15 09:50:15,741 [INFO] Current learning rate: 5.000000000000001e-07
2025-01-15 09:54:35,642 [INFO] Epoch: 33 | Batch: 100/269 | Loss: 0.8026 | Acc: 97.65%
2025-01-15 09:58:06,734 [INFO] Epoch: 33 | Batch: 200/269 | Loss: 0.8010 | Acc: 97.70%
2025-01-15 10:05:10,996 [INFO] Epoch 33 | Train Loss: 0.7955 | Train Accuracy: 98.19%
2025-01-15 10:05:10,996 [INFO] Epoch 33 | Valid Loss: 0.9904 | Valid Accuracy: 88.67% | Valid F1 Score: 0.8868
2025-01-15 10:05:11,525 [INFO] Current learning rate: 5.000000000000001e-07
2025-01-15 10:09:41,748 [INFO] Epoch: 34 | Batch: 100/269 | Loss: 0.8087 | Acc: 97.40%
2025-01-15 10:13:14,372 [INFO] Epoch: 34 | Batch: 200/269 | Loss: 0.8095 | Acc: 97.33%
2025-01-15 10:20:23,420 [INFO] Epoch 34 | Train Loss: 0.8064 | Train Accuracy: 97.40%
2025-01-15 10:20:23,421 [INFO] Epoch 34 | Valid Loss: 0.9919 | Valid Accuracy: 88.52% | Valid F1 Score: 0.8854
2025-01-15 10:20:23,911 [INFO] Current learning rate: 5.000000000000001e-08
2025-01-15 10:24:47,239 [INFO] Epoch: 35 | Batch: 100/269 | Loss: 0.7865 | Acc: 98.76%
2025-01-15 10:28:20,524 [INFO] Epoch: 35 | Batch: 200/269 | Loss: 0.7942 | Acc: 98.51%
2025-01-15 10:35:25,702 [INFO] Epoch 35 | Train Loss: 0.7948 | Train Accuracy: 98.47%
2025-01-15 10:35:25,702 [INFO] Epoch 35 | Valid Loss: 0.9895 | Valid Accuracy: 88.97% | Valid F1 Score: 0.8898
2025-01-15 10:35:28,808 [INFO] Current learning rate: 5.000000000000001e-08
2025-01-15 10:39:52,925 [INFO] Epoch: 36 | Batch: 100/269 | Loss: 0.7785 | Acc: 98.89%
2025-01-15 10:43:21,040 [INFO] Epoch: 36 | Batch: 200/269 | Loss: 0.7824 | Acc: 98.82%
2025-01-15 10:50:20,709 [INFO] Epoch 36 | Train Loss: 0.7828 | Train Accuracy: 99.07%
2025-01-15 10:50:20,709 [INFO] Epoch 36 | Valid Loss: 0.9932 | Valid Accuracy: 88.23% | Valid F1 Score: 0.8822
2025-01-15 10:50:21,204 [INFO] Current learning rate: 5.000000000000001e-08
2025-01-15 10:54:43,549 [INFO] Epoch: 37 | Batch: 100/269 | Loss: 0.7922 | Acc: 98.02%
2025-01-15 10:58:11,634 [INFO] Epoch: 37 | Batch: 200/269 | Loss: 0.7941 | Acc: 98.32%
2025-01-15 11:05:15,778 [INFO] Epoch 37 | Train Loss: 0.7889 | Train Accuracy: 98.51%
2025-01-15 11:05:15,778 [INFO] Epoch 37 | Valid Loss: 0.9919 | Valid Accuracy: 88.82% | Valid F1 Score: 0.8882
2025-01-15 11:05:16,305 [INFO] Current learning rate: 5.000000000000001e-08
2025-01-15 11:09:45,395 [INFO] Epoch: 38 | Batch: 100/269 | Loss: 0.7963 | Acc: 98.51%
2025-01-15 11:13:20,800 [INFO] Epoch: 38 | Batch: 200/269 | Loss: 0.7978 | Acc: 98.26%
2025-01-15 11:20:37,982 [INFO] Epoch 38 | Train Loss: 0.7990 | Train Accuracy: 98.33%
2025-01-15 11:20:37,983 [INFO] Epoch 38 | Valid Loss: 0.9920 | Valid Accuracy: 88.23% | Valid F1 Score: 0.8823
2025-01-15 11:20:38,498 [INFO] Current learning rate: 5.000000000000002e-09
2025-01-15 11:25:16,543 [INFO] Epoch: 39 | Batch: 100/269 | Loss: 0.7911 | Acc: 98.51%
2025-01-15 11:28:47,599 [INFO] Epoch: 39 | Batch: 200/269 | Loss: 0.7857 | Acc: 98.88%
2025-01-15 11:36:04,835 [INFO] Epoch 39 | Train Loss: 0.7893 | Train Accuracy: 98.70%
2025-01-15 11:36:04,835 [INFO] Epoch 39 | Valid Loss: 0.9947 | Valid Accuracy: 87.93% | Valid F1 Score: 0.8792
2025-01-15 11:36:05,347 [INFO] Current learning rate: 5.000000000000002e-09
2025-01-15 11:36:05,348 [INFO] Training completed.
