
2024-12-12 03:25:20,744 [INFO] Starting experiment: Baseline_B5_Step_B_V1
2024-12-12 03:25:20,745 [INFO] Using device: cuda
2024-12-12 03:25:20,746 [INFO] Set random seed: 31
2024-12-12 03:25:26,521 [INFO] Training dataset size: 2152
2024-12-12 03:25:26,521 [INFO] Validation dataset size: 1341
2024-12-12 03:25:26,525 [INFO] Starting training...
2024-12-12 03:25:26,525 [INFO] 
Epoch 1/30
2024-12-12 03:26:01,203 [INFO] Epoch: 0 | Batch: 0/135 | Loss: 2.1320 | Acc: 18.75%
2024-12-12 03:29:01,922 [INFO] Epoch: 0 | Batch: 100/135 | Loss: 1.1509 | Acc: 42.26%
2024-12-12 03:34:26,965 [INFO] Epoch 0 | Train Loss: 1.2717 | Train Accuracy: 44.05%
2024-12-12 03:34:26,966 [INFO] Epoch 0 | Valid Loss: 1.1310 | Valid Accuracy: 47.80% | Valid F1 Score: 0.4252
2024-12-12 03:34:28,074 [INFO] Current learning rate: 0.0003
2024-12-12 03:34:28,074 [INFO] 
Epoch 2/30
2024-12-12 03:34:59,002 [INFO] Epoch: 1 | Batch: 0/135 | Loss: 0.8558 | Acc: 50.00%
2024-12-12 03:37:58,374 [INFO] Epoch: 1 | Batch: 100/135 | Loss: 0.7399 | Acc: 49.81%
2024-12-12 03:43:20,662 [INFO] Epoch 1 | Train Loss: 0.9717 | Train Accuracy: 50.88%
2024-12-12 03:43:20,663 [INFO] Epoch 1 | Valid Loss: 1.0952 | Valid Accuracy: 49.59% | Valid F1 Score: 0.4261
2024-12-12 03:43:21,880 [INFO] Current learning rate: 0.0003
2024-12-12 03:43:21,880 [INFO] 
Epoch 3/30
2024-12-12 03:43:51,612 [INFO] Epoch: 2 | Batch: 0/135 | Loss: 1.1383 | Acc: 50.00%
2024-12-12 03:46:51,532 [INFO] Epoch: 2 | Batch: 100/135 | Loss: 0.6965 | Acc: 53.84%
2024-12-12 03:52:14,001 [INFO] Epoch 2 | Train Loss: 0.9138 | Train Accuracy: 53.95%
2024-12-12 03:52:14,001 [INFO] Epoch 2 | Valid Loss: 1.0658 | Valid Accuracy: 51.01% | Valid F1 Score: 0.4786
2024-12-12 03:52:15,195 [INFO] Current learning rate: 0.0003
2024-12-12 03:52:15,195 [INFO] 
Epoch 4/30
2024-12-12 03:52:45,391 [INFO] Epoch: 3 | Batch: 0/135 | Loss: 0.8840 | Acc: 50.00%
2024-12-12 03:55:45,601 [INFO] Epoch: 3 | Batch: 100/135 | Loss: 1.0845 | Acc: 54.95%
2024-12-12 04:01:07,153 [INFO] Epoch 3 | Train Loss: 0.8809 | Train Accuracy: 55.53%
2024-12-12 04:01:07,153 [INFO] Epoch 3 | Valid Loss: 1.0606 | Valid Accuracy: 51.16% | Valid F1 Score: 0.4731
2024-12-12 04:01:08,338 [INFO] Current learning rate: 0.0003
2024-12-12 04:01:08,338 [INFO] 
Epoch 5/30
2024-12-12 04:01:40,455 [INFO] Epoch: 4 | Batch: 0/135 | Loss: 0.7668 | Acc: 62.50%
2024-12-12 04:04:40,181 [INFO] Epoch: 4 | Batch: 100/135 | Loss: 1.1782 | Acc: 56.93%
2024-12-12 04:10:01,326 [INFO] Epoch 4 | Train Loss: 0.8585 | Train Accuracy: 56.04%
2024-12-12 04:10:01,327 [INFO] Epoch 4 | Valid Loss: 1.0544 | Valid Accuracy: 50.71% | Valid F1 Score: 0.4768
2024-12-12 04:10:01,667 [INFO] Current learning rate: 0.0003
2024-12-12 04:10:01,668 [INFO] 
Epoch 6/30
2024-12-12 04:10:31,067 [INFO] Epoch: 5 | Batch: 0/135 | Loss: 1.0116 | Acc: 75.00%
2024-12-12 04:13:31,191 [INFO] Epoch: 5 | Batch: 100/135 | Loss: 0.7141 | Acc: 59.10%
2024-12-12 04:18:53,342 [INFO] Epoch 5 | Train Loss: 0.8348 | Train Accuracy: 59.25%
2024-12-12 04:18:53,343 [INFO] Epoch 5 | Valid Loss: 1.0181 | Valid Accuracy: 54.66% | Valid F1 Score: 0.5336
2024-12-12 04:18:54,643 [INFO] Current learning rate: 0.0003
2024-12-12 04:18:54,643 [INFO] 
Epoch 7/30
2024-12-12 04:19:25,832 [INFO] Epoch: 6 | Batch: 0/135 | Loss: 0.9017 | Acc: 62.50%
2024-12-12 04:22:25,015 [INFO] Epoch: 6 | Batch: 100/135 | Loss: 0.6343 | Acc: 62.69%
2024-12-12 04:27:47,102 [INFO] Epoch 6 | Train Loss: 0.8098 | Train Accuracy: 61.80%
2024-12-12 04:27:47,103 [INFO] Epoch 6 | Valid Loss: 1.0134 | Valid Accuracy: 56.23% | Valid F1 Score: 0.5566
2024-12-12 04:27:48,244 [INFO] Current learning rate: 0.0003
2024-12-12 04:27:48,244 [INFO] 
Epoch 8/30
2024-12-12 04:28:18,508 [INFO] Epoch: 7 | Batch: 0/135 | Loss: 0.6803 | Acc: 62.50%
2024-12-12 04:31:18,218 [INFO] Epoch: 7 | Batch: 100/135 | Loss: 0.6747 | Acc: 62.56%
2024-12-12 04:36:39,522 [INFO] Epoch 7 | Train Loss: 0.7915 | Train Accuracy: 63.34%
2024-12-12 04:36:39,522 [INFO] Epoch 7 | Valid Loss: 1.0206 | Valid Accuracy: 53.62% | Valid F1 Score: 0.4926
2024-12-12 04:36:39,874 [INFO] Current learning rate: 0.0003
2024-12-12 04:36:39,874 [INFO] 
Epoch 9/30
2024-12-12 04:37:09,464 [INFO] Epoch: 8 | Batch: 0/135 | Loss: 0.6913 | Acc: 81.25%
2024-12-12 04:40:09,516 [INFO] Epoch: 8 | Batch: 100/135 | Loss: 0.7987 | Acc: 65.72%
2024-12-12 04:45:30,757 [INFO] Epoch 8 | Train Loss: 0.7717 | Train Accuracy: 65.85%
2024-12-12 04:45:30,758 [INFO] Epoch 8 | Valid Loss: 1.0240 | Valid Accuracy: 54.81% | Valid F1 Score: 0.5328
2024-12-12 04:45:31,112 [INFO] Current learning rate: 0.0003
2024-12-12 04:45:31,112 [INFO] 
Epoch 10/30
2024-12-12 04:46:00,809 [INFO] Epoch: 9 | Batch: 0/135 | Loss: 0.7125 | Acc: 68.75%
2024-12-12 04:49:00,111 [INFO] Epoch: 9 | Batch: 100/135 | Loss: 0.6444 | Acc: 65.53%
2024-12-12 04:54:22,484 [INFO] Epoch 9 | Train Loss: 0.7614 | Train Accuracy: 65.10%
2024-12-12 04:54:22,485 [INFO] Epoch 9 | Valid Loss: 1.0089 | Valid Accuracy: 56.08% | Valid F1 Score: 0.5527
2024-12-12 04:54:22,835 [INFO] Current learning rate: 0.0003
2024-12-12 04:54:22,835 [INFO] 
Epoch 11/30
2024-12-12 04:54:53,315 [INFO] Epoch: 10 | Batch: 0/135 | Loss: 0.7481 | Acc: 62.50%
2024-12-12 04:57:53,579 [INFO] Epoch: 10 | Batch: 100/135 | Loss: 0.7774 | Acc: 65.04%
2024-12-12 05:03:15,461 [INFO] Epoch 10 | Train Loss: 0.7552 | Train Accuracy: 65.61%
2024-12-12 05:03:15,461 [INFO] Epoch 10 | Valid Loss: 1.0333 | Valid Accuracy: 54.81% | Valid F1 Score: 0.5245
2024-12-12 05:03:15,811 [INFO] Current learning rate: 0.0003
2024-12-12 05:03:15,811 [INFO] 
Epoch 12/30
2024-12-12 05:03:45,915 [INFO] Epoch: 11 | Batch: 0/135 | Loss: 0.7770 | Acc: 56.25%
2024-12-12 05:06:46,055 [INFO] Epoch: 11 | Batch: 100/135 | Loss: 0.6301 | Acc: 66.09%
2024-12-12 05:12:08,491 [INFO] Epoch 11 | Train Loss: 0.7485 | Train Accuracy: 66.08%
2024-12-12 05:12:08,491 [INFO] Epoch 11 | Valid Loss: 0.9933 | Valid Accuracy: 57.64% | Valid F1 Score: 0.5548
2024-12-12 05:12:09,677 [INFO] Current learning rate: 0.0003
2024-12-12 05:12:09,677 [INFO] 
Epoch 13/30
2024-12-12 05:12:38,801 [INFO] Epoch: 12 | Batch: 0/135 | Loss: 0.5385 | Acc: 75.00%
2024-12-12 05:15:38,968 [INFO] Epoch: 12 | Batch: 100/135 | Loss: 0.6548 | Acc: 67.57%
2024-12-12 05:21:01,328 [INFO] Epoch 12 | Train Loss: 0.7304 | Train Accuracy: 67.70%
2024-12-12 05:21:01,328 [INFO] Epoch 12 | Valid Loss: 1.0328 | Valid Accuracy: 56.00% | Valid F1 Score: 0.5266
2024-12-12 05:21:01,681 [INFO] Current learning rate: 0.0003
2024-12-12 05:21:01,681 [INFO] 
Epoch 14/30
2024-12-12 05:21:31,687 [INFO] Epoch: 13 | Batch: 0/135 | Loss: 0.7578 | Acc: 68.75%
2024-12-12 05:24:31,720 [INFO] Epoch: 13 | Batch: 100/135 | Loss: 0.6990 | Acc: 68.13%
2024-12-12 05:29:53,811 [INFO] Epoch 13 | Train Loss: 0.7214 | Train Accuracy: 67.66%
2024-12-12 05:29:53,812 [INFO] Epoch 13 | Valid Loss: 0.9909 | Valid Accuracy: 57.87% | Valid F1 Score: 0.5617
2024-12-12 05:29:54,985 [INFO] Current learning rate: 0.0003
2024-12-12 05:29:54,986 [INFO] 
Epoch 15/30
2024-12-12 05:30:25,334 [INFO] Epoch: 14 | Batch: 0/135 | Loss: 0.7249 | Acc: 62.50%
2024-12-12 05:33:25,576 [INFO] Epoch: 14 | Batch: 100/135 | Loss: 0.7680 | Acc: 67.70%
2024-12-12 05:38:47,677 [INFO] Epoch 14 | Train Loss: 0.7224 | Train Accuracy: 67.52%
2024-12-12 05:38:47,677 [INFO] Epoch 14 | Valid Loss: 1.0127 | Valid Accuracy: 54.96% | Valid F1 Score: 0.5198
2024-12-12 05:38:48,045 [INFO] Current learning rate: 0.0003
2024-12-12 05:38:48,046 [INFO] 
Epoch 16/30
2024-12-12 05:39:18,861 [INFO] Epoch: 15 | Batch: 0/135 | Loss: 0.6411 | Acc: 68.75%
2024-12-12 05:42:18,417 [INFO] Epoch: 15 | Batch: 100/135 | Loss: 0.7055 | Acc: 67.08%
2024-12-12 05:47:40,459 [INFO] Epoch 15 | Train Loss: 0.7243 | Train Accuracy: 67.05%
2024-12-12 05:47:40,459 [INFO] Epoch 15 | Valid Loss: 1.0172 | Valid Accuracy: 56.00% | Valid F1 Score: 0.5331
2024-12-12 05:47:40,817 [INFO] Current learning rate: 0.0003
2024-12-12 05:47:40,818 [INFO] 
Epoch 17/30
2024-12-12 05:48:10,489 [INFO] Epoch: 16 | Batch: 0/135 | Loss: 0.8458 | Acc: 68.75%
2024-12-12 05:51:09,903 [INFO] Epoch: 16 | Batch: 100/135 | Loss: 0.7929 | Acc: 67.88%
2024-12-12 05:56:31,811 [INFO] Epoch 16 | Train Loss: 0.6886 | Train Accuracy: 68.77%
2024-12-12 05:56:31,811 [INFO] Epoch 16 | Valid Loss: 0.9993 | Valid Accuracy: 57.42% | Valid F1 Score: 0.5617
2024-12-12 05:56:32,142 [INFO] Current learning rate: 2.9999999999999997e-05
2024-12-12 05:56:32,142 [INFO] 
Epoch 18/30
2024-12-12 05:57:02,568 [INFO] Epoch: 17 | Batch: 0/135 | Loss: 0.9371 | Acc: 56.25%
2024-12-12 06:00:02,696 [INFO] Epoch: 17 | Batch: 100/135 | Loss: 0.8341 | Acc: 72.22%
2024-12-12 06:05:24,604 [INFO] Epoch 17 | Train Loss: 0.6597 | Train Accuracy: 71.84%
2024-12-12 06:05:24,604 [INFO] Epoch 17 | Valid Loss: 0.9908 | Valid Accuracy: 56.67% | Valid F1 Score: 0.5479
2024-12-12 06:05:24,919 [INFO] Current learning rate: 2.9999999999999997e-05
2024-12-12 06:05:24,919 [INFO] 
Epoch 19/30
2024-12-12 06:05:55,398 [INFO] Epoch: 18 | Batch: 0/135 | Loss: 0.5850 | Acc: 81.25%
2024-12-12 06:08:55,117 [INFO] Epoch: 18 | Batch: 100/135 | Loss: 0.5205 | Acc: 74.20%
2024-12-12 06:14:16,544 [INFO] Epoch 18 | Train Loss: 0.6300 | Train Accuracy: 73.28%
2024-12-12 06:14:16,545 [INFO] Epoch 18 | Valid Loss: 0.9901 | Valid Accuracy: 57.87% | Valid F1 Score: 0.5633
2024-12-12 06:14:16,862 [INFO] Current learning rate: 2.9999999999999997e-05
2024-12-12 06:14:16,862 [INFO] 
Epoch 20/30
2024-12-12 06:14:46,587 [INFO] Epoch: 19 | Batch: 0/135 | Loss: 0.6992 | Acc: 62.50%
2024-12-12 06:17:46,865 [INFO] Epoch: 19 | Batch: 100/135 | Loss: 0.4920 | Acc: 73.14%
