2024-11-24 14:26:17,477 [INFO] Starting experiment: Baseline_B3_step_A_V1
2024-11-24 14:26:17,478 [INFO] Using device: cuda
2024-11-24 14:26:17,479 [INFO] Set random seed: 31
2024-11-24 14:30:20,075 [INFO] Training dataset size: 25703
2024-11-24 14:30:20,079 [INFO] Validation dataset size: 15981
2024-11-24 14:30:20,146 [INFO] Starting training...
2024-11-24 14:30:20,146 [INFO] 
Epoch 1/10
2024-11-24 14:30:22,157 [INFO] Epoch: 0 | Batch: 0/804 | Loss: 2.1801 | Acc: 12.50%
2024-11-24 14:30:25,048 [INFO] Epoch: 0 | Batch: 10/804 | Loss: 1.9493 | Acc: 15.62%
2024-11-24 14:30:27,926 [INFO] Epoch: 0 | Batch: 20/804 | Loss: 1.9637 | Acc: 29.17%
2024-11-24 14:30:30,688 [INFO] Epoch: 0 | Batch: 30/804 | Loss: 1.7654 | Acc: 38.91%
2024-11-24 14:30:33,468 [INFO] Epoch: 0 | Batch: 40/804 | Loss: 1.3561 | Acc: 44.66%
2024-11-24 14:30:36,205 [INFO] Epoch: 0 | Batch: 50/804 | Loss: 1.2366 | Acc: 48.59%
2024-11-24 14:30:38,824 [INFO] Epoch: 0 | Batch: 60/804 | Loss: 1.4693 | Acc: 51.90%
2024-11-24 14:30:41,623 [INFO] Epoch: 0 | Batch: 70/804 | Loss: 1.2204 | Acc: 54.05%
2024-11-24 14:30:44,296 [INFO] Epoch: 0 | Batch: 80/804 | Loss: 1.0198 | Acc: 55.94%
2024-11-24 14:30:46,983 [INFO] Epoch: 0 | Batch: 90/804 | Loss: 1.2256 | Acc: 56.90%
2024-11-24 14:30:49,636 [INFO] Epoch: 0 | Batch: 100/804 | Loss: 1.5912 | Acc: 57.64%
2024-11-24 14:30:52,128 [INFO] Epoch: 0 | Batch: 110/804 | Loss: 1.1011 | Acc: 58.56%
2024-11-24 14:30:54,706 [INFO] Epoch: 0 | Batch: 120/804 | Loss: 1.3526 | Acc: 59.17%
2024-11-24 14:30:57,211 [INFO] Epoch: 0 | Batch: 130/804 | Loss: 0.9337 | Acc: 59.78%
2024-11-24 14:30:59,703 [INFO] Epoch: 0 | Batch: 140/804 | Loss: 1.2071 | Acc: 60.31%
2024-11-24 14:31:02,123 [INFO] Epoch: 0 | Batch: 150/804 | Loss: 1.3085 | Acc: 60.78%
2024-11-24 14:31:04,649 [INFO] Epoch: 0 | Batch: 160/804 | Loss: 0.9000 | Acc: 61.20%
2024-11-24 14:31:07,151 [INFO] Epoch: 0 | Batch: 170/804 | Loss: 1.0395 | Acc: 61.70%
2024-11-24 14:31:09,586 [INFO] Epoch: 0 | Batch: 180/804 | Loss: 0.9262 | Acc: 62.43%
2024-11-24 14:31:12,079 [INFO] Epoch: 0 | Batch: 190/804 | Loss: 0.8966 | Acc: 62.94%
2024-11-24 14:31:14,576 [INFO] Epoch: 0 | Batch: 200/804 | Loss: 1.1505 | Acc: 63.57%
2024-11-24 14:31:16,987 [INFO] Epoch: 0 | Batch: 210/804 | Loss: 1.8348 | Acc: 63.61%
2024-11-24 14:31:19,346 [INFO] Epoch: 0 | Batch: 220/804 | Loss: 0.7687 | Acc: 63.97%
2024-11-24 14:31:21,707 [INFO] Epoch: 0 | Batch: 230/804 | Loss: 1.1695 | Acc: 64.46%
2024-11-24 14:31:24,029 [INFO] Epoch: 0 | Batch: 240/804 | Loss: 0.9924 | Acc: 64.43%
2024-11-24 14:31:26,474 [INFO] Epoch: 0 | Batch: 250/804 | Loss: 0.6960 | Acc: 64.67%
2024-11-24 14:31:28,838 [INFO] Epoch: 0 | Batch: 260/804 | Loss: 1.6186 | Acc: 64.88%
2024-11-24 14:31:31,104 [INFO] Epoch: 0 | Batch: 270/804 | Loss: 0.8748 | Acc: 65.13%
2024-11-24 14:31:33,399 [INFO] Epoch: 0 | Batch: 280/804 | Loss: 1.7825 | Acc: 65.36%
2024-11-24 14:31:35,804 [INFO] Epoch: 0 | Batch: 290/804 | Loss: 1.0125 | Acc: 65.66%
2024-11-24 14:31:38,103 [INFO] Epoch: 0 | Batch: 300/804 | Loss: 0.8048 | Acc: 65.86%
2024-11-24 14:31:40,474 [INFO] Epoch: 0 | Batch: 310/804 | Loss: 1.2671 | Acc: 66.01%
2024-11-24 14:31:42,787 [INFO] Epoch: 0 | Batch: 320/804 | Loss: 1.0428 | Acc: 66.11%
2024-11-24 14:31:44,998 [INFO] Epoch: 0 | Batch: 330/804 | Loss: 1.1387 | Acc: 66.19%
2024-11-24 14:31:47,212 [INFO] Epoch: 0 | Batch: 340/804 | Loss: 1.0263 | Acc: 66.23%
2024-11-24 14:31:49,455 [INFO] Epoch: 0 | Batch: 350/804 | Loss: 1.0010 | Acc: 66.33%
2024-11-24 14:31:51,801 [INFO] Epoch: 0 | Batch: 360/804 | Loss: 1.0561 | Acc: 66.41%
2024-11-24 14:31:54,090 [INFO] Epoch: 0 | Batch: 370/804 | Loss: 1.1644 | Acc: 66.43%
2024-11-24 14:31:56,306 [INFO] Epoch: 0 | Batch: 380/804 | Loss: 1.0611 | Acc: 66.56%
2024-11-24 14:31:58,527 [INFO] Epoch: 0 | Batch: 390/804 | Loss: 0.9773 | Acc: 66.63%
2024-11-24 14:32:00,793 [INFO] Epoch: 0 | Batch: 400/804 | Loss: 0.8312 | Acc: 66.80%
2024-11-24 14:32:03,018 [INFO] Epoch: 0 | Batch: 410/804 | Loss: 1.1380 | Acc: 66.87%
2024-11-24 14:32:05,231 [INFO] Epoch: 0 | Batch: 420/804 | Loss: 0.9864 | Acc: 66.94%
2024-11-24 14:32:07,508 [INFO] Epoch: 0 | Batch: 430/804 | Loss: 0.8528 | Acc: 67.10%
2024-11-24 14:32:09,657 [INFO] Epoch: 0 | Batch: 440/804 | Loss: 1.3997 | Acc: 67.15%
2024-11-24 14:32:11,821 [INFO] Epoch: 0 | Batch: 450/804 | Loss: 0.5908 | Acc: 67.27%
2024-11-24 14:32:14,074 [INFO] Epoch: 0 | Batch: 460/804 | Loss: 0.8966 | Acc: 67.31%
2024-11-24 14:32:16,156 [INFO] Epoch: 0 | Batch: 470/804 | Loss: 1.0449 | Acc: 67.36%
2024-11-24 14:32:18,316 [INFO] Epoch: 0 | Batch: 480/804 | Loss: 0.9451 | Acc: 67.44%
2024-11-24 14:32:20,526 [INFO] Epoch: 0 | Batch: 490/804 | Loss: 0.7603 | Acc: 67.55%
2024-11-24 14:32:22,591 [INFO] Epoch: 0 | Batch: 500/804 | Loss: 0.9884 | Acc: 67.63%
2024-11-24 14:32:24,720 [INFO] Epoch: 0 | Batch: 510/804 | Loss: 0.7693 | Acc: 67.69%
2024-11-24 14:32:26,839 [INFO] Epoch: 0 | Batch: 520/804 | Loss: 0.6033 | Acc: 67.78%
2024-11-24 14:32:28,899 [INFO] Epoch: 0 | Batch: 530/804 | Loss: 0.9506 | Acc: 67.80%
2024-11-24 14:32:31,040 [INFO] Epoch: 0 | Batch: 540/804 | Loss: 0.8304 | Acc: 67.95%
2024-11-24 14:32:33,117 [INFO] Epoch: 0 | Batch: 550/804 | Loss: 0.5641 | Acc: 67.98%
2024-11-24 14:32:35,179 [INFO] Epoch: 0 | Batch: 560/804 | Loss: 1.1717 | Acc: 68.02%
2024-11-24 14:32:37,259 [INFO] Epoch: 0 | Batch: 570/804 | Loss: 0.7940 | Acc: 68.07%
2024-11-24 14:32:39,385 [INFO] Epoch: 0 | Batch: 580/804 | Loss: 0.9364 | Acc: 68.14%
2024-11-24 14:32:41,449 [INFO] Epoch: 0 | Batch: 590/804 | Loss: 0.9571 | Acc: 68.22%
2024-11-24 14:32:43,435 [INFO] Epoch: 0 | Batch: 600/804 | Loss: 0.7657 | Acc: 68.28%
2024-11-24 14:32:45,570 [INFO] Epoch: 0 | Batch: 610/804 | Loss: 0.8254 | Acc: 68.37%
2024-11-24 14:32:47,642 [INFO] Epoch: 0 | Batch: 620/804 | Loss: 0.7696 | Acc: 68.46%
2024-11-24 14:32:49,669 [INFO] Epoch: 0 | Batch: 630/804 | Loss: 0.6830 | Acc: 68.57%
2024-11-24 14:32:51,748 [INFO] Epoch: 0 | Batch: 640/804 | Loss: 0.8116 | Acc: 68.57%
2024-11-24 14:32:53,760 [INFO] Epoch: 0 | Batch: 650/804 | Loss: 0.5223 | Acc: 68.62%
2024-11-24 14:32:55,874 [INFO] Epoch: 0 | Batch: 660/804 | Loss: 0.7384 | Acc: 68.68%
2024-11-24 14:32:57,949 [INFO] Epoch: 0 | Batch: 670/804 | Loss: 1.0261 | Acc: 68.75%
2024-11-24 14:33:00,012 [INFO] Epoch: 0 | Batch: 680/804 | Loss: 1.1942 | Acc: 68.80%
2024-11-24 14:33:02,048 [INFO] Epoch: 0 | Batch: 690/804 | Loss: 0.8732 | Acc: 68.87%
2024-11-24 14:33:04,090 [INFO] Epoch: 0 | Batch: 700/804 | Loss: 0.6896 | Acc: 68.91%
2024-11-24 14:33:06,135 [INFO] Epoch: 0 | Batch: 710/804 | Loss: 0.8275 | Acc: 69.01%
2024-11-24 14:33:08,148 [INFO] Epoch: 0 | Batch: 720/804 | Loss: 0.9407 | Acc: 69.09%
2024-11-24 14:33:10,139 [INFO] Epoch: 0 | Batch: 730/804 | Loss: 0.6762 | Acc: 69.20%
2024-11-24 14:33:12,165 [INFO] Epoch: 0 | Batch: 740/804 | Loss: 1.0202 | Acc: 69.24%
2024-11-24 14:33:14,236 [INFO] Epoch: 0 | Batch: 750/804 | Loss: 0.7459 | Acc: 69.31%
2024-11-24 14:33:16,256 [INFO] Epoch: 0 | Batch: 760/804 | Loss: 0.8062 | Acc: 69.38%
2024-11-24 14:33:18,248 [INFO] Epoch: 0 | Batch: 770/804 | Loss: 0.8210 | Acc: 69.48%
2024-11-24 14:33:20,241 [INFO] Epoch: 0 | Batch: 780/804 | Loss: 1.1674 | Acc: 69.58%
2024-11-24 14:33:22,354 [INFO] Epoch: 0 | Batch: 790/804 | Loss: 0.9264 | Acc: 69.59%
2024-11-24 14:33:24,336 [INFO] Epoch: 0 | Batch: 800/804 | Loss: 0.9964 | Acc: 69.62%
2024-11-24 14:34:09,527 [INFO] Epoch 0 | Valid Loss: 0.7718 | Accuracy: 75.59% | F1 Score: 0.7118
2024-11-24 14:34:12,053 [INFO] Current learning rate: 0.0001
2024-11-24 14:34:12,053 [INFO] 
Epoch 2/10
2024-11-24 14:34:12,184 [INFO] Epoch: 1 | Batch: 0/804 | Loss: 0.7709 | Acc: 78.12%
2024-11-24 14:34:13,455 [INFO] Epoch: 1 | Batch: 10/804 | Loss: 0.7965 | Acc: 73.30%
2024-11-24 14:34:14,713 [INFO] Epoch: 1 | Batch: 20/804 | Loss: 0.6670 | Acc: 74.85%
2024-11-24 14:34:15,980 [INFO] Epoch: 1 | Batch: 30/804 | Loss: 0.9091 | Acc: 74.29%
2024-11-24 14:34:17,258 [INFO] Epoch: 1 | Batch: 40/804 | Loss: 0.5833 | Acc: 75.30%
2024-11-24 14:34:18,526 [INFO] Epoch: 1 | Batch: 50/804 | Loss: 0.3833 | Acc: 75.67%
2024-11-24 14:34:19,790 [INFO] Epoch: 1 | Batch: 60/804 | Loss: 0.5149 | Acc: 76.18%
2024-11-24 14:34:21,049 [INFO] Epoch: 1 | Batch: 70/804 | Loss: 0.5643 | Acc: 76.36%
2024-11-24 14:34:22,323 [INFO] Epoch: 1 | Batch: 80/804 | Loss: 1.2543 | Acc: 75.85%
2024-11-24 14:34:23,592 [INFO] Epoch: 1 | Batch: 90/804 | Loss: 0.4144 | Acc: 76.10%
2024-11-24 14:34:24,851 [INFO] Epoch: 1 | Batch: 100/804 | Loss: 0.5027 | Acc: 76.02%
2024-11-24 14:34:26,119 [INFO] Epoch: 1 | Batch: 110/804 | Loss: 0.4848 | Acc: 76.21%
2024-11-24 14:34:27,386 [INFO] Epoch: 1 | Batch: 120/804 | Loss: 0.7768 | Acc: 76.45%
2024-11-24 14:34:28,669 [INFO] Epoch: 1 | Batch: 130/804 | Loss: 0.9289 | Acc: 76.48%
2024-11-24 14:34:29,932 [INFO] Epoch: 1 | Batch: 140/804 | Loss: 0.5570 | Acc: 76.71%
2024-11-24 14:34:31,193 [INFO] Epoch: 1 | Batch: 150/804 | Loss: 1.0217 | Acc: 76.97%
2024-11-24 14:34:32,453 [INFO] Epoch: 1 | Batch: 160/804 | Loss: 0.7469 | Acc: 76.88%
2024-11-24 14:34:33,710 [INFO] Epoch: 1 | Batch: 170/804 | Loss: 0.4817 | Acc: 76.81%
2024-11-24 14:34:34,980 [INFO] Epoch: 1 | Batch: 180/804 | Loss: 0.5857 | Acc: 76.78%
2024-11-24 14:34:36,244 [INFO] Epoch: 1 | Batch: 190/804 | Loss: 0.9774 | Acc: 76.77%
2024-11-24 14:34:37,506 [INFO] Epoch: 1 | Batch: 200/804 | Loss: 0.5759 | Acc: 76.97%
2024-11-24 14:34:38,766 [INFO] Epoch: 1 | Batch: 210/804 | Loss: 0.8939 | Acc: 76.82%
2024-11-24 14:34:40,035 [INFO] Epoch: 1 | Batch: 220/804 | Loss: 0.5919 | Acc: 76.95%
2024-11-24 14:34:41,293 [INFO] Epoch: 1 | Batch: 230/804 | Loss: 0.7280 | Acc: 76.93%
2024-11-24 14:34:42,556 [INFO] Epoch: 1 | Batch: 240/804 | Loss: 0.6797 | Acc: 76.82%
2024-11-24 14:34:43,819 [INFO] Epoch: 1 | Batch: 250/804 | Loss: 0.5398 | Acc: 77.03%
2024-11-24 14:34:45,097 [INFO] Epoch: 1 | Batch: 260/804 | Loss: 0.8415 | Acc: 76.86%
2024-11-24 14:34:46,380 [INFO] Epoch: 1 | Batch: 270/804 | Loss: 0.8851 | Acc: 76.85%
2024-11-24 14:34:47,644 [INFO] Epoch: 1 | Batch: 280/804 | Loss: 0.9188 | Acc: 76.85%
2024-11-24 14:34:48,919 [INFO] Epoch: 1 | Batch: 290/804 | Loss: 0.6628 | Acc: 77.06%
2024-11-24 14:34:50,191 [INFO] Epoch: 1 | Batch: 300/804 | Loss: 0.6027 | Acc: 77.11%
2024-11-24 14:34:51,450 [INFO] Epoch: 1 | Batch: 310/804 | Loss: 0.4021 | Acc: 77.11%
2024-11-24 14:34:52,708 [INFO] Epoch: 1 | Batch: 320/804 | Loss: 0.9925 | Acc: 77.09%
2024-11-24 14:34:53,978 [INFO] Epoch: 1 | Batch: 330/804 | Loss: 0.5271 | Acc: 77.01%
2024-11-24 14:34:55,256 [INFO] Epoch: 1 | Batch: 340/804 | Loss: 0.5518 | Acc: 77.11%
2024-11-24 14:34:56,517 [INFO] Epoch: 1 | Batch: 350/804 | Loss: 1.0098 | Acc: 77.10%
2024-11-24 14:34:57,775 [INFO] Epoch: 1 | Batch: 360/804 | Loss: 0.6145 | Acc: 77.03%
2024-11-24 14:34:59,031 [INFO] Epoch: 1 | Batch: 370/804 | Loss: 0.5744 | Acc: 77.05%
2024-11-24 14:35:00,291 [INFO] Epoch: 1 | Batch: 380/804 | Loss: 0.4276 | Acc: 77.06%
2024-11-24 14:35:01,556 [INFO] Epoch: 1 | Batch: 390/804 | Loss: 1.1257 | Acc: 76.93%
2024-11-24 14:35:02,848 [INFO] Epoch: 1 | Batch: 400/804 | Loss: 0.4538 | Acc: 76.96%
2024-11-24 14:35:04,108 [INFO] Epoch: 1 | Batch: 410/804 | Loss: 0.5327 | Acc: 76.94%
2024-11-24 14:35:05,367 [INFO] Epoch: 1 | Batch: 420/804 | Loss: 0.6722 | Acc: 76.97%
2024-11-24 14:35:06,644 [INFO] Epoch: 1 | Batch: 430/804 | Loss: 0.4850 | Acc: 77.03%
2024-11-24 14:35:07,962 [INFO] Epoch: 1 | Batch: 440/804 | Loss: 0.8649 | Acc: 77.05%
2024-11-24 14:35:09,220 [INFO] Epoch: 1 | Batch: 450/804 | Loss: 0.8901 | Acc: 76.95%
2024-11-24 14:35:10,492 [INFO] Epoch: 1 | Batch: 460/804 | Loss: 0.5533 | Acc: 77.08%
2024-11-24 14:35:11,760 [INFO] Epoch: 1 | Batch: 470/804 | Loss: 0.6069 | Acc: 77.12%
2024-11-24 14:35:13,026 [INFO] Epoch: 1 | Batch: 480/804 | Loss: 0.5929 | Acc: 77.14%
2024-11-24 14:35:14,293 [INFO] Epoch: 1 | Batch: 490/804 | Loss: 0.6041 | Acc: 77.05%
2024-11-24 14:35:15,551 [INFO] Epoch: 1 | Batch: 500/804 | Loss: 0.6834 | Acc: 77.10%
2024-11-24 14:35:16,822 [INFO] Epoch: 1 | Batch: 510/804 | Loss: 0.7537 | Acc: 77.05%
2024-11-24 14:35:18,086 [INFO] Epoch: 1 | Batch: 520/804 | Loss: 0.5337 | Acc: 77.07%
2024-11-24 14:35:19,349 [INFO] Epoch: 1 | Batch: 530/804 | Loss: 0.4339 | Acc: 77.17%
2024-11-24 14:35:20,608 [INFO] Epoch: 1 | Batch: 540/804 | Loss: 0.6542 | Acc: 77.22%
2024-11-24 14:35:21,924 [INFO] Epoch: 1 | Batch: 550/804 | Loss: 0.7955 | Acc: 77.27%
2024-11-24 14:35:23,181 [INFO] Epoch: 1 | Batch: 560/804 | Loss: 0.6339 | Acc: 77.27%
2024-11-24 14:35:24,439 [INFO] Epoch: 1 | Batch: 570/804 | Loss: 0.6376 | Acc: 77.23%
2024-11-24 14:35:25,729 [INFO] Epoch: 1 | Batch: 580/804 | Loss: 1.0465 | Acc: 77.16%
2024-11-24 14:35:26,990 [INFO] Epoch: 1 | Batch: 590/804 | Loss: 0.5610 | Acc: 77.22%
2024-11-24 14:35:28,248 [INFO] Epoch: 1 | Batch: 600/804 | Loss: 0.5023 | Acc: 77.23%
2024-11-24 14:35:29,521 [INFO] Epoch: 1 | Batch: 610/804 | Loss: 0.7603 | Acc: 77.24%
2024-11-24 14:35:30,802 [INFO] Epoch: 1 | Batch: 620/804 | Loss: 0.5132 | Acc: 77.28%
2024-11-24 14:35:32,065 [INFO] Epoch: 1 | Batch: 630/804 | Loss: 0.4239 | Acc: 77.34%
2024-11-24 14:35:33,325 [INFO] Epoch: 1 | Batch: 640/804 | Loss: 0.4693 | Acc: 77.38%
2024-11-24 14:35:34,602 [INFO] Epoch: 1 | Batch: 650/804 | Loss: 0.3843 | Acc: 77.39%
2024-11-24 14:35:35,863 [INFO] Epoch: 1 | Batch: 660/804 | Loss: 0.5930 | Acc: 77.38%
2024-11-24 14:35:37,128 [INFO] Epoch: 1 | Batch: 670/804 | Loss: 0.5820 | Acc: 77.44%
2024-11-24 14:35:38,403 [INFO] Epoch: 1 | Batch: 680/804 | Loss: 0.3662 | Acc: 77.42%
2024-11-24 14:35:39,675 [INFO] Epoch: 1 | Batch: 690/804 | Loss: 0.5712 | Acc: 77.49%
2024-11-24 14:35:40,933 [INFO] Epoch: 1 | Batch: 700/804 | Loss: 0.5927 | Acc: 77.47%
2024-11-24 14:35:42,200 [INFO] Epoch: 1 | Batch: 710/804 | Loss: 0.7575 | Acc: 77.46%
2024-11-24 14:35:43,466 [INFO] Epoch: 1 | Batch: 720/804 | Loss: 0.6168 | Acc: 77.52%
2024-11-24 14:35:44,731 [INFO] Epoch: 1 | Batch: 730/804 | Loss: 0.3649 | Acc: 77.60%
2024-11-24 14:35:45,993 [INFO] Epoch: 1 | Batch: 740/804 | Loss: 0.6302 | Acc: 77.67%
2024-11-24 14:35:47,252 [INFO] Epoch: 1 | Batch: 750/804 | Loss: 0.8069 | Acc: 77.70%
2024-11-24 14:35:48,515 [INFO] Epoch: 1 | Batch: 760/804 | Loss: 0.7235 | Acc: 77.72%
2024-11-24 14:35:49,799 [INFO] Epoch: 1 | Batch: 770/804 | Loss: 0.7029 | Acc: 77.72%
2024-11-24 14:35:51,058 [INFO] Epoch: 1 | Batch: 780/804 | Loss: 0.6296 | Acc: 77.73%
2024-11-24 14:35:52,346 [INFO] Epoch: 1 | Batch: 790/804 | Loss: 0.5753 | Acc: 77.78%
2024-11-24 14:35:53,612 [INFO] Epoch: 1 | Batch: 800/804 | Loss: 0.4869 | Acc: 77.81%
2024-11-24 14:36:38,276 [INFO] Epoch 1 | Valid Loss: 0.7071 | Accuracy: 77.25% | F1 Score: 0.7363
2024-11-24 14:36:40,823 [INFO] Current learning rate: 0.0001
2024-11-24 14:36:40,823 [INFO] 
Epoch 3/10
2024-11-24 14:36:40,951 [INFO] Epoch: 2 | Batch: 0/804 | Loss: 0.5481 | Acc: 90.62%
2024-11-24 14:36:42,209 [INFO] Epoch: 2 | Batch: 10/804 | Loss: 0.3792 | Acc: 80.40%
2024-11-24 14:36:43,468 [INFO] Epoch: 2 | Batch: 20/804 | Loss: 0.7307 | Acc: 80.51%
2024-11-24 14:36:44,733 [INFO] Epoch: 2 | Batch: 30/804 | Loss: 0.3867 | Acc: 81.35%
2024-11-24 14:36:46,019 [INFO] Epoch: 2 | Batch: 40/804 | Loss: 0.5245 | Acc: 82.47%
2024-11-24 14:36:47,291 [INFO] Epoch: 2 | Batch: 50/804 | Loss: 0.4456 | Acc: 82.66%
2024-11-24 14:36:48,553 [INFO] Epoch: 2 | Batch: 60/804 | Loss: 0.3581 | Acc: 82.63%
2024-11-24 14:36:49,818 [INFO] Epoch: 2 | Batch: 70/804 | Loss: 0.2699 | Acc: 83.01%
2024-11-24 14:36:51,093 [INFO] Epoch: 2 | Batch: 80/804 | Loss: 0.3610 | Acc: 82.95%
2024-11-24 14:36:52,356 [INFO] Epoch: 2 | Batch: 90/804 | Loss: 0.3713 | Acc: 82.69%
2024-11-24 14:36:53,623 [INFO] Epoch: 2 | Batch: 100/804 | Loss: 0.4253 | Acc: 82.89%
2024-11-24 14:36:54,882 [INFO] Epoch: 2 | Batch: 110/804 | Loss: 0.3263 | Acc: 83.14%
2024-11-24 14:36:56,164 [INFO] Epoch: 2 | Batch: 120/804 | Loss: 0.5187 | Acc: 83.19%
2024-11-24 14:36:57,422 [INFO] Epoch: 2 | Batch: 130/804 | Loss: 0.3824 | Acc: 83.18%
2024-11-24 14:36:58,686 [INFO] Epoch: 2 | Batch: 140/804 | Loss: 0.6595 | Acc: 83.11%
2024-11-24 14:36:59,946 [INFO] Epoch: 2 | Batch: 150/804 | Loss: 0.4540 | Acc: 83.17%
2024-11-24 14:37:01,219 [INFO] Epoch: 2 | Batch: 160/804 | Loss: 0.4179 | Acc: 83.09%
2024-11-24 14:37:02,480 [INFO] Epoch: 2 | Batch: 170/804 | Loss: 0.3405 | Acc: 83.13%
2024-11-24 14:37:03,735 [INFO] Epoch: 2 | Batch: 180/804 | Loss: 0.8905 | Acc: 83.15%
2024-11-24 14:37:05,059 [INFO] Epoch: 2 | Batch: 190/804 | Loss: 0.3626 | Acc: 83.31%
2024-11-24 14:37:06,317 [INFO] Epoch: 2 | Batch: 200/804 | Loss: 0.4948 | Acc: 83.26%
2024-11-24 14:37:07,586 [INFO] Epoch: 2 | Batch: 210/804 | Loss: 0.3522 | Acc: 83.41%
2024-11-24 14:37:08,851 [INFO] Epoch: 2 | Batch: 220/804 | Loss: 0.4153 | Acc: 83.43%
2024-11-24 14:37:10,110 [INFO] Epoch: 2 | Batch: 230/804 | Loss: 0.3914 | Acc: 83.58%
2024-11-24 14:37:11,394 [INFO] Epoch: 2 | Batch: 240/804 | Loss: 0.4755 | Acc: 83.60%
2024-11-24 14:37:12,666 [INFO] Epoch: 2 | Batch: 250/804 | Loss: 0.7007 | Acc: 83.48%
2024-11-24 14:37:13,929 [INFO] Epoch: 2 | Batch: 260/804 | Loss: 0.2513 | Acc: 83.63%
2024-11-24 14:37:15,189 [INFO] Epoch: 2 | Batch: 270/804 | Loss: 0.4883 | Acc: 83.57%
2024-11-24 14:37:16,471 [INFO] Epoch: 2 | Batch: 280/804 | Loss: 0.3217 | Acc: 83.56%
2024-11-24 14:37:17,731 [INFO] Epoch: 2 | Batch: 290/804 | Loss: 0.3082 | Acc: 83.45%
2024-11-24 14:37:18,997 [INFO] Epoch: 2 | Batch: 300/804 | Loss: 0.5335 | Acc: 83.48%
2024-11-24 14:37:20,293 [INFO] Epoch: 2 | Batch: 310/804 | Loss: 0.4416 | Acc: 83.34%
2024-11-24 14:37:21,554 [INFO] Epoch: 2 | Batch: 320/804 | Loss: 0.5304 | Acc: 83.21%
2024-11-24 14:37:22,818 [INFO] Epoch: 2 | Batch: 330/804 | Loss: 0.3194 | Acc: 83.13%
2024-11-24 14:37:24,083 [INFO] Epoch: 2 | Batch: 340/804 | Loss: 0.4091 | Acc: 83.10%
2024-11-24 14:37:25,341 [INFO] Epoch: 2 | Batch: 350/804 | Loss: 0.4480 | Acc: 83.00%
2024-11-24 14:37:26,603 [INFO] Epoch: 2 | Batch: 360/804 | Loss: 0.5937 | Acc: 82.85%
2024-11-24 14:37:27,864 [INFO] Epoch: 2 | Batch: 370/804 | Loss: 0.6110 | Acc: 82.88%
2024-11-24 14:37:29,153 [INFO] Epoch: 2 | Batch: 380/804 | Loss: 0.5409 | Acc: 82.97%
2024-11-24 14:37:30,416 [INFO] Epoch: 2 | Batch: 390/804 | Loss: 0.3968 | Acc: 83.02%
2024-11-24 14:37:31,674 [INFO] Epoch: 2 | Batch: 400/804 | Loss: 0.4921 | Acc: 82.96%
2024-11-24 14:37:32,934 [INFO] Epoch: 2 | Batch: 410/804 | Loss: 0.5357 | Acc: 82.93%
2024-11-24 14:37:34,230 [INFO] Epoch: 2 | Batch: 420/804 | Loss: 0.9700 | Acc: 82.87%
2024-11-24 14:37:35,494 [INFO] Epoch: 2 | Batch: 430/804 | Loss: 0.6594 | Acc: 82.87%
2024-11-24 14:37:36,764 [INFO] Epoch: 2 | Batch: 440/804 | Loss: 0.3190 | Acc: 82.94%
2024-11-24 14:37:38,021 [INFO] Epoch: 2 | Batch: 450/804 | Loss: 0.2887 | Acc: 82.93%
2024-11-24 14:37:39,283 [INFO] Epoch: 2 | Batch: 460/804 | Loss: 0.4099 | Acc: 82.94%
2024-11-24 14:37:40,541 [INFO] Epoch: 2 | Batch: 470/804 | Loss: 0.7607 | Acc: 82.88%
2024-11-24 14:37:41,801 [INFO] Epoch: 2 | Batch: 480/804 | Loss: 0.6804 | Acc: 82.84%
2024-11-24 14:37:43,067 [INFO] Epoch: 2 | Batch: 490/804 | Loss: 0.5270 | Acc: 82.85%
2024-11-24 14:37:44,330 [INFO] Epoch: 2 | Batch: 500/804 | Loss: 0.8138 | Acc: 82.80%
2024-11-24 14:37:45,590 [INFO] Epoch: 2 | Batch: 510/804 | Loss: 0.5054 | Acc: 82.80%
2024-11-24 14:37:46,874 [INFO] Epoch: 2 | Batch: 520/804 | Loss: 0.5644 | Acc: 82.77%
2024-11-24 14:37:48,139 [INFO] Epoch: 2 | Batch: 530/804 | Loss: 0.5551 | Acc: 82.76%
2024-11-24 14:37:49,399 [INFO] Epoch: 2 | Batch: 540/804 | Loss: 0.7606 | Acc: 82.75%
2024-11-24 14:37:50,665 [INFO] Epoch: 2 | Batch: 550/804 | Loss: 0.5116 | Acc: 82.75%
2024-11-24 14:37:51,931 [INFO] Epoch: 2 | Batch: 560/804 | Loss: 0.4430 | Acc: 82.73%
2024-11-24 14:37:53,204 [INFO] Epoch: 2 | Batch: 570/804 | Loss: 0.5574 | Acc: 82.66%
2024-11-24 14:37:54,474 [INFO] Epoch: 2 | Batch: 580/804 | Loss: 0.6365 | Acc: 82.67%
2024-11-24 14:37:55,737 [INFO] Epoch: 2 | Batch: 590/804 | Loss: 0.4081 | Acc: 82.69%
2024-11-24 14:37:57,026 [INFO] Epoch: 2 | Batch: 600/804 | Loss: 0.4560 | Acc: 82.70%
2024-11-24 14:37:58,290 [INFO] Epoch: 2 | Batch: 610/804 | Loss: 0.5125 | Acc: 82.68%
2024-11-24 14:37:59,553 [INFO] Epoch: 2 | Batch: 620/804 | Loss: 0.6604 | Acc: 82.65%
2024-11-24 14:38:00,812 [INFO] Epoch: 2 | Batch: 630/804 | Loss: 0.6991 | Acc: 82.56%
2024-11-24 14:38:02,083 [INFO] Epoch: 2 | Batch: 640/804 | Loss: 0.6156 | Acc: 82.59%
2024-11-24 14:38:03,370 [INFO] Epoch: 2 | Batch: 650/804 | Loss: 0.3892 | Acc: 82.60%
2024-11-24 14:38:04,637 [INFO] Epoch: 2 | Batch: 660/804 | Loss: 0.3686 | Acc: 82.54%
2024-11-24 14:38:05,896 [INFO] Epoch: 2 | Batch: 670/804 | Loss: 0.6836 | Acc: 82.54%
2024-11-24 14:38:07,161 [INFO] Epoch: 2 | Batch: 680/804 | Loss: 0.7175 | Acc: 82.49%
2024-11-24 14:38:08,436 [INFO] Epoch: 2 | Batch: 690/804 | Loss: 0.4139 | Acc: 82.55%
2024-11-24 14:38:09,698 [INFO] Epoch: 2 | Batch: 700/804 | Loss: 0.3603 | Acc: 82.54%
2024-11-24 14:38:10,969 [INFO] Epoch: 2 | Batch: 710/804 | Loss: 0.7818 | Acc: 82.49%
2024-11-24 14:38:12,233 [INFO] Epoch: 2 | Batch: 720/804 | Loss: 0.5585 | Acc: 82.48%
2024-11-24 14:38:13,495 [INFO] Epoch: 2 | Batch: 730/804 | Loss: 0.5563 | Acc: 82.41%
2024-11-24 14:38:14,762 [INFO] Epoch: 2 | Batch: 740/804 | Loss: 0.3138 | Acc: 82.39%
2024-11-24 14:38:16,022 [INFO] Epoch: 2 | Batch: 750/804 | Loss: 0.5487 | Acc: 82.40%
2024-11-24 14:38:17,297 [INFO] Epoch: 2 | Batch: 760/804 | Loss: 0.8071 | Acc: 82.36%
2024-11-24 14:38:18,558 [INFO] Epoch: 2 | Batch: 770/804 | Loss: 0.3868 | Acc: 82.42%
2024-11-24 14:38:19,826 [INFO] Epoch: 2 | Batch: 780/804 | Loss: 0.3105 | Acc: 82.43%
2024-11-24 14:38:21,086 [INFO] Epoch: 2 | Batch: 790/804 | Loss: 0.9118 | Acc: 82.39%
2024-11-24 14:38:22,352 [INFO] Epoch: 2 | Batch: 800/804 | Loss: 0.4835 | Acc: 82.35%
2024-11-24 14:39:07,064 [INFO] Epoch 2 | Valid Loss: 0.7228 | Accuracy: 76.17% | F1 Score: 0.7453
2024-11-24 14:39:07,544 [INFO] Current learning rate: 0.0001
2024-11-24 14:39:07,544 [INFO] 
Epoch 4/10
2024-11-24 14:39:07,687 [INFO] Epoch: 3 | Batch: 0/804 | Loss: 0.5773 | Acc: 87.50%
2024-11-24 14:39:09,023 [INFO] Epoch: 3 | Batch: 10/804 | Loss: 0.2445 | Acc: 87.78%
2024-11-24 14:39:10,283 [INFO] Epoch: 3 | Batch: 20/804 | Loss: 0.3460 | Acc: 87.80%
2024-11-24 14:39:11,546 [INFO] Epoch: 3 | Batch: 30/804 | Loss: 0.6277 | Acc: 87.30%
2024-11-24 14:39:12,812 [INFO] Epoch: 3 | Batch: 40/804 | Loss: 0.5288 | Acc: 87.73%
2024-11-24 14:39:14,080 [INFO] Epoch: 3 | Batch: 50/804 | Loss: 0.6396 | Acc: 87.68%
2024-11-24 14:39:15,339 [INFO] Epoch: 3 | Batch: 60/804 | Loss: 0.3107 | Acc: 87.60%
2024-11-24 14:39:16,597 [INFO] Epoch: 3 | Batch: 70/804 | Loss: 0.4005 | Acc: 88.03%
2024-11-24 14:39:17,873 [INFO] Epoch: 3 | Batch: 80/804 | Loss: 0.2515 | Acc: 87.96%
2024-11-24 14:39:19,133 [INFO] Epoch: 3 | Batch: 90/804 | Loss: 0.4450 | Acc: 87.77%
2024-11-24 14:39:20,470 [INFO] Epoch: 3 | Batch: 100/804 | Loss: 0.3242 | Acc: 87.96%
2024-11-24 14:39:21,747 [INFO] Epoch: 3 | Batch: 110/804 | Loss: 0.2305 | Acc: 87.87%
2024-11-24 14:39:23,006 [INFO] Epoch: 3 | Batch: 120/804 | Loss: 0.1809 | Acc: 87.73%
2024-11-24 14:39:24,268 [INFO] Epoch: 3 | Batch: 130/804 | Loss: 0.1034 | Acc: 87.64%
2024-11-24 14:39:25,529 [INFO] Epoch: 3 | Batch: 140/804 | Loss: 0.2811 | Acc: 87.85%
2024-11-24 14:39:26,787 [INFO] Epoch: 3 | Batch: 150/804 | Loss: 0.4158 | Acc: 87.87%
2024-11-24 14:39:28,048 [INFO] Epoch: 3 | Batch: 160/804 | Loss: 0.3265 | Acc: 87.81%
2024-11-24 14:39:29,327 [INFO] Epoch: 3 | Batch: 170/804 | Loss: 0.1177 | Acc: 87.96%
2024-11-24 14:39:30,595 [INFO] Epoch: 3 | Batch: 180/804 | Loss: 0.4519 | Acc: 87.93%
2024-11-24 14:39:31,852 [INFO] Epoch: 3 | Batch: 190/804 | Loss: 0.2853 | Acc: 87.99%
2024-11-24 14:39:33,123 [INFO] Epoch: 3 | Batch: 200/804 | Loss: 0.2475 | Acc: 88.01%
2024-11-24 14:39:34,402 [INFO] Epoch: 3 | Batch: 210/804 | Loss: 0.2361 | Acc: 88.09%
2024-11-24 14:39:35,688 [INFO] Epoch: 3 | Batch: 220/804 | Loss: 0.2581 | Acc: 88.12%
2024-11-24 14:39:36,948 [INFO] Epoch: 3 | Batch: 230/804 | Loss: 0.2177 | Acc: 88.15%
2024-11-24 14:39:38,241 [INFO] Epoch: 3 | Batch: 240/804 | Loss: 0.3032 | Acc: 88.15%
2024-11-24 14:39:39,563 [INFO] Epoch: 3 | Batch: 250/804 | Loss: 0.3252 | Acc: 88.18%
2024-11-24 14:39:40,831 [INFO] Epoch: 3 | Batch: 260/804 | Loss: 0.3210 | Acc: 88.16%
2024-11-24 14:39:42,112 [INFO] Epoch: 3 | Batch: 270/804 | Loss: 0.5146 | Acc: 88.10%
2024-11-24 14:39:43,398 [INFO] Epoch: 3 | Batch: 280/804 | Loss: 0.3539 | Acc: 88.09%
2024-11-24 14:39:44,659 [INFO] Epoch: 3 | Batch: 290/804 | Loss: 0.2025 | Acc: 88.19%
2024-11-24 14:39:45,930 [INFO] Epoch: 3 | Batch: 300/804 | Loss: 0.1987 | Acc: 88.21%
2024-11-24 14:39:47,191 [INFO] Epoch: 3 | Batch: 310/804 | Loss: 0.4617 | Acc: 88.05%
2024-11-24 14:39:48,455 [INFO] Epoch: 3 | Batch: 320/804 | Loss: 0.3879 | Acc: 88.11%
2024-11-24 14:39:49,716 [INFO] Epoch: 3 | Batch: 330/804 | Loss: 0.2739 | Acc: 88.07%
2024-11-24 14:39:50,985 [INFO] Epoch: 3 | Batch: 340/804 | Loss: 0.3857 | Acc: 88.08%
2024-11-24 14:39:52,264 [INFO] Epoch: 3 | Batch: 350/804 | Loss: 0.2339 | Acc: 88.08%
2024-11-24 14:39:53,556 [INFO] Epoch: 3 | Batch: 360/804 | Loss: 0.2377 | Acc: 88.05%
2024-11-24 14:39:54,819 [INFO] Epoch: 3 | Batch: 370/804 | Loss: 0.5075 | Acc: 87.95%
2024-11-24 14:39:56,080 [INFO] Epoch: 3 | Batch: 380/804 | Loss: 0.5647 | Acc: 87.81%
2024-11-24 14:39:57,340 [INFO] Epoch: 3 | Batch: 390/804 | Loss: 0.2660 | Acc: 87.73%
2024-11-24 14:39:58,599 [INFO] Epoch: 3 | Batch: 400/804 | Loss: 0.1729 | Acc: 87.67%
2024-11-24 14:39:59,857 [INFO] Epoch: 3 | Batch: 410/804 | Loss: 0.3315 | Acc: 87.62%
2024-11-24 14:40:01,119 [INFO] Epoch: 3 | Batch: 420/804 | Loss: 0.3436 | Acc: 87.55%
2024-11-24 14:40:02,405 [INFO] Epoch: 3 | Batch: 430/804 | Loss: 0.6503 | Acc: 87.54%
2024-11-24 14:40:03,682 [INFO] Epoch: 3 | Batch: 440/804 | Loss: 0.2953 | Acc: 87.55%
2024-11-24 14:40:04,951 [INFO] Epoch: 3 | Batch: 450/804 | Loss: 0.4223 | Acc: 87.47%
2024-11-24 14:40:06,211 [INFO] Epoch: 3 | Batch: 460/804 | Loss: 0.1969 | Acc: 87.47%
2024-11-24 14:40:07,502 [INFO] Epoch: 3 | Batch: 470/804 | Loss: 0.5517 | Acc: 87.43%
2024-11-24 14:40:08,766 [INFO] Epoch: 3 | Batch: 480/804 | Loss: 0.4723 | Acc: 87.32%
2024-11-24 14:40:10,028 [INFO] Epoch: 3 | Batch: 490/804 | Loss: 0.2610 | Acc: 87.18%
2024-11-24 14:40:11,334 [INFO] Epoch: 3 | Batch: 500/804 | Loss: 0.1639 | Acc: 87.16%
2024-11-24 14:40:12,607 [INFO] Epoch: 3 | Batch: 510/804 | Loss: 0.4455 | Acc: 87.10%
2024-11-24 14:40:13,871 [INFO] Epoch: 3 | Batch: 520/804 | Loss: 0.4059 | Acc: 87.07%
2024-11-24 14:40:15,130 [INFO] Epoch: 3 | Batch: 530/804 | Loss: 0.3173 | Acc: 86.99%
2024-11-24 14:40:16,407 [INFO] Epoch: 3 | Batch: 540/804 | Loss: 0.2186 | Acc: 86.98%
2024-11-24 14:40:17,673 [INFO] Epoch: 3 | Batch: 550/804 | Loss: 0.2757 | Acc: 86.94%
2024-11-24 14:40:18,929 [INFO] Epoch: 3 | Batch: 560/804 | Loss: 0.2599 | Acc: 86.96%
2024-11-24 14:40:20,186 [INFO] Epoch: 3 | Batch: 570/804 | Loss: 0.4061 | Acc: 86.94%
2024-11-24 14:40:21,453 [INFO] Epoch: 3 | Batch: 580/804 | Loss: 0.4001 | Acc: 86.94%
2024-11-24 14:40:22,733 [INFO] Epoch: 3 | Batch: 590/804 | Loss: 0.4553 | Acc: 86.89%
2024-11-24 14:40:23,993 [INFO] Epoch: 3 | Batch: 600/804 | Loss: 0.2998 | Acc: 86.92%
2024-11-24 14:40:25,283 [INFO] Epoch: 3 | Batch: 610/804 | Loss: 0.2880 | Acc: 86.86%
2024-11-24 14:40:26,548 [INFO] Epoch: 3 | Batch: 620/804 | Loss: 0.2394 | Acc: 86.81%
2024-11-24 14:40:27,823 [INFO] Epoch: 3 | Batch: 630/804 | Loss: 0.5290 | Acc: 86.70%
2024-11-24 14:40:29,086 [INFO] Epoch: 3 | Batch: 640/804 | Loss: 0.4398 | Acc: 86.69%
2024-11-24 14:40:30,346 [INFO] Epoch: 3 | Batch: 650/804 | Loss: 0.2330 | Acc: 86.67%
2024-11-24 14:40:31,622 [INFO] Epoch: 3 | Batch: 660/804 | Loss: 0.2596 | Acc: 86.58%
2024-11-24 14:40:32,909 [INFO] Epoch: 3 | Batch: 670/804 | Loss: 0.4168 | Acc: 86.60%
2024-11-24 14:40:34,179 [INFO] Epoch: 3 | Batch: 680/804 | Loss: 0.3804 | Acc: 86.55%
2024-11-24 14:40:35,440 [INFO] Epoch: 3 | Batch: 690/804 | Loss: 0.5021 | Acc: 86.54%
2024-11-24 14:40:36,703 [INFO] Epoch: 3 | Batch: 700/804 | Loss: 0.7257 | Acc: 86.52%
2024-11-24 14:40:37,969 [INFO] Epoch: 3 | Batch: 710/804 | Loss: 0.2279 | Acc: 86.46%
2024-11-24 14:40:39,247 [INFO] Epoch: 3 | Batch: 720/804 | Loss: 0.4540 | Acc: 86.43%
2024-11-24 14:40:40,507 [INFO] Epoch: 3 | Batch: 730/804 | Loss: 0.5311 | Acc: 86.42%
2024-11-24 14:40:41,770 [INFO] Epoch: 3 | Batch: 740/804 | Loss: 0.4308 | Acc: 86.42%
2024-11-24 14:40:43,025 [INFO] Epoch: 3 | Batch: 750/804 | Loss: 0.1394 | Acc: 86.42%
2024-11-24 14:40:44,303 [INFO] Epoch: 3 | Batch: 760/804 | Loss: 0.3900 | Acc: 86.40%
2024-11-24 14:40:45,564 [INFO] Epoch: 3 | Batch: 770/804 | Loss: 0.6047 | Acc: 86.39%
2024-11-24 14:40:46,852 [INFO] Epoch: 3 | Batch: 780/804 | Loss: 0.4017 | Acc: 86.36%
2024-11-24 14:40:48,112 [INFO] Epoch: 3 | Batch: 790/804 | Loss: 0.3522 | Acc: 86.34%
2024-11-24 14:40:49,375 [INFO] Epoch: 3 | Batch: 800/804 | Loss: 0.3871 | Acc: 86.33%
2024-11-24 14:41:34,266 [INFO] Epoch 3 | Valid Loss: 0.7422 | Accuracy: 76.90% | F1 Score: 0.7533
2024-11-24 14:41:34,742 [INFO] Current learning rate: 0.0001
2024-11-24 14:41:34,742 [INFO] 
Epoch 5/10
2024-11-24 14:41:34,907 [INFO] Epoch: 4 | Batch: 0/804 | Loss: 0.4287 | Acc: 87.50%
2024-11-24 14:41:36,168 [INFO] Epoch: 4 | Batch: 10/804 | Loss: 0.3545 | Acc: 90.06%
2024-11-24 14:41:37,424 [INFO] Epoch: 4 | Batch: 20/804 | Loss: 0.1528 | Acc: 91.37%
2024-11-24 14:41:38,690 [INFO] Epoch: 4 | Batch: 30/804 | Loss: 0.0820 | Acc: 91.83%
2024-11-24 14:41:39,955 [INFO] Epoch: 4 | Batch: 40/804 | Loss: 0.2865 | Acc: 91.84%
2024-11-24 14:41:41,235 [INFO] Epoch: 4 | Batch: 50/804 | Loss: 0.2526 | Acc: 91.79%
2024-11-24 14:41:42,505 [INFO] Epoch: 4 | Batch: 60/804 | Loss: 0.3147 | Acc: 92.26%
2024-11-24 14:41:43,765 [INFO] Epoch: 4 | Batch: 70/804 | Loss: 0.3978 | Acc: 91.51%
2024-11-24 14:41:45,027 [INFO] Epoch: 4 | Batch: 80/804 | Loss: 0.0841 | Acc: 91.63%
2024-11-24 14:41:46,294 [INFO] Epoch: 4 | Batch: 90/804 | Loss: 0.3471 | Acc: 91.45%
2024-11-24 14:41:47,558 [INFO] Epoch: 4 | Batch: 100/804 | Loss: 0.3767 | Acc: 91.55%
2024-11-24 14:41:48,815 [INFO] Epoch: 4 | Batch: 110/804 | Loss: 0.3652 | Acc: 91.72%
2024-11-24 14:41:50,075 [INFO] Epoch: 4 | Batch: 120/804 | Loss: 0.1749 | Acc: 91.58%
2024-11-24 14:41:51,343 [INFO] Epoch: 4 | Batch: 130/804 | Loss: 0.1966 | Acc: 91.51%
2024-11-24 14:41:52,609 [INFO] Epoch: 4 | Batch: 140/804 | Loss: 0.2354 | Acc: 91.60%
2024-11-24 14:41:53,900 [INFO] Epoch: 4 | Batch: 150/804 | Loss: 0.2050 | Acc: 91.64%
2024-11-24 14:41:55,160 [INFO] Epoch: 4 | Batch: 160/804 | Loss: 0.2779 | Acc: 91.65%
2024-11-24 14:41:56,432 [INFO] Epoch: 4 | Batch: 170/804 | Loss: 0.3599 | Acc: 91.61%
2024-11-24 14:41:57,713 [INFO] Epoch: 4 | Batch: 180/804 | Loss: 0.1701 | Acc: 91.49%
2024-11-24 14:41:58,979 [INFO] Epoch: 4 | Batch: 190/804 | Loss: 0.2506 | Acc: 91.59%
2024-11-24 14:42:00,240 [INFO] Epoch: 4 | Batch: 200/804 | Loss: 0.2850 | Acc: 91.50%
2024-11-24 14:42:01,519 [INFO] Epoch: 4 | Batch: 210/804 | Loss: 0.1539 | Acc: 91.42%
2024-11-24 14:42:02,798 [INFO] Epoch: 4 | Batch: 220/804 | Loss: 0.2950 | Acc: 91.32%
2024-11-24 14:42:04,061 [INFO] Epoch: 4 | Batch: 230/804 | Loss: 0.5161 | Acc: 91.27%
2024-11-24 14:42:05,320 [INFO] Epoch: 4 | Batch: 240/804 | Loss: 0.3289 | Acc: 91.34%
2024-11-24 14:42:06,583 [INFO] Epoch: 4 | Batch: 250/804 | Loss: 0.2661 | Acc: 91.33%
2024-11-24 14:42:07,850 [INFO] Epoch: 4 | Batch: 260/804 | Loss: 0.1949 | Acc: 91.38%
2024-11-24 14:42:09,114 [INFO] Epoch: 4 | Batch: 270/804 | Loss: 0.2623 | Acc: 91.42%
2024-11-24 14:42:10,374 [INFO] Epoch: 4 | Batch: 280/804 | Loss: 0.2012 | Acc: 91.41%
2024-11-24 14:42:11,644 [INFO] Epoch: 4 | Batch: 290/804 | Loss: 0.4107 | Acc: 91.40%
2024-11-24 14:42:12,925 [INFO] Epoch: 4 | Batch: 300/804 | Loss: 0.3468 | Acc: 91.40%
2024-11-24 14:42:14,194 [INFO] Epoch: 4 | Batch: 310/804 | Loss: 0.2481 | Acc: 91.40%
2024-11-24 14:42:15,456 [INFO] Epoch: 4 | Batch: 320/804 | Loss: 0.1367 | Acc: 91.37%
2024-11-24 14:42:16,719 [INFO] Epoch: 4 | Batch: 330/804 | Loss: 0.1261 | Acc: 91.38%
2024-11-24 14:42:17,986 [INFO] Epoch: 4 | Batch: 340/804 | Loss: 0.5870 | Acc: 91.29%
2024-11-24 14:42:19,252 [INFO] Epoch: 4 | Batch: 350/804 | Loss: 0.2721 | Acc: 91.18%
2024-11-24 14:42:20,526 [INFO] Epoch: 4 | Batch: 360/804 | Loss: 0.2761 | Acc: 91.14%
2024-11-24 14:42:21,787 [INFO] Epoch: 4 | Batch: 370/804 | Loss: 0.1146 | Acc: 91.16%
2024-11-24 14:42:23,055 [INFO] Epoch: 4 | Batch: 380/804 | Loss: 0.1602 | Acc: 91.18%
2024-11-24 14:42:24,333 [INFO] Epoch: 4 | Batch: 390/804 | Loss: 0.4616 | Acc: 91.11%
2024-11-24 14:42:25,632 [INFO] Epoch: 4 | Batch: 400/804 | Loss: 0.1488 | Acc: 91.09%
2024-11-24 14:42:26,895 [INFO] Epoch: 4 | Batch: 410/804 | Loss: 0.1980 | Acc: 91.07%
2024-11-24 14:42:28,163 [INFO] Epoch: 4 | Batch: 420/804 | Loss: 0.2690 | Acc: 91.08%
2024-11-24 14:42:29,426 [INFO] Epoch: 4 | Batch: 430/804 | Loss: 0.5200 | Acc: 91.09%
2024-11-24 14:42:30,686 [INFO] Epoch: 4 | Batch: 440/804 | Loss: 0.1914 | Acc: 91.09%
2024-11-24 14:42:31,947 [INFO] Epoch: 4 | Batch: 450/804 | Loss: 0.2210 | Acc: 91.04%
2024-11-24 14:42:33,207 [INFO] Epoch: 4 | Batch: 460/804 | Loss: 0.2273 | Acc: 91.02%
2024-11-24 14:42:34,489 [INFO] Epoch: 4 | Batch: 470/804 | Loss: 0.1924 | Acc: 91.03%
2024-11-24 14:42:35,751 [INFO] Epoch: 4 | Batch: 480/804 | Loss: 0.2362 | Acc: 90.99%
2024-11-24 14:42:37,018 [INFO] Epoch: 4 | Batch: 490/804 | Loss: 0.1539 | Acc: 90.96%
2024-11-24 14:42:38,276 [INFO] Epoch: 4 | Batch: 500/804 | Loss: 0.1943 | Acc: 90.81%
2024-11-24 14:42:39,532 [INFO] Epoch: 4 | Batch: 510/804 | Loss: 0.3121 | Acc: 90.80%
2024-11-24 14:42:40,797 [INFO] Epoch: 4 | Batch: 520/804 | Loss: 0.1609 | Acc: 90.83%
2024-11-24 14:42:42,069 [INFO] Epoch: 4 | Batch: 530/804 | Loss: 0.2065 | Acc: 90.79%
2024-11-24 14:42:43,333 [INFO] Epoch: 4 | Batch: 540/804 | Loss: 0.1656 | Acc: 90.71%
2024-11-24 14:42:44,598 [INFO] Epoch: 4 | Batch: 550/804 | Loss: 0.3352 | Acc: 90.69%
2024-11-24 14:42:45,859 [INFO] Epoch: 4 | Batch: 560/804 | Loss: 0.2780 | Acc: 90.65%
2024-11-24 14:42:47,195 [INFO] Epoch: 4 | Batch: 570/804 | Loss: 0.4959 | Acc: 90.57%
2024-11-24 14:42:48,456 [INFO] Epoch: 4 | Batch: 580/804 | Loss: 0.3897 | Acc: 90.50%
2024-11-24 14:42:49,717 [INFO] Epoch: 4 | Batch: 590/804 | Loss: 0.3629 | Acc: 90.41%
2024-11-24 14:42:50,987 [INFO] Epoch: 4 | Batch: 600/804 | Loss: 0.2694 | Acc: 90.38%
2024-11-24 14:42:52,248 [INFO] Epoch: 4 | Batch: 610/804 | Loss: 0.4419 | Acc: 90.36%
2024-11-24 14:42:53,527 [INFO] Epoch: 4 | Batch: 620/804 | Loss: 0.2483 | Acc: 90.30%
2024-11-24 14:42:54,790 [INFO] Epoch: 4 | Batch: 630/804 | Loss: 0.2289 | Acc: 90.26%
2024-11-24 14:42:56,050 [INFO] Epoch: 4 | Batch: 640/804 | Loss: 0.3782 | Acc: 90.27%
2024-11-24 14:42:57,313 [INFO] Epoch: 4 | Batch: 650/804 | Loss: 0.1370 | Acc: 90.25%
2024-11-24 14:42:58,605 [INFO] Epoch: 4 | Batch: 660/804 | Loss: 0.2854 | Acc: 90.23%
2024-11-24 14:42:59,878 [INFO] Epoch: 4 | Batch: 670/804 | Loss: 0.3030 | Acc: 90.20%
2024-11-24 14:43:01,143 [INFO] Epoch: 4 | Batch: 680/804 | Loss: 0.3267 | Acc: 90.14%
2024-11-24 14:43:02,403 [INFO] Epoch: 4 | Batch: 690/804 | Loss: 0.4073 | Acc: 90.11%
2024-11-24 14:43:03,673 [INFO] Epoch: 4 | Batch: 700/804 | Loss: 0.2542 | Acc: 90.09%
2024-11-24 14:43:04,934 [INFO] Epoch: 4 | Batch: 710/804 | Loss: 0.6690 | Acc: 90.06%
2024-11-24 14:43:06,192 [INFO] Epoch: 4 | Batch: 720/804 | Loss: 0.3524 | Acc: 90.01%
2024-11-24 14:43:07,465 [INFO] Epoch: 4 | Batch: 730/804 | Loss: 0.2977 | Acc: 89.97%
2024-11-24 14:43:08,726 [INFO] Epoch: 4 | Batch: 740/804 | Loss: 0.3526 | Acc: 89.93%
2024-11-24 14:43:10,000 [INFO] Epoch: 4 | Batch: 750/804 | Loss: 0.3713 | Acc: 89.88%
2024-11-24 14:43:11,261 [INFO] Epoch: 4 | Batch: 760/804 | Loss: 0.5614 | Acc: 89.82%
2024-11-24 14:43:12,527 [INFO] Epoch: 4 | Batch: 770/804 | Loss: 0.1795 | Acc: 89.84%
2024-11-24 14:43:13,789 [INFO] Epoch: 4 | Batch: 780/804 | Loss: 0.2192 | Acc: 89.80%
2024-11-24 14:43:15,049 [INFO] Epoch: 4 | Batch: 790/804 | Loss: 0.3172 | Acc: 89.75%
2024-11-24 14:43:16,335 [INFO] Epoch: 4 | Batch: 800/804 | Loss: 0.2191 | Acc: 89.71%
2024-11-24 14:44:01,195 [INFO] Epoch 4 | Valid Loss: 0.8495 | Accuracy: 71.86% | F1 Score: 0.7274
2024-11-24 14:44:01,686 [INFO] Current learning rate: 0.0001
2024-11-24 14:44:01,687 [INFO] 
Epoch 6/10
2024-11-24 14:44:01,813 [INFO] Epoch: 5 | Batch: 0/804 | Loss: 0.2937 | Acc: 84.38%
2024-11-24 14:44:03,073 [INFO] Epoch: 5 | Batch: 10/804 | Loss: 0.2614 | Acc: 93.75%
2024-11-24 14:44:04,333 [INFO] Epoch: 5 | Batch: 20/804 | Loss: 0.1368 | Acc: 93.01%
2024-11-24 14:44:05,600 [INFO] Epoch: 5 | Batch: 30/804 | Loss: 0.2689 | Acc: 92.64%
2024-11-24 14:44:06,852 [INFO] Epoch: 5 | Batch: 40/804 | Loss: 0.1027 | Acc: 93.45%
2024-11-24 14:44:08,114 [INFO] Epoch: 5 | Batch: 50/804 | Loss: 0.1296 | Acc: 93.63%
2024-11-24 14:44:09,372 [INFO] Epoch: 5 | Batch: 60/804 | Loss: 0.0910 | Acc: 93.75%
2024-11-24 14:44:10,648 [INFO] Epoch: 5 | Batch: 70/804 | Loss: 0.1794 | Acc: 93.57%
2024-11-24 14:44:11,916 [INFO] Epoch: 5 | Batch: 80/804 | Loss: 0.2064 | Acc: 93.60%
2024-11-24 14:44:13,193 [INFO] Epoch: 5 | Batch: 90/804 | Loss: 0.2256 | Acc: 93.78%
2024-11-24 14:44:14,482 [INFO] Epoch: 5 | Batch: 100/804 | Loss: 0.2097 | Acc: 93.72%
2024-11-24 14:44:15,739 [INFO] Epoch: 5 | Batch: 110/804 | Loss: 0.1235 | Acc: 93.83%
2024-11-24 14:44:17,014 [INFO] Epoch: 5 | Batch: 120/804 | Loss: 0.3537 | Acc: 93.72%
2024-11-24 14:44:18,272 [INFO] Epoch: 5 | Batch: 130/804 | Loss: 0.1273 | Acc: 93.75%
2024-11-24 14:44:19,537 [INFO] Epoch: 5 | Batch: 140/804 | Loss: 0.1081 | Acc: 93.77%
2024-11-24 14:44:20,802 [INFO] Epoch: 5 | Batch: 150/804 | Loss: 0.1525 | Acc: 93.92%
2024-11-24 14:44:22,063 [INFO] Epoch: 5 | Batch: 160/804 | Loss: 0.2390 | Acc: 93.87%
2024-11-24 14:44:23,334 [INFO] Epoch: 5 | Batch: 170/804 | Loss: 0.2289 | Acc: 93.80%
2024-11-24 14:44:24,602 [INFO] Epoch: 5 | Batch: 180/804 | Loss: 0.2862 | Acc: 93.80%
2024-11-24 14:44:25,863 [INFO] Epoch: 5 | Batch: 190/804 | Loss: 0.0600 | Acc: 93.85%
2024-11-24 14:44:27,125 [INFO] Epoch: 5 | Batch: 200/804 | Loss: 0.3485 | Acc: 93.63%
2024-11-24 14:44:28,403 [INFO] Epoch: 5 | Batch: 210/804 | Loss: 0.1225 | Acc: 93.71%
2024-11-24 14:44:29,666 [INFO] Epoch: 5 | Batch: 220/804 | Loss: 0.0765 | Acc: 93.75%
2024-11-24 14:44:30,928 [INFO] Epoch: 5 | Batch: 230/804 | Loss: 0.1528 | Acc: 93.74%
2024-11-24 14:44:32,196 [INFO] Epoch: 5 | Batch: 240/804 | Loss: 0.1913 | Acc: 93.79%
2024-11-24 14:44:33,458 [INFO] Epoch: 5 | Batch: 250/804 | Loss: 0.1877 | Acc: 93.79%
2024-11-24 14:44:34,752 [INFO] Epoch: 5 | Batch: 260/804 | Loss: 0.1067 | Acc: 93.79%
2024-11-24 14:44:36,021 [INFO] Epoch: 5 | Batch: 270/804 | Loss: 0.1074 | Acc: 93.78%
2024-11-24 14:44:37,290 [INFO] Epoch: 5 | Batch: 280/804 | Loss: 0.2628 | Acc: 93.72%
2024-11-24 14:44:38,553 [INFO] Epoch: 5 | Batch: 290/804 | Loss: 0.1717 | Acc: 93.76%
2024-11-24 14:44:39,827 [INFO] Epoch: 5 | Batch: 300/804 | Loss: 0.3070 | Acc: 93.80%
2024-11-24 14:44:41,083 [INFO] Epoch: 5 | Batch: 310/804 | Loss: 0.1982 | Acc: 93.82%
2024-11-24 14:44:42,340 [INFO] Epoch: 5 | Batch: 320/804 | Loss: 0.1793 | Acc: 93.74%
2024-11-24 14:44:43,632 [INFO] Epoch: 5 | Batch: 330/804 | Loss: 0.4216 | Acc: 93.77%
2024-11-24 14:44:44,928 [INFO] Epoch: 5 | Batch: 340/804 | Loss: 0.2094 | Acc: 93.63%
2024-11-24 14:44:46,206 [INFO] Epoch: 5 | Batch: 350/804 | Loss: 0.2516 | Acc: 93.59%
2024-11-24 14:44:47,466 [INFO] Epoch: 5 | Batch: 360/804 | Loss: 0.3216 | Acc: 93.52%
2024-11-24 14:44:48,731 [INFO] Epoch: 5 | Batch: 370/804 | Loss: 0.1573 | Acc: 93.47%
2024-11-24 14:44:49,992 [INFO] Epoch: 5 | Batch: 380/804 | Loss: 0.2371 | Acc: 93.34%
2024-11-24 14:44:51,260 [INFO] Epoch: 5 | Batch: 390/804 | Loss: 0.2901 | Acc: 93.24%
2024-11-24 14:44:52,523 [INFO] Epoch: 5 | Batch: 400/804 | Loss: 0.4623 | Acc: 93.20%
2024-11-24 14:44:53,794 [INFO] Epoch: 5 | Batch: 410/804 | Loss: 0.4450 | Acc: 93.15%
2024-11-24 14:44:55,060 [INFO] Epoch: 5 | Batch: 420/804 | Loss: 0.2932 | Acc: 93.07%
2024-11-24 14:44:56,331 [INFO] Epoch: 5 | Batch: 430/804 | Loss: 0.4824 | Acc: 93.02%
2024-11-24 14:44:57,612 [INFO] Epoch: 5 | Batch: 440/804 | Loss: 0.1357 | Acc: 92.99%
2024-11-24 14:44:58,893 [INFO] Epoch: 5 | Batch: 450/804 | Loss: 0.1669 | Acc: 93.02%
2024-11-24 14:45:00,156 [INFO] Epoch: 5 | Batch: 460/804 | Loss: 0.3701 | Acc: 93.03%
2024-11-24 14:45:01,416 [INFO] Epoch: 5 | Batch: 470/804 | Loss: 0.2038 | Acc: 93.04%
2024-11-24 14:45:02,719 [INFO] Epoch: 5 | Batch: 480/804 | Loss: 0.1967 | Acc: 93.07%
2024-11-24 14:45:04,030 [INFO] Epoch: 5 | Batch: 490/804 | Loss: 0.1797 | Acc: 93.07%
2024-11-24 14:45:05,308 [INFO] Epoch: 5 | Batch: 500/804 | Loss: 0.0502 | Acc: 93.05%
2024-11-24 14:45:06,601 [INFO] Epoch: 5 | Batch: 510/804 | Loss: 0.5588 | Acc: 93.02%
2024-11-24 14:45:07,910 [INFO] Epoch: 5 | Batch: 520/804 | Loss: 0.2782 | Acc: 93.00%
2024-11-24 14:45:09,172 [INFO] Epoch: 5 | Batch: 530/804 | Loss: 0.2447 | Acc: 92.86%
2024-11-24 14:45:10,435 [INFO] Epoch: 5 | Batch: 540/804 | Loss: 0.1290 | Acc: 92.84%
2024-11-24 14:45:11,704 [INFO] Epoch: 5 | Batch: 550/804 | Loss: 0.2740 | Acc: 92.79%
2024-11-24 14:45:12,963 [INFO] Epoch: 5 | Batch: 560/804 | Loss: 0.2867 | Acc: 92.71%
2024-11-24 14:45:14,240 [INFO] Epoch: 5 | Batch: 570/804 | Loss: 0.4458 | Acc: 92.64%
2024-11-24 14:45:15,527 [INFO] Epoch: 5 | Batch: 580/804 | Loss: 0.3439 | Acc: 92.57%
2024-11-24 14:45:16,797 [INFO] Epoch: 5 | Batch: 590/804 | Loss: 0.1692 | Acc: 92.54%
2024-11-24 14:45:18,052 [INFO] Epoch: 5 | Batch: 600/804 | Loss: 0.3079 | Acc: 92.53%
2024-11-24 14:45:19,345 [INFO] Epoch: 5 | Batch: 610/804 | Loss: 0.3683 | Acc: 92.45%
2024-11-24 14:45:20,614 [INFO] Epoch: 5 | Batch: 620/804 | Loss: 0.3369 | Acc: 92.38%
2024-11-24 14:45:21,889 [INFO] Epoch: 5 | Batch: 630/804 | Loss: 0.5588 | Acc: 92.34%
2024-11-24 14:45:23,149 [INFO] Epoch: 5 | Batch: 640/804 | Loss: 0.1234 | Acc: 92.35%
2024-11-24 14:45:24,422 [INFO] Epoch: 5 | Batch: 650/804 | Loss: 0.3760 | Acc: 92.32%
2024-11-24 14:45:25,691 [INFO] Epoch: 5 | Batch: 660/804 | Loss: 0.2500 | Acc: 92.30%
2024-11-24 14:45:26,954 [INFO] Epoch: 5 | Batch: 670/804 | Loss: 0.3148 | Acc: 92.26%
2024-11-24 14:45:28,223 [INFO] Epoch: 5 | Batch: 680/804 | Loss: 0.1980 | Acc: 92.23%
2024-11-24 14:45:29,487 [INFO] Epoch: 5 | Batch: 690/804 | Loss: 0.3704 | Acc: 92.22%
2024-11-24 14:45:30,749 [INFO] Epoch: 5 | Batch: 700/804 | Loss: 0.3184 | Acc: 92.15%
2024-11-24 14:45:32,020 [INFO] Epoch: 5 | Batch: 710/804 | Loss: 0.3212 | Acc: 92.18%
2024-11-24 14:45:33,291 [INFO] Epoch: 5 | Batch: 720/804 | Loss: 0.1298 | Acc: 92.15%
2024-11-24 14:45:34,567 [INFO] Epoch: 5 | Batch: 730/804 | Loss: 0.3005 | Acc: 92.10%
2024-11-24 14:45:35,842 [INFO] Epoch: 5 | Batch: 740/804 | Loss: 0.3148 | Acc: 92.06%
2024-11-24 14:45:37,146 [INFO] Epoch: 5 | Batch: 750/804 | Loss: 0.4097 | Acc: 92.00%
2024-11-24 14:45:38,434 [INFO] Epoch: 5 | Batch: 760/804 | Loss: 0.2108 | Acc: 92.00%
2024-11-24 14:45:39,731 [INFO] Epoch: 5 | Batch: 770/804 | Loss: 0.4943 | Acc: 91.99%
2024-11-24 14:45:41,012 [INFO] Epoch: 5 | Batch: 780/804 | Loss: 0.1957 | Acc: 91.99%
2024-11-24 14:45:42,281 [INFO] Epoch: 5 | Batch: 790/804 | Loss: 0.2184 | Acc: 91.96%
2024-11-24 14:45:43,540 [INFO] Epoch: 5 | Batch: 800/804 | Loss: 0.2203 | Acc: 91.93%
2024-11-24 14:46:28,361 [INFO] Epoch 5 | Valid Loss: 0.8182 | Accuracy: 75.64% | F1 Score: 0.7421
2024-11-24 14:46:28,840 [INFO] Current learning rate: 0.0001
2024-11-24 14:46:28,842 [INFO] 
Epoch 7/10
2024-11-24 14:46:28,971 [INFO] Epoch: 6 | Batch: 0/804 | Loss: 0.0802 | Acc: 100.00%
2024-11-24 14:46:30,248 [INFO] Epoch: 6 | Batch: 10/804 | Loss: 0.1999 | Acc: 94.32%
2024-11-24 14:46:31,520 [INFO] Epoch: 6 | Batch: 20/804 | Loss: 0.0621 | Acc: 94.94%
2024-11-24 14:46:32,792 [INFO] Epoch: 6 | Batch: 30/804 | Loss: 0.4369 | Acc: 94.66%
2024-11-24 14:46:34,050 [INFO] Epoch: 6 | Batch: 40/804 | Loss: 0.1112 | Acc: 94.74%
