2025-01-06 20:43:40,819 [INFO] Starting experiment: Baseline_B3_step_A_V1
2025-01-06 20:43:40,822 [INFO] Using device: cuda
2025-01-06 20:43:40,823 [INFO] Set random seed: 31
2025-01-06 20:43:49,415 [INFO] Training dataset size: 231327
2025-01-06 20:43:49,416 [INFO] Validation dataset size: 143829
2025-01-06 20:43:49,420 [INFO] Starting training...
2025-01-06 20:43:49,420 [INFO] 
Epoch 1/5
2025-01-06 20:44:43,242 [INFO] Epoch: 0 | Batch: 0/1808 | Loss: 2.1827 | Acc: 17.97%
2025-01-06 20:45:28,711 [INFO] Epoch: 0 | Batch: 50/1808 | Loss: 1.0600 | Acc: 65.23%
2025-01-06 20:46:11,613 [INFO] Epoch: 0 | Batch: 100/1808 | Loss: 1.1587 | Acc: 67.11%
2025-01-06 20:46:51,750 [INFO] Epoch: 0 | Batch: 150/1808 | Loss: 0.8456 | Acc: 68.79%
2025-01-06 20:47:32,884 [INFO] Epoch: 0 | Batch: 200/1808 | Loss: 0.7375 | Acc: 69.87%
2025-01-06 20:48:11,730 [INFO] Epoch: 0 | Batch: 250/1808 | Loss: 0.8424 | Acc: 70.85%
2025-01-06 20:48:51,121 [INFO] Epoch: 0 | Batch: 300/1808 | Loss: 0.6681 | Acc: 71.62%
2025-01-06 20:49:29,566 [INFO] Epoch: 0 | Batch: 350/1808 | Loss: 0.7158 | Acc: 72.44%
2025-01-06 20:50:08,385 [INFO] Epoch: 0 | Batch: 400/1808 | Loss: 0.8066 | Acc: 72.92%
2025-01-06 20:50:47,046 [INFO] Epoch: 0 | Batch: 450/1808 | Loss: 0.6811 | Acc: 73.58%
2025-01-06 20:51:24,928 [INFO] Epoch: 0 | Batch: 500/1808 | Loss: 0.6686 | Acc: 73.98%
2025-01-06 20:52:02,009 [INFO] Epoch: 0 | Batch: 550/1808 | Loss: 0.6081 | Acc: 74.39%
2025-01-06 20:52:39,738 [INFO] Epoch: 0 | Batch: 600/1808 | Loss: 0.7004 | Acc: 74.79%
2025-01-06 20:53:17,027 [INFO] Epoch: 0 | Batch: 650/1808 | Loss: 0.6052 | Acc: 75.19%
2025-01-06 20:53:55,408 [INFO] Epoch: 0 | Batch: 700/1808 | Loss: 0.5718 | Acc: 75.45%
2025-01-06 20:54:33,955 [INFO] Epoch: 0 | Batch: 750/1808 | Loss: 0.5520 | Acc: 75.71%
2025-01-06 20:55:12,061 [INFO] Epoch: 0 | Batch: 800/1808 | Loss: 0.6034 | Acc: 75.98%
2025-01-06 20:55:49,858 [INFO] Epoch: 0 | Batch: 850/1808 | Loss: 0.6383 | Acc: 76.25%
2025-01-06 20:56:28,148 [INFO] Epoch: 0 | Batch: 900/1808 | Loss: 0.6120 | Acc: 76.50%
2025-01-06 20:57:05,990 [INFO] Epoch: 0 | Batch: 950/1808 | Loss: 0.5311 | Acc: 76.73%
2025-01-06 20:57:43,780 [INFO] Epoch: 0 | Batch: 1000/1808 | Loss: 0.5720 | Acc: 76.94%
2025-01-06 20:58:21,214 [INFO] Epoch: 0 | Batch: 1050/1808 | Loss: 0.5438 | Acc: 77.16%
2025-01-06 20:58:59,573 [INFO] Epoch: 0 | Batch: 1100/1808 | Loss: 0.4350 | Acc: 77.32%
2025-01-06 20:59:37,230 [INFO] Epoch: 0 | Batch: 1150/1808 | Loss: 0.5856 | Acc: 77.56%
2025-01-06 21:00:15,117 [INFO] Epoch: 0 | Batch: 1200/1808 | Loss: 0.4348 | Acc: 77.76%
2025-01-06 21:00:53,255 [INFO] Epoch: 0 | Batch: 1250/1808 | Loss: 0.5463 | Acc: 77.92%
2025-01-06 21:01:31,437 [INFO] Epoch: 0 | Batch: 1300/1808 | Loss: 0.4994 | Acc: 78.13%
2025-01-06 21:02:09,387 [INFO] Epoch: 0 | Batch: 1350/1808 | Loss: 0.5047 | Acc: 78.28%
2025-01-06 21:02:48,708 [INFO] Epoch: 0 | Batch: 1400/1808 | Loss: 0.5541 | Acc: 78.46%
2025-01-06 21:03:26,741 [INFO] Epoch: 0 | Batch: 1450/1808 | Loss: 0.4920 | Acc: 78.61%
2025-01-06 21:04:05,129 [INFO] Epoch: 0 | Batch: 1500/1808 | Loss: 0.3236 | Acc: 78.78%
2025-01-06 21:04:43,046 [INFO] Epoch: 0 | Batch: 1550/1808 | Loss: 0.4001 | Acc: 78.95%
2025-01-06 21:05:21,481 [INFO] Epoch: 0 | Batch: 1600/1808 | Loss: 0.3034 | Acc: 79.11%
2025-01-06 21:05:59,508 [INFO] Epoch: 0 | Batch: 1650/1808 | Loss: 0.5119 | Acc: 79.26%
2025-01-06 21:06:38,304 [INFO] Epoch: 0 | Batch: 1700/1808 | Loss: 0.3377 | Acc: 79.40%
2025-01-06 21:07:16,501 [INFO] Epoch: 0 | Batch: 1750/1808 | Loss: 0.5203 | Acc: 79.55%
2025-01-06 21:07:54,524 [INFO] Epoch: 0 | Batch: 1800/1808 | Loss: 0.6355 | Acc: 79.69%
2025-01-06 21:24:38,725 [INFO] Epoch 0 | Valid Loss: 0.6733 | Accuracy: 77.68% | F1 Score: 0.7634
2025-01-06 21:24:40,502 [INFO] Current learning rate: 0.0001
2025-01-06 21:24:40,502 [INFO] 
Epoch 2/5
2025-01-06 21:25:31,108 [INFO] Epoch: 1 | Batch: 0/1808 | Loss: 0.3810 | Acc: 84.38%
2025-01-06 21:26:09,652 [INFO] Epoch: 1 | Batch: 50/1808 | Loss: 0.3875 | Acc: 87.15%
2025-01-06 21:26:47,864 [INFO] Epoch: 1 | Batch: 100/1808 | Loss: 0.3190 | Acc: 87.29%
2025-01-06 21:27:25,722 [INFO] Epoch: 1 | Batch: 150/1808 | Loss: 0.4190 | Acc: 87.13%
2025-01-06 21:28:03,718 [INFO] Epoch: 1 | Batch: 200/1808 | Loss: 0.5395 | Acc: 87.10%
2025-01-06 21:28:41,709 [INFO] Epoch: 1 | Batch: 250/1808 | Loss: 0.5179 | Acc: 87.02%
2025-01-06 21:29:20,376 [INFO] Epoch: 1 | Batch: 300/1808 | Loss: 0.3314 | Acc: 86.94%
2025-01-06 21:29:58,342 [INFO] Epoch: 1 | Batch: 350/1808 | Loss: 0.4056 | Acc: 86.99%
2025-01-06 21:30:36,429 [INFO] Epoch: 1 | Batch: 400/1808 | Loss: 0.3207 | Acc: 87.01%
2025-01-06 21:31:14,059 [INFO] Epoch: 1 | Batch: 450/1808 | Loss: 0.4176 | Acc: 86.99%
2025-01-06 21:31:52,439 [INFO] Epoch: 1 | Batch: 500/1808 | Loss: 0.2944 | Acc: 87.02%
2025-01-06 21:32:30,234 [INFO] Epoch: 1 | Batch: 550/1808 | Loss: 0.2984 | Acc: 87.17%
2025-01-06 21:33:09,269 [INFO] Epoch: 1 | Batch: 600/1808 | Loss: 0.4240 | Acc: 87.17%
2025-01-06 21:33:46,901 [INFO] Epoch: 1 | Batch: 650/1808 | Loss: 0.2728 | Acc: 87.23%
2025-01-06 21:34:25,580 [INFO] Epoch: 1 | Batch: 700/1808 | Loss: 0.3981 | Acc: 87.33%
2025-01-06 21:35:03,336 [INFO] Epoch: 1 | Batch: 750/1808 | Loss: 0.3243 | Acc: 87.37%
2025-01-06 21:35:41,272 [INFO] Epoch: 1 | Batch: 800/1808 | Loss: 0.3680 | Acc: 87.44%
2025-01-06 21:36:19,201 [INFO] Epoch: 1 | Batch: 850/1808 | Loss: 0.2851 | Acc: 87.44%
2025-01-06 21:36:58,419 [INFO] Epoch: 1 | Batch: 900/1808 | Loss: 0.3680 | Acc: 87.48%
2025-01-06 21:37:36,294 [INFO] Epoch: 1 | Batch: 950/1808 | Loss: 0.2829 | Acc: 87.53%
2025-01-06 21:38:14,743 [INFO] Epoch: 1 | Batch: 1000/1808 | Loss: 0.3324 | Acc: 87.58%
2025-01-06 21:38:52,824 [INFO] Epoch: 1 | Batch: 1050/1808 | Loss: 0.2453 | Acc: 87.67%
2025-01-06 21:39:31,156 [INFO] Epoch: 1 | Batch: 1100/1808 | Loss: 0.3626 | Acc: 87.72%
2025-01-06 21:40:08,664 [INFO] Epoch: 1 | Batch: 1150/1808 | Loss: 0.2652 | Acc: 87.75%
2025-01-06 21:40:47,493 [INFO] Epoch: 1 | Batch: 1200/1808 | Loss: 0.3016 | Acc: 87.77%
2025-01-06 21:41:25,471 [INFO] Epoch: 1 | Batch: 1250/1808 | Loss: 0.3576 | Acc: 87.83%
2025-01-06 21:42:03,514 [INFO] Epoch: 1 | Batch: 1300/1808 | Loss: 0.3796 | Acc: 87.87%
2025-01-06 21:42:41,043 [INFO] Epoch: 1 | Batch: 1350/1808 | Loss: 0.2552 | Acc: 87.90%
2025-01-06 21:43:19,325 [INFO] Epoch: 1 | Batch: 1400/1808 | Loss: 0.2157 | Acc: 87.96%
2025-01-06 21:43:57,320 [INFO] Epoch: 1 | Batch: 1450/1808 | Loss: 0.2389 | Acc: 88.01%
2025-01-06 21:44:35,746 [INFO] Epoch: 1 | Batch: 1500/1808 | Loss: 0.3537 | Acc: 88.06%
2025-01-06 21:45:14,131 [INFO] Epoch: 1 | Batch: 1550/1808 | Loss: 0.4175 | Acc: 88.08%
2025-01-06 21:45:52,638 [INFO] Epoch: 1 | Batch: 1600/1808 | Loss: 0.2952 | Acc: 88.14%
2025-01-06 21:46:29,522 [INFO] Epoch: 1 | Batch: 1650/1808 | Loss: 0.2361 | Acc: 88.20%
2025-01-06 21:47:06,927 [INFO] Epoch: 1 | Batch: 1700/1808 | Loss: 0.3130 | Acc: 88.25%
2025-01-06 21:47:44,992 [INFO] Epoch: 1 | Batch: 1750/1808 | Loss: 0.3956 | Acc: 88.28%
2025-01-06 21:48:22,981 [INFO] Epoch: 1 | Batch: 1800/1808 | Loss: 0.2360 | Acc: 88.33%
2025-01-06 22:03:54,188 [INFO] Epoch 1 | Valid Loss: 0.8062 | Accuracy: 76.20% | F1 Score: 0.7525
2025-01-06 22:03:54,679 [INFO] Current learning rate: 0.0001
2025-01-06 22:03:54,679 [INFO] 
Epoch 3/5
2025-01-06 22:04:46,399 [INFO] Epoch: 2 | Batch: 0/1808 | Loss: 0.2737 | Acc: 89.84%
2025-01-06 22:05:24,439 [INFO] Epoch: 2 | Batch: 50/1808 | Loss: 0.1735 | Acc: 92.92%
2025-01-06 22:06:02,636 [INFO] Epoch: 2 | Batch: 100/1808 | Loss: 0.2640 | Acc: 93.05%
2025-01-06 22:06:40,363 [INFO] Epoch: 2 | Batch: 150/1808 | Loss: 0.1593 | Acc: 92.92%
2025-01-06 22:07:18,763 [INFO] Epoch: 2 | Batch: 200/1808 | Loss: 0.2132 | Acc: 92.99%
2025-01-06 22:07:56,858 [INFO] Epoch: 2 | Batch: 250/1808 | Loss: 0.3044 | Acc: 92.93%
2025-01-06 22:08:35,158 [INFO] Epoch: 2 | Batch: 300/1808 | Loss: 0.1477 | Acc: 92.89%
2025-01-06 22:09:12,401 [INFO] Epoch: 2 | Batch: 350/1808 | Loss: 0.2803 | Acc: 92.88%
2025-01-06 22:09:50,119 [INFO] Epoch: 2 | Batch: 400/1808 | Loss: 0.2312 | Acc: 92.82%
2025-01-06 22:10:26,725 [INFO] Epoch: 2 | Batch: 450/1808 | Loss: 0.2045 | Acc: 92.82%
2025-01-06 22:11:04,093 [INFO] Epoch: 2 | Batch: 500/1808 | Loss: 0.1410 | Acc: 92.84%
2025-01-06 22:11:40,594 [INFO] Epoch: 2 | Batch: 550/1808 | Loss: 0.3992 | Acc: 92.83%
2025-01-06 22:12:19,078 [INFO] Epoch: 2 | Batch: 600/1808 | Loss: 0.2638 | Acc: 92.86%
2025-01-06 22:12:56,597 [INFO] Epoch: 2 | Batch: 650/1808 | Loss: 0.1503 | Acc: 92.89%
2025-01-06 22:13:35,372 [INFO] Epoch: 2 | Batch: 700/1808 | Loss: 0.2498 | Acc: 92.87%
2025-01-06 22:14:13,062 [INFO] Epoch: 2 | Batch: 750/1808 | Loss: 0.1765 | Acc: 92.88%
2025-01-06 22:14:51,531 [INFO] Epoch: 2 | Batch: 800/1808 | Loss: 0.2981 | Acc: 92.84%
2025-01-06 22:15:29,494 [INFO] Epoch: 2 | Batch: 850/1808 | Loss: 0.2599 | Acc: 92.85%
2025-01-06 22:16:08,856 [INFO] Epoch: 2 | Batch: 900/1808 | Loss: 0.1148 | Acc: 92.87%
2025-01-06 22:16:46,124 [INFO] Epoch: 2 | Batch: 950/1808 | Loss: 0.2835 | Acc: 92.84%
2025-01-06 22:17:23,837 [INFO] Epoch: 2 | Batch: 1000/1808 | Loss: 0.2146 | Acc: 92.83%
2025-01-06 22:18:01,594 [INFO] Epoch: 2 | Batch: 1050/1808 | Loss: 0.1590 | Acc: 92.86%
2025-01-06 22:18:39,855 [INFO] Epoch: 2 | Batch: 1100/1808 | Loss: 0.1447 | Acc: 92.86%
2025-01-06 22:19:17,534 [INFO] Epoch: 2 | Batch: 1150/1808 | Loss: 0.2867 | Acc: 92.88%
2025-01-06 22:19:55,322 [INFO] Epoch: 2 | Batch: 1200/1808 | Loss: 0.2479 | Acc: 92.89%
2025-01-06 22:20:32,103 [INFO] Epoch: 2 | Batch: 1250/1808 | Loss: 0.1630 | Acc: 92.91%
2025-01-06 22:21:09,168 [INFO] Epoch: 2 | Batch: 1300/1808 | Loss: 0.2614 | Acc: 92.92%
2025-01-06 22:21:46,091 [INFO] Epoch: 2 | Batch: 1350/1808 | Loss: 0.2456 | Acc: 92.91%
2025-01-06 22:22:23,738 [INFO] Epoch: 2 | Batch: 1400/1808 | Loss: 0.2506 | Acc: 92.92%
2025-01-06 22:23:00,721 [INFO] Epoch: 2 | Batch: 1450/1808 | Loss: 0.1377 | Acc: 92.93%
2025-01-06 22:23:38,384 [INFO] Epoch: 2 | Batch: 1500/1808 | Loss: 0.1532 | Acc: 92.96%
2025-01-06 22:24:15,231 [INFO] Epoch: 2 | Batch: 1550/1808 | Loss: 0.1487 | Acc: 92.97%
2025-01-06 22:24:53,214 [INFO] Epoch: 2 | Batch: 1600/1808 | Loss: 0.2409 | Acc: 92.97%
2025-01-06 22:25:30,691 [INFO] Epoch: 2 | Batch: 1650/1808 | Loss: 0.2210 | Acc: 92.99%
2025-01-06 22:26:08,383 [INFO] Epoch: 2 | Batch: 1700/1808 | Loss: 0.1826 | Acc: 93.01%
2025-01-06 22:26:45,828 [INFO] Epoch: 2 | Batch: 1750/1808 | Loss: 0.1502 | Acc: 93.02%
2025-01-06 22:27:24,224 [INFO] Epoch: 2 | Batch: 1800/1808 | Loss: 0.2807 | Acc: 93.01%
2025-01-06 22:42:58,353 [INFO] Epoch 2 | Valid Loss: 0.9306 | Accuracy: 75.73% | F1 Score: 0.7504
2025-01-06 22:42:58,845 [INFO] Current learning rate: 0.0001
2025-01-06 22:42:58,846 [INFO] 
Epoch 4/5
2025-01-06 22:43:50,403 [INFO] Epoch: 3 | Batch: 0/1808 | Loss: 0.1164 | Acc: 97.66%
2025-01-06 22:44:28,479 [INFO] Epoch: 3 | Batch: 50/1808 | Loss: 0.1775 | Acc: 95.54%
2025-01-06 22:45:06,774 [INFO] Epoch: 3 | Batch: 100/1808 | Loss: 0.1245 | Acc: 95.69%
2025-01-06 22:45:44,743 [INFO] Epoch: 3 | Batch: 150/1808 | Loss: 0.1520 | Acc: 95.84%
2025-01-06 22:46:24,309 [INFO] Epoch: 3 | Batch: 200/1808 | Loss: 0.1562 | Acc: 95.80%
2025-01-06 22:47:02,378 [INFO] Epoch: 3 | Batch: 250/1808 | Loss: 0.1796 | Acc: 95.80%
2025-01-06 22:47:41,304 [INFO] Epoch: 3 | Batch: 300/1808 | Loss: 0.0814 | Acc: 95.72%
2025-01-06 22:48:19,062 [INFO] Epoch: 3 | Batch: 350/1808 | Loss: 0.1466 | Acc: 95.72%
2025-01-06 22:48:56,920 [INFO] Epoch: 3 | Batch: 400/1808 | Loss: 0.0990 | Acc: 95.72%
2025-01-06 22:49:34,747 [INFO] Epoch: 3 | Batch: 450/1808 | Loss: 0.1151 | Acc: 95.66%
2025-01-06 22:50:13,477 [INFO] Epoch: 3 | Batch: 500/1808 | Loss: 0.1878 | Acc: 95.66%
2025-01-06 22:50:51,541 [INFO] Epoch: 3 | Batch: 550/1808 | Loss: 0.1454 | Acc: 95.66%
2025-01-06 22:51:29,939 [INFO] Epoch: 3 | Batch: 600/1808 | Loss: 0.1644 | Acc: 95.64%
2025-01-06 22:52:07,816 [INFO] Epoch: 3 | Batch: 650/1808 | Loss: 0.0762 | Acc: 95.65%
2025-01-06 22:52:46,286 [INFO] Epoch: 3 | Batch: 700/1808 | Loss: 0.1780 | Acc: 95.64%
2025-01-06 22:53:24,270 [INFO] Epoch: 3 | Batch: 750/1808 | Loss: 0.1453 | Acc: 95.67%
2025-01-06 22:54:03,016 [INFO] Epoch: 3 | Batch: 800/1808 | Loss: 0.0541 | Acc: 95.67%
2025-01-06 22:54:40,708 [INFO] Epoch: 3 | Batch: 850/1808 | Loss: 0.1957 | Acc: 95.64%
2025-01-06 22:55:19,794 [INFO] Epoch: 3 | Batch: 900/1808 | Loss: 0.1215 | Acc: 95.59%
2025-01-06 22:55:57,764 [INFO] Epoch: 3 | Batch: 950/1808 | Loss: 0.1162 | Acc: 95.56%
2025-01-06 22:56:36,208 [INFO] Epoch: 3 | Batch: 1000/1808 | Loss: 0.1446 | Acc: 95.54%
2025-01-06 22:57:14,674 [INFO] Epoch: 3 | Batch: 1050/1808 | Loss: 0.0677 | Acc: 95.53%
2025-01-06 22:57:53,636 [INFO] Epoch: 3 | Batch: 1100/1808 | Loss: 0.1989 | Acc: 95.51%
2025-01-06 22:58:31,169 [INFO] Epoch: 3 | Batch: 1150/1808 | Loss: 0.1322 | Acc: 95.49%
2025-01-06 22:59:09,351 [INFO] Epoch: 3 | Batch: 1200/1808 | Loss: 0.1990 | Acc: 95.50%
2025-01-06 22:59:47,274 [INFO] Epoch: 3 | Batch: 1250/1808 | Loss: 0.1661 | Acc: 95.49%
2025-01-06 23:00:25,326 [INFO] Epoch: 3 | Batch: 1300/1808 | Loss: 0.0986 | Acc: 95.47%
2025-01-06 23:01:03,159 [INFO] Epoch: 3 | Batch: 1350/1808 | Loss: 0.1994 | Acc: 95.45%
2025-01-06 23:01:42,536 [INFO] Epoch: 3 | Batch: 1400/1808 | Loss: 0.0969 | Acc: 95.44%
2025-01-06 23:02:20,433 [INFO] Epoch: 3 | Batch: 1450/1808 | Loss: 0.1643 | Acc: 95.45%
2025-01-06 23:02:58,354 [INFO] Epoch: 3 | Batch: 1500/1808 | Loss: 0.1443 | Acc: 95.43%
2025-01-06 23:03:35,747 [INFO] Epoch: 3 | Batch: 1550/1808 | Loss: 0.1456 | Acc: 95.42%
2025-01-06 23:04:13,867 [INFO] Epoch: 3 | Batch: 1600/1808 | Loss: 0.1131 | Acc: 95.41%
2025-01-06 23:04:51,212 [INFO] Epoch: 3 | Batch: 1650/1808 | Loss: 0.0451 | Acc: 95.41%
2025-01-06 23:05:29,535 [INFO] Epoch: 3 | Batch: 1700/1808 | Loss: 0.1834 | Acc: 95.42%
2025-01-06 23:06:06,895 [INFO] Epoch: 3 | Batch: 1750/1808 | Loss: 0.2088 | Acc: 95.42%
2025-01-06 23:06:44,429 [INFO] Epoch: 3 | Batch: 1800/1808 | Loss: 0.1894 | Acc: 95.40%
2025-01-06 23:22:01,385 [INFO] Epoch 3 | Valid Loss: 0.9996 | Accuracy: 75.17% | F1 Score: 0.7483
2025-01-06 23:22:01,870 [INFO] Current learning rate: 0.0001
2025-01-06 23:22:01,871 [INFO] 
Epoch 5/5
2025-01-06 23:22:52,956 [INFO] Epoch: 4 | Batch: 0/1808 | Loss: 0.0692 | Acc: 97.66%
2025-01-06 23:23:30,541 [INFO] Epoch: 4 | Batch: 50/1808 | Loss: 0.1298 | Acc: 96.75%
2025-01-06 23:24:08,591 [INFO] Epoch: 4 | Batch: 100/1808 | Loss: 0.1870 | Acc: 96.64%
2025-01-06 23:24:46,635 [INFO] Epoch: 4 | Batch: 150/1808 | Loss: 0.1074 | Acc: 96.74%
2025-01-06 23:25:24,620 [INFO] Epoch: 4 | Batch: 200/1808 | Loss: 0.0666 | Acc: 96.71%
2025-01-06 23:26:02,651 [INFO] Epoch: 4 | Batch: 250/1808 | Loss: 0.0940 | Acc: 96.67%
2025-01-06 23:26:40,515 [INFO] Epoch: 4 | Batch: 300/1808 | Loss: 0.0691 | Acc: 96.66%
2025-01-06 23:27:17,769 [INFO] Epoch: 4 | Batch: 350/1808 | Loss: 0.0993 | Acc: 96.65%
2025-01-06 23:27:54,986 [INFO] Epoch: 4 | Batch: 400/1808 | Loss: 0.1027 | Acc: 96.61%
2025-01-06 23:28:31,634 [INFO] Epoch: 4 | Batch: 450/1808 | Loss: 0.1548 | Acc: 96.60%
2025-01-06 23:29:08,953 [INFO] Epoch: 4 | Batch: 500/1808 | Loss: 0.0768 | Acc: 96.56%
2025-01-06 23:29:45,940 [INFO] Epoch: 4 | Batch: 550/1808 | Loss: 0.0538 | Acc: 96.59%
2025-01-06 23:30:23,943 [INFO] Epoch: 4 | Batch: 600/1808 | Loss: 0.0648 | Acc: 96.58%
2025-01-06 23:31:01,759 [INFO] Epoch: 4 | Batch: 650/1808 | Loss: 0.0656 | Acc: 96.58%
2025-01-06 23:31:39,770 [INFO] Epoch: 4 | Batch: 700/1808 | Loss: 0.0983 | Acc: 96.57%
2025-01-06 23:32:16,249 [INFO] Epoch: 4 | Batch: 750/1808 | Loss: 0.1027 | Acc: 96.54%
2025-01-06 23:32:53,137 [INFO] Epoch: 4 | Batch: 800/1808 | Loss: 0.0621 | Acc: 96.55%
2025-01-06 23:33:29,633 [INFO] Epoch: 4 | Batch: 850/1808 | Loss: 0.1392 | Acc: 96.53%
2025-01-06 23:34:07,008 [INFO] Epoch: 4 | Batch: 900/1808 | Loss: 0.1041 | Acc: 96.50%
2025-01-06 23:34:43,698 [INFO] Epoch: 4 | Batch: 950/1808 | Loss: 0.0534 | Acc: 96.50%
2025-01-06 23:35:21,438 [INFO] Epoch: 4 | Batch: 1000/1808 | Loss: 0.1735 | Acc: 96.49%
2025-01-06 23:35:58,235 [INFO] Epoch: 4 | Batch: 1050/1808 | Loss: 0.0905 | Acc: 96.47%
2025-01-06 23:36:34,830 [INFO] Epoch: 4 | Batch: 1100/1808 | Loss: 0.1081 | Acc: 96.45%
2025-01-06 23:37:11,371 [INFO] Epoch: 4 | Batch: 1150/1808 | Loss: 0.0607 | Acc: 96.46%
2025-01-06 23:37:48,593 [INFO] Epoch: 4 | Batch: 1200/1808 | Loss: 0.0714 | Acc: 96.45%
2025-01-06 23:38:25,346 [INFO] Epoch: 4 | Batch: 1250/1808 | Loss: 0.0713 | Acc: 96.45%
2025-01-06 23:39:02,659 [INFO] Epoch: 4 | Batch: 1300/1808 | Loss: 0.1246 | Acc: 96.46%
2025-01-06 23:39:38,634 [INFO] Epoch: 4 | Batch: 1350/1808 | Loss: 0.1626 | Acc: 96.43%
2025-01-06 23:40:16,027 [INFO] Epoch: 4 | Batch: 1400/1808 | Loss: 0.0542 | Acc: 96.44%
2025-01-06 23:40:52,339 [INFO] Epoch: 4 | Batch: 1450/1808 | Loss: 0.0433 | Acc: 96.42%
2025-01-06 23:41:29,787 [INFO] Epoch: 4 | Batch: 1500/1808 | Loss: 0.1412 | Acc: 96.41%
2025-01-06 23:42:06,509 [INFO] Epoch: 4 | Batch: 1550/1808 | Loss: 0.0475 | Acc: 96.41%
2025-01-06 23:42:42,705 [INFO] Epoch: 4 | Batch: 1600/1808 | Loss: 0.0731 | Acc: 96.39%
2025-01-06 23:43:19,075 [INFO] Epoch: 4 | Batch: 1650/1808 | Loss: 0.1016 | Acc: 96.39%
2025-01-06 23:43:56,136 [INFO] Epoch: 4 | Batch: 1700/1808 | Loss: 0.1047 | Acc: 96.39%
2025-01-06 23:44:32,849 [INFO] Epoch: 4 | Batch: 1750/1808 | Loss: 0.0327 | Acc: 96.39%
2025-01-06 23:45:09,964 [INFO] Epoch: 4 | Batch: 1800/1808 | Loss: 0.1845 | Acc: 96.38%
2025-01-07 00:00:24,366 [INFO] Epoch 4 | Valid Loss: 1.0537 | Accuracy: 75.84% | F1 Score: 0.7487
2025-01-07 00:00:24,852 [INFO] Current learning rate: 0.0001
2025-01-07 00:00:24,853 [INFO] Training completed.
