2024-12-12 00:46:21,869 [INFO] Resumed training from epoch 3
2024-12-12 00:46:21,869 [INFO] Starting experiment: Baseline_B5_Step_A_V1
2024-12-12 00:46:21,870 [INFO] Using device: cuda
2024-12-12 00:46:21,871 [INFO] Set random seed: 31
2024-12-12 00:46:27,694 [INFO] Training dataset size: 2152
2024-12-12 00:46:27,695 [INFO] Validation dataset size: 1341
2024-12-12 00:46:27,698 [INFO] Starting training...
2024-12-12 00:46:27,698 [INFO] 
Epoch 4/10
2024-12-12 00:46:53,165 [INFO] Epoch: 3 | Batch: 0/1076 | Loss: 0.7800 | Acc: 70.83%
2024-12-12 00:47:54,085 [INFO] Epoch: 3 | Batch: 100/1076 | Loss: 0.9851 | Acc: 82.88%
2024-12-12 00:48:56,195 [INFO] Epoch: 3 | Batch: 200/1076 | Loss: 0.6354 | Acc: 82.94%
2024-12-12 00:49:59,191 [INFO] Epoch: 3 | Batch: 300/1076 | Loss: 0.5143 | Acc: 83.46%
2024-12-12 00:51:02,172 [INFO] Epoch: 3 | Batch: 400/1076 | Loss: 0.7568 | Acc: 83.18%
2024-12-12 00:52:03,186 [INFO] Epoch: 3 | Batch: 500/1076 | Loss: 1.2174 | Acc: 83.33%
2024-12-12 00:53:02,389 [INFO] Epoch: 3 | Batch: 600/1076 | Loss: 0.4684 | Acc: 83.37%
2024-12-12 00:54:02,156 [INFO] Epoch: 3 | Batch: 700/1076 | Loss: 0.3887 | Acc: 83.55%
2024-12-12 00:55:01,345 [INFO] Epoch: 3 | Batch: 800/1076 | Loss: 0.4631 | Acc: 83.61%
2024-12-12 00:56:00,440 [INFO] Epoch: 3 | Batch: 900/1076 | Loss: 0.3959 | Acc: 83.71%
2024-12-12 00:56:59,510 [INFO] Epoch: 3 | Batch: 1000/1076 | Loss: 0.5910 | Acc: 83.57%
2024-12-12 01:03:05,645 [INFO] Epoch 3 | Train Loss: 0.5510 | Train Accuracy: 83.63%
2024-12-12 01:03:05,646 [INFO] Epoch 3 | Valid Loss: 0.6849 | Valid Accuracy: 79.80% | Valid F1 Score: 0.7763
2024-12-12 01:03:08,262 [INFO] Current learning rate: 0.0002
2024-12-12 01:03:08,262 [INFO] 
Epoch 5/10
2024-12-12 01:03:31,689 [INFO] Epoch: 4 | Batch: 0/1076 | Loss: 0.3404 | Acc: 91.67%
2024-12-12 01:04:32,346 [INFO] Epoch: 4 | Batch: 100/1076 | Loss: 0.8490 | Acc: 86.30%
2024-12-12 01:05:31,527 [INFO] Epoch: 4 | Batch: 200/1076 | Loss: 0.5034 | Acc: 85.41%
2024-12-12 01:06:31,357 [INFO] Epoch: 4 | Batch: 300/1076 | Loss: 0.5932 | Acc: 85.24%
2024-12-12 01:07:30,487 [INFO] Epoch: 4 | Batch: 400/1076 | Loss: 0.5436 | Acc: 85.58%
2024-12-12 01:08:29,569 [INFO] Epoch: 4 | Batch: 500/1076 | Loss: 0.2997 | Acc: 85.80%
2024-12-12 01:09:29,927 [INFO] Epoch: 4 | Batch: 600/1076 | Loss: 0.3731 | Acc: 85.73%
2024-12-12 01:10:29,891 [INFO] Epoch: 4 | Batch: 700/1076 | Loss: 0.2807 | Acc: 85.67%
2024-12-12 01:11:28,999 [INFO] Epoch: 4 | Batch: 800/1076 | Loss: 0.9011 | Acc: 85.58%
2024-12-12 01:12:28,029 [INFO] Epoch: 4 | Batch: 900/1076 | Loss: 0.8687 | Acc: 85.49%
2024-12-12 01:13:27,095 [INFO] Epoch: 4 | Batch: 1000/1076 | Loss: 0.6048 | Acc: 85.30%
2024-12-12 01:18:29,501 [INFO] Epoch 4 | Train Loss: 0.5132 | Train Accuracy: 85.27%
2024-12-12 01:18:29,501 [INFO] Epoch 4 | Valid Loss: 0.7373 | Valid Accuracy: 78.73% | Valid F1 Score: 0.7494
2024-12-12 01:18:30,234 [INFO] Current learning rate: 0.0002
2024-12-12 01:18:30,234 [INFO] 
Epoch 6/10
2024-12-12 01:18:54,351 [INFO] Epoch: 5 | Batch: 0/1076 | Loss: 0.5525 | Acc: 75.00%
2024-12-12 01:19:53,375 [INFO] Epoch: 5 | Batch: 100/1076 | Loss: 0.5377 | Acc: 86.51%
2024-12-12 01:20:52,471 [INFO] Epoch: 5 | Batch: 200/1076 | Loss: 0.4565 | Acc: 86.67%
2024-12-12 01:21:51,471 [INFO] Epoch: 5 | Batch: 300/1076 | Loss: 0.6488 | Acc: 86.89%
2024-12-12 01:22:50,490 [INFO] Epoch: 5 | Batch: 400/1076 | Loss: 0.3474 | Acc: 87.18%
2024-12-12 01:23:49,541 [INFO] Epoch: 5 | Batch: 500/1076 | Loss: 0.4321 | Acc: 87.19%
2024-12-12 01:24:48,586 [INFO] Epoch: 5 | Batch: 600/1076 | Loss: 0.7039 | Acc: 86.90%
2024-12-12 01:25:47,633 [INFO] Epoch: 5 | Batch: 700/1076 | Loss: 0.4978 | Acc: 86.99%
2024-12-12 01:26:46,680 [INFO] Epoch: 5 | Batch: 800/1076 | Loss: 0.4051 | Acc: 86.91%
2024-12-12 01:27:45,722 [INFO] Epoch: 5 | Batch: 900/1076 | Loss: 0.3951 | Acc: 86.87%
2024-12-12 01:28:44,776 [INFO] Epoch: 5 | Batch: 1000/1076 | Loss: 0.5064 | Acc: 86.79%
2024-12-12 01:33:46,543 [INFO] Epoch 5 | Train Loss: 0.4656 | Train Accuracy: 86.79%
2024-12-12 01:33:46,544 [INFO] Epoch 5 | Valid Loss: 0.7025 | Valid Accuracy: 77.69% | Valid F1 Score: 0.7678
2024-12-12 01:33:47,269 [INFO] Current learning rate: 0.0002
2024-12-12 01:33:47,270 [INFO] 
Epoch 7/10
2024-12-12 01:34:10,918 [INFO] Epoch: 6 | Batch: 0/1076 | Loss: 0.3777 | Acc: 91.67%
2024-12-12 01:35:09,974 [INFO] Epoch: 6 | Batch: 100/1076 | Loss: 0.4288 | Acc: 88.82%
2024-12-12 01:36:08,865 [INFO] Epoch: 6 | Batch: 200/1076 | Loss: 0.4102 | Acc: 88.72%
2024-12-12 01:37:07,705 [INFO] Epoch: 6 | Batch: 300/1076 | Loss: 0.5901 | Acc: 88.64%
2024-12-12 01:38:06,611 [INFO] Epoch: 6 | Batch: 400/1076 | Loss: 0.3591 | Acc: 88.34%
2024-12-12 01:39:05,711 [INFO] Epoch: 6 | Batch: 500/1076 | Loss: 0.4633 | Acc: 88.38%
2024-12-12 01:40:04,800 [INFO] Epoch: 6 | Batch: 600/1076 | Loss: 0.2575 | Acc: 88.30%
2024-12-12 01:41:03,881 [INFO] Epoch: 6 | Batch: 700/1076 | Loss: 0.4419 | Acc: 88.09%
2024-12-12 01:42:02,957 [INFO] Epoch: 6 | Batch: 800/1076 | Loss: 0.3342 | Acc: 88.11%
2024-12-12 01:43:02,070 [INFO] Epoch: 6 | Batch: 900/1076 | Loss: 0.5091 | Acc: 87.98%
2024-12-12 01:44:01,109 [INFO] Epoch: 6 | Batch: 1000/1076 | Loss: 0.6186 | Acc: 87.87%
2024-12-12 01:49:03,078 [INFO] Epoch 6 | Train Loss: 0.4403 | Train Accuracy: 87.76%
2024-12-12 01:49:03,079 [INFO] Epoch 6 | Valid Loss: 0.7390 | Valid Accuracy: 76.78% | Valid F1 Score: 0.7676
2024-12-12 01:49:03,873 [INFO] Current learning rate: 2e-05
2024-12-12 01:49:03,873 [INFO] 
Epoch 8/10
2024-12-12 01:49:27,745 [INFO] Epoch: 7 | Batch: 0/1076 | Loss: 0.2929 | Acc: 95.83%
2024-12-12 01:50:26,547 [INFO] Epoch: 7 | Batch: 100/1076 | Loss: 0.3155 | Acc: 91.87%
2024-12-12 01:51:25,648 [INFO] Epoch: 7 | Batch: 200/1076 | Loss: 0.5678 | Acc: 91.42%
2024-12-12 01:52:24,707 [INFO] Epoch: 7 | Batch: 300/1076 | Loss: 0.2065 | Acc: 92.43%
2024-12-12 01:53:23,763 [INFO] Epoch: 7 | Batch: 400/1076 | Loss: 0.3217 | Acc: 92.47%
2024-12-12 01:54:22,807 [INFO] Epoch: 7 | Batch: 500/1076 | Loss: 0.6643 | Acc: 92.56%
2024-12-12 01:55:21,841 [INFO] Epoch: 7 | Batch: 600/1076 | Loss: 0.3034 | Acc: 92.80%
2024-12-12 01:56:20,719 [INFO] Epoch: 7 | Batch: 700/1076 | Loss: 0.1834 | Acc: 92.91%
2024-12-12 01:57:19,746 [INFO] Epoch: 7 | Batch: 800/1076 | Loss: 0.2151 | Acc: 93.04%
2024-12-12 01:58:18,780 [INFO] Epoch: 7 | Batch: 900/1076 | Loss: 0.3180 | Acc: 93.15%
2024-12-12 01:59:17,834 [INFO] Epoch: 7 | Batch: 1000/1076 | Loss: 0.3956 | Acc: 93.23%
2024-12-12 02:04:20,498 [INFO] Epoch 7 | Train Loss: 0.3078 | Train Accuracy: 93.33%
2024-12-12 02:04:20,499 [INFO] Epoch 7 | Valid Loss: 0.7280 | Valid Accuracy: 79.88% | Valid F1 Score: 0.7900
2024-12-12 02:04:23,154 [INFO] Current learning rate: 2e-05
2024-12-12 02:04:23,154 [INFO] 
Epoch 9/10
2024-12-12 02:04:47,048 [INFO] Epoch: 8 | Batch: 0/1076 | Loss: 0.2265 | Acc: 95.83%
2024-12-12 02:05:46,056 [INFO] Epoch: 8 | Batch: 100/1076 | Loss: 0.2505 | Acc: 95.46%
2024-12-12 02:06:45,155 [INFO] Epoch: 8 | Batch: 200/1076 | Loss: 0.2755 | Acc: 95.81%
2024-12-12 02:07:44,200 [INFO] Epoch: 8 | Batch: 300/1076 | Loss: 0.2172 | Acc: 95.79%
2024-12-12 02:08:43,236 [INFO] Epoch: 8 | Batch: 400/1076 | Loss: 0.1536 | Acc: 95.49%
2024-12-12 02:09:42,190 [INFO] Epoch: 8 | Batch: 500/1076 | Loss: 0.1717 | Acc: 95.58%
2024-12-12 02:10:41,202 [INFO] Epoch: 8 | Batch: 600/1076 | Loss: 0.1734 | Acc: 95.45%
2024-12-12 02:11:40,226 [INFO] Epoch: 8 | Batch: 700/1076 | Loss: 0.3103 | Acc: 95.61%
2024-12-12 02:12:39,251 [INFO] Epoch: 8 | Batch: 800/1076 | Loss: 0.1768 | Acc: 95.63%
2024-12-12 02:13:38,271 [INFO] Epoch: 8 | Batch: 900/1076 | Loss: 0.2157 | Acc: 95.59%
2024-12-12 02:14:37,299 [INFO] Epoch: 8 | Batch: 1000/1076 | Loss: 0.1526 | Acc: 95.58%
2024-12-12 02:19:39,837 [INFO] Epoch 8 | Train Loss: 0.2523 | Train Accuracy: 95.56%
2024-12-12 02:19:39,838 [INFO] Epoch 8 | Valid Loss: 0.7941 | Valid Accuracy: 77.62% | Valid F1 Score: 0.7766
2024-12-12 02:19:40,584 [INFO] Current learning rate: 2e-05
2024-12-12 02:19:40,584 [INFO] 
Epoch 10/10
2024-12-12 02:20:04,108 [INFO] Epoch: 9 | Batch: 0/1076 | Loss: 0.1670 | Acc: 100.00%
2024-12-12 02:21:03,150 [INFO] Epoch: 9 | Batch: 100/1076 | Loss: 0.2688 | Acc: 96.41%
2024-12-12 02:22:02,053 [INFO] Epoch: 9 | Batch: 200/1076 | Loss: 0.3147 | Acc: 96.99%
2024-12-12 02:23:01,075 [INFO] Epoch: 9 | Batch: 300/1076 | Loss: 0.1786 | Acc: 96.91%
2024-12-12 02:24:00,145 [INFO] Epoch: 9 | Batch: 400/1076 | Loss: 0.1530 | Acc: 96.81%
2024-12-12 02:24:59,207 [INFO] Epoch: 9 | Batch: 500/1076 | Loss: 0.1368 | Acc: 96.80%
2024-12-12 02:25:58,336 [INFO] Epoch: 9 | Batch: 600/1076 | Loss: 0.4237 | Acc: 96.90%
2024-12-12 02:26:57,368 [INFO] Epoch: 9 | Batch: 700/1076 | Loss: 0.2541 | Acc: 96.78%
2024-12-12 02:27:56,400 [INFO] Epoch: 9 | Batch: 800/1076 | Loss: 0.2867 | Acc: 96.83%
2024-12-12 02:28:55,496 [INFO] Epoch: 9 | Batch: 900/1076 | Loss: 0.4582 | Acc: 96.89%
2024-12-12 02:29:54,574 [INFO] Epoch: 9 | Batch: 1000/1076 | Loss: 0.3073 | Acc: 96.89%
2024-12-12 02:34:56,512 [INFO] Epoch 9 | Train Loss: 0.2195 | Train Accuracy: 96.86%
2024-12-12 02:34:56,515 [INFO] Epoch 9 | Valid Loss: 0.8341 | Valid Accuracy: 79.13% | Valid F1 Score: 0.7819
2024-12-12 02:34:57,258 [INFO] Current learning rate: 2.0000000000000003e-06
2024-12-12 02:34:57,259 [INFO] Training completed.
