2024-12-11 14:38:01,494 [INFO] Starting experiment: Baseline_B5_Step_A_V1
2024-12-11 14:38:01,495 [INFO] Using device: cuda
2024-12-11 14:38:01,495 [INFO] Set random seed: 31
2024-12-11 14:38:06,930 [INFO] Training dataset size: 2152
2024-12-11 14:38:06,930 [INFO] Validation dataset size: 1341
2024-12-11 14:38:06,934 [INFO] Starting training...
2024-12-11 14:38:06,934 [INFO] 
Epoch 1/10
2024-12-11 14:38:31,427 [INFO] Epoch: 0 | Batch: 0/1076 | Loss: 2.2059 | Acc: 20.83%
2024-12-11 14:39:35,140 [INFO] Epoch: 0 | Batch: 100/1076 | Loss: 1.5601 | Acc: 67.24%
2024-12-11 14:40:40,355 [INFO] Epoch: 0 | Batch: 200/1076 | Loss: 1.0616 | Acc: 68.64%
2024-12-11 14:41:46,739 [INFO] Epoch: 0 | Batch: 300/1076 | Loss: 1.0065 | Acc: 69.99%
2024-12-11 14:42:52,073 [INFO] Epoch: 0 | Batch: 400/1076 | Loss: 0.9090 | Acc: 70.57%
2024-12-11 14:43:53,629 [INFO] Epoch: 0 | Batch: 500/1076 | Loss: 1.7682 | Acc: 71.52%
2024-12-11 14:44:54,050 [INFO] Epoch: 0 | Batch: 600/1076 | Loss: 0.8544 | Acc: 72.40%
2024-12-11 14:45:54,373 [INFO] Epoch: 0 | Batch: 700/1076 | Loss: 0.5742 | Acc: 73.10%
2024-12-11 14:46:54,207 [INFO] Epoch: 0 | Batch: 800/1076 | Loss: 0.6588 | Acc: 73.67%
2024-12-11 14:47:54,191 [INFO] Epoch: 0 | Batch: 900/1076 | Loss: 0.6490 | Acc: 74.32%
2024-12-11 14:48:53,620 [INFO] Epoch: 0 | Batch: 1000/1076 | Loss: 0.6539 | Acc: 74.63%
2024-12-11 14:55:12,414 [INFO] Epoch 0 | Train Loss: 0.8598 | Train Accuracy: 74.91%
2024-12-11 14:55:12,415 [INFO] Epoch 0 | Valid Loss: 0.7808 | Valid Accuracy: 75.95% | Valid F1 Score: 0.7157
2024-12-11 14:55:14,741 [INFO] Current learning rate: 0.0002
2024-12-11 14:55:14,741 [INFO] 
Epoch 2/10
2024-12-11 14:55:38,847 [INFO] Epoch: 1 | Batch: 0/1076 | Loss: 0.4560 | Acc: 83.33%
2024-12-11 14:56:39,330 [INFO] Epoch: 1 | Batch: 100/1076 | Loss: 0.9422 | Acc: 79.66%
2024-12-11 14:57:41,163 [INFO] Epoch: 1 | Batch: 200/1076 | Loss: 0.5787 | Acc: 79.29%
2024-12-11 14:58:43,710 [INFO] Epoch: 1 | Batch: 300/1076 | Loss: 0.9110 | Acc: 79.01%
2024-12-11 14:59:46,289 [INFO] Epoch: 1 | Batch: 400/1076 | Loss: 0.6942 | Acc: 79.61%
2024-12-11 15:00:47,856 [INFO] Epoch: 1 | Batch: 500/1076 | Loss: 0.3667 | Acc: 79.94%
2024-12-11 15:01:50,319 [INFO] Epoch: 1 | Batch: 600/1076 | Loss: 0.4975 | Acc: 80.03%
2024-12-11 15:02:49,759 [INFO] Epoch: 1 | Batch: 700/1076 | Loss: 0.4195 | Acc: 80.17%
2024-12-11 15:03:49,206 [INFO] Epoch: 1 | Batch: 800/1076 | Loss: 0.9433 | Acc: 80.10%
2024-12-11 15:04:48,569 [INFO] Epoch: 1 | Batch: 900/1076 | Loss: 1.0448 | Acc: 80.16%
2024-12-11 15:05:47,945 [INFO] Epoch: 1 | Batch: 1000/1076 | Loss: 0.7962 | Acc: 80.10%
2024-12-11 15:10:52,064 [INFO] Epoch 1 | Train Loss: 0.6679 | Train Accuracy: 80.18%
2024-12-11 15:10:52,064 [INFO] Epoch 1 | Valid Loss: 0.8151 | Valid Accuracy: 74.48% | Valid F1 Score: 0.7049
2024-12-11 15:10:52,734 [INFO] Current learning rate: 0.0002
2024-12-11 15:10:52,734 [INFO] 
Epoch 3/10
2024-12-11 15:11:18,115 [INFO] Epoch: 2 | Batch: 0/1076 | Loss: 0.7661 | Acc: 70.83%
2024-12-11 15:12:17,433 [INFO] Epoch: 2 | Batch: 100/1076 | Loss: 0.7253 | Acc: 81.06%
2024-12-11 15:13:16,845 [INFO] Epoch: 2 | Batch: 200/1076 | Loss: 0.5411 | Acc: 81.07%
2024-12-11 15:14:16,327 [INFO] Epoch: 2 | Batch: 300/1076 | Loss: 0.7197 | Acc: 81.08%
2024-12-11 15:15:15,771 [INFO] Epoch: 2 | Batch: 400/1076 | Loss: 0.3446 | Acc: 81.47%
2024-12-11 15:16:15,225 [INFO] Epoch: 2 | Batch: 500/1076 | Loss: 0.3524 | Acc: 81.78%
2024-12-11 15:17:14,712 [INFO] Epoch: 2 | Batch: 600/1076 | Loss: 0.8034 | Acc: 81.45%
2024-12-11 15:18:14,141 [INFO] Epoch: 2 | Batch: 700/1076 | Loss: 0.9123 | Acc: 81.75%
2024-12-11 15:19:13,613 [INFO] Epoch: 2 | Batch: 800/1076 | Loss: 0.6903 | Acc: 81.93%
2024-12-11 15:20:13,071 [INFO] Epoch: 2 | Batch: 900/1076 | Loss: 0.5173 | Acc: 82.05%
2024-12-11 15:21:12,553 [INFO] Epoch: 2 | Batch: 1000/1076 | Loss: 0.5744 | Acc: 81.93%
2024-12-11 15:26:17,083 [INFO] Epoch 2 | Train Loss: 0.6108 | Train Accuracy: 81.97%
2024-12-11 15:26:17,084 [INFO] Epoch 2 | Valid Loss: 0.7137 | Valid Accuracy: 77.14% | Valid F1 Score: 0.7601
2024-12-11 15:26:19,583 [INFO] Current learning rate: 0.0002
2024-12-11 15:26:19,584 [INFO] 
Epoch 4/10
