2024-12-24 20:17:23,267 [INFO] Resumed training from epoch 25
2024-12-24 20:17:23,268 [INFO] Starting experiment: Baseline_B8_Step_B_V1
2024-12-24 20:17:23,269 [INFO] Using optimizer: AdamW, lr: 3e-05, momentum: 0, weight_decay: 1
2024-12-24 20:17:23,269 [INFO] Using device: cuda
2024-12-24 20:17:23,269 [INFO] Set random seed: 31
2024-12-24 20:17:30,759 [INFO] Training dataset size: 2152
2024-12-24 20:17:30,759 [INFO] Validation dataset size: 1341
2024-12-24 20:17:30,765 [INFO] Starting training...
2024-12-24 20:17:30,765 [INFO] 
Epoch 26/35
2024-12-24 20:18:22,867 [INFO] Epoch: 25 | Batch: 0/269 | Loss: 0.9406 | Acc: 87.50%
2024-12-24 20:21:24,920 [INFO] Epoch: 25 | Batch: 100/269 | Loss: 0.7256 | Acc: 93.56%
2024-12-24 20:24:32,144 [INFO] Epoch: 25 | Batch: 200/269 | Loss: 0.9247 | Acc: 93.53%
2024-12-24 20:31:00,699 [INFO] Epoch 25 | Train Loss: 0.8973 | Train Accuracy: 93.87%
2024-12-24 20:31:00,699 [INFO] Epoch 25 | Valid Loss: 1.0160 | Valid Accuracy: 85.83% | Valid F1 Score: 0.8594
2024-12-24 20:31:01,867 [INFO] Current learning rate: 3e-05
2024-12-24 20:31:01,868 [INFO] 
Epoch 27/35
2024-12-24 20:31:49,806 [INFO] Epoch: 26 | Batch: 0/269 | Loss: 1.0089 | Acc: 75.00%
2024-12-24 20:34:56,522 [INFO] Epoch: 26 | Batch: 100/269 | Loss: 0.9031 | Acc: 94.68%
2024-12-24 20:38:04,392 [INFO] Epoch: 26 | Batch: 200/269 | Loss: 0.9146 | Acc: 93.97%
2024-12-24 20:44:39,229 [INFO] Epoch 26 | Train Loss: 0.8950 | Train Accuracy: 94.24%
2024-12-24 20:44:39,229 [INFO] Epoch 26 | Valid Loss: 1.0220 | Valid Accuracy: 85.38% | Valid F1 Score: 0.8548
2024-12-24 20:44:39,482 [INFO] Current learning rate: 3e-05
2024-12-24 20:44:39,482 [INFO] 
Epoch 28/35
2024-12-24 20:45:27,236 [INFO] Epoch: 27 | Batch: 0/269 | Loss: 0.8660 | Acc: 87.50%
2024-12-24 20:48:35,111 [INFO] Epoch: 27 | Batch: 100/269 | Loss: 0.9386 | Acc: 93.81%
2024-12-24 20:51:44,841 [INFO] Epoch: 27 | Batch: 200/269 | Loss: 0.7716 | Acc: 93.35%
2024-12-24 20:58:25,239 [INFO] Epoch 27 | Train Loss: 0.8842 | Train Accuracy: 93.82%
2024-12-24 20:58:25,239 [INFO] Epoch 27 | Valid Loss: 1.0002 | Valid Accuracy: 85.61% | Valid F1 Score: 0.8567
2024-12-24 20:58:25,509 [INFO] Current learning rate: 3e-05
2024-12-24 20:58:25,509 [INFO] 
Epoch 29/35
2024-12-24 20:59:13,396 [INFO] Epoch: 28 | Batch: 0/269 | Loss: 0.9238 | Acc: 100.00%
2024-12-24 21:02:23,211 [INFO] Epoch: 28 | Batch: 100/269 | Loss: 0.8474 | Acc: 95.42%
2024-12-24 21:05:30,165 [INFO] Epoch: 28 | Batch: 200/269 | Loss: 0.9888 | Acc: 95.02%
2024-12-24 21:12:02,052 [INFO] Epoch 28 | Train Loss: 0.8592 | Train Accuracy: 95.49%
2024-12-24 21:12:02,053 [INFO] Epoch 28 | Valid Loss: 0.9926 | Valid Accuracy: 86.88% | Valid F1 Score: 0.8700
2024-12-24 21:12:03,294 [INFO] Current learning rate: 3e-05
2024-12-24 21:12:03,294 [INFO] 
Epoch 30/35
2024-12-24 21:12:49,998 [INFO] Epoch: 29 | Batch: 0/269 | Loss: 0.7359 | Acc: 100.00%
2024-12-24 21:16:00,991 [INFO] Epoch: 29 | Batch: 100/269 | Loss: 0.7623 | Acc: 95.54%
2024-12-24 21:19:08,498 [INFO] Epoch: 29 | Batch: 200/269 | Loss: 1.1698 | Acc: 95.40%
2024-12-24 21:25:40,355 [INFO] Epoch 29 | Train Loss: 0.8727 | Train Accuracy: 94.89%
2024-12-24 21:25:40,355 [INFO] Epoch 29 | Valid Loss: 1.0149 | Valid Accuracy: 85.98% | Valid F1 Score: 0.8621
2024-12-24 21:25:40,625 [INFO] Current learning rate: 3e-05
2024-12-24 21:25:40,626 [INFO] 
Epoch 31/35
2024-12-24 21:26:27,943 [INFO] Epoch: 30 | Batch: 0/269 | Loss: 1.1324 | Acc: 75.00%
2024-12-24 21:29:36,718 [INFO] Epoch: 30 | Batch: 100/269 | Loss: 0.7636 | Acc: 96.66%
2024-12-24 21:32:44,763 [INFO] Epoch: 30 | Batch: 200/269 | Loss: 0.7830 | Acc: 96.21%
2024-12-24 21:39:16,682 [INFO] Epoch 30 | Train Loss: 0.8479 | Train Accuracy: 95.86%
2024-12-24 21:39:16,682 [INFO] Epoch 30 | Valid Loss: 1.0046 | Valid Accuracy: 85.23% | Valid F1 Score: 0.8534
2024-12-24 21:39:16,960 [INFO] Current learning rate: 3e-05
2024-12-24 21:39:16,960 [INFO] 
Epoch 32/35
2024-12-24 21:40:04,601 [INFO] Epoch: 31 | Batch: 0/269 | Loss: 0.7365 | Acc: 100.00%
2024-12-24 21:43:13,260 [INFO] Epoch: 31 | Batch: 100/269 | Loss: 0.8536 | Acc: 97.03%
2024-12-24 21:46:20,978 [INFO] Epoch: 31 | Batch: 200/269 | Loss: 0.7820 | Acc: 95.90%
2024-12-24 21:52:58,721 [INFO] Epoch 31 | Train Loss: 0.8475 | Train Accuracy: 95.77%
2024-12-24 21:52:58,722 [INFO] Epoch 31 | Valid Loss: 0.9786 | Valid Accuracy: 86.65% | Valid F1 Score: 0.8676
2024-12-24 21:52:58,985 [INFO] Current learning rate: 3e-05
2024-12-24 21:52:58,986 [INFO] 
Epoch 33/35
2024-12-24 21:53:49,194 [INFO] Epoch: 32 | Batch: 0/269 | Loss: 0.7478 | Acc: 100.00%
2024-12-24 21:56:53,740 [INFO] Epoch: 32 | Batch: 100/269 | Loss: 0.8645 | Acc: 96.16%
2024-12-24 22:00:02,387 [INFO] Epoch: 32 | Batch: 200/269 | Loss: 0.7729 | Acc: 96.21%
2024-12-24 22:06:35,724 [INFO] Epoch 32 | Train Loss: 0.8301 | Train Accuracy: 96.51%
2024-12-24 22:06:35,725 [INFO] Epoch 32 | Valid Loss: 0.9708 | Valid Accuracy: 86.80% | Valid F1 Score: 0.8686
2024-12-24 22:06:35,984 [INFO] Current learning rate: 3e-05
2024-12-24 22:06:35,984 [INFO] 
Epoch 34/35
2024-12-24 22:07:24,110 [INFO] Epoch: 33 | Batch: 0/269 | Loss: 0.7207 | Acc: 100.00%
2024-12-24 22:10:26,562 [INFO] Epoch: 33 | Batch: 100/269 | Loss: 0.7948 | Acc: 96.78%
2024-12-24 22:13:31,868 [INFO] Epoch: 33 | Batch: 200/269 | Loss: 0.8818 | Acc: 96.58%
2024-12-24 22:20:01,491 [INFO] Epoch 33 | Train Loss: 0.8358 | Train Accuracy: 96.28%
2024-12-24 22:20:01,492 [INFO] Epoch 33 | Valid Loss: 0.9662 | Valid Accuracy: 86.73% | Valid F1 Score: 0.8686
2024-12-24 22:20:01,747 [INFO] Current learning rate: 3e-05
2024-12-24 22:20:01,748 [INFO] 
Epoch 35/35
2024-12-24 22:20:49,601 [INFO] Epoch: 34 | Batch: 0/269 | Loss: 0.8248 | Acc: 100.00%
2024-12-24 22:23:53,443 [INFO] Epoch: 34 | Batch: 100/269 | Loss: 0.7439 | Acc: 97.03%
2024-12-24 22:26:57,862 [INFO] Epoch: 34 | Batch: 200/269 | Loss: 0.7584 | Acc: 96.70%
2024-12-24 22:33:28,300 [INFO] Epoch 34 | Train Loss: 0.8204 | Train Accuracy: 96.75%
2024-12-24 22:33:28,300 [INFO] Epoch 34 | Valid Loss: 0.9718 | Valid Accuracy: 86.80% | Valid F1 Score: 0.8686
2024-12-24 22:33:28,580 [INFO] Current learning rate: 3e-05
2024-12-24 22:33:28,580 [INFO] Training completed.
