2024-12-24 22:34:13,472 [INFO] Resumed training from epoch 35
2024-12-24 22:34:13,472 [INFO] Starting experiment: Baseline_B8_Step_B_V1
2024-12-24 22:34:13,473 [INFO] Using optimizer: AdamW, lr: 3e-05, momentum: 0, weight_decay: 1
2024-12-24 22:34:13,474 [INFO] Using device: cuda
2024-12-24 22:34:13,474 [INFO] Set random seed: 31
2024-12-24 22:34:20,921 [INFO] Training dataset size: 2152
2024-12-24 22:34:20,921 [INFO] Validation dataset size: 1341
2024-12-24 22:34:20,926 [INFO] Starting training...
2024-12-24 22:34:20,926 [INFO] 
Epoch 36/50
2024-12-24 22:35:11,946 [INFO] Epoch: 35 | Batch: 0/269 | Loss: 0.8130 | Acc: 100.00%
2024-12-24 22:38:17,608 [INFO] Epoch: 35 | Batch: 100/269 | Loss: 0.6796 | Acc: 97.77%
2024-12-24 22:41:31,519 [INFO] Epoch: 35 | Batch: 200/269 | Loss: 0.7911 | Acc: 97.70%
2024-12-24 22:48:15,373 [INFO] Epoch 35 | Train Loss: 0.8052 | Train Accuracy: 97.72%
2024-12-24 22:48:15,382 [INFO] Epoch 35 | Valid Loss: 0.9631 | Valid Accuracy: 87.62% | Valid F1 Score: 0.8770
2024-12-24 22:48:16,564 [INFO] Current learning rate: 3e-05
2024-12-24 22:48:16,564 [INFO] 
Epoch 37/50
2024-12-24 22:49:05,576 [INFO] Epoch: 36 | Batch: 0/269 | Loss: 0.8075 | Acc: 100.00%
2024-12-24 22:52:13,530 [INFO] Epoch: 36 | Batch: 100/269 | Loss: 0.7492 | Acc: 98.39%
2024-12-24 22:55:23,031 [INFO] Epoch: 36 | Batch: 200/269 | Loss: 0.8159 | Acc: 98.01%
2024-12-24 23:02:05,968 [INFO] Epoch 36 | Train Loss: 0.8113 | Train Accuracy: 97.96%
2024-12-24 23:02:05,968 [INFO] Epoch 36 | Valid Loss: 0.9812 | Valid Accuracy: 86.88% | Valid F1 Score: 0.8692
2024-12-24 23:02:06,230 [INFO] Current learning rate: 3e-05
2024-12-24 23:02:06,231 [INFO] 
Epoch 38/50
2024-12-24 23:02:54,195 [INFO] Epoch: 37 | Batch: 0/269 | Loss: 0.7228 | Acc: 100.00%
2024-12-24 23:06:06,215 [INFO] Epoch: 37 | Batch: 100/269 | Loss: 0.8152 | Acc: 98.39%
2024-12-24 23:09:20,795 [INFO] Epoch: 37 | Batch: 200/269 | Loss: 0.7377 | Acc: 97.70%
2024-12-24 23:15:59,000 [INFO] Epoch 37 | Train Loss: 0.8031 | Train Accuracy: 97.77%
2024-12-24 23:15:59,000 [INFO] Epoch 37 | Valid Loss: 0.9664 | Valid Accuracy: 87.55% | Valid F1 Score: 0.8756
2024-12-24 23:15:59,266 [INFO] Current learning rate: 3e-05
2024-12-24 23:15:59,267 [INFO] 
Epoch 39/50
2024-12-24 23:16:46,988 [INFO] Epoch: 38 | Batch: 0/269 | Loss: 0.8837 | Acc: 100.00%
2024-12-24 23:20:03,007 [INFO] Epoch: 38 | Batch: 100/269 | Loss: 0.8008 | Acc: 98.76%
2024-12-24 23:23:15,557 [INFO] Epoch: 38 | Batch: 200/269 | Loss: 0.7322 | Acc: 98.20%
2024-12-24 23:29:49,308 [INFO] Epoch 38 | Train Loss: 0.7869 | Train Accuracy: 98.42%
2024-12-24 23:29:49,308 [INFO] Epoch 38 | Valid Loss: 0.9548 | Valid Accuracy: 87.62% | Valid F1 Score: 0.8770
2024-12-24 23:29:49,572 [INFO] Current learning rate: 3e-05
2024-12-24 23:29:49,572 [INFO] 
Epoch 40/50
2024-12-24 23:30:36,940 [INFO] Epoch: 39 | Batch: 0/269 | Loss: 0.7445 | Acc: 100.00%
2024-12-24 23:33:51,868 [INFO] Epoch: 39 | Batch: 100/269 | Loss: 0.7350 | Acc: 97.15%
2024-12-24 23:36:59,034 [INFO] Epoch: 39 | Batch: 200/269 | Loss: 1.0500 | Acc: 97.45%
2024-12-24 23:43:25,632 [INFO] Epoch 39 | Train Loss: 0.7996 | Train Accuracy: 97.72%
2024-12-24 23:43:25,636 [INFO] Epoch 39 | Valid Loss: 0.9593 | Valid Accuracy: 87.55% | Valid F1 Score: 0.8765
2024-12-24 23:43:25,912 [INFO] Current learning rate: 3e-05
2024-12-24 23:43:25,912 [INFO] 
Epoch 41/50
2024-12-24 23:44:13,076 [INFO] Epoch: 40 | Batch: 0/269 | Loss: 1.0172 | Acc: 75.00%
2024-12-24 23:47:26,955 [INFO] Epoch: 40 | Batch: 100/269 | Loss: 0.7295 | Acc: 98.27%
2024-12-24 23:50:36,545 [INFO] Epoch: 40 | Batch: 200/269 | Loss: 0.7235 | Acc: 98.26%
2024-12-24 23:57:03,439 [INFO] Epoch 40 | Train Loss: 0.7858 | Train Accuracy: 98.28%
2024-12-24 23:57:03,439 [INFO] Epoch 40 | Valid Loss: 0.9715 | Valid Accuracy: 86.80% | Valid F1 Score: 0.8687
2024-12-24 23:57:03,697 [INFO] Current learning rate: 3e-05
2024-12-24 23:57:03,698 [INFO] 
Epoch 42/50
2024-12-24 23:57:50,825 [INFO] Epoch: 41 | Batch: 0/269 | Loss: 0.7198 | Acc: 100.00%
2024-12-25 00:01:05,828 [INFO] Epoch: 41 | Batch: 100/269 | Loss: 0.8119 | Acc: 98.76%
2024-12-25 00:04:20,260 [INFO] Epoch: 41 | Batch: 200/269 | Loss: 0.7585 | Acc: 98.63%
2024-12-25 00:10:51,290 [INFO] Epoch 41 | Train Loss: 0.7830 | Train Accuracy: 98.61%
2024-12-25 00:10:51,290 [INFO] Epoch 41 | Valid Loss: 0.9484 | Valid Accuracy: 87.25% | Valid F1 Score: 0.8733
2024-12-25 00:10:51,552 [INFO] Current learning rate: 3e-05
2024-12-25 00:10:51,552 [INFO] 
Epoch 43/50
2024-12-25 00:11:38,603 [INFO] Epoch: 42 | Batch: 0/269 | Loss: 0.7256 | Acc: 100.00%
2024-12-25 00:14:46,774 [INFO] Epoch: 42 | Batch: 100/269 | Loss: 0.7805 | Acc: 98.76%
2024-12-25 00:17:57,898 [INFO] Epoch: 42 | Batch: 200/269 | Loss: 0.7222 | Acc: 98.94%
2024-12-25 00:24:28,815 [INFO] Epoch 42 | Train Loss: 0.7729 | Train Accuracy: 99.07%
2024-12-25 00:24:28,816 [INFO] Epoch 42 | Valid Loss: 0.9383 | Valid Accuracy: 87.99% | Valid F1 Score: 0.8803
2024-12-25 00:24:29,970 [INFO] Current learning rate: 3e-05
2024-12-25 00:24:29,970 [INFO] 
Epoch 44/50
2024-12-25 00:25:18,384 [INFO] Epoch: 43 | Batch: 0/269 | Loss: 0.7262 | Acc: 100.00%
2024-12-25 00:28:28,484 [INFO] Epoch: 43 | Batch: 100/269 | Loss: 0.7403 | Acc: 98.39%
2024-12-25 00:31:40,544 [INFO] Epoch: 43 | Batch: 200/269 | Loss: 0.7653 | Acc: 98.26%
2024-12-25 00:38:17,818 [INFO] Epoch 43 | Train Loss: 0.7855 | Train Accuracy: 98.33%
2024-12-25 00:38:17,818 [INFO] Epoch 43 | Valid Loss: 0.9400 | Valid Accuracy: 87.40% | Valid F1 Score: 0.8746
2024-12-25 00:38:18,076 [INFO] Current learning rate: 3e-05
2024-12-25 00:38:18,076 [INFO] 
Epoch 45/50
2024-12-25 00:39:06,572 [INFO] Epoch: 44 | Batch: 0/269 | Loss: 0.7658 | Acc: 100.00%
2024-12-25 00:42:16,460 [INFO] Epoch: 44 | Batch: 100/269 | Loss: 0.7084 | Acc: 99.26%
2024-12-25 00:45:26,157 [INFO] Epoch: 44 | Batch: 200/269 | Loss: 0.7244 | Acc: 98.76%
2024-12-25 00:52:04,756 [INFO] Epoch 44 | Train Loss: 0.7717 | Train Accuracy: 98.93%
2024-12-25 00:52:04,756 [INFO] Epoch 44 | Valid Loss: 0.9504 | Valid Accuracy: 87.47% | Valid F1 Score: 0.8753
2024-12-25 00:52:05,010 [INFO] Current learning rate: 3e-05
2024-12-25 00:52:05,010 [INFO] 
Epoch 46/50
2024-12-25 00:52:52,687 [INFO] Epoch: 45 | Batch: 0/269 | Loss: 0.6916 | Acc: 100.00%
2024-12-25 00:56:00,429 [INFO] Epoch: 45 | Batch: 100/269 | Loss: 0.6868 | Acc: 98.14%
2024-12-25 00:59:06,344 [INFO] Epoch: 45 | Batch: 200/269 | Loss: 0.7869 | Acc: 98.01%
2024-12-25 01:05:39,989 [INFO] Epoch 45 | Train Loss: 0.7862 | Train Accuracy: 98.19%
2024-12-25 01:05:39,989 [INFO] Epoch 45 | Valid Loss: 0.9586 | Valid Accuracy: 86.95% | Valid F1 Score: 0.8712
2024-12-25 01:05:40,243 [INFO] Current learning rate: 3e-05
2024-12-25 01:05:40,244 [INFO] 
Epoch 47/50
2024-12-25 01:06:26,994 [INFO] Epoch: 46 | Batch: 0/269 | Loss: 0.7267 | Acc: 100.00%
2024-12-25 01:09:40,287 [INFO] Epoch: 46 | Batch: 100/269 | Loss: 0.7218 | Acc: 98.76%
2024-12-25 01:12:53,673 [INFO] Epoch: 46 | Batch: 200/269 | Loss: 0.7665 | Acc: 98.32%
2024-12-25 01:19:27,360 [INFO] Epoch 46 | Train Loss: 0.7768 | Train Accuracy: 98.47%
2024-12-25 01:19:27,360 [INFO] Epoch 46 | Valid Loss: 0.9414 | Valid Accuracy: 87.55% | Valid F1 Score: 0.8763
2024-12-25 01:19:27,617 [INFO] Current learning rate: 3e-06
2024-12-25 01:19:27,617 [INFO] 
Epoch 48/50
2024-12-25 01:20:14,717 [INFO] Epoch: 47 | Batch: 0/269 | Loss: 0.7108 | Acc: 100.00%
2024-12-25 01:23:28,802 [INFO] Epoch: 47 | Batch: 100/269 | Loss: 0.8593 | Acc: 98.76%
2024-12-25 01:26:42,717 [INFO] Epoch: 47 | Batch: 200/269 | Loss: 0.7335 | Acc: 98.32%
2024-12-25 01:33:21,220 [INFO] Epoch 47 | Train Loss: 0.7789 | Train Accuracy: 98.37%
2024-12-25 01:33:21,221 [INFO] Epoch 47 | Valid Loss: 0.9423 | Valid Accuracy: 87.32% | Valid F1 Score: 0.8748
2024-12-25 01:33:21,479 [INFO] Current learning rate: 3e-06
2024-12-25 01:33:21,480 [INFO] 
Epoch 49/50
2024-12-25 01:34:08,393 [INFO] Epoch: 48 | Batch: 0/269 | Loss: 0.7132 | Acc: 100.00%
2024-12-25 01:37:29,132 [INFO] Epoch: 48 | Batch: 100/269 | Loss: 0.9703 | Acc: 99.13%
2024-12-25 01:40:44,112 [INFO] Epoch: 48 | Batch: 200/269 | Loss: 0.7512 | Acc: 99.07%
2024-12-25 01:47:27,992 [INFO] Epoch 48 | Train Loss: 0.7709 | Train Accuracy: 98.93%
2024-12-25 01:47:28,002 [INFO] Epoch 48 | Valid Loss: 0.9377 | Valid Accuracy: 87.77% | Valid F1 Score: 0.8785
2024-12-25 01:47:28,268 [INFO] Current learning rate: 3e-06
2024-12-25 01:47:28,269 [INFO] 
Epoch 50/50
2024-12-25 01:48:15,395 [INFO] Epoch: 49 | Batch: 0/269 | Loss: 0.7345 | Acc: 100.00%
2024-12-25 01:51:32,129 [INFO] Epoch: 49 | Batch: 100/269 | Loss: 0.7991 | Acc: 98.51%
2024-12-25 01:54:45,099 [INFO] Epoch: 49 | Batch: 200/269 | Loss: 0.7565 | Acc: 98.20%
2024-12-25 02:01:25,029 [INFO] Epoch 49 | Train Loss: 0.7793 | Train Accuracy: 98.09%
2024-12-25 02:01:25,029 [INFO] Epoch 49 | Valid Loss: 0.9350 | Valid Accuracy: 88.14% | Valid F1 Score: 0.8827
2024-12-25 02:01:26,227 [INFO] Current learning rate: 3e-06
2024-12-25 02:01:26,228 [INFO] Training completed.
