2024-12-21 17:25:33,470 [INFO] Resumed training from epoch 18
2024-12-21 17:25:33,470 [INFO] Using optimizer: AdamW, lr: 0.0001, momentum: 0, weight_decay: 1
2024-12-21 17:25:33,471 [INFO] Starting experiment: Baseline_B8_Step_B_V1
2024-12-21 17:25:33,472 [INFO] Using device: cuda
2024-12-21 17:25:33,472 [INFO] Set random seed: 31
2024-12-21 17:25:40,498 [INFO] Training dataset size: 2152
2024-12-21 17:25:40,498 [INFO] Validation dataset size: 1341
2024-12-21 17:25:40,503 [INFO] Starting training...
2024-12-21 17:25:40,503 [INFO] 
Epoch 19/30
2024-12-21 17:26:30,246 [INFO] Epoch: 18 | Batch: 0/269 | Loss: 0.0373 | Acc: 100.00%
2024-12-21 17:29:24,380 [INFO] Epoch: 18 | Batch: 100/269 | Loss: 0.0453 | Acc: 100.00%
2024-12-21 17:32:26,139 [INFO] Epoch: 18 | Batch: 200/269 | Loss: 0.0366 | Acc: 99.94%
2024-12-21 17:38:59,751 [INFO] Epoch 18 | Train Loss: 0.0544 | Train Accuracy: 99.91%
2024-12-21 17:38:59,751 [INFO] Epoch 18 | Valid Loss: 0.4816 | Valid Accuracy: 87.62% | Valid F1 Score: 0.8769
2024-12-21 17:39:00,935 [INFO] Current learning rate: 1e-05
2024-12-21 17:39:00,936 [INFO] 
Epoch 20/30
2024-12-21 17:39:48,803 [INFO] Epoch: 19 | Batch: 0/269 | Loss: 0.0590 | Acc: 100.00%
2024-12-21 17:42:48,950 [INFO] Epoch: 19 | Batch: 100/269 | Loss: 0.0255 | Acc: 99.50%
2024-12-21 17:45:50,199 [INFO] Epoch: 19 | Batch: 200/269 | Loss: 0.0812 | Acc: 99.69%
2024-12-21 17:52:16,960 [INFO] Epoch 19 | Train Loss: 0.0556 | Train Accuracy: 99.67%
2024-12-21 17:52:16,960 [INFO] Epoch 19 | Valid Loss: 0.4844 | Valid Accuracy: 87.32% | Valid F1 Score: 0.8732
2024-12-21 17:52:17,233 [INFO] Current learning rate: 1e-05
2024-12-21 17:52:17,234 [INFO] 
Epoch 21/30
2024-12-21 17:53:02,849 [INFO] Epoch: 20 | Batch: 0/269 | Loss: 0.0717 | Acc: 100.00%
