2024-12-22 09:43:57,033 [INFO] Starting experiment: Baseline_B5_Step_B_V1
2024-12-22 09:43:57,038 [INFO] Using device: cuda
2024-12-22 09:43:57,040 [INFO] Set random seed: 31
2024-12-22 09:44:04,085 [INFO] Training dataset size: 2152
2024-12-22 09:44:04,085 [INFO] Validation dataset size: 1341
2024-12-22 09:44:04,090 [INFO] Starting training...
2024-12-22 09:44:04,090 [INFO] 
Epoch 1/10
2024-12-22 09:44:46,703 [INFO] Epoch: 0 | Batch: 0/1076 | Loss: 2.2096 | Acc: 8.33%
2024-12-22 09:46:35,721 [INFO] Epoch: 0 | Batch: 100/1076 | Loss: 1.7348 | Acc: 67.37%
2024-12-22 09:48:24,763 [INFO] Epoch: 0 | Batch: 200/1076 | Loss: 0.9154 | Acc: 69.11%
2024-12-22 09:50:13,806 [INFO] Epoch: 0 | Batch: 300/1076 | Loss: 0.9717 | Acc: 70.25%
2024-12-22 09:52:02,847 [INFO] Epoch: 0 | Batch: 400/1076 | Loss: 0.9748 | Acc: 70.48%
2024-12-22 09:53:51,891 [INFO] Epoch: 0 | Batch: 500/1076 | Loss: 1.6497 | Acc: 71.14%
2024-12-22 09:55:40,936 [INFO] Epoch: 0 | Batch: 600/1076 | Loss: 0.9299 | Acc: 71.53%
2024-12-22 09:57:29,975 [INFO] Epoch: 0 | Batch: 700/1076 | Loss: 0.5380 | Acc: 72.22%
2024-12-22 09:59:19,026 [INFO] Epoch: 0 | Batch: 800/1076 | Loss: 0.9486 | Acc: 72.72%
2024-12-22 10:01:08,088 [INFO] Epoch: 0 | Batch: 900/1076 | Loss: 0.7863 | Acc: 73.10%
2024-12-22 10:02:57,143 [INFO] Epoch: 0 | Batch: 1000/1076 | Loss: 0.6982 | Acc: 73.29%
2024-12-22 10:08:49,533 [INFO] Epoch 0 | Train Loss: 0.9061 | Train Accuracy: 73.51%
2024-12-22 10:08:49,533 [INFO] Epoch 0 | Valid Loss: 0.8348 | Valid Accuracy: 73.99% | Valid F1 Score: 0.6738
2024-12-22 10:08:51,656 [INFO] Current learning rate: 0.0003
2024-12-22 10:08:51,657 [INFO] 
Epoch 2/10
2024-12-22 10:09:32,642 [INFO] Epoch: 1 | Batch: 0/1076 | Loss: 0.4889 | Acc: 83.33%
2024-12-22 10:11:21,730 [INFO] Epoch: 1 | Batch: 100/1076 | Loss: 0.9318 | Acc: 77.52%
2024-12-22 10:13:10,821 [INFO] Epoch: 1 | Batch: 200/1076 | Loss: 0.6075 | Acc: 76.68%
2024-12-22 10:14:59,916 [INFO] Epoch: 1 | Batch: 300/1076 | Loss: 1.4007 | Acc: 76.33%
2024-12-22 10:16:48,992 [INFO] Epoch: 1 | Batch: 400/1076 | Loss: 0.6720 | Acc: 76.83%
2024-12-22 10:18:38,078 [INFO] Epoch: 1 | Batch: 500/1076 | Loss: 0.4625 | Acc: 77.27%
2024-12-22 10:20:27,168 [INFO] Epoch: 1 | Batch: 600/1076 | Loss: 0.7017 | Acc: 77.35%
2024-12-22 10:22:16,258 [INFO] Epoch: 1 | Batch: 700/1076 | Loss: 0.6084 | Acc: 77.53%
2024-12-22 10:24:05,353 [INFO] Epoch: 1 | Batch: 800/1076 | Loss: 0.9153 | Acc: 77.57%
2024-12-22 10:25:54,433 [INFO] Epoch: 1 | Batch: 900/1076 | Loss: 1.1760 | Acc: 77.64%
2024-12-22 10:27:43,516 [INFO] Epoch: 1 | Batch: 1000/1076 | Loss: 0.8790 | Acc: 77.53%
2024-12-22 10:33:24,124 [INFO] Epoch 1 | Train Loss: 0.7353 | Train Accuracy: 77.54%
2024-12-22 10:33:24,130 [INFO] Epoch 1 | Valid Loss: 0.8997 | Valid Accuracy: 71.82% | Valid F1 Score: 0.6672
2024-12-22 10:33:24,867 [INFO] Current learning rate: 0.0003
2024-12-22 10:33:24,868 [INFO] 
Epoch 3/10
2024-12-22 10:34:05,144 [INFO] Epoch: 2 | Batch: 0/1076 | Loss: 0.9669 | Acc: 66.67%
2024-12-22 10:35:54,241 [INFO] Epoch: 2 | Batch: 100/1076 | Loss: 0.5710 | Acc: 80.07%
2024-12-22 10:37:43,341 [INFO] Epoch: 2 | Batch: 200/1076 | Loss: 0.8025 | Acc: 79.77%
2024-12-22 10:39:32,446 [INFO] Epoch: 2 | Batch: 300/1076 | Loss: 0.7250 | Acc: 79.62%
2024-12-22 10:41:21,550 [INFO] Epoch: 2 | Batch: 400/1076 | Loss: 0.4417 | Acc: 79.96%
2024-12-22 10:43:10,655 [INFO] Epoch: 2 | Batch: 500/1076 | Loss: 0.4870 | Acc: 80.05%
2024-12-22 10:44:59,758 [INFO] Epoch: 2 | Batch: 600/1076 | Loss: 0.8125 | Acc: 79.83%
2024-12-22 10:46:48,862 [INFO] Epoch: 2 | Batch: 700/1076 | Loss: 0.9129 | Acc: 80.02%
2024-12-22 10:48:37,949 [INFO] Epoch: 2 | Batch: 800/1076 | Loss: 0.6895 | Acc: 80.13%
2024-12-22 10:50:27,039 [INFO] Epoch: 2 | Batch: 900/1076 | Loss: 0.6425 | Acc: 80.29%
2024-12-22 10:52:16,154 [INFO] Epoch: 2 | Batch: 1000/1076 | Loss: 0.4865 | Acc: 80.18%
2024-12-22 10:57:52,478 [INFO] Epoch 2 | Train Loss: 0.6748 | Train Accuracy: 80.08%
2024-12-22 10:57:52,478 [INFO] Epoch 2 | Valid Loss: 0.7142 | Valid Accuracy: 77.70% | Valid F1 Score: 0.7608
2024-12-22 10:57:54,866 [INFO] Current learning rate: 0.0003
2024-12-22 10:57:54,867 [INFO] 
Epoch 4/10
2024-12-22 10:58:35,540 [INFO] Epoch: 3 | Batch: 0/1076 | Loss: 0.4834 | Acc: 87.50%
2024-12-22 11:00:24,655 [INFO] Epoch: 3 | Batch: 100/1076 | Loss: 0.7402 | Acc: 81.35%
2024-12-22 11:02:13,750 [INFO] Epoch: 3 | Batch: 200/1076 | Loss: 0.6927 | Acc: 81.32%
2024-12-22 11:04:02,859 [INFO] Epoch: 3 | Batch: 300/1076 | Loss: 0.6380 | Acc: 81.38%
2024-12-22 11:05:51,966 [INFO] Epoch: 3 | Batch: 400/1076 | Loss: 0.7774 | Acc: 81.23%
2024-12-22 11:07:41,073 [INFO] Epoch: 3 | Batch: 500/1076 | Loss: 0.6366 | Acc: 81.29%
2024-12-22 11:09:30,176 [INFO] Epoch: 3 | Batch: 600/1076 | Loss: 0.4826 | Acc: 81.23%
2024-12-22 11:11:19,284 [INFO] Epoch: 3 | Batch: 700/1076 | Loss: 0.6187 | Acc: 81.22%
2024-12-22 11:13:08,388 [INFO] Epoch: 3 | Batch: 800/1076 | Loss: 0.6860 | Acc: 81.04%
2024-12-22 11:14:57,500 [INFO] Epoch: 3 | Batch: 900/1076 | Loss: 0.5500 | Acc: 80.97%
2024-12-22 11:16:46,611 [INFO] Epoch: 3 | Batch: 1000/1076 | Loss: 0.8978 | Acc: 81.00%
2024-12-22 11:22:23,829 [INFO] Epoch 3 | Train Loss: 0.6389 | Train Accuracy: 80.87%
2024-12-22 11:22:23,832 [INFO] Epoch 3 | Valid Loss: 0.7074 | Valid Accuracy: 78.01% | Valid F1 Score: 0.7625
2024-12-22 11:22:26,263 [INFO] Current learning rate: 0.0003
2024-12-22 11:22:26,263 [INFO] 
Epoch 5/10
2024-12-22 11:23:06,624 [INFO] Epoch: 4 | Batch: 0/1076 | Loss: 0.4949 | Acc: 83.33%
2024-12-22 11:24:55,735 [INFO] Epoch: 4 | Batch: 100/1076 | Loss: 0.4328 | Acc: 82.88%
2024-12-22 11:26:44,825 [INFO] Epoch: 4 | Batch: 200/1076 | Loss: 0.6826 | Acc: 82.09%
2024-12-22 11:28:33,924 [INFO] Epoch: 4 | Batch: 300/1076 | Loss: 0.4521 | Acc: 82.46%
2024-12-22 11:30:23,026 [INFO] Epoch: 4 | Batch: 400/1076 | Loss: 0.6086 | Acc: 81.99%
2024-12-22 11:32:12,134 [INFO] Epoch: 4 | Batch: 500/1076 | Loss: 0.9065 | Acc: 81.77%
2024-12-22 11:34:01,237 [INFO] Epoch: 4 | Batch: 600/1076 | Loss: 0.5635 | Acc: 81.66%
2024-12-22 11:35:50,352 [INFO] Epoch: 4 | Batch: 700/1076 | Loss: 0.3103 | Acc: 81.68%
2024-12-22 11:37:39,444 [INFO] Epoch: 4 | Batch: 800/1076 | Loss: 0.6575 | Acc: 81.54%
2024-12-22 11:39:28,541 [INFO] Epoch: 4 | Batch: 900/1076 | Loss: 0.6160 | Acc: 81.65%
2024-12-22 11:41:17,643 [INFO] Epoch: 4 | Batch: 1000/1076 | Loss: 0.8091 | Acc: 81.74%
2024-12-22 11:46:58,740 [INFO] Epoch 4 | Train Loss: 0.6057 | Train Accuracy: 81.80%
2024-12-22 11:46:58,740 [INFO] Epoch 4 | Valid Loss: 0.9107 | Valid Accuracy: 67.30% | Valid F1 Score: 0.6802
2024-12-22 11:46:59,414 [INFO] Current learning rate: 0.0003
2024-12-22 11:46:59,414 [INFO] 
Epoch 6/10
2024-12-22 11:47:39,185 [INFO] Epoch: 5 | Batch: 0/1076 | Loss: 0.6985 | Acc: 75.00%
2024-12-22 11:49:28,301 [INFO] Epoch: 5 | Batch: 100/1076 | Loss: 0.6319 | Acc: 82.76%
2024-12-22 11:51:17,417 [INFO] Epoch: 5 | Batch: 200/1076 | Loss: 0.4311 | Acc: 83.60%
2024-12-22 11:53:06,517 [INFO] Epoch: 5 | Batch: 300/1076 | Loss: 0.3656 | Acc: 84.00%
2024-12-22 11:54:55,616 [INFO] Epoch: 5 | Batch: 400/1076 | Loss: 0.5234 | Acc: 83.26%
2024-12-22 11:56:44,715 [INFO] Epoch: 5 | Batch: 500/1076 | Loss: 0.4066 | Acc: 83.39%
2024-12-22 11:58:33,815 [INFO] Epoch: 5 | Batch: 600/1076 | Loss: 0.5547 | Acc: 83.30%
2024-12-22 12:00:22,908 [INFO] Epoch: 5 | Batch: 700/1076 | Loss: 0.6641 | Acc: 83.53%
2024-12-22 12:02:12,008 [INFO] Epoch: 5 | Batch: 800/1076 | Loss: 0.4046 | Acc: 83.20%
2024-12-22 12:04:01,116 [INFO] Epoch: 5 | Batch: 900/1076 | Loss: 0.4883 | Acc: 83.19%
2024-12-22 12:05:50,235 [INFO] Epoch: 5 | Batch: 1000/1076 | Loss: 0.5376 | Acc: 83.14%
2024-12-22 12:11:39,035 [INFO] Epoch 5 | Train Loss: 0.5714 | Train Accuracy: 83.02%
2024-12-22 12:11:39,042 [INFO] Epoch 5 | Valid Loss: 0.7403 | Valid Accuracy: 75.83% | Valid F1 Score: 0.7555
2024-12-22 12:11:39,733 [INFO] Current learning rate: 0.0003
2024-12-22 12:11:39,733 [INFO] 
Epoch 7/10
2024-12-22 12:12:20,276 [INFO] Epoch: 6 | Batch: 0/1076 | Loss: 0.4434 | Acc: 87.50%
2024-12-22 12:14:09,395 [INFO] Epoch: 6 | Batch: 100/1076 | Loss: 0.4134 | Acc: 84.41%
2024-12-22 12:15:58,509 [INFO] Epoch: 6 | Batch: 200/1076 | Loss: 0.6170 | Acc: 84.60%
2024-12-22 12:17:47,613 [INFO] Epoch: 6 | Batch: 300/1076 | Loss: 0.5465 | Acc: 84.88%
2024-12-22 12:19:36,711 [INFO] Epoch: 6 | Batch: 400/1076 | Loss: 0.3824 | Acc: 84.86%
2024-12-22 12:21:25,802 [INFO] Epoch: 6 | Batch: 500/1076 | Loss: 0.2522 | Acc: 84.88%
2024-12-22 12:23:14,907 [INFO] Epoch: 6 | Batch: 600/1076 | Loss: 0.5819 | Acc: 84.98%
2024-12-22 12:25:03,989 [INFO] Epoch: 6 | Batch: 700/1076 | Loss: 0.5855 | Acc: 84.62%
2024-12-22 12:26:53,079 [INFO] Epoch: 6 | Batch: 800/1076 | Loss: 0.7524 | Acc: 84.40%
2024-12-22 12:28:42,174 [INFO] Epoch: 6 | Batch: 900/1076 | Loss: 0.9865 | Acc: 84.29%
2024-12-22 12:30:31,276 [INFO] Epoch: 6 | Batch: 1000/1076 | Loss: 0.6774 | Acc: 84.36%
2024-12-22 12:36:14,838 [INFO] Epoch 6 | Train Loss: 0.5362 | Train Accuracy: 84.33%
2024-12-22 12:36:14,846 [INFO] Epoch 6 | Valid Loss: 0.7440 | Valid Accuracy: 78.17% | Valid F1 Score: 0.7514
2024-12-22 12:36:17,243 [INFO] Current learning rate: 2.9999999999999997e-05
2024-12-22 12:36:17,244 [INFO] 
Epoch 8/10
2024-12-22 12:36:57,752 [INFO] Epoch: 7 | Batch: 0/1076 | Loss: 0.3592 | Acc: 95.83%
2024-12-22 12:38:46,865 [INFO] Epoch: 7 | Batch: 100/1076 | Loss: 0.6504 | Acc: 86.92%
2024-12-22 12:40:35,985 [INFO] Epoch: 7 | Batch: 200/1076 | Loss: 0.3561 | Acc: 86.90%
2024-12-22 12:42:25,097 [INFO] Epoch: 7 | Batch: 300/1076 | Loss: 0.3440 | Acc: 86.96%
2024-12-22 12:44:14,196 [INFO] Epoch: 7 | Batch: 400/1076 | Loss: 0.7834 | Acc: 87.14%
2024-12-22 12:46:03,303 [INFO] Epoch: 7 | Batch: 500/1076 | Loss: 0.3030 | Acc: 87.45%
2024-12-22 12:47:52,392 [INFO] Epoch: 7 | Batch: 600/1076 | Loss: 0.3950 | Acc: 87.53%
2024-12-22 12:49:41,483 [INFO] Epoch: 7 | Batch: 700/1076 | Loss: 0.7044 | Acc: 87.73%
2024-12-22 12:51:30,572 [INFO] Epoch: 7 | Batch: 800/1076 | Loss: 0.5586 | Acc: 87.98%
2024-12-22 12:53:19,676 [INFO] Epoch: 7 | Batch: 900/1076 | Loss: 0.3884 | Acc: 88.21%
2024-12-22 12:55:08,780 [INFO] Epoch: 7 | Batch: 1000/1076 | Loss: 0.3882 | Acc: 88.25%
2024-12-22 13:00:48,620 [INFO] Epoch 7 | Train Loss: 0.4330 | Train Accuracy: 88.31%
2024-12-22 13:00:48,622 [INFO] Epoch 7 | Valid Loss: 0.6648 | Valid Accuracy: 79.45% | Valid F1 Score: 0.7861
2024-12-22 13:00:51,027 [INFO] Current learning rate: 2.9999999999999997e-05
2024-12-22 13:00:51,027 [INFO] 
Epoch 9/10
2024-12-22 13:01:31,679 [INFO] Epoch: 8 | Batch: 0/1076 | Loss: 0.3530 | Acc: 91.67%
2024-12-22 13:03:20,790 [INFO] Epoch: 8 | Batch: 100/1076 | Loss: 0.2913 | Acc: 90.55%
2024-12-22 13:05:09,913 [INFO] Epoch: 8 | Batch: 200/1076 | Loss: 0.5527 | Acc: 90.26%
2024-12-22 13:06:59,022 [INFO] Epoch: 8 | Batch: 300/1076 | Loss: 0.2908 | Acc: 90.37%
2024-12-22 13:08:48,144 [INFO] Epoch: 8 | Batch: 400/1076 | Loss: 0.3671 | Acc: 90.17%
2024-12-22 13:10:37,272 [INFO] Epoch: 8 | Batch: 500/1076 | Loss: 0.2451 | Acc: 90.35%
2024-12-22 13:12:26,385 [INFO] Epoch: 8 | Batch: 600/1076 | Loss: 0.6857 | Acc: 90.20%
2024-12-22 13:14:15,486 [INFO] Epoch: 8 | Batch: 700/1076 | Loss: 0.4235 | Acc: 90.28%
2024-12-22 13:16:04,617 [INFO] Epoch: 8 | Batch: 800/1076 | Loss: 0.3852 | Acc: 90.35%
2024-12-22 13:17:53,727 [INFO] Epoch: 8 | Batch: 900/1076 | Loss: 0.4364 | Acc: 90.41%
2024-12-22 13:19:42,847 [INFO] Epoch: 8 | Batch: 1000/1076 | Loss: 0.1691 | Acc: 90.32%
2024-12-22 13:25:21,958 [INFO] Epoch 8 | Train Loss: 0.3792 | Train Accuracy: 90.37%
2024-12-22 13:25:21,966 [INFO] Epoch 8 | Valid Loss: 0.6773 | Valid Accuracy: 79.69% | Valid F1 Score: 0.7894
2024-12-22 13:25:24,426 [INFO] Current learning rate: 2.9999999999999997e-05
2024-12-22 13:25:24,426 [INFO] 
Epoch 10/10
2024-12-22 13:26:05,631 [INFO] Epoch: 9 | Batch: 0/1076 | Loss: 0.2372 | Acc: 95.83%
2024-12-22 13:27:54,821 [INFO] Epoch: 9 | Batch: 100/1076 | Loss: 0.1390 | Acc: 92.41%
2024-12-22 13:29:44,222 [INFO] Epoch: 9 | Batch: 200/1076 | Loss: 0.2126 | Acc: 92.21%
2024-12-22 13:31:33,616 [INFO] Epoch: 9 | Batch: 300/1076 | Loss: 0.3669 | Acc: 92.37%
2024-12-22 13:33:23,031 [INFO] Epoch: 9 | Batch: 400/1076 | Loss: 0.3597 | Acc: 92.40%
2024-12-22 13:35:12,409 [INFO] Epoch: 9 | Batch: 500/1076 | Loss: 0.2511 | Acc: 92.28%
2024-12-22 13:37:01,799 [INFO] Epoch: 9 | Batch: 600/1076 | Loss: 0.5123 | Acc: 92.33%
2024-12-22 13:38:51,128 [INFO] Epoch: 9 | Batch: 700/1076 | Loss: 0.3789 | Acc: 92.25%
2024-12-22 13:40:40,509 [INFO] Epoch: 9 | Batch: 800/1076 | Loss: 0.1807 | Acc: 92.17%
2024-12-22 13:42:29,903 [INFO] Epoch: 9 | Batch: 900/1076 | Loss: 0.4351 | Acc: 92.18%
2024-12-22 13:44:19,067 [INFO] Epoch: 9 | Batch: 1000/1076 | Loss: 0.3104 | Acc: 92.10%
2024-12-22 13:50:02,105 [INFO] Epoch 9 | Train Loss: 0.3387 | Train Accuracy: 92.11%
2024-12-22 13:50:02,116 [INFO] Epoch 9 | Valid Loss: 0.7148 | Valid Accuracy: 79.74% | Valid F1 Score: 0.7878
2024-12-22 13:50:04,625 [INFO] Current learning rate: 2.9999999999999997e-05
2024-12-22 13:50:04,626 [INFO] Training completed.
