2024-12-11 07:38:11,875 [INFO] Starting experiment: Baseline_B6_V1
2024-12-11 07:38:11,876 [INFO] Using device: cuda
2024-12-11 07:38:11,876 [INFO] Set random seed: 31
2024-12-11 07:38:17,311 [INFO] Training dataset size: 2152
2024-12-11 07:38:17,311 [INFO] Validation dataset size: 1341
2024-12-11 07:38:17,315 [INFO] Starting training...
2024-12-11 07:38:17,315 [INFO] 
Epoch 1/20
2024-12-11 07:38:42,280 [INFO] Epoch: 0 | Batch: 0/135 | Loss: 2.2659 | Acc: 0.00%
2024-12-11 07:43:09,737 [INFO] Epoch: 0 | Batch: 50/135 | Loss: 1.4918 | Acc: 29.17%
2024-12-11 07:47:07,241 [INFO] Epoch: 0 | Batch: 100/135 | Loss: 1.3482 | Acc: 37.13%
2024-12-11 07:54:58,370 [INFO] Epoch 0 | Train Loss: 1.6164 | Train Accuracy: 40.61%
2024-12-11 07:54:58,371 [INFO] Epoch 0 | Valid Loss: 1.3089 | Valid Accuracy: 57.49% | Valid F1 Score: 0.5575
2024-12-11 07:54:59,650 [INFO] Current learning rate: 0.0001
2024-12-11 07:54:59,651 [INFO] 
Epoch 2/20
2024-12-11 07:55:15,508 [INFO] Epoch: 1 | Batch: 0/135 | Loss: 1.2940 | Acc: 62.50%
2024-12-11 07:57:21,586 [INFO] Epoch: 1 | Batch: 50/135 | Loss: 1.0652 | Acc: 62.62%
2024-12-11 07:59:12,768 [INFO] Epoch: 1 | Batch: 100/135 | Loss: 0.9091 | Acc: 63.74%
2024-12-11 08:04:31,873 [INFO] Epoch 1 | Train Loss: 1.1204 | Train Accuracy: 64.68%
2024-12-11 08:04:31,873 [INFO] Epoch 1 | Valid Loss: 1.0696 | Valid Accuracy: 64.65% | Valid F1 Score: 0.6268
2024-12-11 08:04:34,737 [INFO] Current learning rate: 0.0001
2024-12-11 08:04:34,737 [INFO] 
Epoch 3/20
2024-12-11 08:04:42,274 [INFO] Epoch: 2 | Batch: 0/135 | Loss: 1.0580 | Acc: 68.75%
2024-12-11 08:06:13,624 [INFO] Epoch: 2 | Batch: 50/135 | Loss: 1.0537 | Acc: 73.65%
2024-12-11 08:07:45,568 [INFO] Epoch: 2 | Batch: 100/135 | Loss: 0.6281 | Acc: 75.31%
2024-12-11 08:12:48,932 [INFO] Epoch 2 | Train Loss: 0.8568 | Train Accuracy: 75.70%
2024-12-11 08:12:48,933 [INFO] Epoch 2 | Valid Loss: 0.9020 | Valid Accuracy: 72.93% | Valid F1 Score: 0.7160
2024-12-11 08:12:50,306 [INFO] Current learning rate: 0.0001
2024-12-11 08:12:50,306 [INFO] 
Epoch 4/20
2024-12-11 08:12:59,140 [INFO] Epoch: 3 | Batch: 0/135 | Loss: 0.5355 | Acc: 93.75%
2024-12-11 08:14:30,452 [INFO] Epoch: 3 | Batch: 50/135 | Loss: 0.7534 | Acc: 82.60%
2024-12-11 08:16:01,899 [INFO] Epoch: 3 | Batch: 100/135 | Loss: 0.5157 | Acc: 82.05%
2024-12-11 08:21:06,117 [INFO] Epoch 3 | Train Loss: 0.6846 | Train Accuracy: 82.39%
2024-12-11 08:21:06,117 [INFO] Epoch 3 | Valid Loss: 0.8237 | Valid Accuracy: 73.23% | Valid F1 Score: 0.7277
2024-12-11 08:21:07,558 [INFO] Current learning rate: 0.0001
2024-12-11 08:21:07,558 [INFO] 
Epoch 5/20
2024-12-11 08:21:15,816 [INFO] Epoch: 4 | Batch: 0/135 | Loss: 0.4947 | Acc: 87.50%
2024-12-11 08:22:46,274 [INFO] Epoch: 4 | Batch: 50/135 | Loss: 0.5345 | Acc: 84.19%
2024-12-11 08:24:17,837 [INFO] Epoch: 4 | Batch: 100/135 | Loss: 0.7959 | Acc: 85.52%
2024-12-11 08:29:20,456 [INFO] Epoch 4 | Train Loss: 0.5884 | Train Accuracy: 84.85%
2024-12-11 08:29:20,457 [INFO] Epoch 4 | Valid Loss: 0.7530 | Valid Accuracy: 74.72% | Valid F1 Score: 0.7391
2024-12-11 08:29:21,820 [INFO] Current learning rate: 0.0001
2024-12-11 08:29:21,821 [INFO] 
Epoch 6/20
2024-12-11 08:29:29,559 [INFO] Epoch: 5 | Batch: 0/135 | Loss: 0.5090 | Acc: 93.75%
2024-12-11 08:31:01,225 [INFO] Epoch: 5 | Batch: 50/135 | Loss: 0.4236 | Acc: 87.75%
2024-12-11 08:32:32,595 [INFO] Epoch: 5 | Batch: 100/135 | Loss: 0.5765 | Acc: 88.00%
2024-12-11 08:37:37,028 [INFO] Epoch 5 | Train Loss: 0.4997 | Train Accuracy: 87.96%
2024-12-11 08:37:37,029 [INFO] Epoch 5 | Valid Loss: 0.7929 | Valid Accuracy: 70.69% | Valid F1 Score: 0.6995
2024-12-11 08:37:37,437 [INFO] Current learning rate: 0.0001
2024-12-11 08:37:37,438 [INFO] 
Epoch 7/20
2024-12-11 08:37:44,331 [INFO] Epoch: 6 | Batch: 0/135 | Loss: 0.3748 | Acc: 93.75%
2024-12-11 08:39:15,318 [INFO] Epoch: 6 | Batch: 50/135 | Loss: 0.5286 | Acc: 88.11%
2024-12-11 08:40:46,155 [INFO] Epoch: 6 | Batch: 100/135 | Loss: 0.2947 | Acc: 88.18%
2024-12-11 08:45:50,938 [INFO] Epoch 6 | Train Loss: 0.4597 | Train Accuracy: 87.87%
2024-12-11 08:45:50,938 [INFO] Epoch 6 | Valid Loss: 0.6767 | Valid Accuracy: 76.58% | Valid F1 Score: 0.7629
2024-12-11 08:45:52,356 [INFO] Current learning rate: 0.0001
2024-12-11 08:45:52,356 [INFO] 
Epoch 8/20
2024-12-11 08:46:01,533 [INFO] Epoch: 7 | Batch: 0/135 | Loss: 0.2868 | Acc: 100.00%
2024-12-11 08:47:32,785 [INFO] Epoch: 7 | Batch: 50/135 | Loss: 0.5244 | Acc: 89.09%
2024-12-11 08:49:04,143 [INFO] Epoch: 7 | Batch: 100/135 | Loss: 0.3729 | Acc: 89.11%
2024-12-11 08:54:06,760 [INFO] Epoch 7 | Train Loss: 0.4168 | Train Accuracy: 89.08%
2024-12-11 08:54:06,760 [INFO] Epoch 7 | Valid Loss: 0.8050 | Valid Accuracy: 70.10% | Valid F1 Score: 0.6930
2024-12-11 08:54:07,202 [INFO] Current learning rate: 0.0001
2024-12-11 08:54:07,202 [INFO] 
Epoch 9/20
2024-12-11 08:54:15,423 [INFO] Epoch: 8 | Batch: 0/135 | Loss: 0.3882 | Acc: 87.50%
2024-12-11 08:55:47,402 [INFO] Epoch: 8 | Batch: 50/135 | Loss: 0.3006 | Acc: 91.67%
2024-12-11 08:57:18,898 [INFO] Epoch: 8 | Batch: 100/135 | Loss: 0.4473 | Acc: 90.10%
2024-12-11 09:02:22,976 [INFO] Epoch 8 | Train Loss: 0.3799 | Train Accuracy: 90.38%
2024-12-11 09:02:22,977 [INFO] Epoch 8 | Valid Loss: 0.6707 | Valid Accuracy: 74.57% | Valid F1 Score: 0.7467
2024-12-11 09:02:23,398 [INFO] Current learning rate: 0.0001
2024-12-11 09:02:23,398 [INFO] 
Epoch 10/20
2024-12-11 09:02:30,978 [INFO] Epoch: 9 | Batch: 0/135 | Loss: 0.1975 | Acc: 100.00%
2024-12-11 09:04:02,686 [INFO] Epoch: 9 | Batch: 50/135 | Loss: 0.3283 | Acc: 90.32%
2024-12-11 09:05:34,118 [INFO] Epoch: 9 | Batch: 100/135 | Loss: 0.1763 | Acc: 91.65%
2024-12-11 09:10:38,351 [INFO] Epoch 9 | Train Loss: 0.3371 | Train Accuracy: 91.54%
2024-12-11 09:10:38,351 [INFO] Epoch 9 | Valid Loss: 0.6742 | Valid Accuracy: 74.79% | Valid F1 Score: 0.7468
2024-12-11 09:10:38,768 [INFO] Current learning rate: 0.0001
2024-12-11 09:10:38,768 [INFO] 
Epoch 11/20
2024-12-11 09:10:46,476 [INFO] Epoch: 10 | Batch: 0/135 | Loss: 0.1422 | Acc: 93.75%
2024-12-11 09:12:17,724 [INFO] Epoch: 10 | Batch: 50/135 | Loss: 0.0859 | Acc: 93.14%
2024-12-11 09:13:49,377 [INFO] Epoch: 10 | Batch: 100/135 | Loss: 0.3350 | Acc: 92.88%
2024-12-11 09:18:54,706 [INFO] Epoch 10 | Train Loss: 0.3093 | Train Accuracy: 92.84%
2024-12-11 09:18:54,706 [INFO] Epoch 10 | Valid Loss: 0.6027 | Valid Accuracy: 78.60% | Valid F1 Score: 0.7832
2024-12-11 09:18:56,071 [INFO] Current learning rate: 0.0001
2024-12-11 09:18:56,071 [INFO] 
Epoch 12/20
2024-12-11 09:19:04,988 [INFO] Epoch: 11 | Batch: 0/135 | Loss: 0.3119 | Acc: 100.00%
2024-12-11 09:20:36,407 [INFO] Epoch: 11 | Batch: 50/135 | Loss: 0.3335 | Acc: 94.36%
2024-12-11 09:22:07,860 [INFO] Epoch: 11 | Batch: 100/135 | Loss: 0.2901 | Acc: 93.13%
2024-12-11 09:27:11,983 [INFO] Epoch 11 | Train Loss: 0.2815 | Train Accuracy: 93.12%
2024-12-11 09:27:11,984 [INFO] Epoch 11 | Valid Loss: 0.6837 | Valid Accuracy: 75.47% | Valid F1 Score: 0.7508
2024-12-11 09:27:12,432 [INFO] Current learning rate: 0.0001
2024-12-11 09:27:12,432 [INFO] 
Epoch 13/20
2024-12-11 09:27:21,261 [INFO] Epoch: 12 | Batch: 0/135 | Loss: 0.2864 | Acc: 93.75%
2024-12-11 09:28:53,076 [INFO] Epoch: 12 | Batch: 50/135 | Loss: 0.2166 | Acc: 94.36%
2024-12-11 09:30:24,697 [INFO] Epoch: 12 | Batch: 100/135 | Loss: 0.3567 | Acc: 93.94%
2024-12-11 09:35:29,362 [INFO] Epoch 12 | Train Loss: 0.2679 | Train Accuracy: 93.54%
2024-12-11 09:35:29,363 [INFO] Epoch 12 | Valid Loss: 0.6166 | Valid Accuracy: 78.52% | Valid F1 Score: 0.7823
2024-12-11 09:35:29,776 [INFO] Current learning rate: 0.0001
2024-12-11 09:35:29,776 [INFO] 
Epoch 14/20
2024-12-11 09:35:37,499 [INFO] Epoch: 13 | Batch: 0/135 | Loss: 0.1681 | Acc: 100.00%
2024-12-11 09:37:08,887 [INFO] Epoch: 13 | Batch: 50/135 | Loss: 0.4851 | Acc: 94.12%
2024-12-11 09:38:40,457 [INFO] Epoch: 13 | Batch: 100/135 | Loss: 0.2112 | Acc: 94.86%
2024-12-11 09:43:46,011 [INFO] Epoch 13 | Train Loss: 0.2409 | Train Accuracy: 94.61%
2024-12-11 09:43:46,011 [INFO] Epoch 13 | Valid Loss: 0.6684 | Valid Accuracy: 75.69% | Valid F1 Score: 0.7514
2024-12-11 09:43:46,432 [INFO] Current learning rate: 1e-05
2024-12-11 09:43:46,432 [INFO] 
Epoch 15/20
2024-12-11 09:43:55,814 [INFO] Epoch: 14 | Batch: 0/135 | Loss: 0.2051 | Acc: 100.00%
2024-12-11 09:45:27,864 [INFO] Epoch: 14 | Batch: 50/135 | Loss: 0.4638 | Acc: 96.32%
2024-12-11 09:46:59,291 [INFO] Epoch: 14 | Batch: 100/135 | Loss: 0.2103 | Acc: 95.67%
2024-12-11 09:52:02,748 [INFO] Epoch 14 | Train Loss: 0.2071 | Train Accuracy: 95.40%
2024-12-11 09:52:02,748 [INFO] Epoch 14 | Valid Loss: 0.5626 | Valid Accuracy: 79.42% | Valid F1 Score: 0.7917
2024-12-11 09:52:04,129 [INFO] Current learning rate: 1e-05

